X Lossless Decoder version 20110417 (131.0)

XLD extraction logfile from 2011-05-03 09:07:47 +0900

The Semantics / Powerbill

Used drive : MATSHITA DVD-R   UJ-868 (revision KB19)

Ripper mode             : CDParanoia III 10.2
Disable audio cache     : OK for the drive with a cache less than 2750KiB
Make use of C2 pointers : NO
Read offset correction  : 102
Max retry count         : 100
Gap status              : Analyzed, Appended

TOC of the extracted CD
     Track |   Start  |  Length  | Start sector | End sector 
    ---------------------------------------------------------
        1  | 00:00:00 | 03:03:42 |         0    |    13766   
        2  | 03:03:42 | 02:52:43 |     13767    |    26709   
        3  | 05:56:10 | 03:36:42 |     26710    |    42951   
        4  | 09:32:52 | 02:39:05 |     42952    |    54881   
        5  | 12:11:57 | 03:24:20 |     54882    |    70201   
        6  | 15:36:02 | 04:13:48 |     70202    |    89224   
        7  | 19:49:50 | 02:58:70 |     89225    |   102644   
        8  | 22:48:45 | 03:10:40 |    102645    |   116934   
        9  | 25:59:10 | 03:07:40 |    116935    |   130999   
       10  | 29:06:50 | 03:02:00 |    131000    |   144649   
       11  | 32:08:50 | 03:23:72 |    144650    |   159946   

List of alternate offset correction values
        #  | Absolute | Relative | Confidence 
    ------------------------------------------
        1  |    298   |    196   |      1     

AccurateRip Summary
    Track 01 : NG
    Track 02 : NG
    Track 03 : NG
    Track 04 : NG
    Track 05 : NG
    Track 06 : NG
    Track 07 : NG
    Track 08 : NG
    Track 09 : NG
    Track 10 : NG
    Track 11 : OK (AR2, confidence 1, with different offset)
        ->1 track(s) accurately ripped, 10 track(s) not, 0 track(s) not found

All Tracks
    Filename : /Users/m4c/Public/flac/Powerbill.flac
    CRC32 hash             : 65627EAD
    CRC32 hash (skip zero) : CEA116C7
    Statistics
        Read error                           : 0
        Skipped (treated as error)           : 0
        Edge jitter error (maybe fixed)      : 0
        Atom jitter error (maybe fixed)      : 0
        Drift error (maybe fixed)            : 0
        Dropped bytes error (maybe fixed)    : 0
        Duplicated bytes error (maybe fixed) : 0

Track 01
    Pre-gap length : 00:02:00

    CRC32 hash             : 54FBE347
    CRC32 hash (skip zero) : F4793B73
    AccurateRip signature  : D49AC29F
        ->Rip may not be accurate.
    Statistics
        Read error                           : 0
        Skipped (treated as error)           : 0
        Edge jitter error (maybe fixed)      : 0
        Atom jitter error (maybe fixed)      : 0
        Drift error (maybe fixed)            : 0
        Dropped bytes error (maybe fixed)    : 0
        Duplicated bytes error (maybe fixed) : 0

Track 02

    CRC32 hash             : 423C48ED
    CRC32 hash (skip zero) : 7B465CE5
    AccurateRip signature  : 8D8B2BB2
        ->Rip may not be accurate.
    Statistics
        Read error                           : 0
        Skipped (treated as error)           : 0
        Edge jitter error (maybe fixed)      : 0
        Atom jitter error (maybe fixed)      : 0
        Drift error (maybe fixed)            : 0
        Dropped bytes error (maybe fixed)    : 0
        Duplicated bytes error (maybe fixed) : 0

Track 03

    CRC32 hash             : D3043E24
    CRC32 hash (skip zero) : C3351622
    AccurateRip signature  : 599A0FD4
        ->Rip may not be accurate.
    Statistics
        Read error                           : 0
        Skipped (treated as error)           : 0
        Edge jitter error (maybe fixed)      : 0
        Atom jitter error (maybe fixed)      : 0
        Drift error (maybe fixed)            : 0
        Dropped bytes error (maybe fixed)    : 0
        Duplicated bytes error (maybe fixed) : 0

Track 04

    CRC32 hash             : 2C2561BF
    CRC32 hash (skip zero) : 1B1C6DA2
    AccurateRip signature  : 0684A720
        ->Rip may not be accurate.
    Statistics
        Read error                           : 0
        Skipped (treated as error)           : 0
        Edge jitter error (maybe fixed)      : 0
        Atom jitter error (maybe fixed)      : 0
        Drift error (maybe fixed)            : 0
        Dropped bytes error (maybe fixed)    : 0
        Duplicated bytes error (maybe fixed) : 0

Track 05

    CRC32 hash             : 2C9134AC
    CRC32 hash (skip zero) : 0862B3D6
    AccurateRip signature  : EE92FB76
        ->Rip may not be accurate.
    Statistics
        Read error                           : 0
        Skipped (treated as error)           : 0
        Edge jitter error (maybe fixed)      : 0
        Atom jitter error (maybe fixed)      : 0
        Drift error (maybe fixed)            : 0
        Dropped bytes error (maybe fixed)    : 0
        Duplicated bytes error (maybe fixed) : 0

Track 06

    CRC32 hash             : 90267F8E
    CRC32 hash (skip zero) : 8D140D8F
    AccurateRip signature  : 631476D6
        ->Rip may not be accurate.
    Statistics
        Read error                           : 0
        Skipped (treated as error)           : 0
        Edge jitter error (maybe fixed)      : 0
        Atom jitter error (maybe fixed)      : 0
        Drift error (maybe fixed)            : 0
        Dropped bytes error (maybe fixed)    : 0
        Duplicated bytes error (maybe fixed) : 0

Track 07

    CRC32 hash             : FB8378EA
    CRC32 hash (skip zero) : 349D31D4
    AccurateRip signature  : 11708914
        ->Rip may not be accurate.
    Statistics
        Read error                           : 0
        Skipped (treated as error)           : 0
        Edge jitter error (maybe fixed)      : 0
        Atom jitter error (maybe fixed)      : 0
        Drift error (maybe fixed)            : 0
        Dropped bytes error (maybe fixed)    : 0
        Duplicated bytes error (maybe fixed) : 0

Track 08

    CRC32 hash             : CD9D9C4E
    CRC32 hash (skip zero) : 3E642A8A
    AccurateRip signature  : 5656C52F
        ->Rip may not be accurate.
    Statistics
        Read error                           : 0
        Skipped (treated as error)           : 0
        Edge jitter error (maybe fixed)      : 0
        Atom jitter error (maybe fixed)      : 0
        Drift error (maybe fixed)            : 0
        Dropped bytes error (maybe fixed)    : 0
        Duplicated bytes error (maybe fixed) : 0

Track 09

    CRC32 hash             : 5D3F03BE
    CRC32 hash (skip zero) : 2709B97F
    AccurateRip signature  : 959E31DB
        ->Rip may not be accurate.
    Statistics
        Read error                           : 0
        Skipped (treated as error)           : 0
        Edge jitter error (maybe fixed)      : 0
        Atom jitter error (maybe fixed)      : 0
        Drift error (maybe fixed)            : 0
        Dropped bytes error (maybe fixed)    : 0
        Duplicated bytes error (maybe fixed) : 0

Track 10

    CRC32 hash             : 23291E33
    CRC32 hash (skip zero) : C0C50571
    AccurateRip signature  : 77E93FE6
        ->Rip may not be accurate.
    Statistics
        Read error                           : 0
        Skipped (treated as error)           : 0
        Edge jitter error (maybe fixed)      : 0
        Atom jitter error (maybe fixed)      : 0
        Drift error (maybe fixed)            : 0
        Dropped bytes error (maybe fixed)    : 0
        Duplicated bytes error (maybe fixed) : 0

Track 11

    CRC32 hash             : 138CDB19
    CRC32 hash (skip zero) : 8A468D08
    AccurateRip signature  : 9571B155
        ->Accurately ripped! (AR2, confidence 1)
          (matched with the different offset correction value;
           calculated using an additional offset of 196;
           the signature after correction is: EB5A9118)
    Statistics
        Read error                           : 0
        Skipped (treated as error)           : 0
        Edge jitter error (maybe fixed)      : 0
        Atom jitter error (maybe fixed)      : 0
        Drift error (maybe fixed)            : 0
        Dropped bytes error (maybe fixed)    : 0
        Duplicated bytes error (maybe fixed) : 0

No errors occurred

End of status report
