X Lossless Decoder version 20210101 (153.1)

XLD extraction logfile from 2021-05-09 03:12:59 +0900

The Semantics / Powerbill

Used drive : HL-DT-ST BD-RE  BH10NS30 (revision EL00)
Media type : Pressed CD

Ripper mode             : XLD Secure Ripper
Disable audio cache     : OK for the drive with a cache less than 1375KiB
Make use of C2 pointers : NO
Read offset correction  : 667
Max retry count         : 20
Gap status              : Analyzed, Appended

TOC of the extracted CD
     Track |   Start  |  Length  | Start sector | End sector 
    ---------------------------------------------------------
        1  | 00:00:00 | 03:03:42 |         0    |    13766   
        2  | 03:03:42 | 02:52:43 |     13767    |    26709   
        3  | 05:56:10 | 03:36:42 |     26710    |    42951   
        4  | 09:32:52 | 02:39:05 |     42952    |    54881   
        5  | 12:11:57 | 03:24:20 |     54882    |    70201   
        6  | 15:36:02 | 04:13:48 |     70202    |    89224   
        7  | 19:49:50 | 02:58:70 |     89225    |   102644   
        8  | 22:48:45 | 03:10:40 |    102645    |   116934   
        9  | 25:59:10 | 03:07:40 |    116935    |   130999   
       10  | 29:06:50 | 03:02:00 |    131000    |   144649   
       11  | 32:08:50 | 03:23:72 |    144650    |   159946   

AccurateRip Summary (DiscID: 000e8a53-007e8d7f-9608540b)
    Track 01 : OK (v2, confidence 8/8)
    Track 02 : OK (v2, confidence 8/8)
    Track 03 : OK (v2, confidence 8/8)
    Track 04 : OK (v2, confidence 8/8)
    Track 05 : OK (v2, confidence 7/7)
    Track 06 : OK (v2, confidence 8/8)
    Track 07 : OK (v2, confidence 8/8)
    Track 08 : OK (v2, confidence 8/8)
    Track 09 : OK (v2, confidence 8/8)
    Track 10 : OK (v2, confidence 8/8)
    Track 11 : OK (v2, confidence 8/8)
        ->All tracks accurately ripped.

All Tracks
    Filename : /Users/m4c/Music/The Semantics - Powerbill.flac
    CRC32 hash               : C558FBB5
    CRC32 hash (skip zero)   : 0F8136BA
    Statistics
        Read error                           : 0
        Jitter error (maybe fixed)           : 0
        Retry sector count                   : 0
        Damaged sector count                 : 0

Track 01
    Pre-gap length : 00:02:00

    CRC32 hash               : 42EC010E
    CRC32 hash (skip zero)   : EC0BD961
    AccurateRip v1 signature : 16515DDD
    AccurateRip v2 signature : E3EB98CB
        ->Accurately ripped (v2, confidence 8/8)
    Statistics
        Read error                           : 0
        Jitter error (maybe fixed)           : 0
        Retry sector count                   : 0
        Damaged sector count                 : 0

Track 02

    CRC32 hash               : F0BDAD3F
    CRC32 hash (skip zero)   : E08A5918
    AccurateRip v1 signature : D7B1CEC3
    AccurateRip v2 signature : 2761675C
        ->Accurately ripped (v2, confidence 8/8)
    Statistics
        Read error                           : 0
        Jitter error (maybe fixed)           : 0
        Retry sector count                   : 0
        Damaged sector count                 : 0

Track 03

    CRC32 hash               : 038E7B08
    CRC32 hash (skip zero)   : 8D600797
    AccurateRip v1 signature : 2BE1115B
    AccurateRip v2 signature : EE227776
        ->Accurately ripped (v2, confidence 8/8)
    Statistics
        Read error                           : 0
        Jitter error (maybe fixed)           : 0
        Retry sector count                   : 0
        Damaged sector count                 : 0

Track 04

    CRC32 hash               : 2FC8FC13
    CRC32 hash (skip zero)   : D752BA9E
    AccurateRip v1 signature : 81EA55E0
    AccurateRip v2 signature : EEE184C3
        ->Accurately ripped (v2, confidence 8/8)
    Statistics
        Read error                           : 0
        Jitter error (maybe fixed)           : 0
        Retry sector count                   : 0
        Damaged sector count                 : 0

Track 05

    CRC32 hash               : 775D220E
    CRC32 hash (skip zero)   : 6F3B6005
    AccurateRip v1 signature : 49ED5EF9
    AccurateRip v2 signature : D3B9071B
        ->Accurately ripped (v2, confidence 7/7)
    Statistics
        Read error                           : 0
        Jitter error (maybe fixed)           : 0
        Retry sector count                   : 0
        Damaged sector count                 : 0

Track 06

    CRC32 hash               : 8CC39B79
    CRC32 hash (skip zero)   : 08E03FFE
    AccurateRip v1 signature : 3EACAA40
    AccurateRip v2 signature : A251C355
        ->Accurately ripped (v2, confidence 8/8)
    Statistics
        Read error                           : 0
        Jitter error (maybe fixed)           : 0
        Retry sector count                   : 0
        Damaged sector count                 : 0

Track 07

    CRC32 hash               : 6A89CAD7
    CRC32 hash (skip zero)   : 430CB885
    AccurateRip v1 signature : C3EBE3D0
    AccurateRip v2 signature : 541D9010
        ->Accurately ripped (v2, confidence 8/8)
    Statistics
        Read error                           : 0
        Jitter error (maybe fixed)           : 0
        Retry sector count                   : 0
        Damaged sector count                 : 0

Track 08

    CRC32 hash               : 52F33D25
    CRC32 hash (skip zero)   : F4F89058
    AccurateRip v1 signature : F65FE55B
    AccurateRip v2 signature : AEC70E9D
        ->Accurately ripped (v2, confidence 8/8)
    Statistics
        Read error                           : 0
        Jitter error (maybe fixed)           : 0
        Retry sector count                   : 0
        Damaged sector count                 : 0

Track 09

    CRC32 hash               : 308B8890
    CRC32 hash (skip zero)   : 8978902F
    AccurateRip v1 signature : 8688F6C7
    AccurateRip v2 signature : 443545FA
        ->Accurately ripped (v2, confidence 8/8)
    Statistics
        Read error                           : 0
        Jitter error (maybe fixed)           : 0
        Retry sector count                   : 0
        Damaged sector count                 : 0

Track 10

    CRC32 hash               : 05B21B74
    CRC32 hash (skip zero)   : D89D7C1D
    AccurateRip v1 signature : 55C95D79
    AccurateRip v2 signature : A61C2A61
        ->Accurately ripped (v2, confidence 8/8)
    Statistics
        Read error                           : 0
        Jitter error (maybe fixed)           : 0
        Retry sector count                   : 0
        Damaged sector count                 : 0

Track 11

    CRC32 hash               : F49145AE
    CRC32 hash (skip zero)   : 493609C2
    AccurateRip v1 signature : F67EAE9C
    AccurateRip v2 signature : EB5A9118
        ->Accurately ripped (v2, confidence 8/8)
    Statistics
        Read error                           : 0
        Jitter error (maybe fixed)           : 0
        Retry sector count                   : 0
        Damaged sector count                 : 0

No errors occurred

End of status report
