X Lossless Decoder version 20110417 (131.0)

XLD extraction logfile from 2011-04-29 11:57:36 +0900

The Cyrkle / Neon

Used drive : MATSHITA DVD-R   UJ-868 (revision KB19)

Ripper mode             : CDParanoia III 10.2
Disable audio cache     : OK for the drive with a cache less than 2750KiB
Make use of C2 pointers : NO
Read offset correction  : 102
Max retry count         : 100
Gap status              : Analyzed, Appended

TOC of the extracted CD
     Track |   Start  |  Length  | Start sector | End sector 
    ---------------------------------------------------------
        1  | 00:00:00 | 02:40:50 |         0    |    12049   
        2  | 02:40:50 | 02:18:42 |     12050    |    22441   
        3  | 04:59:17 | 02:25:15 |     22442    |    33331   
        4  | 07:24:32 | 02:52:60 |     33332    |    46291   
        5  | 10:17:17 | 02:01:60 |     46292    |    55426   
        6  | 12:19:02 | 01:46:50 |     55427    |    63426   
        7  | 14:05:52 | 02:25:08 |     63427    |    74309   
        8  | 16:30:60 | 01:59:57 |     74310    |    83291   
        9  | 18:30:42 | 02:34:43 |     83292    |    94884   
       10  | 21:05:10 | 02:00:22 |     94885    |   103906   
       11  | 23:05:32 | 02:48:28 |    103907    |   116534   

AccurateRip Summary
    Disc not found in AccurateRip DB.

All Tracks
    Filename : /Users/m4c/Public/flac/Neon.flac
    CRC32 hash             : 80FEB0D3
    CRC32 hash (skip zero) : F4EB6DB2
    Statistics
        Read error                           : 0
        Skipped (treated as error)           : 0
        Edge jitter error (maybe fixed)      : 1
        Atom jitter error (maybe fixed)      : 1
        Drift error (maybe fixed)            : 0
        Dropped bytes error (maybe fixed)    : 0
        Duplicated bytes error (maybe fixed) : 0

Track 01
    Pre-gap length : 00:02:00

    CRC32 hash             : 5315C162
    CRC32 hash (skip zero) : 1B541FC1
    AccurateRip signature  : 43D34BCF
        ->Track not present in AccurateRip database.
    Statistics
        Read error                           : 0
        Skipped (treated as error)           : 0
        Edge jitter error (maybe fixed)      : 0
        Atom jitter error (maybe fixed)      : 0
        Drift error (maybe fixed)            : 0
        Dropped bytes error (maybe fixed)    : 0
        Duplicated bytes error (maybe fixed) : 0

Track 02
    Pre-gap length : 00:02:18

    CRC32 hash             : EAB2A219
    CRC32 hash (skip zero) : E9EE2E48
    AccurateRip signature  : 90E94557
        ->Track not present in AccurateRip database.
    Statistics
        Read error                           : 0
        Skipped (treated as error)           : 0
        Edge jitter error (maybe fixed)      : 0
        Atom jitter error (maybe fixed)      : 0
        Drift error (maybe fixed)            : 0
        Dropped bytes error (maybe fixed)    : 0
        Duplicated bytes error (maybe fixed) : 0

Track 03
    Pre-gap length : 00:02:02

    CRC32 hash             : 70375492
    CRC32 hash (skip zero) : 3FC65098
    AccurateRip signature  : E33B5228
        ->Track not present in AccurateRip database.
    Statistics
        Read error                           : 0
        Skipped (treated as error)           : 0
        Edge jitter error (maybe fixed)      : 0
        Atom jitter error (maybe fixed)      : 0
        Drift error (maybe fixed)            : 0
        Dropped bytes error (maybe fixed)    : 0
        Duplicated bytes error (maybe fixed) : 0

Track 04
    Pre-gap length : 00:02:25

    CRC32 hash             : 36203842
    CRC32 hash (skip zero) : AC7D87E1
    AccurateRip signature  : 6E6DBB08
        ->Track not present in AccurateRip database.
    Statistics
        Read error                           : 0
        Skipped (treated as error)           : 0
        Edge jitter error (maybe fixed)      : 0
        Atom jitter error (maybe fixed)      : 0
        Drift error (maybe fixed)            : 0
        Dropped bytes error (maybe fixed)    : 0
        Duplicated bytes error (maybe fixed) : 0

Track 05
    Pre-gap length : 00:01:70

    CRC32 hash             : F3567D06
    CRC32 hash (skip zero) : B3248994
    AccurateRip signature  : E13CD063
        ->Track not present in AccurateRip database.
    Statistics
        Read error                           : 0
        Skipped (treated as error)           : 0
        Edge jitter error (maybe fixed)      : 0
        Atom jitter error (maybe fixed)      : 0
        Drift error (maybe fixed)            : 0
        Dropped bytes error (maybe fixed)    : 0
        Duplicated bytes error (maybe fixed) : 0

Track 06
    Pre-gap length : 00:01:55

    CRC32 hash             : 1AED4246
    CRC32 hash (skip zero) : 1D059FFC
    AccurateRip signature  : AF1DB811
        ->Track not present in AccurateRip database.
    Statistics
        Read error                           : 0
        Skipped (treated as error)           : 0
        Edge jitter error (maybe fixed)      : 1
        Atom jitter error (maybe fixed)      : 1
        Drift error (maybe fixed)            : 0
        Dropped bytes error (maybe fixed)    : 0
        Duplicated bytes error (maybe fixed) : 0

Track 07
    Pre-gap length : 00:03:00

    CRC32 hash             : 73DB32F4
    CRC32 hash (skip zero) : D555CCE2
    AccurateRip signature  : AF6DFC6F
        ->Track not present in AccurateRip database.
    Statistics
        Read error                           : 0
        Skipped (treated as error)           : 0
        Edge jitter error (maybe fixed)      : 0
        Atom jitter error (maybe fixed)      : 0
        Drift error (maybe fixed)            : 0
        Dropped bytes error (maybe fixed)    : 0
        Duplicated bytes error (maybe fixed) : 0

Track 08
    Pre-gap length : 00:02:03

    CRC32 hash             : 484D90ED
    CRC32 hash (skip zero) : E837DC3A
    AccurateRip signature  : F12CA689
        ->Track not present in AccurateRip database.
    Statistics
        Read error                           : 0
        Skipped (treated as error)           : 0
        Edge jitter error (maybe fixed)      : 0
        Atom jitter error (maybe fixed)      : 0
        Drift error (maybe fixed)            : 0
        Dropped bytes error (maybe fixed)    : 0
        Duplicated bytes error (maybe fixed) : 0

Track 09
    Pre-gap length : 00:02:15

    CRC32 hash             : 5EED85B7
    CRC32 hash (skip zero) : 84407A68
    AccurateRip signature  : EF4E86F9
        ->Track not present in AccurateRip database.
    Statistics
        Read error                           : 0
        Skipped (treated as error)           : 0
        Edge jitter error (maybe fixed)      : 0
        Atom jitter error (maybe fixed)      : 0
        Drift error (maybe fixed)            : 0
        Dropped bytes error (maybe fixed)    : 0
        Duplicated bytes error (maybe fixed) : 0

Track 10
    Pre-gap length : 00:02:30

    CRC32 hash             : 9824EE13
    CRC32 hash (skip zero) : 554F7CA4
    AccurateRip signature  : C7927EFA
        ->Track not present in AccurateRip database.
    Statistics
        Read error                           : 0
        Skipped (treated as error)           : 0
        Edge jitter error (maybe fixed)      : 0
        Atom jitter error (maybe fixed)      : 0
        Drift error (maybe fixed)            : 0
        Dropped bytes error (maybe fixed)    : 0
        Duplicated bytes error (maybe fixed) : 0

Track 11
    Pre-gap length : 00:02:57

    CRC32 hash             : 9B570A3F
    CRC32 hash (skip zero) : 3DB49AB8
    AccurateRip signature  : 5E914300
        ->Track not present in AccurateRip database.
    Statistics
        Read error                           : 0
        Skipped (treated as error)           : 0
        Edge jitter error (maybe fixed)      : 0
        Atom jitter error (maybe fixed)      : 0
        Drift error (maybe fixed)            : 0
        Dropped bytes error (maybe fixed)    : 0
        Duplicated bytes error (maybe fixed) : 0

No errors occurred

End of status report
