X Lossless Decoder version 20140504 (147.0)

XLD extraction logfile from 2014-08-17 15:13:33 +0900

Koji Kikkawa / SINGLES+ (disc1)

Used drive : HL-DT-ST BD-RE  BH10NS30 (revision EL00)
Media type : Pressed CD

Ripper mode             : XLD Secure Ripper
Disable audio cache     : OK for the drive with a cache less than 1375KiB
Make use of C2 pointers : NO
Read offset correction  : 667
Max retry count         : 20
Gap status              : Analyzed, Appended

TOC of the extracted CD
     Track |   Start  |  Length  | Start sector | End sector 
    ---------------------------------------------------------
        1  | 00:00:00 | 05:21:08 |         0    |    24082   
        2  | 05:21:08 | 04:13:21 |     24083    |    43078   
        3  | 09:34:29 | 04:53:16 |     43079    |    65069   
        4  | 14:27:45 | 06:15:53 |     65070    |    93247   
        5  | 20:43:23 | 04:19:56 |     93248    |   112728   
        6  | 25:03:04 | 03:14:62 |    112729    |   127340   
        7  | 28:17:66 | 04:27:28 |    127341    |   147393   
        8  | 32:45:19 | 05:16:53 |    147394    |   171146   
        9  | 38:01:72 | 03:38:37 |    171147    |   187533   
       10  | 41:40:34 | 05:07:11 |    187534    |   210569   
       11  | 46:47:45 | 04:24:03 |    210570    |   230372   
       12  | 51:11:48 | 03:18:23 |    230373    |   245245   
       13  | 54:29:71 | 04:11:01 |    245246    |   264071   
       14  | 58:40:72 | 05:18:65 |    264072    |   287986   
       15  | 63:59:62 | 03:46:74 |    287987    |   305010   
       16  | 67:46:61 | 03:33:16 |    305011    |   321001   
       17  | 71:20:02 | 05:30:04 |    321002    |   345755   

AccurateRip Summary
    Disc not found in AccurateRip DB.

All Tracks
    Filename : /Users/m4c/tmp/flac/SINGLES+ (disc1).flac
    CRC32 hash               : B7077283
    CRC32 hash (skip zero)   : 100CA69E
    Statistics
        Read error                           : 0
        Jitter error (maybe fixed)           : 0
        Retry sector count                   : 0
        Damaged sector count                 : 0

Track 01
    Pre-gap length : 00:02:00

    CRC32 hash               : F654F023
    CRC32 hash (skip zero)   : 0AA384C8
    AccurateRip v1 signature : B9ECFB16
    AccurateRip v2 signature : 7A0E5AEE
        ->Track not present in AccurateRip database.
    Statistics
        Read error                           : 0
        Jitter error (maybe fixed)           : 0
        Retry sector count                   : 0
        Damaged sector count                 : 0

Track 02
    Pre-gap length : 00:00:13

    CRC32 hash               : C47AAA3A
    CRC32 hash (skip zero)   : 52008B88
    AccurateRip v1 signature : 8763C714
    AccurateRip v2 signature : 1D771FBD
        ->Track not present in AccurateRip database.
    Statistics
        Read error                           : 0
        Jitter error (maybe fixed)           : 0
        Retry sector count                   : 0
        Damaged sector count                 : 0

Track 03
    Pre-gap length : 00:00:13

    CRC32 hash               : 90FC083C
    CRC32 hash (skip zero)   : D307ABA8
    AccurateRip v1 signature : 5C5561AD
    AccurateRip v2 signature : 0F3C5842
        ->Track not present in AccurateRip database.
    Statistics
        Read error                           : 0
        Jitter error (maybe fixed)           : 0
        Retry sector count                   : 0
        Damaged sector count                 : 0

Track 04
    Pre-gap length : 00:00:50

    CRC32 hash               : 2894BD19
    CRC32 hash (skip zero)   : 18AA3D18
    AccurateRip v1 signature : 3B5000B6
    AccurateRip v2 signature : 1A42ABB7
        ->Track not present in AccurateRip database.
    Statistics
        Read error                           : 0
        Jitter error (maybe fixed)           : 0
        Retry sector count                   : 0
        Damaged sector count                 : 0

Track 05
    Pre-gap length : 00:00:13

    CRC32 hash               : 313CA4A6
    CRC32 hash (skip zero)   : 6E5FA272
    AccurateRip v1 signature : 37EF2EB5
    AccurateRip v2 signature : CA93CB3D
        ->Track not present in AccurateRip database.
    Statistics
        Read error                           : 0
        Jitter error (maybe fixed)           : 0
        Retry sector count                   : 0
        Damaged sector count                 : 0

Track 06
    Pre-gap length : 00:01:30

    CRC32 hash               : 96956E05
    CRC32 hash (skip zero)   : 6E345A62
    AccurateRip v1 signature : C7F31042
    AccurateRip v2 signature : ED638310
        ->Track not present in AccurateRip database.
    Statistics
        Read error                           : 0
        Jitter error (maybe fixed)           : 0
        Retry sector count                   : 0
        Damaged sector count                 : 0

Track 07
    Pre-gap length : 00:01:68

    CRC32 hash               : 23380AB0
    CRC32 hash (skip zero)   : DDC36E18
    AccurateRip v1 signature : 6A6F5969
    AccurateRip v2 signature : B9B7397D
        ->Track not present in AccurateRip database.
    Statistics
        Read error                           : 0
        Jitter error (maybe fixed)           : 0
        Retry sector count                   : 0
        Damaged sector count                 : 0

Track 08
    Pre-gap length : 00:01:51

    CRC32 hash               : B662FD79
    CRC32 hash (skip zero)   : EF70CB2B
    AccurateRip v1 signature : AED78ADA
    AccurateRip v2 signature : 35A93B6B
        ->Track not present in AccurateRip database.
    Statistics
        Read error                           : 0
        Jitter error (maybe fixed)           : 0
        Retry sector count                   : 0
        Damaged sector count                 : 0

Track 09
    Pre-gap length : 00:01:51

    CRC32 hash               : A95945A0
    CRC32 hash (skip zero)   : 60ED655F
    AccurateRip v1 signature : 5C242F99
    AccurateRip v2 signature : 8665E6CF
        ->Track not present in AccurateRip database.
    Statistics
        Read error                           : 0
        Jitter error (maybe fixed)           : 0
        Retry sector count                   : 0
        Damaged sector count                 : 0

Track 10
    Pre-gap length : 00:01:50

    CRC32 hash               : A0C1C545
    CRC32 hash (skip zero)   : EE50E1C0
    AccurateRip v1 signature : 7924FB80
    AccurateRip v2 signature : 56AF88EB
        ->Track not present in AccurateRip database.
    Statistics
        Read error                           : 0
        Jitter error (maybe fixed)           : 0
        Retry sector count                   : 0
        Damaged sector count                 : 0

Track 11
    Pre-gap length : 00:01:51

    CRC32 hash               : 673175A1
    CRC32 hash (skip zero)   : DF207FC8
    AccurateRip v1 signature : B66E61DB
    AccurateRip v2 signature : D706E817
        ->Track not present in AccurateRip database.
    Statistics
        Read error                           : 0
        Jitter error (maybe fixed)           : 0
        Retry sector count                   : 0
        Damaged sector count                 : 0

Track 12

    CRC32 hash               : 5FB312E8
    CRC32 hash (skip zero)   : 23C596EA
    AccurateRip v1 signature : 3A704667
    AccurateRip v2 signature : DF4D7C7D
        ->Track not present in AccurateRip database.
    Statistics
        Read error                           : 0
        Jitter error (maybe fixed)           : 0
        Retry sector count                   : 0
        Damaged sector count                 : 0

Track 13
    Pre-gap length : 00:01:50

    CRC32 hash               : 6330C5C3
    CRC32 hash (skip zero)   : FF8A104C
    AccurateRip v1 signature : 336ADF65
    AccurateRip v2 signature : F526F44B
        ->Track not present in AccurateRip database.
    Statistics
        Read error                           : 0
        Jitter error (maybe fixed)           : 0
        Retry sector count                   : 0
        Damaged sector count                 : 0

Track 14
    Pre-gap length : 00:01:50

    CRC32 hash               : 19C6A5DE
    CRC32 hash (skip zero)   : 2561C06C
    AccurateRip v1 signature : 9395F146
    AccurateRip v2 signature : 2E040F65
        ->Track not present in AccurateRip database.
    Statistics
        Read error                           : 0
        Jitter error (maybe fixed)           : 0
        Retry sector count                   : 0
        Damaged sector count                 : 0

Track 15
    Pre-gap length : 00:01:21

    CRC32 hash               : 85DD3C78
    CRC32 hash (skip zero)   : E2A159AD
    AccurateRip v1 signature : DD261EFA
    AccurateRip v2 signature : 4A08DA3A
        ->Track not present in AccurateRip database.
    Statistics
        Read error                           : 0
        Jitter error (maybe fixed)           : 0
        Retry sector count                   : 0
        Damaged sector count                 : 0

Track 16
    Pre-gap length : 00:01:51

    CRC32 hash               : FE03E344
    CRC32 hash (skip zero)   : A14A47C2
    AccurateRip v1 signature : EF97A46D
    AccurateRip v2 signature : 5D7E5838
        ->Track not present in AccurateRip database.
    Statistics
        Read error                           : 0
        Jitter error (maybe fixed)           : 0
        Retry sector count                   : 0
        Damaged sector count                 : 0

Track 17
    Pre-gap length : 00:01:23

    CRC32 hash               : 29A2D13C
    CRC32 hash (skip zero)   : 85F01841
    AccurateRip v1 signature : 7F4D2558
    AccurateRip v2 signature : BEC65622
        ->Track not present in AccurateRip database.
    Statistics
        Read error                           : 0
        Jitter error (maybe fixed)           : 0
        Retry sector count                   : 0
        Damaged sector count                 : 0

No errors occurred

End of status report
