X Lossless Decoder version 20110502 (132.0)

XLD extraction logfile from 2011-05-03 17:41:12 +0900

SUGAR BABE / SONGS

Used drive : MATSHITA DVD-R   UJ-868 (revision KB19)

Ripper mode             : CDParanoia III 10.2
Disable audio cache     : OK for the drive with a cache less than 2750KiB
Make use of C2 pointers : NO
Read offset correction  : 102
Max retry count         : 100
Gap status              : Analyzed, Appended

TOC of the extracted CD
     Track |   Start  |  Length  | Start sector | End sector 
    ---------------------------------------------------------
        1  | 00:00:00 | 03:29:05 |         0    |    15679   
        2  | 03:29:05 | 04:25:55 |     15680    |    35609   
        3  | 07:54:60 | 03:02:70 |     35610    |    49329   
        4  | 10:57:55 | 03:32:05 |     49330    |    65234   
        5  | 14:29:60 | 04:24:52 |     65235    |    85086   
        6  | 18:54:37 | 03:38:05 |     85087    |   101441   
        7  | 22:32:42 | 02:39:15 |    101442    |   113381   
        8  | 25:11:57 | 04:32:50 |    113382    |   133831   
        9  | 29:44:32 | 03:50:53 |    133832    |   151134   
       10  | 33:35:10 | 03:34:40 |    151135    |   167224   
       11  | 37:09:50 | 05:58:00 |    167225    |   194074   
       12  | 43:07:50 | 03:41:62 |    194075    |   210711   
       13  | 46:49:37 | 03:27:43 |    210712    |   226279   
       14  | 50:17:05 | 03:12:20 |    226280    |   240699   
       15  | 53:29:25 | 04:04:65 |    240700    |   259064   
       16  | 57:34:15 | 03:49:15 |    259065    |   276254   
       17  | 61:23:30 | 04:13:10 |    276255    |   295239   
       18  | 65:36:40 | 05:11:50 |    295240    |   318614   

List of alternate offset correction values
        #  | Absolute | Relative | Confidence 
    ------------------------------------------
        1  |    131   |     29   |     12     

AccurateRip Summary
    Track 01 : OK (AR2, confidence 3, with different offset)
    Track 02 : OK (AR2, confidence 3, with different offset)
    Track 03 : OK (AR2, confidence 3, with different offset)
    Track 04 : OK (AR2, confidence 3, with different offset)
    Track 05 : OK (AR2, confidence 3, with different offset)
    Track 06 : OK (AR2, confidence 3, with different offset)
    Track 07 : OK (AR2, confidence 3, with different offset)
    Track 08 : OK (AR2, confidence 3, with different offset)
    Track 09 : OK (AR2, confidence 3, with different offset)
    Track 10 : OK (AR2, confidence 3, with different offset)
    Track 11 : OK (AR2, confidence 3, with different offset)
    Track 12 : OK (AR2, confidence 3, with different offset)
    Track 13 : OK (AR2, confidence 3, with different offset)
    Track 14 : OK (AR2, confidence 3, with different offset)
    Track 15 : OK (AR2, confidence 3, with different offset)
    Track 16 : OK (AR2, confidence 3, with different offset)
    Track 17 : OK (AR2, confidence 3, with different offset)
    Track 18 : OK (AR2, confidence 3, with different offset)
        ->All tracks accurately ripped.

All Tracks
    Filename : /Users/m4c/Public/flac/SONGS.flac
    CRC32 hash             : 983181FD
    CRC32 hash (skip zero) : 5E401927
    Statistics
        Read error                           : 0
        Skipped (treated as error)           : 0
        Edge jitter error (maybe fixed)      : 0
        Atom jitter error (maybe fixed)      : 0
        Drift error (maybe fixed)            : 0
        Dropped bytes error (maybe fixed)    : 0
        Duplicated bytes error (maybe fixed) : 0

Track 01
    Pre-gap length : 00:02:00

    CRC32 hash             : EB7D79B0
    CRC32 hash (skip zero) : D9CF1E68
    AccurateRip signature  : FB207A3D
        ->Accurately ripped! (AR2, confidence 3)
          (matched with the different offset correction value;
           calculated using an additional offset of 29;
           the signature after correction is: 11D7AC7E)
    Statistics
        Read error                           : 0
        Skipped (treated as error)           : 0
        Edge jitter error (maybe fixed)      : 0
        Atom jitter error (maybe fixed)      : 0
        Drift error (maybe fixed)            : 0
        Dropped bytes error (maybe fixed)    : 0
        Duplicated bytes error (maybe fixed) : 0

Track 02

    CRC32 hash             : 9D22BCE2
    CRC32 hash (skip zero) : 6168B171
    AccurateRip signature  : 4D413D9B
        ->Accurately ripped! (AR2, confidence 3)
          (matched with the different offset correction value;
           calculated using an additional offset of 29;
           the signature after correction is: 02348BEA)
    Statistics
        Read error                           : 0
        Skipped (treated as error)           : 0
        Edge jitter error (maybe fixed)      : 0
        Atom jitter error (maybe fixed)      : 0
        Drift error (maybe fixed)            : 0
        Dropped bytes error (maybe fixed)    : 0
        Duplicated bytes error (maybe fixed) : 0

Track 03
    Pre-gap length : 00:02:73

    CRC32 hash             : 582B8C78
    CRC32 hash (skip zero) : 26A15120
    AccurateRip signature  : B1300347
        ->Accurately ripped! (AR2, confidence 3)
          (matched with the different offset correction value;
           calculated using an additional offset of 29;
           the signature after correction is: 47645542)
    Statistics
        Read error                           : 0
        Skipped (treated as error)           : 0
        Edge jitter error (maybe fixed)      : 0
        Atom jitter error (maybe fixed)      : 0
        Drift error (maybe fixed)            : 0
        Dropped bytes error (maybe fixed)    : 0
        Duplicated bytes error (maybe fixed) : 0

Track 04
    Pre-gap length : 00:02:40

    CRC32 hash             : 2C30CDFD
    CRC32 hash (skip zero) : 0A01FE97
    AccurateRip signature  : 3DD8A6DF
        ->Accurately ripped! (AR2, confidence 3)
          (matched with the different offset correction value;
           calculated using an additional offset of 29;
           the signature after correction is: E6797C3B)
    Statistics
        Read error                           : 0
        Skipped (treated as error)           : 0
        Edge jitter error (maybe fixed)      : 0
        Atom jitter error (maybe fixed)      : 0
        Drift error (maybe fixed)            : 0
        Dropped bytes error (maybe fixed)    : 0
        Duplicated bytes error (maybe fixed) : 0

Track 05
    Pre-gap length : 00:02:63

    CRC32 hash             : 87770766
    CRC32 hash (skip zero) : 0D53C258
    AccurateRip signature  : 4D6278EC
        ->Accurately ripped! (AR2, confidence 3)
          (matched with the different offset correction value;
           calculated using an additional offset of 29;
           the signature after correction is: 17958232)
    Statistics
        Read error                           : 0
        Skipped (treated as error)           : 0
        Edge jitter error (maybe fixed)      : 0
        Atom jitter error (maybe fixed)      : 0
        Drift error (maybe fixed)            : 0
        Dropped bytes error (maybe fixed)    : 0
        Duplicated bytes error (maybe fixed) : 0

Track 06
    Pre-gap length : 00:03:40

    CRC32 hash             : 8AB8CD11
    CRC32 hash (skip zero) : 875E7071
    AccurateRip signature  : D3AFDAAF
        ->Accurately ripped! (AR2, confidence 3)
          (matched with the different offset correction value;
           calculated using an additional offset of 29;
           the signature after correction is: 9DD73F79)
    Statistics
        Read error                           : 0
        Skipped (treated as error)           : 0
        Edge jitter error (maybe fixed)      : 0
        Atom jitter error (maybe fixed)      : 0
        Drift error (maybe fixed)            : 0
        Dropped bytes error (maybe fixed)    : 0
        Duplicated bytes error (maybe fixed) : 0

Track 07
    Pre-gap length : 00:02:22

    CRC32 hash             : E93A508C
    CRC32 hash (skip zero) : 72F55F38
    AccurateRip signature  : 09681F60
        ->Accurately ripped! (AR2, confidence 3)
          (matched with the different offset correction value;
           calculated using an additional offset of 29;
           the signature after correction is: F42E325B)
    Statistics
        Read error                           : 0
        Skipped (treated as error)           : 0
        Edge jitter error (maybe fixed)      : 0
        Atom jitter error (maybe fixed)      : 0
        Drift error (maybe fixed)            : 0
        Dropped bytes error (maybe fixed)    : 0
        Duplicated bytes error (maybe fixed) : 0

Track 08
    Pre-gap length : 00:02:12

    CRC32 hash             : 1A4CAF3C
    CRC32 hash (skip zero) : 81F5114B
    AccurateRip signature  : 095E41B8
        ->Accurately ripped! (AR2, confidence 3)
          (matched with the different offset correction value;
           calculated using an additional offset of 29;
           the signature after correction is: 7835F652)
    Statistics
        Read error                           : 0
        Skipped (treated as error)           : 0
        Edge jitter error (maybe fixed)      : 0
        Atom jitter error (maybe fixed)      : 0
        Drift error (maybe fixed)            : 0
        Dropped bytes error (maybe fixed)    : 0
        Duplicated bytes error (maybe fixed) : 0

Track 09
    Pre-gap length : 00:02:67

    CRC32 hash             : 1B32913D
    CRC32 hash (skip zero) : 9003A2C3
    AccurateRip signature  : FE6BBA36
        ->Accurately ripped! (AR2, confidence 3)
          (matched with the different offset correction value;
           calculated using an additional offset of 29;
           the signature after correction is: 0B43B481)
    Statistics
        Read error                           : 0
        Skipped (treated as error)           : 0
        Edge jitter error (maybe fixed)      : 0
        Atom jitter error (maybe fixed)      : 0
        Drift error (maybe fixed)            : 0
        Dropped bytes error (maybe fixed)    : 0
        Duplicated bytes error (maybe fixed) : 0

Track 10
    Pre-gap length : 00:03:28

    CRC32 hash             : 15A66449
    CRC32 hash (skip zero) : 6A5BDB29
    AccurateRip signature  : 09BDA6D3
        ->Accurately ripped! (AR2, confidence 3)
          (matched with the different offset correction value;
           calculated using an additional offset of 29;
           the signature after correction is: 185AAEC4)
    Statistics
        Read error                           : 0
        Skipped (treated as error)           : 0
        Edge jitter error (maybe fixed)      : 0
        Atom jitter error (maybe fixed)      : 0
        Drift error (maybe fixed)            : 0
        Dropped bytes error (maybe fixed)    : 0
        Duplicated bytes error (maybe fixed) : 0

Track 11
    Pre-gap length : 00:02:13

    CRC32 hash             : CEC136E4
    CRC32 hash (skip zero) : CCC6E00C
    AccurateRip signature  : 39F14A89
        ->Accurately ripped! (AR2, confidence 3)
          (matched with the different offset correction value;
           calculated using an additional offset of 29;
           the signature after correction is: 1AC1EDD3)
    Statistics
        Read error                           : 0
        Skipped (treated as error)           : 0
        Edge jitter error (maybe fixed)      : 0
        Atom jitter error (maybe fixed)      : 0
        Drift error (maybe fixed)            : 0
        Dropped bytes error (maybe fixed)    : 0
        Duplicated bytes error (maybe fixed) : 0

Track 12
    Pre-gap length : 00:03:38

    CRC32 hash             : A687335C
    CRC32 hash (skip zero) : EF98EE25
    AccurateRip signature  : 3C58917D
        ->Accurately ripped! (AR2, confidence 3)
          (matched with the different offset correction value;
           calculated using an additional offset of 29;
           the signature after correction is: 09CA29CF)
    Statistics
        Read error                           : 0
        Skipped (treated as error)           : 0
        Edge jitter error (maybe fixed)      : 0
        Atom jitter error (maybe fixed)      : 0
        Drift error (maybe fixed)            : 0
        Dropped bytes error (maybe fixed)    : 0
        Duplicated bytes error (maybe fixed) : 0

Track 13
    Pre-gap length : 00:02:40

    CRC32 hash             : A37EE102
    CRC32 hash (skip zero) : 3923A7FC
    AccurateRip signature  : E8822E0A
        ->Accurately ripped! (AR2, confidence 3)
          (matched with the different offset correction value;
           calculated using an additional offset of 29;
           the signature after correction is: 2B2B1850)
    Statistics
        Read error                           : 0
        Skipped (treated as error)           : 0
        Edge jitter error (maybe fixed)      : 0
        Atom jitter error (maybe fixed)      : 0
        Drift error (maybe fixed)            : 0
        Dropped bytes error (maybe fixed)    : 0
        Duplicated bytes error (maybe fixed) : 0

Track 14
    Pre-gap length : 00:02:38

    CRC32 hash             : AC060C92
    CRC32 hash (skip zero) : 7263458C
    AccurateRip signature  : 875F0F6E
        ->Accurately ripped! (AR2, confidence 3)
          (matched with the different offset correction value;
           calculated using an additional offset of 29;
           the signature after correction is: 221B2EDA)
    Statistics
        Read error                           : 0
        Skipped (treated as error)           : 0
        Edge jitter error (maybe fixed)      : 0
        Atom jitter error (maybe fixed)      : 0
        Drift error (maybe fixed)            : 0
        Dropped bytes error (maybe fixed)    : 0
        Duplicated bytes error (maybe fixed) : 0

Track 15
    Pre-gap length : 00:02:38

    CRC32 hash             : 8A32CE4B
    CRC32 hash (skip zero) : ED5483AB
    AccurateRip signature  : 33B19FB2
        ->Accurately ripped! (AR2, confidence 3)
          (matched with the different offset correction value;
           calculated using an additional offset of 29;
           the signature after correction is: 6B1F82E7)
    Statistics
        Read error                           : 0
        Skipped (treated as error)           : 0
        Edge jitter error (maybe fixed)      : 0
        Atom jitter error (maybe fixed)      : 0
        Drift error (maybe fixed)            : 0
        Dropped bytes error (maybe fixed)    : 0
        Duplicated bytes error (maybe fixed) : 0

Track 16
    Pre-gap length : 00:02:38

    CRC32 hash             : 8FA268A4
    CRC32 hash (skip zero) : 26F156F7
    AccurateRip signature  : 51852F38
        ->Accurately ripped! (AR2, confidence 3)
          (matched with the different offset correction value;
           calculated using an additional offset of 29;
           the signature after correction is: 4C8CE164)
    Statistics
        Read error                           : 0
        Skipped (treated as error)           : 0
        Edge jitter error (maybe fixed)      : 0
        Atom jitter error (maybe fixed)      : 0
        Drift error (maybe fixed)            : 0
        Dropped bytes error (maybe fixed)    : 0
        Duplicated bytes error (maybe fixed) : 0

Track 17
    Pre-gap length : 00:01:00

    CRC32 hash             : 5777018F
    CRC32 hash (skip zero) : B8FEF25B
    AccurateRip signature  : 7A50520E
        ->Accurately ripped! (AR2, confidence 3)
          (matched with the different offset correction value;
           calculated using an additional offset of 29;
           the signature after correction is: CAFEC277)
    Statistics
        Read error                           : 0
        Skipped (treated as error)           : 0
        Edge jitter error (maybe fixed)      : 0
        Atom jitter error (maybe fixed)      : 0
        Drift error (maybe fixed)            : 0
        Dropped bytes error (maybe fixed)    : 0
        Duplicated bytes error (maybe fixed) : 0

Track 18

    CRC32 hash             : 25BF7BCC
    CRC32 hash (skip zero) : D25291BF
    AccurateRip signature  : 0EFAB99E
        ->Accurately ripped! (AR2, confidence 3)
          (matched with the different offset correction value;
           calculated using an additional offset of 29;
           the signature after correction is: 2C4E00AF)
    Statistics
        Read error                           : 0
        Skipped (treated as error)           : 0
        Edge jitter error (maybe fixed)      : 0
        Atom jitter error (maybe fixed)      : 0
        Drift error (maybe fixed)            : 0
        Dropped bytes error (maybe fixed)    : 0
        Duplicated bytes error (maybe fixed) : 0

No errors occurred

End of status report
