X Lossless Decoder version 20110502 (132.0)

XLD extraction logfile from 2011-05-04 07:06:03 +0900

Traveling Wilburys / Traveling Wilburys Vol. 3

Used drive : MATSHITA DVD-R   UJ-868 (revision KB19)

Ripper mode             : CDParanoia III 10.2
Disable audio cache     : OK for the drive with a cache less than 2750KiB
Make use of C2 pointers : NO
Read offset correction  : 102
Max retry count         : 100
Gap status              : Analyzed, Appended

TOC of the extracted CD
     Track |   Start  |  Length  | Start sector | End sector 
    ---------------------------------------------------------
        1  | 00:00:32 | 03:14:40 |        32    |    14621   
        2  | 03:14:72 | 03:35:23 |     14622    |    30769   
        3  | 06:50:20 | 03:13:35 |     30770    |    45279   
        4  | 10:03:55 | 03:17:72 |     45280    |    60126   
        5  | 13:21:52 | 03:17:73 |     60127    |    74974   
        6  | 16:39:50 | 03:16:42 |     74975    |    89716   
        7  | 19:56:17 | 03:03:50 |     89717    |   103491   
        8  | 22:59:67 | 03:37:00 |    103492    |   119766   
        9  | 26:36:67 | 03:20:13 |    119767    |   134779   
       10  | 29:57:05 | 03:18:35 |    134780    |   149664   
       11  | 33:15:40 | 02:56:02 |    149665    |   162866   

List of alternate offset correction values
        #  | Absolute | Relative | Confidence 
    ------------------------------------------
        1  |   1714   |   1612   |     146     
        2  |    760   |    658   |     54     
        3  |   1386   |   1284   |      8     

AccurateRip Summary
    Track 01 : OK (confidence 7)
    Track 02 : OK (confidence 7)
    Track 03 : OK (confidence 7)
    Track 04 : OK (confidence 7)
    Track 05 : OK (confidence 7)
    Track 06 : OK (confidence 7)
    Track 07 : OK (confidence 7)
    Track 08 : OK (confidence 7)
    Track 09 : OK (confidence 7)
    Track 10 : OK (confidence 7)
    Track 11 : OK (confidence 7)
        ->All tracks accurately ripped.

All Tracks
    Filename : /Users/m4c/Public/flac/Traveling Wilburys Vol. 3.flac
    CRC32 hash             : 9E9C601C
    CRC32 hash (skip zero) : 4AA7D4DC
    Statistics
        Read error                           : 0
        Skipped (treated as error)           : 0
        Edge jitter error (maybe fixed)      : 0
        Atom jitter error (maybe fixed)      : 0
        Drift error (maybe fixed)            : 0
        Dropped bytes error (maybe fixed)    : 0
        Duplicated bytes error (maybe fixed) : 0

Track 01
    Pre-gap length : 00:02:32

    CRC32 hash             : 14C5CAE1
    CRC32 hash (skip zero) : 997DF398
    AccurateRip signature  : F31C487E
        ->Accurately ripped! (confidence 7)
    Statistics
        Read error                           : 0
        Skipped (treated as error)           : 0
        Edge jitter error (maybe fixed)      : 0
        Atom jitter error (maybe fixed)      : 0
        Drift error (maybe fixed)            : 0
        Dropped bytes error (maybe fixed)    : 0
        Duplicated bytes error (maybe fixed) : 0

Track 02
    Pre-gap length : 00:00:42

    CRC32 hash             : 0E769ED7
    CRC32 hash (skip zero) : 8E9BE43C
    AccurateRip signature  : 50DC930F
        ->Accurately ripped! (confidence 7)
    Statistics
        Read error                           : 0
        Skipped (treated as error)           : 0
        Edge jitter error (maybe fixed)      : 0
        Atom jitter error (maybe fixed)      : 0
        Drift error (maybe fixed)            : 0
        Dropped bytes error (maybe fixed)    : 0
        Duplicated bytes error (maybe fixed) : 0

Track 03
    Pre-gap length : 00:01:40

    CRC32 hash             : 4DC8FED7
    CRC32 hash (skip zero) : B15EBD68
    AccurateRip signature  : CACC21B2
        ->Accurately ripped! (confidence 7)
    Statistics
        Read error                           : 0
        Skipped (treated as error)           : 0
        Edge jitter error (maybe fixed)      : 0
        Atom jitter error (maybe fixed)      : 0
        Drift error (maybe fixed)            : 0
        Dropped bytes error (maybe fixed)    : 0
        Duplicated bytes error (maybe fixed) : 0

Track 04
    Pre-gap length : 00:02:03

    CRC32 hash             : 19B33376
    CRC32 hash (skip zero) : 25E50F21
    AccurateRip signature  : 7452A97F
        ->Accurately ripped! (confidence 7)
    Statistics
        Read error                           : 0
        Skipped (treated as error)           : 0
        Edge jitter error (maybe fixed)      : 0
        Atom jitter error (maybe fixed)      : 0
        Drift error (maybe fixed)            : 0
        Dropped bytes error (maybe fixed)    : 0
        Duplicated bytes error (maybe fixed) : 0

Track 05
    Pre-gap length : 00:01:10

    CRC32 hash             : BBF3AEA4
    CRC32 hash (skip zero) : 075FFAFC
    AccurateRip signature  : 319EDA84
        ->Accurately ripped! (confidence 7)
    Statistics
        Read error                           : 0
        Skipped (treated as error)           : 0
        Edge jitter error (maybe fixed)      : 0
        Atom jitter error (maybe fixed)      : 0
        Drift error (maybe fixed)            : 0
        Dropped bytes error (maybe fixed)    : 0
        Duplicated bytes error (maybe fixed) : 0

Track 06
    Pre-gap length : 00:01:40

    CRC32 hash             : 3AE6641C
    CRC32 hash (skip zero) : 37E7BB32
    AccurateRip signature  : 76201991
        ->Accurately ripped! (confidence 7)
    Statistics
        Read error                           : 0
        Skipped (treated as error)           : 0
        Edge jitter error (maybe fixed)      : 0
        Atom jitter error (maybe fixed)      : 0
        Drift error (maybe fixed)            : 0
        Dropped bytes error (maybe fixed)    : 0
        Duplicated bytes error (maybe fixed) : 0

Track 07
    Pre-gap length : 00:02:55

    CRC32 hash             : 97E96EEA
    CRC32 hash (skip zero) : 41D1E747
    AccurateRip signature  : A0978904
        ->Accurately ripped! (confidence 7)
    Statistics
        Read error                           : 0
        Skipped (treated as error)           : 0
        Edge jitter error (maybe fixed)      : 0
        Atom jitter error (maybe fixed)      : 0
        Drift error (maybe fixed)            : 0
        Dropped bytes error (maybe fixed)    : 0
        Duplicated bytes error (maybe fixed) : 0

Track 08
    Pre-gap length : 00:01:60

    CRC32 hash             : 621C61D0
    CRC32 hash (skip zero) : 12AD4980
    AccurateRip signature  : DF958493
        ->Accurately ripped! (confidence 7)
    Statistics
        Read error                           : 0
        Skipped (treated as error)           : 0
        Edge jitter error (maybe fixed)      : 0
        Atom jitter error (maybe fixed)      : 0
        Drift error (maybe fixed)            : 0
        Dropped bytes error (maybe fixed)    : 0
        Duplicated bytes error (maybe fixed) : 0

Track 09
    Pre-gap length : 00:03:12

    CRC32 hash             : B3E865D1
    CRC32 hash (skip zero) : 3BBA699F
    AccurateRip signature  : A7D57738
        ->Accurately ripped! (confidence 7)
    Statistics
        Read error                           : 0
        Skipped (treated as error)           : 0
        Edge jitter error (maybe fixed)      : 0
        Atom jitter error (maybe fixed)      : 0
        Drift error (maybe fixed)            : 0
        Dropped bytes error (maybe fixed)    : 0
        Duplicated bytes error (maybe fixed) : 0

Track 10
    Pre-gap length : 00:03:40

    CRC32 hash             : 2BB80F60
    CRC32 hash (skip zero) : 754F76F5
    AccurateRip signature  : 4E9E8EB7
        ->Accurately ripped! (confidence 7)
    Statistics
        Read error                           : 0
        Skipped (treated as error)           : 0
        Edge jitter error (maybe fixed)      : 0
        Atom jitter error (maybe fixed)      : 0
        Drift error (maybe fixed)            : 0
        Dropped bytes error (maybe fixed)    : 0
        Duplicated bytes error (maybe fixed) : 0

Track 11
    Pre-gap length : 00:00:43

    CRC32 hash             : CA671D3B
    CRC32 hash (skip zero) : 353767BC
    AccurateRip signature  : 7B4433D2
        ->Accurately ripped! (confidence 7)
    Statistics
        Read error                           : 0
        Skipped (treated as error)           : 0
        Edge jitter error (maybe fixed)      : 0
        Atom jitter error (maybe fixed)      : 0
        Drift error (maybe fixed)            : 0
        Dropped bytes error (maybe fixed)    : 0
        Duplicated bytes error (maybe fixed) : 0

No errors occurred

End of status report
