X Lossless Decoder version 20110417 (131.0)

XLD extraction logfile from 2011-05-02 08:07:48 +0900

Lilac Time / Love For All

Used drive : MATSHITA DVD-R   UJ-868 (revision KB19)

Ripper mode             : CDParanoia III 10.2
Disable audio cache     : OK for the drive with a cache less than 2750KiB
Make use of C2 pointers : NO
Read offset correction  : 102
Max retry count         : 100
Gap status              : Analyzed, Appended

TOC of the extracted CD
     Track |   Start  |  Length  | Start sector | End sector 
    ---------------------------------------------------------
        1  | 00:00:37 | 05:21:12 |        37    |    24123   
        2  | 05:21:49 | 03:26:55 |     24124    |    39628   
        3  | 08:48:29 | 03:11:28 |     39629    |    53981   
        4  | 11:59:57 | 03:59:42 |     53982    |    71948   
        5  | 15:59:24 | 03:58:50 |     71949    |    89848   
        6  | 19:57:74 | 01:29:13 |     89849    |    96536   
        7  | 21:27:12 | 03:37:00 |     96537    |   112811   
        8  | 25:04:12 | 02:58:00 |    112812    |   126161   
        9  | 28:02:12 | 01:30:57 |    126162    |   132968   
       10  | 29:32:69 | 04:24:00 |    132969    |   152768   
       11  | 33:56:69 | 02:59:18 |    152769    |   166211   
       12  | 36:56:12 | 06:06:25 |    166212    |   193686   

AccurateRip Summary
    Disc not found in AccurateRip DB.

All Tracks
    Filename : /Users/m4c/Public/flac/Love For All.flac
    CRC32 hash             : CCF52B36
    CRC32 hash (skip zero) : 349AD9C7
    Statistics
        Read error                           : 0
        Skipped (treated as error)           : 0
        Edge jitter error (maybe fixed)      : 1
        Atom jitter error (maybe fixed)      : 1
        Drift error (maybe fixed)            : 0
        Dropped bytes error (maybe fixed)    : 0
        Duplicated bytes error (maybe fixed) : 0

Track 01
    Pre-gap length : 00:02:37

    CRC32 hash             : 2454DC60
    CRC32 hash (skip zero) : BC79D57E
    AccurateRip signature  : ED77791C
        ->Track not present in AccurateRip database.
    Statistics
        Read error                           : 0
        Skipped (treated as error)           : 0
        Edge jitter error (maybe fixed)      : 0
        Atom jitter error (maybe fixed)      : 0
        Drift error (maybe fixed)            : 0
        Dropped bytes error (maybe fixed)    : 0
        Duplicated bytes error (maybe fixed) : 0

Track 02

    CRC32 hash             : BCDB39F8
    CRC32 hash (skip zero) : 934A84B6
    AccurateRip signature  : 9D20F206
        ->Track not present in AccurateRip database.
    Statistics
        Read error                           : 0
        Skipped (treated as error)           : 0
        Edge jitter error (maybe fixed)      : 0
        Atom jitter error (maybe fixed)      : 0
        Drift error (maybe fixed)            : 0
        Dropped bytes error (maybe fixed)    : 0
        Duplicated bytes error (maybe fixed) : 0

Track 03
    Pre-gap length : 00:02:16

    CRC32 hash             : 5E241070
    CRC32 hash (skip zero) : 51702DC1
    AccurateRip signature  : 339A656D
        ->Track not present in AccurateRip database.
    Statistics
        Read error                           : 0
        Skipped (treated as error)           : 0
        Edge jitter error (maybe fixed)      : 0
        Atom jitter error (maybe fixed)      : 0
        Drift error (maybe fixed)            : 0
        Dropped bytes error (maybe fixed)    : 0
        Duplicated bytes error (maybe fixed) : 0

Track 04
    Pre-gap length : 00:01:32

    CRC32 hash             : 0020770E
    CRC32 hash (skip zero) : 249EADDF
    AccurateRip signature  : 68C50567
        ->Track not present in AccurateRip database.
    Statistics
        Read error                           : 0
        Skipped (treated as error)           : 0
        Edge jitter error (maybe fixed)      : 0
        Atom jitter error (maybe fixed)      : 0
        Drift error (maybe fixed)            : 0
        Dropped bytes error (maybe fixed)    : 0
        Duplicated bytes error (maybe fixed) : 0

Track 05
    Pre-gap length : 00:01:36

    CRC32 hash             : F49FD9D5
    CRC32 hash (skip zero) : 44BCD5EC
    AccurateRip signature  : E1CD8537
        ->Track not present in AccurateRip database.
    Statistics
        Read error                           : 0
        Skipped (treated as error)           : 0
        Edge jitter error (maybe fixed)      : 0
        Atom jitter error (maybe fixed)      : 0
        Drift error (maybe fixed)            : 0
        Dropped bytes error (maybe fixed)    : 0
        Duplicated bytes error (maybe fixed) : 0

Track 06

    CRC32 hash             : B78A22EE
    CRC32 hash (skip zero) : 0F88922D
    AccurateRip signature  : A0F0E5BA
        ->Track not present in AccurateRip database.
    Statistics
        Read error                           : 0
        Skipped (treated as error)           : 0
        Edge jitter error (maybe fixed)      : 1
        Atom jitter error (maybe fixed)      : 1
        Drift error (maybe fixed)            : 0
        Dropped bytes error (maybe fixed)    : 0
        Duplicated bytes error (maybe fixed) : 0

Track 07
    Pre-gap length : 00:03:62

    CRC32 hash             : 021B0EF2
    CRC32 hash (skip zero) : D11353F5
    AccurateRip signature  : 2EEEB88E
        ->Track not present in AccurateRip database.
    Statistics
        Read error                           : 0
        Skipped (treated as error)           : 0
        Edge jitter error (maybe fixed)      : 0
        Atom jitter error (maybe fixed)      : 0
        Drift error (maybe fixed)            : 0
        Dropped bytes error (maybe fixed)    : 0
        Duplicated bytes error (maybe fixed) : 0

Track 08
    Pre-gap length : 00:02:12

    CRC32 hash             : FF8613CA
    CRC32 hash (skip zero) : 4019F523
    AccurateRip signature  : 788D2CDE
        ->Track not present in AccurateRip database.
    Statistics
        Read error                           : 0
        Skipped (treated as error)           : 0
        Edge jitter error (maybe fixed)      : 0
        Atom jitter error (maybe fixed)      : 0
        Drift error (maybe fixed)            : 0
        Dropped bytes error (maybe fixed)    : 0
        Duplicated bytes error (maybe fixed) : 0

Track 09
    Pre-gap length : 00:01:74

    CRC32 hash             : F0ADE597
    CRC32 hash (skip zero) : 387D9415
    AccurateRip signature  : 5735AB8B
        ->Track not present in AccurateRip database.
    Statistics
        Read error                           : 0
        Skipped (treated as error)           : 0
        Edge jitter error (maybe fixed)      : 0
        Atom jitter error (maybe fixed)      : 0
        Drift error (maybe fixed)            : 0
        Dropped bytes error (maybe fixed)    : 0
        Duplicated bytes error (maybe fixed) : 0

Track 10

    CRC32 hash             : E4F948ED
    CRC32 hash (skip zero) : 60B3A81D
    AccurateRip signature  : 214F3C8C
        ->Track not present in AccurateRip database.
    Statistics
        Read error                           : 0
        Skipped (treated as error)           : 0
        Edge jitter error (maybe fixed)      : 0
        Atom jitter error (maybe fixed)      : 0
        Drift error (maybe fixed)            : 0
        Dropped bytes error (maybe fixed)    : 0
        Duplicated bytes error (maybe fixed) : 0

Track 11

    CRC32 hash             : B6EEA2F3
    CRC32 hash (skip zero) : 17777957
    AccurateRip signature  : BB0B717C
        ->Track not present in AccurateRip database.
    Statistics
        Read error                           : 0
        Skipped (treated as error)           : 0
        Edge jitter error (maybe fixed)      : 0
        Atom jitter error (maybe fixed)      : 0
        Drift error (maybe fixed)            : 0
        Dropped bytes error (maybe fixed)    : 0
        Duplicated bytes error (maybe fixed) : 0

Track 12

    CRC32 hash             : D246A4E2
    CRC32 hash (skip zero) : 9F7DA423
    AccurateRip signature  : E4BBF351
        ->Track not present in AccurateRip database.
    Statistics
        Read error                           : 0
        Skipped (treated as error)           : 0
        Edge jitter error (maybe fixed)      : 0
        Atom jitter error (maybe fixed)      : 0
        Drift error (maybe fixed)            : 0
        Dropped bytes error (maybe fixed)    : 0
        Duplicated bytes error (maybe fixed) : 0

No errors occurred

End of status report
