X Lossless Decoder version 20110417 (131.0)

XLD extraction logfile from 2011-05-02 01:43:04 +0900

Jellyfish / Split Milk

Used drive : MATSHITA DVD-R   UJ-868 (revision KB19)

Ripper mode             : CDParanoia III 10.2
Disable audio cache     : OK for the drive with a cache less than 2750KiB
Make use of C2 pointers : NO
Read offset correction  : 102
Max retry count         : 100
Gap status              : Analyzed, Appended

TOC of the extracted CD
     Track |   Start  |  Length  | Start sector | End sector 
    ---------------------------------------------------------
        1  | 00:00:00 | 02:11:12 |         0    |     9836   
        2  | 02:11:12 | 04:03:08 |      9837    |    28069   
        3  | 06:14:20 | 02:23:20 |     28070    |    38814   
        4  | 08:37:40 | 04:02:62 |     38815    |    57026   
        5  | 12:40:27 | 03:49:30 |     57027    |    74231   
        6  | 16:29:57 | 03:36:40 |     74232    |    90471   
        7  | 20:06:22 | 04:03:08 |     90472    |   108704   
        8  | 24:09:30 | 04:09:52 |    108705    |   127431   
        9  | 28:19:07 | 04:45:53 |    127432    |   148859   
       10  | 33:04:60 | 03:44:12 |    148860    |   165671   
       11  | 36:48:72 | 03:14:70 |    165672    |   180291   
       12  | 40:03:67 | 06:12:05 |    180292    |   208196   

AccurateRip Summary
    Track 01 : OK (AR2, confidence 2)
    Track 02 : OK (AR2, confidence 2)
    Track 03 : OK (AR2, confidence 2)
    Track 04 : OK (AR2, confidence 2)
    Track 05 : OK (AR2, confidence 2)
    Track 06 : OK (AR2, confidence 2)
    Track 07 : OK (AR2, confidence 2)
    Track 08 : OK (AR2, confidence 2)
    Track 09 : OK (AR2, confidence 2)
    Track 10 : OK (AR2, confidence 2)
    Track 11 : OK (AR2, confidence 2)
    Track 12 : OK (AR2, confidence 2)
        ->All tracks accurately ripped.

All Tracks
    Filename : /Users/m4c/Public/flac/Split Milk.flac
    CRC32 hash             : A3B5EBF9
    CRC32 hash (skip zero) : 26C8AA63
    Statistics
        Read error                           : 0
        Skipped (treated as error)           : 0
        Edge jitter error (maybe fixed)      : 0
        Atom jitter error (maybe fixed)      : 0
        Drift error (maybe fixed)            : 0
        Dropped bytes error (maybe fixed)    : 0
        Duplicated bytes error (maybe fixed) : 0

Track 01
    Pre-gap length : 00:02:00

    CRC32 hash             : 639E7528
    CRC32 hash (skip zero) : FDF5ED78
    AccurateRip signature  : 79D20F78
        ->Accurately ripped! (AR2, confidence 2)
    Statistics
        Read error                           : 0
        Skipped (treated as error)           : 0
        Edge jitter error (maybe fixed)      : 0
        Atom jitter error (maybe fixed)      : 0
        Drift error (maybe fixed)            : 0
        Dropped bytes error (maybe fixed)    : 0
        Duplicated bytes error (maybe fixed) : 0

Track 02

    CRC32 hash             : 78F62AEE
    CRC32 hash (skip zero) : AA031104
    AccurateRip signature  : 4565F32F
        ->Accurately ripped! (AR2, confidence 2)
    Statistics
        Read error                           : 0
        Skipped (treated as error)           : 0
        Edge jitter error (maybe fixed)      : 0
        Atom jitter error (maybe fixed)      : 0
        Drift error (maybe fixed)            : 0
        Dropped bytes error (maybe fixed)    : 0
        Duplicated bytes error (maybe fixed) : 0

Track 03

    CRC32 hash             : 3B678706
    CRC32 hash (skip zero) : C13D6858
    AccurateRip signature  : 6D4A8271
        ->Accurately ripped! (AR2, confidence 2)
    Statistics
        Read error                           : 0
        Skipped (treated as error)           : 0
        Edge jitter error (maybe fixed)      : 0
        Atom jitter error (maybe fixed)      : 0
        Drift error (maybe fixed)            : 0
        Dropped bytes error (maybe fixed)    : 0
        Duplicated bytes error (maybe fixed) : 0

Track 04

    CRC32 hash             : 1C88AD66
    CRC32 hash (skip zero) : FFC33D2B
    AccurateRip signature  : B5DB0FDA
        ->Accurately ripped! (AR2, confidence 2)
    Statistics
        Read error                           : 0
        Skipped (treated as error)           : 0
        Edge jitter error (maybe fixed)      : 0
        Atom jitter error (maybe fixed)      : 0
        Drift error (maybe fixed)            : 0
        Dropped bytes error (maybe fixed)    : 0
        Duplicated bytes error (maybe fixed) : 0

Track 05

    CRC32 hash             : 6E78B0F9
    CRC32 hash (skip zero) : F8FA8E98
    AccurateRip signature  : FCCB701A
        ->Accurately ripped! (AR2, confidence 2)
    Statistics
        Read error                           : 0
        Skipped (treated as error)           : 0
        Edge jitter error (maybe fixed)      : 0
        Atom jitter error (maybe fixed)      : 0
        Drift error (maybe fixed)            : 0
        Dropped bytes error (maybe fixed)    : 0
        Duplicated bytes error (maybe fixed) : 0

Track 06
    Pre-gap length : 00:00:45

    CRC32 hash             : 815B0C0A
    CRC32 hash (skip zero) : 08A17F40
    AccurateRip signature  : A6684DAE
        ->Accurately ripped! (AR2, confidence 2)
    Statistics
        Read error                           : 0
        Skipped (treated as error)           : 0
        Edge jitter error (maybe fixed)      : 0
        Atom jitter error (maybe fixed)      : 0
        Drift error (maybe fixed)            : 0
        Dropped bytes error (maybe fixed)    : 0
        Duplicated bytes error (maybe fixed) : 0

Track 07

    CRC32 hash             : 5A2849AD
    CRC32 hash (skip zero) : 245C0F28
    AccurateRip signature  : 3111F162
        ->Accurately ripped! (AR2, confidence 2)
    Statistics
        Read error                           : 0
        Skipped (treated as error)           : 0
        Edge jitter error (maybe fixed)      : 0
        Atom jitter error (maybe fixed)      : 0
        Drift error (maybe fixed)            : 0
        Dropped bytes error (maybe fixed)    : 0
        Duplicated bytes error (maybe fixed) : 0

Track 08
    Pre-gap length : 00:01:00

    CRC32 hash             : C9F601A2
    CRC32 hash (skip zero) : 6CAFE23C
    AccurateRip signature  : A09E8503
        ->Accurately ripped! (AR2, confidence 2)
    Statistics
        Read error                           : 0
        Skipped (treated as error)           : 0
        Edge jitter error (maybe fixed)      : 0
        Atom jitter error (maybe fixed)      : 0
        Drift error (maybe fixed)            : 0
        Dropped bytes error (maybe fixed)    : 0
        Duplicated bytes error (maybe fixed) : 0

Track 09

    CRC32 hash             : E2ED0323
    CRC32 hash (skip zero) : 6135A71D
    AccurateRip signature  : 6157B8B2
        ->Accurately ripped! (AR2, confidence 2)
    Statistics
        Read error                           : 0
        Skipped (treated as error)           : 0
        Edge jitter error (maybe fixed)      : 0
        Atom jitter error (maybe fixed)      : 0
        Drift error (maybe fixed)            : 0
        Dropped bytes error (maybe fixed)    : 0
        Duplicated bytes error (maybe fixed) : 0

Track 10
    Pre-gap length : 00:00:20

    CRC32 hash             : 0159EC41
    CRC32 hash (skip zero) : 6A956EC5
    AccurateRip signature  : 9BDE944E
        ->Accurately ripped! (AR2, confidence 2)
    Statistics
        Read error                           : 0
        Skipped (treated as error)           : 0
        Edge jitter error (maybe fixed)      : 0
        Atom jitter error (maybe fixed)      : 0
        Drift error (maybe fixed)            : 0
        Dropped bytes error (maybe fixed)    : 0
        Duplicated bytes error (maybe fixed) : 0

Track 11

    CRC32 hash             : A6119007
    CRC32 hash (skip zero) : 9733284C
    AccurateRip signature  : EFD88D6C
        ->Accurately ripped! (AR2, confidence 2)
    Statistics
        Read error                           : 0
        Skipped (treated as error)           : 0
        Edge jitter error (maybe fixed)      : 0
        Atom jitter error (maybe fixed)      : 0
        Drift error (maybe fixed)            : 0
        Dropped bytes error (maybe fixed)    : 0
        Duplicated bytes error (maybe fixed) : 0

Track 12

    CRC32 hash             : 8ACA4577
    CRC32 hash (skip zero) : 86E623F3
    AccurateRip signature  : 50E45503
        ->Accurately ripped! (AR2, confidence 2)
    Statistics
        Read error                           : 0
        Skipped (treated as error)           : 0
        Edge jitter error (maybe fixed)      : 0
        Atom jitter error (maybe fixed)      : 0
        Drift error (maybe fixed)            : 0
        Dropped bytes error (maybe fixed)    : 0
        Duplicated bytes error (maybe fixed) : 0

No errors occurred

End of status report
