X Lossless Decoder version 20110417 (131.0)

XLD extraction logfile from 2011-05-02 12:22:29 +0900

Modern Jazz Quartet / Django

Used drive : MATSHITA DVD-R   UJ-868 (revision KB19)

Ripper mode             : CDParanoia III 10.2
Disable audio cache     : OK for the drive with a cache less than 2750KiB
Make use of C2 pointers : NO
Read offset correction  : 102
Max retry count         : 100
Gap status              : Analyzed, Appended

TOC of the extracted CD
     Track |   Start  |  Length  | Start sector | End sector 
    ---------------------------------------------------------
        1  | 00:00:00 | 07:05:67 |         0    |    31941   
        2  | 07:05:67 | 03:02:00 |     31942    |    45591   
        3  | 10:07:67 | 09:39:00 |     45592    |    89016   
        4  | 19:46:67 | 03:16:00 |     89017    |   103716   
        5  | 23:02:67 | 04:00:68 |    103717    |   121784   
        6  | 27:03:60 | 03:43:02 |    121785    |   138511   
        7  | 30:46:62 | 03:46:70 |    138512    |   155531   
        8  | 34:33:57 | 04:24:18 |    155532    |   175349   

List of alternate offset correction values
        #  | Absolute | Relative | Confidence 
    ------------------------------------------
        1  |      6   |    -96   |      3     

AccurateRip Summary
    Track 01 : OK (confidence 9)
    Track 02 : OK (confidence 10)
    Track 03 : OK (confidence 10)
    Track 04 : OK (confidence 10)
    Track 05 : OK (confidence 10)
    Track 06 : OK (confidence 10)
    Track 07 : OK (confidence 10)
    Track 08 : OK (confidence 10)
        ->All tracks accurately ripped.

All Tracks
    Filename : /Users/m4c/Public/flac/Django.flac
    CRC32 hash             : 79E4C451
    CRC32 hash (skip zero) : D6B9F21F
    Statistics
        Read error                           : 0
        Skipped (treated as error)           : 0
        Edge jitter error (maybe fixed)      : 0
        Atom jitter error (maybe fixed)      : 0
        Drift error (maybe fixed)            : 0
        Dropped bytes error (maybe fixed)    : 0
        Duplicated bytes error (maybe fixed) : 0

Track 01
    Pre-gap length : 00:02:00

    CRC32 hash             : 5ECDCC0D
    CRC32 hash (skip zero) : ADF0C87C
    AccurateRip signature  : 24D20444
        ->Accurately ripped! (confidence 9)
    Statistics
        Read error                           : 0
        Skipped (treated as error)           : 0
        Edge jitter error (maybe fixed)      : 0
        Atom jitter error (maybe fixed)      : 0
        Drift error (maybe fixed)            : 0
        Dropped bytes error (maybe fixed)    : 0
        Duplicated bytes error (maybe fixed) : 0

Track 02
    Pre-gap length : 00:01:70

    CRC32 hash             : E44A2460
    CRC32 hash (skip zero) : D87922A3
    AccurateRip signature  : 683B599D
        ->Accurately ripped! (confidence 10)
    Statistics
        Read error                           : 0
        Skipped (treated as error)           : 0
        Edge jitter error (maybe fixed)      : 0
        Atom jitter error (maybe fixed)      : 0
        Drift error (maybe fixed)            : 0
        Dropped bytes error (maybe fixed)    : 0
        Duplicated bytes error (maybe fixed) : 0

Track 03
    Pre-gap length : 00:01:45

    CRC32 hash             : DBDAFA9A
    CRC32 hash (skip zero) : 85BE0F10
    AccurateRip signature  : 1275F22C
        ->Accurately ripped! (confidence 10)
    Statistics
        Read error                           : 0
        Skipped (treated as error)           : 0
        Edge jitter error (maybe fixed)      : 0
        Atom jitter error (maybe fixed)      : 0
        Drift error (maybe fixed)            : 0
        Dropped bytes error (maybe fixed)    : 0
        Duplicated bytes error (maybe fixed) : 0

Track 04
    Pre-gap length : 00:01:17

    CRC32 hash             : 1D41050E
    CRC32 hash (skip zero) : 66881523
    AccurateRip signature  : 07F70E79
        ->Accurately ripped! (confidence 10)
    Statistics
        Read error                           : 0
        Skipped (treated as error)           : 0
        Edge jitter error (maybe fixed)      : 0
        Atom jitter error (maybe fixed)      : 0
        Drift error (maybe fixed)            : 0
        Dropped bytes error (maybe fixed)    : 0
        Duplicated bytes error (maybe fixed) : 0

Track 05
    Pre-gap length : 00:02:02

    CRC32 hash             : E3FF1367
    CRC32 hash (skip zero) : 04D3905A
    AccurateRip signature  : 382380DC
        ->Accurately ripped! (confidence 10)
    Statistics
        Read error                           : 0
        Skipped (treated as error)           : 0
        Edge jitter error (maybe fixed)      : 0
        Atom jitter error (maybe fixed)      : 0
        Drift error (maybe fixed)            : 0
        Dropped bytes error (maybe fixed)    : 0
        Duplicated bytes error (maybe fixed) : 0

Track 06
    Pre-gap length : 00:01:48

    CRC32 hash             : 63D5C9EC
    CRC32 hash (skip zero) : E41C83CF
    AccurateRip signature  : BAB6A555
        ->Accurately ripped! (confidence 10)
    Statistics
        Read error                           : 0
        Skipped (treated as error)           : 0
        Edge jitter error (maybe fixed)      : 0
        Atom jitter error (maybe fixed)      : 0
        Drift error (maybe fixed)            : 0
        Dropped bytes error (maybe fixed)    : 0
        Duplicated bytes error (maybe fixed) : 0

Track 07
    Pre-gap length : 00:02:22

    CRC32 hash             : 3807B0AC
    CRC32 hash (skip zero) : 39DFEF2B
    AccurateRip signature  : 0A22B6BB
        ->Accurately ripped! (confidence 10)
    Statistics
        Read error                           : 0
        Skipped (treated as error)           : 0
        Edge jitter error (maybe fixed)      : 0
        Atom jitter error (maybe fixed)      : 0
        Drift error (maybe fixed)            : 0
        Dropped bytes error (maybe fixed)    : 0
        Duplicated bytes error (maybe fixed) : 0

Track 08
    Pre-gap length : 00:02:17

    CRC32 hash             : 2CE312B6
    CRC32 hash (skip zero) : E98A8878
    AccurateRip signature  : B262BA21
        ->Accurately ripped! (confidence 10)
    Statistics
        Read error                           : 0
        Skipped (treated as error)           : 0
        Edge jitter error (maybe fixed)      : 0
        Atom jitter error (maybe fixed)      : 0
        Drift error (maybe fixed)            : 0
        Dropped bytes error (maybe fixed)    : 0
        Duplicated bytes error (maybe fixed) : 0

No errors occurred

End of status report
