X Lossless Decoder version 20110502 (132.0)

XLD extraction logfile from 2011-05-03 23:53:39 +0900

The Tony Williams Lifetime / Emergency!

Used drive : HL-DT-ST BD-RE  BH10NS30 (revision EL00)

Ripper mode             : CDParanoia III 10.2
Disable audio cache     : OK for the drive with a cache less than 2750KiB
Make use of C2 pointers : NO
Read offset correction  : 667
Max retry count         : 100
Gap status              : Analyzed, Appended

TOC of the extracted CD
     Track |   Start  |  Length  | Start sector | End sector 
    ---------------------------------------------------------
        1  | 00:00:37 | 09:36:25 |        37    |    43261   
        2  | 09:36:62 | 08:18:38 |     43262    |    80649   
        3  | 17:55:25 | 12:10:47 |     80650    |   135446   
        4  | 30:05:72 | 05:00:03 |    135447    |   157949   
        5  | 35:06:00 | 07:50:17 |    157950    |   193216   
        6  | 42:56:17 | 08:51:43 |    193217    |   233084   
        7  | 51:47:60 | 13:07:67 |    233085    |   292176   
        8  | 64:55:52 | 05:38:08 |    292177    |   317534   

AccurateRip Summary
    Track 01 : OK (confidence 3)
    Track 02 : OK (confidence 3)
    Track 03 : OK (confidence 3)
    Track 04 : OK (confidence 3)
    Track 05 : OK (confidence 3)
    Track 06 : OK (confidence 3)
    Track 07 : OK (confidence 3)
    Track 08 : OK (confidence 3)
        ->All tracks accurately ripped.

All Tracks
    Filename : /Users/angelicalbite/Music/flac/Emergency!.flac
    CRC32 hash             : E36E2277
    CRC32 hash (skip zero) : CE62C1F1
    Statistics
        Read error                           : 0
        Skipped (treated as error)           : 0
        Edge jitter error (maybe fixed)      : 0
        Atom jitter error (maybe fixed)      : 0
        Drift error (maybe fixed)            : 0
        Dropped bytes error (maybe fixed)    : 0
        Duplicated bytes error (maybe fixed) : 0

Track 01
    Pre-gap length : 00:02:37

    CRC32 hash             : AC005563
    CRC32 hash (skip zero) : 0D728ACE
    AccurateRip signature  : 53776844
        ->Accurately ripped! (confidence 3)
    Statistics
        Read error                           : 0
        Skipped (treated as error)           : 0
        Edge jitter error (maybe fixed)      : 0
        Atom jitter error (maybe fixed)      : 0
        Drift error (maybe fixed)            : 0
        Dropped bytes error (maybe fixed)    : 0
        Duplicated bytes error (maybe fixed) : 0

Track 02
    Pre-gap length : 00:00:19

    CRC32 hash             : 9E5D1444
    CRC32 hash (skip zero) : BEE89911
    AccurateRip signature  : 331B1F10
        ->Accurately ripped! (confidence 3)
    Statistics
        Read error                           : 0
        Skipped (treated as error)           : 0
        Edge jitter error (maybe fixed)      : 0
        Atom jitter error (maybe fixed)      : 0
        Drift error (maybe fixed)            : 0
        Dropped bytes error (maybe fixed)    : 0
        Duplicated bytes error (maybe fixed) : 0

Track 03
    Pre-gap length : 00:00:59

    CRC32 hash             : 124D615E
    CRC32 hash (skip zero) : 479C964A
    AccurateRip signature  : EF28112D
        ->Accurately ripped! (confidence 3)
    Statistics
        Read error                           : 0
        Skipped (treated as error)           : 0
        Edge jitter error (maybe fixed)      : 0
        Atom jitter error (maybe fixed)      : 0
        Drift error (maybe fixed)            : 0
        Dropped bytes error (maybe fixed)    : 0
        Duplicated bytes error (maybe fixed) : 0

Track 04
    Pre-gap length : 00:00:16

    CRC32 hash             : E7DB6B01
    CRC32 hash (skip zero) : BEA1D8F7
    AccurateRip signature  : 94494C03
        ->Accurately ripped! (confidence 3)
    Statistics
        Read error                           : 0
        Skipped (treated as error)           : 0
        Edge jitter error (maybe fixed)      : 0
        Atom jitter error (maybe fixed)      : 0
        Drift error (maybe fixed)            : 0
        Dropped bytes error (maybe fixed)    : 0
        Duplicated bytes error (maybe fixed) : 0

Track 05
    Pre-gap length : 00:00:57

    CRC32 hash             : E1656AD7
    CRC32 hash (skip zero) : 60B24D7A
    AccurateRip signature  : A91656D5
        ->Accurately ripped! (confidence 3)
    Statistics
        Read error                           : 0
        Skipped (treated as error)           : 0
        Edge jitter error (maybe fixed)      : 0
        Atom jitter error (maybe fixed)      : 0
        Drift error (maybe fixed)            : 0
        Dropped bytes error (maybe fixed)    : 0
        Duplicated bytes error (maybe fixed) : 0

Track 06
    Pre-gap length : 00:00:16

    CRC32 hash             : 0D8FC0B4
    CRC32 hash (skip zero) : 406C7BEA
    AccurateRip signature  : 4A9FB1D9
        ->Accurately ripped! (confidence 3)
    Statistics
        Read error                           : 0
        Skipped (treated as error)           : 0
        Edge jitter error (maybe fixed)      : 0
        Atom jitter error (maybe fixed)      : 0
        Drift error (maybe fixed)            : 0
        Dropped bytes error (maybe fixed)    : 0
        Duplicated bytes error (maybe fixed) : 0

Track 07
    Pre-gap length : 00:00:57

    CRC32 hash             : 2C18744C
    CRC32 hash (skip zero) : DAC891D7
    AccurateRip signature  : 8EA5DBC3
        ->Accurately ripped! (confidence 3)
    Statistics
        Read error                           : 0
        Skipped (treated as error)           : 0
        Edge jitter error (maybe fixed)      : 0
        Atom jitter error (maybe fixed)      : 0
        Drift error (maybe fixed)            : 0
        Dropped bytes error (maybe fixed)    : 0
        Duplicated bytes error (maybe fixed) : 0

Track 08
    Pre-gap length : 00:00:16

    CRC32 hash             : 643DF8AD
    CRC32 hash (skip zero) : DFD95D43
    AccurateRip signature  : B4F9C85C
        ->Accurately ripped! (confidence 3)
    Statistics
        Read error                           : 0
        Skipped (treated as error)           : 0
        Edge jitter error (maybe fixed)      : 0
        Atom jitter error (maybe fixed)      : 0
        Drift error (maybe fixed)            : 0
        Dropped bytes error (maybe fixed)    : 0
        Duplicated bytes error (maybe fixed) : 0

No errors occurred

End of status report
