X Lossless Decoder version 20110502 (132.0)

XLD extraction logfile from 2011-05-04 09:35:28 +0900

Wes Montgomery / Full House

Used drive : HL-DT-ST BD-RE  BH10NS30 (revision EL00)

Ripper mode             : CDParanoia III 10.2
Disable audio cache     : OK for the drive with a cache less than 2750KiB
Make use of C2 pointers : NO
Read offset correction  : 667
Max retry count         : 100
Gap status              : Analyzed, Appended

TOC of the extracted CD
     Track |   Start  |  Length  | Start sector | End sector 
    ---------------------------------------------------------
        1  | 00:00:00 | 09:14:70 |         0    |    41619   
        2  | 09:14:70 | 03:29:50 |     41620    |    57344   
        3  | 12:44:45 | 09:41:03 |     57345    |   100922   
        4  | 22:25:48 | 09:42:02 |    100923    |   144574   
        5  | 32:07:50 | 06:58:00 |    144575    |   175924   
        6  | 39:05:50 | 07:18:00 |    175925    |   208774   
        7  | 46:23:50 | 05:06:23 |    208775    |   231747   
        8  | 51:29:73 | 04:48:62 |    231748    |   253409   
        9  | 56:18:60 | 07:25:20 |    253410    |   286804   

AccurateRip Summary
    Track 01 : OK (confidence 5)
    Track 02 : OK (confidence 4)
    Track 03 : OK (confidence 5)
    Track 04 : OK (confidence 4)
    Track 05 : OK (confidence 5)
    Track 06 : OK (confidence 5)
    Track 07 : OK (confidence 4)
    Track 08 : OK (confidence 4)
    Track 09 : OK (confidence 5)
        ->All tracks accurately ripped.

All Tracks
    Filename : /Users/angelicalbite/Music/flac/Full House.flac
    CRC32 hash             : CAE4DC11
    CRC32 hash (skip zero) : 0AA1C364
    Statistics
        Read error                           : 0
        Skipped (treated as error)           : 0
        Edge jitter error (maybe fixed)      : 0
        Atom jitter error (maybe fixed)      : 0
        Drift error (maybe fixed)            : 0
        Dropped bytes error (maybe fixed)    : 0
        Duplicated bytes error (maybe fixed) : 0

Track 01
    Pre-gap length : 00:02:00

    CRC32 hash             : 046B4736
    CRC32 hash (skip zero) : DFED44E9
    AccurateRip signature  : 7F1D04B4
        ->Accurately ripped! (confidence 5)
    Statistics
        Read error                           : 0
        Skipped (treated as error)           : 0
        Edge jitter error (maybe fixed)      : 0
        Atom jitter error (maybe fixed)      : 0
        Drift error (maybe fixed)            : 0
        Dropped bytes error (maybe fixed)    : 0
        Duplicated bytes error (maybe fixed) : 0

Track 02
    Pre-gap length : 00:05:32

    CRC32 hash             : BB812CCC
    CRC32 hash (skip zero) : C158D462
    AccurateRip signature  : 2589B326
        ->Accurately ripped! (confidence 4)
    Statistics
        Read error                           : 0
        Skipped (treated as error)           : 0
        Edge jitter error (maybe fixed)      : 0
        Atom jitter error (maybe fixed)      : 0
        Drift error (maybe fixed)            : 0
        Dropped bytes error (maybe fixed)    : 0
        Duplicated bytes error (maybe fixed) : 0

Track 03
    Pre-gap length : 00:04:07

    CRC32 hash             : FE88081D
    CRC32 hash (skip zero) : 41C4BE59
    AccurateRip signature  : AC3ED6A0
        ->Accurately ripped! (confidence 5)
    Statistics
        Read error                           : 0
        Skipped (treated as error)           : 0
        Edge jitter error (maybe fixed)      : 0
        Atom jitter error (maybe fixed)      : 0
        Drift error (maybe fixed)            : 0
        Dropped bytes error (maybe fixed)    : 0
        Duplicated bytes error (maybe fixed) : 0

Track 04
    Pre-gap length : 00:05:05

    CRC32 hash             : 0385CD50
    CRC32 hash (skip zero) : B2974BD4
    AccurateRip signature  : BBA2FBE9
        ->Accurately ripped! (confidence 4)
    Statistics
        Read error                           : 0
        Skipped (treated as error)           : 0
        Edge jitter error (maybe fixed)      : 0
        Atom jitter error (maybe fixed)      : 0
        Drift error (maybe fixed)            : 0
        Dropped bytes error (maybe fixed)    : 0
        Duplicated bytes error (maybe fixed) : 0

Track 05
    Pre-gap length : 00:05:00

    CRC32 hash             : 974B46E6
    CRC32 hash (skip zero) : 7385BDDF
    AccurateRip signature  : 4D2AEF13
        ->Accurately ripped! (confidence 5)
    Statistics
        Read error                           : 0
        Skipped (treated as error)           : 0
        Edge jitter error (maybe fixed)      : 0
        Atom jitter error (maybe fixed)      : 0
        Drift error (maybe fixed)            : 0
        Dropped bytes error (maybe fixed)    : 0
        Duplicated bytes error (maybe fixed) : 0

Track 06
    Pre-gap length : 00:02:20

    CRC32 hash             : CE1FB430
    CRC32 hash (skip zero) : B0F7A4DC
    AccurateRip signature  : E3DBFD8C
        ->Accurately ripped! (confidence 5)
    Statistics
        Read error                           : 0
        Skipped (treated as error)           : 0
        Edge jitter error (maybe fixed)      : 0
        Atom jitter error (maybe fixed)      : 0
        Drift error (maybe fixed)            : 0
        Dropped bytes error (maybe fixed)    : 0
        Duplicated bytes error (maybe fixed) : 0

Track 07
    Pre-gap length : 00:02:17

    CRC32 hash             : 6C4733B7
    CRC32 hash (skip zero) : 91BA60F8
    AccurateRip signature  : E7959545
        ->Accurately ripped! (confidence 4)
    Statistics
        Read error                           : 0
        Skipped (treated as error)           : 0
        Edge jitter error (maybe fixed)      : 0
        Atom jitter error (maybe fixed)      : 0
        Drift error (maybe fixed)            : 0
        Dropped bytes error (maybe fixed)    : 0
        Duplicated bytes error (maybe fixed) : 0

Track 08
    Pre-gap length : 00:03:73

    CRC32 hash             : D1434C88
    CRC32 hash (skip zero) : 1EFBAB9C
    AccurateRip signature  : 4BA664B9
        ->Accurately ripped! (confidence 4)
    Statistics
        Read error                           : 0
        Skipped (treated as error)           : 0
        Edge jitter error (maybe fixed)      : 0
        Atom jitter error (maybe fixed)      : 0
        Drift error (maybe fixed)            : 0
        Dropped bytes error (maybe fixed)    : 0
        Duplicated bytes error (maybe fixed) : 0

Track 09
    Pre-gap length : 00:02:10

    CRC32 hash             : 88CFDE49
    CRC32 hash (skip zero) : 0601415D
    AccurateRip signature  : AF72EEC8
        ->Accurately ripped! (confidence 5)
    Statistics
        Read error                           : 0
        Skipped (treated as error)           : 0
        Edge jitter error (maybe fixed)      : 0
        Atom jitter error (maybe fixed)      : 0
        Drift error (maybe fixed)            : 0
        Dropped bytes error (maybe fixed)    : 0
        Duplicated bytes error (maybe fixed) : 0

No errors occurred

End of status report
