X Lossless Decoder version 20110502 (132.0)

XLD extraction logfile from 2011-05-05 10:36:47 +0900

Yuji Ohno Trio / Lupin The Third Jazz

Used drive : MATSHITA DVD-R   UJ-868 (revision KB19)

Ripper mode             : CDParanoia III 10.2
Disable audio cache     : OK for the drive with a cache less than 2750KiB
Make use of C2 pointers : NO
Read offset correction  : 102
Max retry count         : 100
Gap status              : Analyzed, Appended

TOC of the extracted CD
     Track |   Start  |  Length  | Start sector | End sector 
    ---------------------------------------------------------
        1  | 00:00:00 | 06:23:00 |         0    |    28724   
        2  | 06:23:00 | 06:40:02 |     28725    |    58726   
        3  | 13:03:02 | 05:19:00 |     58727    |    82651   
        4  | 18:22:02 | 05:51:00 |     82652    |   108976   
        5  | 24:13:02 | 04:46:01 |    108977    |   130427   
        6  | 28:59:03 | 04:29:00 |    130428    |   150602   
        7  | 33:28:03 | 06:21:01 |    150603    |   179178   
        8  | 39:49:04 | 03:48:00 |    179179    |   196278   
        9  | 43:37:04 | 04:49:16 |    196279    |   217969   

List of alternate offset correction values
        #  | Absolute | Relative | Confidence 
    ------------------------------------------
        1  |    104   |      2   |      5     
        2  |    107   |      5   |      2     

AccurateRip Summary
    Track 01 : OK (confidence 3)
    Track 02 : OK (confidence 3)
    Track 03 : OK (confidence 3)
    Track 04 : OK (confidence 3)
    Track 05 : OK (confidence 3)
    Track 06 : OK (confidence 3)
    Track 07 : OK (confidence 3)
    Track 08 : OK (confidence 3)
    Track 09 : OK (confidence 3)
        ->All tracks accurately ripped.

All Tracks
    Filename : /Users/m4c/Public/flac/Lupin The Third Jazz.flac
    CRC32 hash             : 9FBD3D88
    CRC32 hash (skip zero) : BBD02F74
    Statistics
        Read error                           : 0
        Skipped (treated as error)           : 0
        Edge jitter error (maybe fixed)      : 0
        Atom jitter error (maybe fixed)      : 0
        Drift error (maybe fixed)            : 0
        Dropped bytes error (maybe fixed)    : 0
        Duplicated bytes error (maybe fixed) : 0

Track 01
    Pre-gap length : 00:02:00

    CRC32 hash             : F6DEC931
    CRC32 hash (skip zero) : B34E4B6A
    AccurateRip signature  : 60883519
        ->Accurately ripped! (confidence 3)
    Statistics
        Read error                           : 0
        Skipped (treated as error)           : 0
        Edge jitter error (maybe fixed)      : 0
        Atom jitter error (maybe fixed)      : 0
        Drift error (maybe fixed)            : 0
        Dropped bytes error (maybe fixed)    : 0
        Duplicated bytes error (maybe fixed) : 0

Track 02
    Pre-gap length : 00:03:45

    CRC32 hash             : DCE8459E
    CRC32 hash (skip zero) : 9E6409A3
    AccurateRip signature  : E14A3137
        ->Accurately ripped! (confidence 3)
    Statistics
        Read error                           : 0
        Skipped (treated as error)           : 0
        Edge jitter error (maybe fixed)      : 0
        Atom jitter error (maybe fixed)      : 0
        Drift error (maybe fixed)            : 0
        Dropped bytes error (maybe fixed)    : 0
        Duplicated bytes error (maybe fixed) : 0

Track 03
    Pre-gap length : 00:03:45

    CRC32 hash             : 92DE4223
    CRC32 hash (skip zero) : 7ACE5D1D
    AccurateRip signature  : 783A26D5
        ->Accurately ripped! (confidence 3)
    Statistics
        Read error                           : 0
        Skipped (treated as error)           : 0
        Edge jitter error (maybe fixed)      : 0
        Atom jitter error (maybe fixed)      : 0
        Drift error (maybe fixed)            : 0
        Dropped bytes error (maybe fixed)    : 0
        Duplicated bytes error (maybe fixed) : 0

Track 04
    Pre-gap length : 00:03:45

    CRC32 hash             : F42F17F9
    CRC32 hash (skip zero) : 79467BDC
    AccurateRip signature  : 3A30EAAE
        ->Accurately ripped! (confidence 3)
    Statistics
        Read error                           : 0
        Skipped (treated as error)           : 0
        Edge jitter error (maybe fixed)      : 0
        Atom jitter error (maybe fixed)      : 0
        Drift error (maybe fixed)            : 0
        Dropped bytes error (maybe fixed)    : 0
        Duplicated bytes error (maybe fixed) : 0

Track 05
    Pre-gap length : 00:03:45

    CRC32 hash             : 3B15D2CC
    CRC32 hash (skip zero) : 20909106
    AccurateRip signature  : 437D7BF9
        ->Accurately ripped! (confidence 3)
    Statistics
        Read error                           : 0
        Skipped (treated as error)           : 0
        Edge jitter error (maybe fixed)      : 0
        Atom jitter error (maybe fixed)      : 0
        Drift error (maybe fixed)            : 0
        Dropped bytes error (maybe fixed)    : 0
        Duplicated bytes error (maybe fixed) : 0

Track 06
    Pre-gap length : 00:03:45

    CRC32 hash             : C7820038
    CRC32 hash (skip zero) : 341EC249
    AccurateRip signature  : 1D076743
        ->Accurately ripped! (confidence 3)
    Statistics
        Read error                           : 0
        Skipped (treated as error)           : 0
        Edge jitter error (maybe fixed)      : 0
        Atom jitter error (maybe fixed)      : 0
        Drift error (maybe fixed)            : 0
        Dropped bytes error (maybe fixed)    : 0
        Duplicated bytes error (maybe fixed) : 0

Track 07
    Pre-gap length : 00:03:45

    CRC32 hash             : 15301918
    CRC32 hash (skip zero) : A77A273E
    AccurateRip signature  : 92884858
        ->Accurately ripped! (confidence 3)
    Statistics
        Read error                           : 0
        Skipped (treated as error)           : 0
        Edge jitter error (maybe fixed)      : 0
        Atom jitter error (maybe fixed)      : 0
        Drift error (maybe fixed)            : 0
        Dropped bytes error (maybe fixed)    : 0
        Duplicated bytes error (maybe fixed) : 0

Track 08
    Pre-gap length : 00:03:45

    CRC32 hash             : 41E29835
    CRC32 hash (skip zero) : 270E7CB0
    AccurateRip signature  : 03C15742
        ->Accurately ripped! (confidence 3)
    Statistics
        Read error                           : 0
        Skipped (treated as error)           : 0
        Edge jitter error (maybe fixed)      : 0
        Atom jitter error (maybe fixed)      : 0
        Drift error (maybe fixed)            : 0
        Dropped bytes error (maybe fixed)    : 0
        Duplicated bytes error (maybe fixed) : 0

Track 09
    Pre-gap length : 00:03:45

    CRC32 hash             : CEA61AA8
    CRC32 hash (skip zero) : 87EEC443
    AccurateRip signature  : BB4580D5
        ->Accurately ripped! (confidence 3)
    Statistics
        Read error                           : 0
        Skipped (treated as error)           : 0
        Edge jitter error (maybe fixed)      : 0
        Atom jitter error (maybe fixed)      : 0
        Drift error (maybe fixed)            : 0
        Dropped bytes error (maybe fixed)    : 0
        Duplicated bytes error (maybe fixed) : 0

No errors occurred

End of status report
