X Lossless Decoder version 20110417 (131.0)

XLD extraction logfile from 2011-04-29 12:04:25 +0900

The Dave Brubeck Quartet / Time Out

Used drive : HL-DT-ST BD-RE  BH10NS30 (revision EL00)

Ripper mode             : CDParanoia III 10.2
Disable audio cache     : OK for the drive with a cache less than 2750KiB
Make use of C2 pointers : NO
Read offset correction  : 667
Max retry count         : 100
Gap status              : Analyzed, Appended

TOC of the extracted CD
     Track |   Start  |  Length  | Start sector | End sector 
    ---------------------------------------------------------
        1  | 00:00:00 | 06:46:10 |         0    |    30459   
        2  | 06:46:10 | 07:24:17 |     30460    |    63776   
        3  | 14:10:27 | 05:26:58 |     63777    |    88284   
        4  | 19:37:10 | 05:25:65 |     88285    |   112724   
        5  | 25:03:00 | 04:50:45 |    112725    |   134519   
        6  | 29:53:45 | 04:24:65 |    134520    |   154384   
        7  | 34:18:35 | 04:16:52 |    154385    |   173636   

List of alternate offset correction values
        #  | Absolute | Relative | Confidence 
    ------------------------------------------
        1  |    -35   |   -702   |     73     
        2  |    184   |   -483   |     52     
        3  |   1750   |   1083   |     38     
        4  |   1772   |   1105   |     36     
        5  |   1055   |    388   |     34     
        6  |   -631   |  -1298   |     33     
        7  |   1770   |   1103   |     30     
        8  |    451   |   -216   |     12     
        9  |    693   |     26   |      2     
       10  |   1306   |    639   |      2     

AccurateRip Summary
    Track 01 : OK (AR2, confidence 3)
    Track 02 : OK (AR2, confidence 3)
    Track 03 : OK (AR2, confidence 3)
    Track 04 : OK (AR2, confidence 3)
    Track 05 : OK (AR2, confidence 3)
    Track 06 : OK (AR2, confidence 3)
    Track 07 : OK (AR2, confidence 3)
        ->All tracks accurately ripped.

All Tracks
    Filename : /Users/angelicalbite/Music/flac/Time Out.flac
    CRC32 hash             : 148FE1EB
    CRC32 hash (skip zero) : 6AC375AE
    Statistics
        Read error                           : 0
        Skipped (treated as error)           : 0
        Edge jitter error (maybe fixed)      : 0
        Atom jitter error (maybe fixed)      : 0
        Drift error (maybe fixed)            : 0
        Dropped bytes error (maybe fixed)    : 0
        Duplicated bytes error (maybe fixed) : 0

Track 01
    Pre-gap length : 00:02:00

    CRC32 hash             : 7EA77F45
    CRC32 hash (skip zero) : EBA098D3
    AccurateRip signature  : F0AA5598
        ->Accurately ripped! (AR2, confidence 3)
    Statistics
        Read error                           : 0
        Skipped (treated as error)           : 0
        Edge jitter error (maybe fixed)      : 0
        Atom jitter error (maybe fixed)      : 0
        Drift error (maybe fixed)            : 0
        Dropped bytes error (maybe fixed)    : 0
        Duplicated bytes error (maybe fixed) : 0

Track 02
    Pre-gap length : 00:01:63

    CRC32 hash             : 43FB89BB
    CRC32 hash (skip zero) : ABEF53D4
    AccurateRip signature  : CBC70EE9
        ->Accurately ripped! (AR2, confidence 3)
    Statistics
        Read error                           : 0
        Skipped (treated as error)           : 0
        Edge jitter error (maybe fixed)      : 0
        Atom jitter error (maybe fixed)      : 0
        Drift error (maybe fixed)            : 0
        Dropped bytes error (maybe fixed)    : 0
        Duplicated bytes error (maybe fixed) : 0

Track 03
    Pre-gap length : 00:01:62

    CRC32 hash             : 15CDF2FE
    CRC32 hash (skip zero) : D50B84CE
    AccurateRip signature  : D1B18B0F
        ->Accurately ripped! (AR2, confidence 3)
    Statistics
        Read error                           : 0
        Skipped (treated as error)           : 0
        Edge jitter error (maybe fixed)      : 0
        Atom jitter error (maybe fixed)      : 0
        Drift error (maybe fixed)            : 0
        Dropped bytes error (maybe fixed)    : 0
        Duplicated bytes error (maybe fixed) : 0

Track 04
    Pre-gap length : 00:02:35

    CRC32 hash             : 356E567C
    CRC32 hash (skip zero) : 5C7C0287
    AccurateRip signature  : BE37FB37
        ->Accurately ripped! (AR2, confidence 3)
    Statistics
        Read error                           : 0
        Skipped (treated as error)           : 0
        Edge jitter error (maybe fixed)      : 0
        Atom jitter error (maybe fixed)      : 0
        Drift error (maybe fixed)            : 0
        Dropped bytes error (maybe fixed)    : 0
        Duplicated bytes error (maybe fixed) : 0

Track 05
    Pre-gap length : 00:01:60

    CRC32 hash             : 123B9F6E
    CRC32 hash (skip zero) : 7155A6E1
    AccurateRip signature  : 25ECE857
        ->Accurately ripped! (AR2, confidence 3)
    Statistics
        Read error                           : 0
        Skipped (treated as error)           : 0
        Edge jitter error (maybe fixed)      : 0
        Atom jitter error (maybe fixed)      : 0
        Drift error (maybe fixed)            : 0
        Dropped bytes error (maybe fixed)    : 0
        Duplicated bytes error (maybe fixed) : 0

Track 06
    Pre-gap length : 00:02:43

    CRC32 hash             : 8A880175
    CRC32 hash (skip zero) : 82B53755
    AccurateRip signature  : 12E7023F
        ->Accurately ripped! (AR2, confidence 3)
    Statistics
        Read error                           : 0
        Skipped (treated as error)           : 0
        Edge jitter error (maybe fixed)      : 0
        Atom jitter error (maybe fixed)      : 0
        Drift error (maybe fixed)            : 0
        Dropped bytes error (maybe fixed)    : 0
        Duplicated bytes error (maybe fixed) : 0

Track 07
    Pre-gap length : 00:01:73

    CRC32 hash             : E9790DDA
    CRC32 hash (skip zero) : 05FEA5A3
    AccurateRip signature  : A291D050
        ->Accurately ripped! (AR2, confidence 3)
    Statistics
        Read error                           : 0
        Skipped (treated as error)           : 0
        Edge jitter error (maybe fixed)      : 0
        Atom jitter error (maybe fixed)      : 0
        Drift error (maybe fixed)            : 0
        Dropped bytes error (maybe fixed)    : 0
        Duplicated bytes error (maybe fixed) : 0

No errors occurred

End of status report
