X Lossless Decoder version 20110417 (131.0)

XLD extraction logfile from 2011-05-02 15:37:59 +0900

The Oscar Peterson Trio / We Get Requests

Used drive : MATSHITA DVD-R   UJ-868 (revision KB19)

Ripper mode             : CDParanoia III 10.2
Disable audio cache     : OK for the drive with a cache less than 2750KiB
Make use of C2 pointers : NO
Read offset correction  : 102
Max retry count         : 100
Gap status              : Analyzed, Appended

TOC of the extracted CD
     Track |   Start  |  Length  | Start sector | End sector 
    ---------------------------------------------------------
        1  | 00:00:00 | 02:52:30 |         0    |    12929   
        2  | 02:52:30 | 02:43:12 |     12930    |    25166   
        3  | 05:35:42 | 05:11:30 |     25167    |    48521   
        4  | 10:46:72 | 03:33:30 |     48522    |    64526   
        5  | 14:20:27 | 04:13:63 |     64527    |    83564   
        6  | 18:34:15 | 04:52:05 |     83565    |   105469   
        7  | 23:26:20 | 03:55:35 |    105470    |   123129   
        8  | 27:21:55 | 05:13:67 |    123130    |   146671   
        9  | 32:35:47 | 04:40:23 |    146672    |   167694   
       10  | 37:15:70 | 02:56:60 |    167695    |   180954   

List of alternate offset correction values
        #  | Absolute | Relative | Confidence 
    ------------------------------------------
        1  |  -1060   |  -1162   |      9     
        2  |  -1105   |  -1207   |      6     

AccurateRip Summary
    Track 01 : OK (confidence 24)
    Track 02 : OK (confidence 24)
    Track 03 : OK (confidence 24)
    Track 04 : OK (confidence 24)
    Track 05 : OK (confidence 24)
    Track 06 : OK (confidence 24)
    Track 07 : OK (confidence 24)
    Track 08 : OK (confidence 24)
    Track 09 : OK (confidence 24)
    Track 10 : OK (confidence 24)
        ->All tracks accurately ripped.

All Tracks
    Filename : /Users/m4c/Public/flac/We Get Requests.flac
    CRC32 hash             : 04D0EC82
    CRC32 hash (skip zero) : 8C76E1F9
    Statistics
        Read error                           : 0
        Skipped (treated as error)           : 0
        Edge jitter error (maybe fixed)      : 0
        Atom jitter error (maybe fixed)      : 0
        Drift error (maybe fixed)            : 0
        Dropped bytes error (maybe fixed)    : 0
        Duplicated bytes error (maybe fixed) : 0

Track 01
    Pre-gap length : 00:02:00

    CRC32 hash             : 61B79990
    CRC32 hash (skip zero) : 1F1BE1DB
    AccurateRip signature  : 5BCD051A
        ->Accurately ripped! (confidence 24)
    Statistics
        Read error                           : 0
        Skipped (treated as error)           : 0
        Edge jitter error (maybe fixed)      : 0
        Atom jitter error (maybe fixed)      : 0
        Drift error (maybe fixed)            : 0
        Dropped bytes error (maybe fixed)    : 0
        Duplicated bytes error (maybe fixed) : 0

Track 02
    Pre-gap length : 00:03:25

    CRC32 hash             : 14B758D4
    CRC32 hash (skip zero) : E588CF34
    AccurateRip signature  : 7DD379EE
        ->Accurately ripped! (confidence 24)
    Statistics
        Read error                           : 0
        Skipped (treated as error)           : 0
        Edge jitter error (maybe fixed)      : 0
        Atom jitter error (maybe fixed)      : 0
        Drift error (maybe fixed)            : 0
        Dropped bytes error (maybe fixed)    : 0
        Duplicated bytes error (maybe fixed) : 0

Track 03
    Pre-gap length : 00:03:02

    CRC32 hash             : C316FFA8
    CRC32 hash (skip zero) : 863D5EA7
    AccurateRip signature  : 63057ADD
        ->Accurately ripped! (confidence 24)
    Statistics
        Read error                           : 0
        Skipped (treated as error)           : 0
        Edge jitter error (maybe fixed)      : 0
        Atom jitter error (maybe fixed)      : 0
        Drift error (maybe fixed)            : 0
        Dropped bytes error (maybe fixed)    : 0
        Duplicated bytes error (maybe fixed) : 0

Track 04
    Pre-gap length : 00:03:17

    CRC32 hash             : 62C6E122
    CRC32 hash (skip zero) : 6B52773E
    AccurateRip signature  : D85E9C5D
        ->Accurately ripped! (confidence 24)
    Statistics
        Read error                           : 0
        Skipped (treated as error)           : 0
        Edge jitter error (maybe fixed)      : 0
        Atom jitter error (maybe fixed)      : 0
        Drift error (maybe fixed)            : 0
        Dropped bytes error (maybe fixed)    : 0
        Duplicated bytes error (maybe fixed) : 0

Track 05
    Pre-gap length : 00:02:55

    CRC32 hash             : FE5C42E5
    CRC32 hash (skip zero) : 9E2F3BD3
    AccurateRip signature  : 3FB27F12
        ->Accurately ripped! (confidence 24)
    Statistics
        Read error                           : 0
        Skipped (treated as error)           : 0
        Edge jitter error (maybe fixed)      : 0
        Atom jitter error (maybe fixed)      : 0
        Drift error (maybe fixed)            : 0
        Dropped bytes error (maybe fixed)    : 0
        Duplicated bytes error (maybe fixed) : 0

Track 06
    Pre-gap length : 00:02:73

    CRC32 hash             : E9FC3A2B
    CRC32 hash (skip zero) : AA81EDBE
    AccurateRip signature  : 18C49733
        ->Accurately ripped! (confidence 24)
    Statistics
        Read error                           : 0
        Skipped (treated as error)           : 0
        Edge jitter error (maybe fixed)      : 0
        Atom jitter error (maybe fixed)      : 0
        Drift error (maybe fixed)            : 0
        Dropped bytes error (maybe fixed)    : 0
        Duplicated bytes error (maybe fixed) : 0

Track 07
    Pre-gap length : 00:02:63

    CRC32 hash             : 2CA96732
    CRC32 hash (skip zero) : 566EA80D
    AccurateRip signature  : 6F6493A7
        ->Accurately ripped! (confidence 24)
    Statistics
        Read error                           : 0
        Skipped (treated as error)           : 0
        Edge jitter error (maybe fixed)      : 0
        Atom jitter error (maybe fixed)      : 0
        Drift error (maybe fixed)            : 0
        Dropped bytes error (maybe fixed)    : 0
        Duplicated bytes error (maybe fixed) : 0

Track 08
    Pre-gap length : 00:03:48

    CRC32 hash             : E528A977
    CRC32 hash (skip zero) : 382BA1AC
    AccurateRip signature  : 12889A27
        ->Accurately ripped! (confidence 24)
    Statistics
        Read error                           : 0
        Skipped (treated as error)           : 0
        Edge jitter error (maybe fixed)      : 0
        Atom jitter error (maybe fixed)      : 0
        Drift error (maybe fixed)            : 0
        Dropped bytes error (maybe fixed)    : 0
        Duplicated bytes error (maybe fixed) : 0

Track 09
    Pre-gap length : 00:02:70

    CRC32 hash             : DED49DAE
    CRC32 hash (skip zero) : 7529EA98
    AccurateRip signature  : 8F834F41
        ->Accurately ripped! (confidence 24)
    Statistics
        Read error                           : 0
        Skipped (treated as error)           : 0
        Edge jitter error (maybe fixed)      : 0
        Atom jitter error (maybe fixed)      : 0
        Drift error (maybe fixed)            : 0
        Dropped bytes error (maybe fixed)    : 0
        Duplicated bytes error (maybe fixed) : 0

Track 10
    Pre-gap length : 00:02:03

    CRC32 hash             : B719A4A3
    CRC32 hash (skip zero) : 48E410B5
    AccurateRip signature  : 5F13132E
        ->Accurately ripped! (confidence 24)
    Statistics
        Read error                           : 0
        Skipped (treated as error)           : 0
        Edge jitter error (maybe fixed)      : 0
        Atom jitter error (maybe fixed)      : 0
        Drift error (maybe fixed)            : 0
        Dropped bytes error (maybe fixed)    : 0
        Duplicated bytes error (maybe fixed) : 0

No errors occurred

End of status report
