X Lossless Decoder version 20110417 (131.0)

XLD extraction logfile from 2011-04-30 16:26:32 +0900

Jean-Joël Barbier / Erik Satie En blanc et noir

Used drive : HL-DT-ST BD-RE  BH10NS30 (revision EL00)

Ripper mode             : CDParanoia III 10.2
Disable audio cache     : OK for the drive with a cache less than 2750KiB
Make use of C2 pointers : NO
Read offset correction  : 667
Max retry count         : 100
Gap status              : Analyzed, Appended

TOC of the extracted CD
     Track |   Start  |  Length  | Start sector | End sector 
    ---------------------------------------------------------
        1  | 00:00:32 | 02:41:25 |        32    |    12131   
        2  | 02:41:57 | 02:26:40 |     12132    |    23121   
        3  | 05:08:22 | 02:10:18 |     23122    |    32889   
        4  | 07:18:40 | 02:19:52 |     32890    |    43366   
        5  | 09:38:17 | 03:07:30 |     43367    |    57421   
        6  | 12:45:47 | 02:35:55 |     57422    |    69101   
        7  | 15:21:27 | 02:31:05 |     69102    |    80431   
        8  | 17:52:32 | 02:53:10 |     80432    |    93416   
        9  | 20:45:42 | 02:04:28 |     93417    |   102744   
       10  | 22:49:70 | 02:17:65 |    102745    |   113084   
       11  | 25:07:60 | 03:34:17 |    113085    |   129151   
       12  | 28:42:02 | 03:30:18 |    129152    |   144919   
       13  | 32:12:20 | 01:28:55 |    144920    |   151574   
       14  | 33:41:00 | 05:48:02 |    151575    |   177676   
       15  | 39:29:02 | 05:07:43 |    177677    |   200744   
       16  | 44:36:45 | 04:56:57 |    200745    |   223001   
       17  | 49:33:27 | 01:42:55 |    223002    |   230706   
       18  | 51:16:07 | 04:30:25 |    230707    |   250981   
       19  | 55:46:32 | 04:20:40 |    250982    |   270521   
       20  | 60:06:72 | 04:14:10 |    270522    |   289581   

List of alternate offset correction values
        #  | Absolute | Relative | Confidence 
    ------------------------------------------
        1  |   2238   |   1571   |     10     
        2  |    275   |   -392   |      7     
        3  |    287   |   -380   |      2     
        4  |   1598   |    931   |      2     

AccurateRip Summary
    Track 01 : OK (confidence 4)
    Track 02 : OK (confidence 4)
    Track 03 : OK (confidence 4)
    Track 04 : OK (confidence 4)
    Track 05 : OK (confidence 4)
    Track 06 : OK (confidence 4)
    Track 07 : OK (confidence 4)
    Track 08 : OK (confidence 4)
    Track 09 : OK (confidence 4)
    Track 10 : OK (confidence 4)
    Track 11 : OK (confidence 4)
    Track 12 : OK (confidence 4)
    Track 13 : OK (confidence 4)
    Track 14 : OK (confidence 4)
    Track 15 : OK (confidence 4)
    Track 16 : OK (confidence 4)
    Track 17 : OK (confidence 4)
    Track 18 : OK (confidence 4)
    Track 19 : OK (confidence 4)
    Track 20 : OK (confidence 4)
        ->All tracks accurately ripped.

All Tracks
    Filename : /Users/angelicalbite/Music/flac/Erik Satie En blanc et noir.flac
    CRC32 hash             : 930968ED
    CRC32 hash (skip zero) : 373C9B60
    Statistics
        Read error                           : 0
        Skipped (treated as error)           : 0
        Edge jitter error (maybe fixed)      : 0
        Atom jitter error (maybe fixed)      : 0
        Drift error (maybe fixed)            : 0
        Dropped bytes error (maybe fixed)    : 0
        Duplicated bytes error (maybe fixed) : 0

Track 01
    Pre-gap length : 00:02:32

    CRC32 hash             : 0A9F613D
    CRC32 hash (skip zero) : 3C109EFF
    AccurateRip signature  : 66B3D74A
        ->Accurately ripped! (confidence 4)
    Statistics
        Read error                           : 0
        Skipped (treated as error)           : 0
        Edge jitter error (maybe fixed)      : 0
        Atom jitter error (maybe fixed)      : 0
        Drift error (maybe fixed)            : 0
        Dropped bytes error (maybe fixed)    : 0
        Duplicated bytes error (maybe fixed) : 0

Track 02
    Pre-gap length : 00:06:50

    CRC32 hash             : 99534994
    CRC32 hash (skip zero) : E34030FD
    AccurateRip signature  : 944310D3
        ->Accurately ripped! (confidence 4)
    Statistics
        Read error                           : 0
        Skipped (treated as error)           : 0
        Edge jitter error (maybe fixed)      : 0
        Atom jitter error (maybe fixed)      : 0
        Drift error (maybe fixed)            : 0
        Dropped bytes error (maybe fixed)    : 0
        Duplicated bytes error (maybe fixed) : 0

Track 03
    Pre-gap length : 00:05:12

    CRC32 hash             : C225CCCE
    CRC32 hash (skip zero) : 8DBA1EE9
    AccurateRip signature  : E3362DB2
        ->Accurately ripped! (confidence 4)
    Statistics
        Read error                           : 0
        Skipped (treated as error)           : 0
        Edge jitter error (maybe fixed)      : 0
        Atom jitter error (maybe fixed)      : 0
        Drift error (maybe fixed)            : 0
        Dropped bytes error (maybe fixed)    : 0
        Duplicated bytes error (maybe fixed) : 0

Track 04
    Pre-gap length : 00:05:03

    CRC32 hash             : 0C311AB3
    CRC32 hash (skip zero) : 9ACF4A20
    AccurateRip signature  : 4828B779
        ->Accurately ripped! (confidence 4)
    Statistics
        Read error                           : 0
        Skipped (treated as error)           : 0
        Edge jitter error (maybe fixed)      : 0
        Atom jitter error (maybe fixed)      : 0
        Drift error (maybe fixed)            : 0
        Dropped bytes error (maybe fixed)    : 0
        Duplicated bytes error (maybe fixed) : 0

Track 05
    Pre-gap length : 00:07:27

    CRC32 hash             : B60C4357
    CRC32 hash (skip zero) : 057DB69F
    AccurateRip signature  : 88C83391
        ->Accurately ripped! (confidence 4)
    Statistics
        Read error                           : 0
        Skipped (treated as error)           : 0
        Edge jitter error (maybe fixed)      : 0
        Atom jitter error (maybe fixed)      : 0
        Drift error (maybe fixed)            : 0
        Dropped bytes error (maybe fixed)    : 0
        Duplicated bytes error (maybe fixed) : 0

Track 06
    Pre-gap length : 00:04:25

    CRC32 hash             : EE2CBFF1
    CRC32 hash (skip zero) : DE2F810E
    AccurateRip signature  : 73D92B8F
        ->Accurately ripped! (confidence 4)
    Statistics
        Read error                           : 0
        Skipped (treated as error)           : 0
        Edge jitter error (maybe fixed)      : 0
        Atom jitter error (maybe fixed)      : 0
        Drift error (maybe fixed)            : 0
        Dropped bytes error (maybe fixed)    : 0
        Duplicated bytes error (maybe fixed) : 0

Track 07
    Pre-gap length : 00:05:52

    CRC32 hash             : 508429A2
    CRC32 hash (skip zero) : CCB622B1
    AccurateRip signature  : 5CAD70AB
        ->Accurately ripped! (confidence 4)
    Statistics
        Read error                           : 0
        Skipped (treated as error)           : 0
        Edge jitter error (maybe fixed)      : 0
        Atom jitter error (maybe fixed)      : 0
        Drift error (maybe fixed)            : 0
        Dropped bytes error (maybe fixed)    : 0
        Duplicated bytes error (maybe fixed) : 0

Track 08
    Pre-gap length : 00:06:20

    CRC32 hash             : D6C1C26E
    CRC32 hash (skip zero) : A08861AE
    AccurateRip signature  : 4754B35D
        ->Accurately ripped! (confidence 4)
    Statistics
        Read error                           : 0
        Skipped (treated as error)           : 0
        Edge jitter error (maybe fixed)      : 0
        Atom jitter error (maybe fixed)      : 0
        Drift error (maybe fixed)            : 0
        Dropped bytes error (maybe fixed)    : 0
        Duplicated bytes error (maybe fixed) : 0

Track 09
    Pre-gap length : 00:03:25

    CRC32 hash             : E5274E79
    CRC32 hash (skip zero) : A77D8F38
    AccurateRip signature  : A78FFD10
        ->Accurately ripped! (confidence 4)
    Statistics
        Read error                           : 0
        Skipped (treated as error)           : 0
        Edge jitter error (maybe fixed)      : 0
        Atom jitter error (maybe fixed)      : 0
        Drift error (maybe fixed)            : 0
        Dropped bytes error (maybe fixed)    : 0
        Duplicated bytes error (maybe fixed) : 0

Track 10
    Pre-gap length : 00:03:28

    CRC32 hash             : AD3EC6C6
    CRC32 hash (skip zero) : 24B81E6E
    AccurateRip signature  : 47ECD7D3
        ->Accurately ripped! (confidence 4)
    Statistics
        Read error                           : 0
        Skipped (treated as error)           : 0
        Edge jitter error (maybe fixed)      : 0
        Atom jitter error (maybe fixed)      : 0
        Drift error (maybe fixed)            : 0
        Dropped bytes error (maybe fixed)    : 0
        Duplicated bytes error (maybe fixed) : 0

Track 11
    Pre-gap length : 00:03:58

    CRC32 hash             : C9B918F7
    CRC32 hash (skip zero) : 04B8FFFD
    AccurateRip signature  : 0DD3E28F
        ->Accurately ripped! (confidence 4)
    Statistics
        Read error                           : 0
        Skipped (treated as error)           : 0
        Edge jitter error (maybe fixed)      : 0
        Atom jitter error (maybe fixed)      : 0
        Drift error (maybe fixed)            : 0
        Dropped bytes error (maybe fixed)    : 0
        Duplicated bytes error (maybe fixed) : 0

Track 12
    Pre-gap length : 00:04:70

    CRC32 hash             : 9A7842B4
    CRC32 hash (skip zero) : AEE194F7
    AccurateRip signature  : BC99917A
        ->Accurately ripped! (confidence 4)
    Statistics
        Read error                           : 0
        Skipped (treated as error)           : 0
        Edge jitter error (maybe fixed)      : 0
        Atom jitter error (maybe fixed)      : 0
        Drift error (maybe fixed)            : 0
        Dropped bytes error (maybe fixed)    : 0
        Duplicated bytes error (maybe fixed) : 0

Track 13
    Pre-gap length : 00:04:43

    CRC32 hash             : 47176120
    CRC32 hash (skip zero) : 968C0C53
    AccurateRip signature  : 6E0D61B6
        ->Accurately ripped! (confidence 4)
    Statistics
        Read error                           : 0
        Skipped (treated as error)           : 0
        Edge jitter error (maybe fixed)      : 0
        Atom jitter error (maybe fixed)      : 0
        Drift error (maybe fixed)            : 0
        Dropped bytes error (maybe fixed)    : 0
        Duplicated bytes error (maybe fixed) : 0

Track 14
    Pre-gap length : 00:04:35

    CRC32 hash             : F961A785
    CRC32 hash (skip zero) : C7B56838
    AccurateRip signature  : AF21B27D
        ->Accurately ripped! (confidence 4)
    Statistics
        Read error                           : 0
        Skipped (treated as error)           : 0
        Edge jitter error (maybe fixed)      : 0
        Atom jitter error (maybe fixed)      : 0
        Drift error (maybe fixed)            : 0
        Dropped bytes error (maybe fixed)    : 0
        Duplicated bytes error (maybe fixed) : 0

Track 15
    Pre-gap length : 00:05:12

    CRC32 hash             : E43BDD76
    CRC32 hash (skip zero) : A568D888
    AccurateRip signature  : 319F1B04
        ->Accurately ripped! (confidence 4)
    Statistics
        Read error                           : 0
        Skipped (treated as error)           : 0
        Edge jitter error (maybe fixed)      : 0
        Atom jitter error (maybe fixed)      : 0
        Drift error (maybe fixed)            : 0
        Dropped bytes error (maybe fixed)    : 0
        Duplicated bytes error (maybe fixed) : 0

Track 16
    Pre-gap length : 00:06:70

    CRC32 hash             : F190C9DE
    CRC32 hash (skip zero) : FF95FA37
    AccurateRip signature  : F1D0A0EB
        ->Accurately ripped! (confidence 4)
    Statistics
        Read error                           : 0
        Skipped (treated as error)           : 0
        Edge jitter error (maybe fixed)      : 0
        Atom jitter error (maybe fixed)      : 0
        Drift error (maybe fixed)            : 0
        Dropped bytes error (maybe fixed)    : 0
        Duplicated bytes error (maybe fixed) : 0

Track 17
    Pre-gap length : 00:04:30

    CRC32 hash             : F83EDC9F
    CRC32 hash (skip zero) : 00C28622
    AccurateRip signature  : 4898C395
        ->Accurately ripped! (confidence 4)
    Statistics
        Read error                           : 0
        Skipped (treated as error)           : 0
        Edge jitter error (maybe fixed)      : 0
        Atom jitter error (maybe fixed)      : 0
        Drift error (maybe fixed)            : 0
        Dropped bytes error (maybe fixed)    : 0
        Duplicated bytes error (maybe fixed) : 0

Track 18
    Pre-gap length : 00:04:27

    CRC32 hash             : 8BEA45D8
    CRC32 hash (skip zero) : 59E6152E
    AccurateRip signature  : 6EF35970
        ->Accurately ripped! (confidence 4)
    Statistics
        Read error                           : 0
        Skipped (treated as error)           : 0
        Edge jitter error (maybe fixed)      : 0
        Atom jitter error (maybe fixed)      : 0
        Drift error (maybe fixed)            : 0
        Dropped bytes error (maybe fixed)    : 0
        Duplicated bytes error (maybe fixed) : 0

Track 19
    Pre-gap length : 00:04:20

    CRC32 hash             : 3CF1F222
    CRC32 hash (skip zero) : 75AC1690
    AccurateRip signature  : C80F2C83
        ->Accurately ripped! (confidence 4)
    Statistics
        Read error                           : 0
        Skipped (treated as error)           : 0
        Edge jitter error (maybe fixed)      : 0
        Atom jitter error (maybe fixed)      : 0
        Drift error (maybe fixed)            : 0
        Dropped bytes error (maybe fixed)    : 0
        Duplicated bytes error (maybe fixed) : 0

Track 20
    Pre-gap length : 00:03:10

    CRC32 hash             : 1C01C790
    CRC32 hash (skip zero) : FAE3C8F9
    AccurateRip signature  : 5C5F373B
        ->Accurately ripped! (confidence 4)
    Statistics
        Read error                           : 0
        Skipped (treated as error)           : 0
        Edge jitter error (maybe fixed)      : 0
        Atom jitter error (maybe fixed)      : 0
        Drift error (maybe fixed)            : 0
        Dropped bytes error (maybe fixed)    : 0
        Duplicated bytes error (maybe fixed) : 0

No errors occurred

End of status report
