X Lossless Decoder version 20191004 (152.0)

XLD extraction logfile from 2020-06-13 20:10:00 +0900

Beach Boys, The / The Pet Sounds Sessions - Pet Sounds 50th Anniversary [Disc 2]

Used drive : HL-DT-ST BD-RE  BH10NS30 (revision EL00)
Media type : Pressed CD

Ripper mode             : XLD Secure Ripper
Disable audio cache     : OK for the drive with a cache less than 1375KiB
Make use of C2 pointers : NO
Read offset correction  : 667
Max retry count         : 20
Gap status              : Analyzed, Appended

TOC of the extracted CD
     Track |   Start  |  Length  | Start sector | End sector 
    ---------------------------------------------------------
        1  | 00:00:00 | 01:05:12 |         0    |     4886   
        2  | 01:05:12 | 03:18:19 |      4887    |    19755   
        3  | 04:23:31 | 01:26:23 |     19756    |    26228   
        4  | 05:49:54 | 02:50:55 |     26229    |    39033   
        5  | 08:40:34 | 00:56:64 |     39034    |    43297   
        6  | 09:37:23 | 02:49:05 |     43298    |    55977   
        7  | 12:26:28 | 02:20:03 |     55978    |    66480   
        8  | 14:46:31 | 02:52:11 |     66481    |    79391   
        9  | 17:38:42 | 07:20:09 |     79392    |   112400   
       10  | 24:58:51 | 02:34:63 |    112401    |   124013   
       11  | 27:33:39 | 02:33:58 |    124014    |   135546   
       12  | 30:07:22 | 01:39:39 |    135547    |   143010   
       13  | 31:46:61 | 00:20:32 |    143011    |   144542   
       14  | 32:07:18 | 01:06:29 |    144543    |   149521   
       15  | 33:13:47 | 02:37:33 |    149522    |   161329   
       16  | 35:51:05 | 04:16:34 |    161330    |   180563   
       17  | 40:07:39 | 02:53:10 |    180564    |   193548   
       18  | 43:00:49 | 04:47:20 |    193549    |   215093   
       19  | 47:47:69 | 03:23:40 |    215094    |   230358   
       20  | 51:11:34 | 09:46:58 |    230359    |   274366   
       21  | 60:58:17 | 02:20:74 |    274367    |   284940   
       22  | 63:19:16 | 03:11:22 |    284941    |   299287   
       23  | 66:30:38 | 01:47:26 |    299288    |   307338   
       24  | 68:17:64 | 03:00:44 |    307339    |   320882   
       25  | 71:18:33 | 03:47:11 |    320883    |   337918   
       26  | 75:05:44 | 01:52:25 |    337919    |   346343   
       27  | 76:57:69 | 02:46:06 |    346344    |   358799   

List of alternate offset correction values
        #  | Absolute | Relative | Confidence 
    ------------------------------------------
        1  |    655   |    -12   |     13     

AccurateRip Summary (DiscID: 00470716-058880f0-a912b01b)
    Track 01 : OK (v2, confidence 18/31)
    Track 02 : OK (v2, confidence 18/31)
    Track 03 : OK (v2, confidence 18/31)
    Track 04 : OK (v2, confidence 18/31)
    Track 05 : OK (v2, confidence 18/31)
    Track 06 : OK (v2, confidence 18/31)
    Track 07 : OK (v2, confidence 18/31)
    Track 08 : OK (v2, confidence 18/31)
    Track 09 : OK (v2, confidence 18/31)
    Track 10 : OK (v2, confidence 18/31)
    Track 11 : OK (v2, confidence 18/31)
    Track 12 : OK (v2, confidence 18/31)
    Track 13 : OK (v2, confidence 18/31)
    Track 14 : OK (v2, confidence 18/31)
    Track 15 : OK (v2, confidence 18/31)
    Track 16 : OK (v2, confidence 18/31)
    Track 17 : OK (v2, confidence 18/31)
    Track 18 : OK (v2, confidence 18/31)
    Track 19 : OK (v2, confidence 18/31)
    Track 20 : OK (v2, confidence 17/30)
    Track 21 : OK (v2, confidence 18/31)
    Track 22 : OK (v2, confidence 17/30)
    Track 23 : OK (v2, confidence 17/30)
    Track 24 : OK (v2, confidence 17/30)
    Track 25 : OK (v2, confidence 19/31)
    Track 26 : OK (v2, confidence 18/31)
    Track 27 : OK (v2, confidence 18/31)
        ->All tracks accurately ripped.

All Tracks
    Filename : /Users/m4c/Music/Beach Boys, The - The Pet Sounds Sessions - Pet Sounds 50th Anniversary [Disc 2].flac
    CRC32 hash               : 31059AE1
    CRC32 hash (skip zero)   : 7F544A8B
    Statistics
        Read error                           : 0
        Jitter error (maybe fixed)           : 0
        Retry sector count                   : 0
        Damaged sector count                 : 0

Track 01
    Pre-gap length : 00:02:00

    CRC32 hash               : D63F2B0E
    CRC32 hash (skip zero)   : 46C1272E
    AccurateRip v1 signature : 66259695
    AccurateRip v2 signature : D634D6F7
        ->Accurately ripped (v2, confidence 18/31)
    Statistics
        Read error                           : 0
        Jitter error (maybe fixed)           : 0
        Retry sector count                   : 0
        Damaged sector count                 : 0

Track 02

    CRC32 hash               : F34E3E3F
    CRC32 hash (skip zero)   : 1477F7A9
    AccurateRip v1 signature : C3EE63E6
    AccurateRip v2 signature : DF6410C2
        ->Accurately ripped (v2, confidence 18/31)
    Statistics
        Read error                           : 0
        Jitter error (maybe fixed)           : 0
        Retry sector count                   : 0
        Damaged sector count                 : 0

Track 03

    CRC32 hash               : 45F98B6E
    CRC32 hash (skip zero)   : 8D76D0C3
    AccurateRip v1 signature : 12A86D52
    AccurateRip v2 signature : C73B9C5C
        ->Accurately ripped (v2, confidence 18/31)
    Statistics
        Read error                           : 0
        Jitter error (maybe fixed)           : 0
        Retry sector count                   : 0
        Damaged sector count                 : 0

Track 04

    CRC32 hash               : 7F49C595
    CRC32 hash (skip zero)   : 8E88BC40
    AccurateRip v1 signature : 91DFE2AF
    AccurateRip v2 signature : 831C659C
        ->Accurately ripped (v2, confidence 18/31)
    Statistics
        Read error                           : 0
        Jitter error (maybe fixed)           : 0
        Retry sector count                   : 0
        Damaged sector count                 : 0

Track 05

    CRC32 hash               : C19FEF8B
    CRC32 hash (skip zero)   : 3B045A13
    AccurateRip v1 signature : 02D07EB5
    AccurateRip v2 signature : 12C92E70
        ->Accurately ripped (v2, confidence 18/31)
    Statistics
        Read error                           : 0
        Jitter error (maybe fixed)           : 0
        Retry sector count                   : 0
        Damaged sector count                 : 0

Track 06

    CRC32 hash               : D20DD39D
    CRC32 hash (skip zero)   : 785AF382
    AccurateRip v1 signature : 50C93784
    AccurateRip v2 signature : DE9D21BD
        ->Accurately ripped (v2, confidence 18/31)
    Statistics
        Read error                           : 0
        Jitter error (maybe fixed)           : 0
        Retry sector count                   : 0
        Damaged sector count                 : 0

Track 07

    CRC32 hash               : 9EB24E93
    CRC32 hash (skip zero)   : 3DB9C41F
    AccurateRip v1 signature : 07BE9664
    AccurateRip v2 signature : EF900636
        ->Accurately ripped (v2, confidence 18/31)
    Statistics
        Read error                           : 0
        Jitter error (maybe fixed)           : 0
        Retry sector count                   : 0
        Damaged sector count                 : 0

Track 08

    CRC32 hash               : 44A25638
    CRC32 hash (skip zero)   : A56413EC
    AccurateRip v1 signature : B62FECAE
    AccurateRip v2 signature : 4BA89B0C
        ->Accurately ripped (v2, confidence 18/31)
    Statistics
        Read error                           : 0
        Jitter error (maybe fixed)           : 0
        Retry sector count                   : 0
        Damaged sector count                 : 0

Track 09

    CRC32 hash               : 168C150E
    CRC32 hash (skip zero)   : 543C4553
    AccurateRip v1 signature : 32EF87BE
    AccurateRip v2 signature : F776E920
        ->Accurately ripped (v2, confidence 18/31)
    Statistics
        Read error                           : 0
        Jitter error (maybe fixed)           : 0
        Retry sector count                   : 0
        Damaged sector count                 : 0

Track 10

    CRC32 hash               : 315CEEBA
    CRC32 hash (skip zero)   : EB9ABB58
    AccurateRip v1 signature : 3569519E
    AccurateRip v2 signature : 7867177B
        ->Accurately ripped (v2, confidence 18/31)
    Statistics
        Read error                           : 0
        Jitter error (maybe fixed)           : 0
        Retry sector count                   : 0
        Damaged sector count                 : 0

Track 11

    CRC32 hash               : 5E0B92EF
    CRC32 hash (skip zero)   : F68C4B07
    AccurateRip v1 signature : 173FAF58
    AccurateRip v2 signature : B77A90E4
        ->Accurately ripped (v2, confidence 18/31)
    Statistics
        Read error                           : 0
        Jitter error (maybe fixed)           : 0
        Retry sector count                   : 0
        Damaged sector count                 : 0

Track 12

    CRC32 hash               : 6A23A11E
    CRC32 hash (skip zero)   : A9189416
    AccurateRip v1 signature : 5D5CA7B4
    AccurateRip v2 signature : F5F58B4B
        ->Accurately ripped (v2, confidence 18/31)
    Statistics
        Read error                           : 0
        Jitter error (maybe fixed)           : 0
        Retry sector count                   : 0
        Damaged sector count                 : 0

Track 13

    CRC32 hash               : 352F537B
    CRC32 hash (skip zero)   : 3CE6ED8F
    AccurateRip v1 signature : 04CD8EF2
    AccurateRip v2 signature : 83BF4583
        ->Accurately ripped (v2, confidence 18/31)
    Statistics
        Read error                           : 0
        Jitter error (maybe fixed)           : 0
        Retry sector count                   : 0
        Damaged sector count                 : 0

Track 14

    CRC32 hash               : 95E58360
    CRC32 hash (skip zero)   : 75A9CE62
    AccurateRip v1 signature : 39EA1F48
    AccurateRip v2 signature : 83205123
        ->Accurately ripped (v2, confidence 18/31)
    Statistics
        Read error                           : 0
        Jitter error (maybe fixed)           : 0
        Retry sector count                   : 0
        Damaged sector count                 : 0

Track 15

    CRC32 hash               : A41CD688
    CRC32 hash (skip zero)   : DA0AFECE
    AccurateRip v1 signature : 0AC98229
    AccurateRip v2 signature : 56A0B494
        ->Accurately ripped (v2, confidence 18/31)
    Statistics
        Read error                           : 0
        Jitter error (maybe fixed)           : 0
        Retry sector count                   : 0
        Damaged sector count                 : 0

Track 16

    CRC32 hash               : F4A7DC5D
    CRC32 hash (skip zero)   : EFE55851
    AccurateRip v1 signature : B20ACA2D
    AccurateRip v2 signature : F4DF8DBD
        ->Accurately ripped (v2, confidence 18/31)
    Statistics
        Read error                           : 0
        Jitter error (maybe fixed)           : 0
        Retry sector count                   : 0
        Damaged sector count                 : 0

Track 17

    CRC32 hash               : 7545971A
    CRC32 hash (skip zero)   : 758FED76
    AccurateRip v1 signature : 6888C39D
    AccurateRip v2 signature : 7EB91579
        ->Accurately ripped (v2, confidence 18/31)
    Statistics
        Read error                           : 0
        Jitter error (maybe fixed)           : 0
        Retry sector count                   : 0
        Damaged sector count                 : 0

Track 18

    CRC32 hash               : ABDCC4B9
    CRC32 hash (skip zero)   : 43AE2DF2
    AccurateRip v1 signature : 2A3D6EEE
    AccurateRip v2 signature : 54FA6836
        ->Accurately ripped (v2, confidence 18/31)
    Statistics
        Read error                           : 0
        Jitter error (maybe fixed)           : 0
        Retry sector count                   : 0
        Damaged sector count                 : 0

Track 19

    CRC32 hash               : 197A5BC6
    CRC32 hash (skip zero)   : D6302EAA
    AccurateRip v1 signature : 176CF717
    AccurateRip v2 signature : 919BBDEB
        ->Accurately ripped (v2, confidence 18/31)
    Statistics
        Read error                           : 0
        Jitter error (maybe fixed)           : 0
        Retry sector count                   : 0
        Damaged sector count                 : 0

Track 20

    CRC32 hash               : 562F835E
    CRC32 hash (skip zero)   : B7658BBC
    AccurateRip v1 signature : 777EDF5A
    AccurateRip v2 signature : D59060B0
        ->Accurately ripped (v2, confidence 17/30)
    Statistics
        Read error                           : 0
        Jitter error (maybe fixed)           : 0
        Retry sector count                   : 0
        Damaged sector count                 : 0

Track 21

    CRC32 hash               : 7BF8066C
    CRC32 hash (skip zero)   : C32BFF83
    AccurateRip v1 signature : 8486BF02
    AccurateRip v2 signature : 87E84ADA
        ->Accurately ripped (v2, confidence 18/31)
    Statistics
        Read error                           : 0
        Jitter error (maybe fixed)           : 0
        Retry sector count                   : 0
        Damaged sector count                 : 0

Track 22

    CRC32 hash               : F05AC459
    CRC32 hash (skip zero)   : 2D94848A
    AccurateRip v1 signature : D2D23AF5
    AccurateRip v2 signature : F1B747B1
        ->Accurately ripped (v2, confidence 17/30)
    Statistics
        Read error                           : 0
        Jitter error (maybe fixed)           : 0
        Retry sector count                   : 0
        Damaged sector count                 : 0

Track 23

    CRC32 hash               : 616F9CDA
    CRC32 hash (skip zero)   : DC06DBE4
    AccurateRip v1 signature : 0596B627
    AccurateRip v2 signature : 25247C2A
        ->Accurately ripped (v2, confidence 17/30)
    Statistics
        Read error                           : 0
        Jitter error (maybe fixed)           : 0
        Retry sector count                   : 0
        Damaged sector count                 : 0

Track 24

    CRC32 hash               : DD98616D
    CRC32 hash (skip zero)   : 9FFE6203
    AccurateRip v1 signature : 2C312F71
    AccurateRip v2 signature : DE924400
        ->Accurately ripped (v2, confidence 17/30)
    Statistics
        Read error                           : 0
        Jitter error (maybe fixed)           : 0
        Retry sector count                   : 0
        Damaged sector count                 : 0

Track 25

    CRC32 hash               : FFFC6E8A
    CRC32 hash (skip zero)   : 8B21B1D5
    AccurateRip v1 signature : 331C25F8
    AccurateRip v2 signature : 8BF16C6B
        ->Accurately ripped (v2, confidence 19/31)
    Statistics
        Read error                           : 0
        Jitter error (maybe fixed)           : 0
        Retry sector count                   : 0
        Damaged sector count                 : 0

Track 26

    CRC32 hash               : 3EF5E81B
    CRC32 hash (skip zero)   : 1DD43D55
    AccurateRip v1 signature : 9F13B253
    AccurateRip v2 signature : 3457A53C
        ->Accurately ripped (v2, confidence 18/31)
    Statistics
        Read error                           : 0
        Jitter error (maybe fixed)           : 0
        Retry sector count                   : 0
        Damaged sector count                 : 0

Track 27

    CRC32 hash               : 00135F2C
    CRC32 hash (skip zero)   : 84B190FE
    AccurateRip v1 signature : 3738A8DE
    AccurateRip v2 signature : 26361466
        ->Accurately ripped (v2, confidence 18/31)
    Statistics
        Read error                           : 0
        Jitter error (maybe fixed)           : 0
        Retry sector count                   : 0
        Damaged sector count                 : 0

No errors occurred

End of status report
