X Lossless Decoder version 20110502 (132.0)

XLD extraction logfile from 2011-05-05 12:46:23 +0900

Danny Elfman / Charlie and the Chocolate Factory

Used drive : MATSHITA DVD-R   UJ-868 (revision KB19)

Ripper mode             : CDParanoia III 10.2
Disable audio cache     : OK for the drive with a cache less than 2750KiB
Make use of C2 pointers : NO
Read offset correction  : 102
Max retry count         : 100
Gap status              : Analyzed, Appended

TOC of the extracted CD
     Track |   Start  |  Length  | Start sector | End sector 
    ---------------------------------------------------------
        1  | 00:00:00 | 01:01:30 |         0    |     4604   
        2  | 01:01:30 | 03:10:07 |      4605    |    18861   
        3  | 04:11:37 | 02:08:15 |     18862    |    28476   
        4  | 06:19:52 | 02:13:25 |     28477    |    38476   
        5  | 08:33:02 | 01:32:13 |     38477    |    45389   
        6  | 10:05:15 | 05:00:44 |     45390    |    67933   
        7  | 15:05:59 | 01:42:29 |     67934    |    75612   
        8  | 16:48:13 | 03:16:05 |     75613    |    90317   
        9  | 20:04:18 | 03:17:56 |     90318    |   105148   
       10  | 23:21:74 | 01:53:01 |    105149    |   113624   
       11  | 25:15:00 | 03:03:39 |    113625    |   127388   
       12  | 28:18:39 | 02:14:13 |    127389    |   137451   
       13  | 30:32:52 | 01:42:11 |    137452    |   145112   
       14  | 32:14:63 | 01:15:43 |    145113    |   150780   
       15  | 33:30:31 | 01:54:13 |    150781    |   159343   
       16  | 35:24:44 | 01:21:39 |    159344    |   165457   
       17  | 36:46:08 | 03:11:04 |    165458    |   179786   
       18  | 39:57:12 | 01:56:74 |    179787    |   188560   
       19  | 41:54:11 | 01:32:17 |    188561    |   195477   
       20  | 43:26:28 | 03:46:64 |    195478    |   212491   
       21  | 47:13:17 | 07:01:54 |    212492    |   244120   

List of alternate offset correction values
        #  | Absolute | Relative | Confidence 
    ------------------------------------------
        1  |     96   |     -6   |     29     
        2  |   -580   |   -682   |      4     

AccurateRip Summary
    Track 01 : OK (confidence 4)
    Track 02 : OK (confidence 5)
    Track 03 : OK (confidence 5)
    Track 04 : OK (confidence 5)
    Track 05 : OK (confidence 5)
    Track 06 : OK (confidence 5)
    Track 07 : OK (confidence 5)
    Track 08 : OK (confidence 5)
    Track 09 : OK (confidence 5)
    Track 10 : OK (confidence 5)
    Track 11 : OK (confidence 5)
    Track 12 : OK (confidence 5)
    Track 13 : OK (confidence 5)
    Track 14 : OK (confidence 5)
    Track 15 : NG
    Track 16 : NG
    Track 17 : OK (confidence 5)
    Track 18 : OK (confidence 5)
    Track 19 : OK (confidence 5)
    Track 20 : OK (confidence 5)
    Track 21 : OK (confidence 5)
        ->19 track(s) accurately ripped, 2 track(s) not, 0 track(s) not found

All Tracks
    Filename : /Users/m4c/Public/flac/Charlie and the Chocolate Factory.flac
    CRC32 hash             : B0D7B815
    CRC32 hash (skip zero) : 149EDCAD
    Statistics
        Read error                           : 0
        Skipped (treated as error)           : 0
        Edge jitter error (maybe fixed)      : 6
        Atom jitter error (maybe fixed)      : 4
        Drift error (maybe fixed)            : 0
        Dropped bytes error (maybe fixed)    : 2
        Duplicated bytes error (maybe fixed) : 2

Track 01
    Pre-gap length : 00:02:00

    CRC32 hash             : 2C1B668D
    CRC32 hash (skip zero) : 7780D81B
    AccurateRip signature  : 2551857F
        ->Accurately ripped! (confidence 4)
    Statistics
        Read error                           : 0
        Skipped (treated as error)           : 0
        Edge jitter error (maybe fixed)      : 0
        Atom jitter error (maybe fixed)      : 0
        Drift error (maybe fixed)            : 0
        Dropped bytes error (maybe fixed)    : 0
        Duplicated bytes error (maybe fixed) : 0

Track 02

    CRC32 hash             : 96C937BC
    CRC32 hash (skip zero) : FEFC6FE9
    AccurateRip signature  : 05255A93
        ->Accurately ripped! (confidence 5)
    Statistics
        Read error                           : 0
        Skipped (treated as error)           : 0
        Edge jitter error (maybe fixed)      : 0
        Atom jitter error (maybe fixed)      : 0
        Drift error (maybe fixed)            : 0
        Dropped bytes error (maybe fixed)    : 0
        Duplicated bytes error (maybe fixed) : 0

Track 03

    CRC32 hash             : 7CAD5100
    CRC32 hash (skip zero) : 56593036
    AccurateRip signature  : 09B5B529
        ->Accurately ripped! (confidence 5)
    Statistics
        Read error                           : 0
        Skipped (treated as error)           : 0
        Edge jitter error (maybe fixed)      : 0
        Atom jitter error (maybe fixed)      : 0
        Drift error (maybe fixed)            : 0
        Dropped bytes error (maybe fixed)    : 0
        Duplicated bytes error (maybe fixed) : 0

Track 04

    CRC32 hash             : 4810EF3C
    CRC32 hash (skip zero) : 8941A4D9
    AccurateRip signature  : ECD66E97
        ->Accurately ripped! (confidence 5)
    Statistics
        Read error                           : 0
        Skipped (treated as error)           : 0
        Edge jitter error (maybe fixed)      : 2
        Atom jitter error (maybe fixed)      : 1
        Drift error (maybe fixed)            : 0
        Dropped bytes error (maybe fixed)    : 1
        Duplicated bytes error (maybe fixed) : 0

Track 05

    CRC32 hash             : CB06E7A1
    CRC32 hash (skip zero) : 9546D95F
    AccurateRip signature  : FC3CEA64
        ->Accurately ripped! (confidence 5)
    Statistics
        Read error                           : 0
        Skipped (treated as error)           : 0
        Edge jitter error (maybe fixed)      : 0
        Atom jitter error (maybe fixed)      : 0
        Drift error (maybe fixed)            : 0
        Dropped bytes error (maybe fixed)    : 0
        Duplicated bytes error (maybe fixed) : 0

Track 06

    CRC32 hash             : 08B3DBBF
    CRC32 hash (skip zero) : AAD59F57
    AccurateRip signature  : 61721528
        ->Accurately ripped! (confidence 5)
    Statistics
        Read error                           : 0
        Skipped (treated as error)           : 0
        Edge jitter error (maybe fixed)      : 0
        Atom jitter error (maybe fixed)      : 0
        Drift error (maybe fixed)            : 0
        Dropped bytes error (maybe fixed)    : 0
        Duplicated bytes error (maybe fixed) : 0

Track 07

    CRC32 hash             : 6E423C53
    CRC32 hash (skip zero) : 7C0707DF
    AccurateRip signature  : 8E7BDB87
        ->Accurately ripped! (confidence 5)
    Statistics
        Read error                           : 0
        Skipped (treated as error)           : 0
        Edge jitter error (maybe fixed)      : 0
        Atom jitter error (maybe fixed)      : 0
        Drift error (maybe fixed)            : 0
        Dropped bytes error (maybe fixed)    : 0
        Duplicated bytes error (maybe fixed) : 0

Track 08

    CRC32 hash             : 831D05DF
    CRC32 hash (skip zero) : 214A540F
    AccurateRip signature  : D8FA1118
        ->Accurately ripped! (confidence 5)
    Statistics
        Read error                           : 0
        Skipped (treated as error)           : 0
        Edge jitter error (maybe fixed)      : 0
        Atom jitter error (maybe fixed)      : 0
        Drift error (maybe fixed)            : 0
        Dropped bytes error (maybe fixed)    : 0
        Duplicated bytes error (maybe fixed) : 0

Track 09

    CRC32 hash             : 8E3AC90A
    CRC32 hash (skip zero) : C9840BA2
    AccurateRip signature  : 2EA6E987
        ->Accurately ripped! (confidence 5)
    Statistics
        Read error                           : 0
        Skipped (treated as error)           : 0
        Edge jitter error (maybe fixed)      : 0
        Atom jitter error (maybe fixed)      : 0
        Drift error (maybe fixed)            : 0
        Dropped bytes error (maybe fixed)    : 0
        Duplicated bytes error (maybe fixed) : 0

Track 10

    CRC32 hash             : 2526B42A
    CRC32 hash (skip zero) : 4AD589C8
    AccurateRip signature  : E5E3EDD0
        ->Accurately ripped! (confidence 5)
    Statistics
        Read error                           : 0
        Skipped (treated as error)           : 0
        Edge jitter error (maybe fixed)      : 0
        Atom jitter error (maybe fixed)      : 0
        Drift error (maybe fixed)            : 0
        Dropped bytes error (maybe fixed)    : 0
        Duplicated bytes error (maybe fixed) : 0

Track 11

    CRC32 hash             : 4CAC2188
    CRC32 hash (skip zero) : 63396395
    AccurateRip signature  : C0E1E5C9
        ->Accurately ripped! (confidence 5)
    Statistics
        Read error                           : 0
        Skipped (treated as error)           : 0
        Edge jitter error (maybe fixed)      : 0
        Atom jitter error (maybe fixed)      : 0
        Drift error (maybe fixed)            : 0
        Dropped bytes error (maybe fixed)    : 0
        Duplicated bytes error (maybe fixed) : 0

Track 12

    CRC32 hash             : DC5B32BB
    CRC32 hash (skip zero) : 355B942A
    AccurateRip signature  : A609DCB9
        ->Accurately ripped! (confidence 5)
    Statistics
        Read error                           : 0
        Skipped (treated as error)           : 0
        Edge jitter error (maybe fixed)      : 0
        Atom jitter error (maybe fixed)      : 0
        Drift error (maybe fixed)            : 0
        Dropped bytes error (maybe fixed)    : 0
        Duplicated bytes error (maybe fixed) : 0

Track 13

    CRC32 hash             : F5F0FCDC
    CRC32 hash (skip zero) : 5EAF034B
    AccurateRip signature  : 8001089F
        ->Accurately ripped! (confidence 5)
    Statistics
        Read error                           : 0
        Skipped (treated as error)           : 0
        Edge jitter error (maybe fixed)      : 0
        Atom jitter error (maybe fixed)      : 0
        Drift error (maybe fixed)            : 0
        Dropped bytes error (maybe fixed)    : 0
        Duplicated bytes error (maybe fixed) : 0

Track 14

    CRC32 hash             : 9E024456
    CRC32 hash (skip zero) : 0EF59059
    AccurateRip signature  : A3B1D11F
        ->Accurately ripped! (confidence 5)
    Statistics
        Read error                           : 0
        Skipped (treated as error)           : 0
        Edge jitter error (maybe fixed)      : 0
        Atom jitter error (maybe fixed)      : 0
        Drift error (maybe fixed)            : 0
        Dropped bytes error (maybe fixed)    : 0
        Duplicated bytes error (maybe fixed) : 0

Track 15

    CRC32 hash             : 02FB1038
    CRC32 hash (skip zero) : 19061769
    AccurateRip signature  : B400E4BC
        ->Rip may not be accurate.
    Statistics
        Read error                           : 0
        Skipped (treated as error)           : 0
        Edge jitter error (maybe fixed)      : 1
        Atom jitter error (maybe fixed)      : 1
        Drift error (maybe fixed)            : 0
        Dropped bytes error (maybe fixed)    : 1
        Duplicated bytes error (maybe fixed) : 1

Track 16

    CRC32 hash             : 30300B80
    CRC32 hash (skip zero) : 5B2EE6BE
    AccurateRip signature  : 616A4D04
        ->Rip may not be accurate.
    Statistics
        Read error                           : 0
        Skipped (treated as error)           : 0
        Edge jitter error (maybe fixed)      : 0
        Atom jitter error (maybe fixed)      : 0
        Drift error (maybe fixed)            : 0
        Dropped bytes error (maybe fixed)    : 0
        Duplicated bytes error (maybe fixed) : 0

Track 17

    CRC32 hash             : 554B078D
    CRC32 hash (skip zero) : 431FE91E
    AccurateRip signature  : 860693AB
        ->Accurately ripped! (confidence 5)
    Statistics
        Read error                           : 0
        Skipped (treated as error)           : 0
        Edge jitter error (maybe fixed)      : 0
        Atom jitter error (maybe fixed)      : 0
        Drift error (maybe fixed)            : 0
        Dropped bytes error (maybe fixed)    : 0
        Duplicated bytes error (maybe fixed) : 0

Track 18

    CRC32 hash             : ACE41951
    CRC32 hash (skip zero) : 77562AFD
    AccurateRip signature  : 4219CE07
        ->Accurately ripped! (confidence 5)
    Statistics
        Read error                           : 0
        Skipped (treated as error)           : 0
        Edge jitter error (maybe fixed)      : 2
        Atom jitter error (maybe fixed)      : 1
        Drift error (maybe fixed)            : 0
        Dropped bytes error (maybe fixed)    : 0
        Duplicated bytes error (maybe fixed) : 1

Track 19

    CRC32 hash             : 3C3BBCCD
    CRC32 hash (skip zero) : A4BBB02F
    AccurateRip signature  : 09C8C874
        ->Accurately ripped! (confidence 5)
    Statistics
        Read error                           : 0
        Skipped (treated as error)           : 0
        Edge jitter error (maybe fixed)      : 0
        Atom jitter error (maybe fixed)      : 0
        Drift error (maybe fixed)            : 0
        Dropped bytes error (maybe fixed)    : 0
        Duplicated bytes error (maybe fixed) : 0

Track 20

    CRC32 hash             : 287F49F4
    CRC32 hash (skip zero) : 68D0E85F
    AccurateRip signature  : B4196692
        ->Accurately ripped! (confidence 5)
    Statistics
        Read error                           : 0
        Skipped (treated as error)           : 0
        Edge jitter error (maybe fixed)      : 1
        Atom jitter error (maybe fixed)      : 1
        Drift error (maybe fixed)            : 0
        Dropped bytes error (maybe fixed)    : 0
        Duplicated bytes error (maybe fixed) : 0

Track 21
    Pre-gap length : 00:03:50

    CRC32 hash             : D379BA12
    CRC32 hash (skip zero) : C72B604B
    AccurateRip signature  : D504A367
        ->Accurately ripped! (confidence 5)
    Statistics
        Read error                           : 0
        Skipped (treated as error)           : 0
        Edge jitter error (maybe fixed)      : 0
        Atom jitter error (maybe fixed)      : 0
        Drift error (maybe fixed)            : 0
        Dropped bytes error (maybe fixed)    : 0
        Duplicated bytes error (maybe fixed) : 0

No errors occurred

End of status report
