X Lossless Decoder version 20110502 (132.0)

XLD extraction logfile from 2011-05-05 12:26:15 +0900

Danny Elfman / Corpse Bride

Used drive : HL-DT-ST BD-RE  BH10NS30 (revision EL00)

Ripper mode             : CDParanoia III 10.2
Disable audio cache     : OK for the drive with a cache less than 2750KiB
Make use of C2 pointers : NO
Read offset correction  : 667
Max retry count         : 100
Gap status              : Analyzed, Appended

TOC of the extracted CD
     Track |   Start  |  Length  | Start sector | End sector 
    ---------------------------------------------------------
        1  | 00:00:00 | 02:05:72 |         0    |     9446   
        2  | 02:05:72 | 03:45:37 |      9447    |    26358   
        3  | 05:51:34 | 01:18:00 |     26359    |    32208   
        4  | 07:09:34 | 04:35:49 |     32209    |    52882   
        5  | 11:45:08 | 03:26:70 |     52883    |    68402   
        6  | 15:12:03 | 01:25:41 |     68403    |    74818   
        7  | 16:37:44 | 01:28:16 |     74819    |    81434   
        8  | 18:05:60 | 04:00:03 |     81435    |    99437   
        9  | 22:05:63 | 02:45:48 |     99438    |   111860   
       10  | 24:51:36 | 02:31:01 |    111861    |   123186   
       11  | 27:22:37 | 01:53:23 |    123187    |   131684   
       12  | 29:15:60 | 00:42:00 |    131685    |   134834   
       13  | 29:57:60 | 03:15:14 |    134835    |   149473   
       14  | 33:12:74 | 03:01:00 |    149474    |   163048   
       15  | 36:13:74 | 03:21:24 |    163049    |   178147   
       16  | 39:35:23 | 02:08:74 |    178148    |   187821   
       17  | 41:44:22 | 02:07:31 |    187822    |   197377   
       18  | 43:51:53 | 02:35:52 |    197378    |   209054   
       19  | 46:27:30 | 01:50:19 |    209055    |   217323   
       20  | 48:17:49 | 02:33:31 |    217324    |   228829   
       21  | 50:51:05 | 02:15:46 |    228830    |   239000   
       22  | 53:06:51 | 03:06:46 |    239001    |   252996   
       23  | 56:13:22 | 01:10:60 |    252997    |   258306   
       24  | 57:24:07 | 02:14:34 |    258307    |   268390   

List of alternate offset correction values
        #  | Absolute | Relative | Confidence 
    ------------------------------------------
        1  |      9   |   -658   |      8     
        2  |    673   |      6   |      7     
        3  |   -655   |  -1322   |      4     

AccurateRip Summary
    Track 01 : OK (AR2, confidence 2)
    Track 02 : OK (AR2, confidence 2)
    Track 03 : OK (AR2, confidence 2)
    Track 04 : OK (AR2, confidence 2)
    Track 05 : OK (AR2, confidence 2)
    Track 06 : OK (AR2, confidence 2)
    Track 07 : OK (AR2, confidence 2)
    Track 08 : OK (AR2, confidence 2)
    Track 09 : OK (AR2, confidence 2)
    Track 10 : OK (AR2, confidence 2)
    Track 11 : OK (AR2, confidence 2)
    Track 12 : OK (AR2, confidence 2)
    Track 13 : OK (AR2, confidence 2)
    Track 14 : OK (AR2, confidence 2)
    Track 15 : OK (AR2, confidence 2)
    Track 16 : OK (confidence 20)
    Track 17 : OK (confidence 20)
    Track 18 : OK (AR2, confidence 2)
    Track 19 : OK (AR2, confidence 2)
    Track 20 : OK (AR2, confidence 2)
    Track 21 : OK (AR2, confidence 2)
    Track 22 : OK (AR2, confidence 2)
    Track 23 : OK (AR2, confidence 2)
    Track 24 : OK (AR2, confidence 2)
        ->All tracks accurately ripped.

All Tracks
    Filename : /Users/angelicalbite/Music/flac/Corpse Bride.flac
    CRC32 hash             : DDC23819
    CRC32 hash (skip zero) : 2118F224
    Statistics
        Read error                           : 0
        Skipped (treated as error)           : 0
        Edge jitter error (maybe fixed)      : 0
        Atom jitter error (maybe fixed)      : 0
        Drift error (maybe fixed)            : 0
        Dropped bytes error (maybe fixed)    : 0
        Duplicated bytes error (maybe fixed) : 0

Track 01
    Pre-gap length : 00:02:00

    CRC32 hash             : 12E87A64
    CRC32 hash (skip zero) : 927B008B
    AccurateRip signature  : C0D32440
        ->Accurately ripped! (AR2, confidence 2)
    Statistics
        Read error                           : 0
        Skipped (treated as error)           : 0
        Edge jitter error (maybe fixed)      : 0
        Atom jitter error (maybe fixed)      : 0
        Drift error (maybe fixed)            : 0
        Dropped bytes error (maybe fixed)    : 0
        Duplicated bytes error (maybe fixed) : 0

Track 02

    CRC32 hash             : 7DC089E5
    CRC32 hash (skip zero) : 9A97AE32
    AccurateRip signature  : 19313523
        ->Accurately ripped! (AR2, confidence 2)
    Statistics
        Read error                           : 0
        Skipped (treated as error)           : 0
        Edge jitter error (maybe fixed)      : 0
        Atom jitter error (maybe fixed)      : 0
        Drift error (maybe fixed)            : 0
        Dropped bytes error (maybe fixed)    : 0
        Duplicated bytes error (maybe fixed) : 0

Track 03

    CRC32 hash             : C67A2CE5
    CRC32 hash (skip zero) : 9F3E8C84
    AccurateRip signature  : 378D0DF7
        ->Accurately ripped! (AR2, confidence 2)
    Statistics
        Read error                           : 0
        Skipped (treated as error)           : 0
        Edge jitter error (maybe fixed)      : 0
        Atom jitter error (maybe fixed)      : 0
        Drift error (maybe fixed)            : 0
        Dropped bytes error (maybe fixed)    : 0
        Duplicated bytes error (maybe fixed) : 0

Track 04

    CRC32 hash             : 0F108FA1
    CRC32 hash (skip zero) : 48468179
    AccurateRip signature  : E02E481D
        ->Accurately ripped! (AR2, confidence 2)
    Statistics
        Read error                           : 0
        Skipped (treated as error)           : 0
        Edge jitter error (maybe fixed)      : 0
        Atom jitter error (maybe fixed)      : 0
        Drift error (maybe fixed)            : 0
        Dropped bytes error (maybe fixed)    : 0
        Duplicated bytes error (maybe fixed) : 0

Track 05

    CRC32 hash             : 774A14A5
    CRC32 hash (skip zero) : 725DF47A
    AccurateRip signature  : 4AC603B5
        ->Accurately ripped! (AR2, confidence 2)
    Statistics
        Read error                           : 0
        Skipped (treated as error)           : 0
        Edge jitter error (maybe fixed)      : 0
        Atom jitter error (maybe fixed)      : 0
        Drift error (maybe fixed)            : 0
        Dropped bytes error (maybe fixed)    : 0
        Duplicated bytes error (maybe fixed) : 0

Track 06

    CRC32 hash             : 03208070
    CRC32 hash (skip zero) : ABF90E1C
    AccurateRip signature  : BE19757B
        ->Accurately ripped! (AR2, confidence 2)
    Statistics
        Read error                           : 0
        Skipped (treated as error)           : 0
        Edge jitter error (maybe fixed)      : 0
        Atom jitter error (maybe fixed)      : 0
        Drift error (maybe fixed)            : 0
        Dropped bytes error (maybe fixed)    : 0
        Duplicated bytes error (maybe fixed) : 0

Track 07

    CRC32 hash             : F76D0E14
    CRC32 hash (skip zero) : 35ACE802
    AccurateRip signature  : D3ED97EC
        ->Accurately ripped! (AR2, confidence 2)
    Statistics
        Read error                           : 0
        Skipped (treated as error)           : 0
        Edge jitter error (maybe fixed)      : 0
        Atom jitter error (maybe fixed)      : 0
        Drift error (maybe fixed)            : 0
        Dropped bytes error (maybe fixed)    : 0
        Duplicated bytes error (maybe fixed) : 0

Track 08

    CRC32 hash             : 549B4F84
    CRC32 hash (skip zero) : 07AE4FD6
    AccurateRip signature  : B35A9C99
        ->Accurately ripped! (AR2, confidence 2)
    Statistics
        Read error                           : 0
        Skipped (treated as error)           : 0
        Edge jitter error (maybe fixed)      : 0
        Atom jitter error (maybe fixed)      : 0
        Drift error (maybe fixed)            : 0
        Dropped bytes error (maybe fixed)    : 0
        Duplicated bytes error (maybe fixed) : 0

Track 09

    CRC32 hash             : A0940A24
    CRC32 hash (skip zero) : F5CE0C2D
    AccurateRip signature  : 92B22D38
        ->Accurately ripped! (AR2, confidence 2)
    Statistics
        Read error                           : 0
        Skipped (treated as error)           : 0
        Edge jitter error (maybe fixed)      : 0
        Atom jitter error (maybe fixed)      : 0
        Drift error (maybe fixed)            : 0
        Dropped bytes error (maybe fixed)    : 0
        Duplicated bytes error (maybe fixed) : 0

Track 10

    CRC32 hash             : 4BF155A8
    CRC32 hash (skip zero) : EF5033E0
    AccurateRip signature  : 56E710E2
        ->Accurately ripped! (AR2, confidence 2)
    Statistics
        Read error                           : 0
        Skipped (treated as error)           : 0
        Edge jitter error (maybe fixed)      : 0
        Atom jitter error (maybe fixed)      : 0
        Drift error (maybe fixed)            : 0
        Dropped bytes error (maybe fixed)    : 0
        Duplicated bytes error (maybe fixed) : 0

Track 11

    CRC32 hash             : 0518BA71
    CRC32 hash (skip zero) : 14F8C830
    AccurateRip signature  : 66B59510
        ->Accurately ripped! (AR2, confidence 2)
    Statistics
        Read error                           : 0
        Skipped (treated as error)           : 0
        Edge jitter error (maybe fixed)      : 0
        Atom jitter error (maybe fixed)      : 0
        Drift error (maybe fixed)            : 0
        Dropped bytes error (maybe fixed)    : 0
        Duplicated bytes error (maybe fixed) : 0

Track 12

    CRC32 hash             : 9B991540
    CRC32 hash (skip zero) : A9130E95
    AccurateRip signature  : B74148E7
        ->Accurately ripped! (AR2, confidence 2)
    Statistics
        Read error                           : 0
        Skipped (treated as error)           : 0
        Edge jitter error (maybe fixed)      : 0
        Atom jitter error (maybe fixed)      : 0
        Drift error (maybe fixed)            : 0
        Dropped bytes error (maybe fixed)    : 0
        Duplicated bytes error (maybe fixed) : 0

Track 13

    CRC32 hash             : 3EF00CD7
    CRC32 hash (skip zero) : B9B741F2
    AccurateRip signature  : 3C4E754E
        ->Accurately ripped! (AR2, confidence 2)
    Statistics
        Read error                           : 0
        Skipped (treated as error)           : 0
        Edge jitter error (maybe fixed)      : 0
        Atom jitter error (maybe fixed)      : 0
        Drift error (maybe fixed)            : 0
        Dropped bytes error (maybe fixed)    : 0
        Duplicated bytes error (maybe fixed) : 0

Track 14

    CRC32 hash             : 66BBAA33
    CRC32 hash (skip zero) : 81FC978C
    AccurateRip signature  : 3117AC38
        ->Accurately ripped! (AR2, confidence 2)
    Statistics
        Read error                           : 0
        Skipped (treated as error)           : 0
        Edge jitter error (maybe fixed)      : 0
        Atom jitter error (maybe fixed)      : 0
        Drift error (maybe fixed)            : 0
        Dropped bytes error (maybe fixed)    : 0
        Duplicated bytes error (maybe fixed) : 0

Track 15

    CRC32 hash             : F9EF82E5
    CRC32 hash (skip zero) : B482D9F8
    AccurateRip signature  : 776896CC
        ->Accurately ripped! (AR2, confidence 2)
    Statistics
        Read error                           : 0
        Skipped (treated as error)           : 0
        Edge jitter error (maybe fixed)      : 0
        Atom jitter error (maybe fixed)      : 0
        Drift error (maybe fixed)            : 0
        Dropped bytes error (maybe fixed)    : 0
        Duplicated bytes error (maybe fixed) : 0

Track 16

    CRC32 hash             : EAAB0F12
    CRC32 hash (skip zero) : 6174C540
    AccurateRip signature  : 63AC7DB4
        ->Accurately ripped! (confidence 20)
    Statistics
        Read error                           : 0
        Skipped (treated as error)           : 0
        Edge jitter error (maybe fixed)      : 0
        Atom jitter error (maybe fixed)      : 0
        Drift error (maybe fixed)            : 0
        Dropped bytes error (maybe fixed)    : 0
        Duplicated bytes error (maybe fixed) : 0

Track 17

    CRC32 hash             : 3EC90EC1
    CRC32 hash (skip zero) : 246B1A8B
    AccurateRip signature  : 555452AB
        ->Accurately ripped! (confidence 20)
    Statistics
        Read error                           : 0
        Skipped (treated as error)           : 0
        Edge jitter error (maybe fixed)      : 0
        Atom jitter error (maybe fixed)      : 0
        Drift error (maybe fixed)            : 0
        Dropped bytes error (maybe fixed)    : 0
        Duplicated bytes error (maybe fixed) : 0

Track 18

    CRC32 hash             : 47A7014C
    CRC32 hash (skip zero) : 05723F92
    AccurateRip signature  : B5D031E9
        ->Accurately ripped! (AR2, confidence 2)
    Statistics
        Read error                           : 0
        Skipped (treated as error)           : 0
        Edge jitter error (maybe fixed)      : 0
        Atom jitter error (maybe fixed)      : 0
        Drift error (maybe fixed)            : 0
        Dropped bytes error (maybe fixed)    : 0
        Duplicated bytes error (maybe fixed) : 0

Track 19

    CRC32 hash             : 56E8DF72
    CRC32 hash (skip zero) : 80822AA5
    AccurateRip signature  : D838C0C6
        ->Accurately ripped! (AR2, confidence 2)
    Statistics
        Read error                           : 0
        Skipped (treated as error)           : 0
        Edge jitter error (maybe fixed)      : 0
        Atom jitter error (maybe fixed)      : 0
        Drift error (maybe fixed)            : 0
        Dropped bytes error (maybe fixed)    : 0
        Duplicated bytes error (maybe fixed) : 0

Track 20

    CRC32 hash             : FB9DF539
    CRC32 hash (skip zero) : DB620B71
    AccurateRip signature  : 13B4934D
        ->Accurately ripped! (AR2, confidence 2)
    Statistics
        Read error                           : 0
        Skipped (treated as error)           : 0
        Edge jitter error (maybe fixed)      : 0
        Atom jitter error (maybe fixed)      : 0
        Drift error (maybe fixed)            : 0
        Dropped bytes error (maybe fixed)    : 0
        Duplicated bytes error (maybe fixed) : 0

Track 21

    CRC32 hash             : 0733479A
    CRC32 hash (skip zero) : B62481B4
    AccurateRip signature  : 47CCB576
        ->Accurately ripped! (AR2, confidence 2)
    Statistics
        Read error                           : 0
        Skipped (treated as error)           : 0
        Edge jitter error (maybe fixed)      : 0
        Atom jitter error (maybe fixed)      : 0
        Drift error (maybe fixed)            : 0
        Dropped bytes error (maybe fixed)    : 0
        Duplicated bytes error (maybe fixed) : 0

Track 22

    CRC32 hash             : 14A592D7
    CRC32 hash (skip zero) : 1DF14F30
    AccurateRip signature  : 3F6DA29C
        ->Accurately ripped! (AR2, confidence 2)
    Statistics
        Read error                           : 0
        Skipped (treated as error)           : 0
        Edge jitter error (maybe fixed)      : 0
        Atom jitter error (maybe fixed)      : 0
        Drift error (maybe fixed)            : 0
        Dropped bytes error (maybe fixed)    : 0
        Duplicated bytes error (maybe fixed) : 0

Track 23

    CRC32 hash             : 9C5ECEB6
    CRC32 hash (skip zero) : 920697FC
    AccurateRip signature  : 665DBF62
        ->Accurately ripped! (AR2, confidence 2)
    Statistics
        Read error                           : 0
        Skipped (treated as error)           : 0
        Edge jitter error (maybe fixed)      : 0
        Atom jitter error (maybe fixed)      : 0
        Drift error (maybe fixed)            : 0
        Dropped bytes error (maybe fixed)    : 0
        Duplicated bytes error (maybe fixed) : 0

Track 24

    CRC32 hash             : 8F49B27B
    CRC32 hash (skip zero) : C1B5E118
    AccurateRip signature  : 27494A67
        ->Accurately ripped! (AR2, confidence 2)
    Statistics
        Read error                           : 0
        Skipped (treated as error)           : 0
        Edge jitter error (maybe fixed)      : 0
        Atom jitter error (maybe fixed)      : 0
        Drift error (maybe fixed)            : 0
        Dropped bytes error (maybe fixed)    : 0
        Duplicated bytes error (maybe fixed) : 0

No errors occurred

End of status report
