X Lossless Decoder version 20110417 (131.0)

XLD extraction logfile from 2011-04-19 23:57:02 +0900

Perfume / GAME

Used drive : HL-DT-ST BD-RE  BH10NS30 (revision EL00)

Ripper mode             : CDParanoia III 10.2
Disable audio cache     : OK for the drive with a cache less than 2750KiB
Make use of C2 pointers : NO
Read offset correction  : 667
Max retry count         : 100
Gap status              : Analyzed, Appended

TOC of the extracted CD
     Track |   Start  |  Length  | Start sector | End sector 
    ---------------------------------------------------------
        1  | 00:00:00 | 04:09:49 |         0    |    18723   
        2  | 04:09:49 | 04:35:71 |     18724    |    39419   
        3  | 08:45:45 | 05:06:53 |     39420    |    62422   
        4  | 13:52:23 | 04:41:04 |     62423    |    83501   
        5  | 18:33:27 | 03:46:16 |     83502    |   100467   
        6  | 22:19:43 | 04:39:33 |    100468    |   121425   
        7  | 26:59:01 | 04:34:23 |    121426    |   141998   
        8  | 31:33:24 | 05:28:40 |    141999    |   166638   
        9  | 37:01:64 | 04:57:39 |    166639    |   188952   
       10  | 41:59:28 | 05:41:53 |    188953    |   214580   
       11  | 47:41:06 | 03:49:55 |    214581    |   231810   
       12  | 51:30:61 | 04:32:53 |    231811    |   252263   

List of alternate offset correction values
        #  | Absolute | Relative | Confidence 
    ------------------------------------------
        1  |    601   |    -66   |      2     

AccurateRip Summary
    Track 01 : OK (AR2, confidence 3)
    Track 02 : OK (AR2, confidence 3)
    Track 03 : OK (AR2, confidence 3)
    Track 04 : OK (AR2, confidence 3)
    Track 05 : OK (AR2, confidence 3)
    Track 06 : OK (AR2, confidence 3)
    Track 07 : OK (AR2, confidence 3)
    Track 08 : OK (AR2, confidence 3)
    Track 09 : OK (AR2, confidence 3)
    Track 10 : OK (AR2, confidence 3)
    Track 11 : OK (AR2, confidence 3)
    Track 12 : OK (AR2, confidence 3)
        ->All tracks accurately ripped.

All Tracks
    Filename : /Users/angelicalbite/Music/flac/GAME.flac
    CRC32 hash             : A996AD74
    CRC32 hash (skip zero) : 45140983
    Statistics
        Read error                           : 0
        Skipped (treated as error)           : 0
        Edge jitter error (maybe fixed)      : 0
        Atom jitter error (maybe fixed)      : 0
        Drift error (maybe fixed)            : 0
        Dropped bytes error (maybe fixed)    : 0
        Duplicated bytes error (maybe fixed) : 0

Track 01
    Pre-gap length : 00:02:00

    CRC32 hash             : 07C4D244
    CRC32 hash (skip zero) : 5DA132F2
    AccurateRip signature  : 5A268A4A
        ->Accurately ripped! (AR2, confidence 3)
    Statistics
        Read error                           : 0
        Skipped (treated as error)           : 0
        Edge jitter error (maybe fixed)      : 0
        Atom jitter error (maybe fixed)      : 0
        Drift error (maybe fixed)            : 0
        Dropped bytes error (maybe fixed)    : 0
        Duplicated bytes error (maybe fixed) : 0

Track 02

    CRC32 hash             : 6842A2D7
    CRC32 hash (skip zero) : 834D4F6E
    AccurateRip signature  : 72EA0587
        ->Accurately ripped! (AR2, confidence 3)
    Statistics
        Read error                           : 0
        Skipped (treated as error)           : 0
        Edge jitter error (maybe fixed)      : 0
        Atom jitter error (maybe fixed)      : 0
        Drift error (maybe fixed)            : 0
        Dropped bytes error (maybe fixed)    : 0
        Duplicated bytes error (maybe fixed) : 0

Track 03

    CRC32 hash             : FE431269
    CRC32 hash (skip zero) : 9FC2A721
    AccurateRip signature  : 6A54F4FC
        ->Accurately ripped! (AR2, confidence 3)
    Statistics
        Read error                           : 0
        Skipped (treated as error)           : 0
        Edge jitter error (maybe fixed)      : 0
        Atom jitter error (maybe fixed)      : 0
        Drift error (maybe fixed)            : 0
        Dropped bytes error (maybe fixed)    : 0
        Duplicated bytes error (maybe fixed) : 0

Track 04

    CRC32 hash             : 7C633633
    CRC32 hash (skip zero) : 6D64A0CB
    AccurateRip signature  : B562B7BA
        ->Accurately ripped! (AR2, confidence 3)
    Statistics
        Read error                           : 0
        Skipped (treated as error)           : 0
        Edge jitter error (maybe fixed)      : 0
        Atom jitter error (maybe fixed)      : 0
        Drift error (maybe fixed)            : 0
        Dropped bytes error (maybe fixed)    : 0
        Duplicated bytes error (maybe fixed) : 0

Track 05

    CRC32 hash             : DDDB3FA3
    CRC32 hash (skip zero) : D0BBEBEA
    AccurateRip signature  : 243339DE
        ->Accurately ripped! (AR2, confidence 3)
    Statistics
        Read error                           : 0
        Skipped (treated as error)           : 0
        Edge jitter error (maybe fixed)      : 0
        Atom jitter error (maybe fixed)      : 0
        Drift error (maybe fixed)            : 0
        Dropped bytes error (maybe fixed)    : 0
        Duplicated bytes error (maybe fixed) : 0

Track 06

    CRC32 hash             : E8F3BA18
    CRC32 hash (skip zero) : 142600FE
    AccurateRip signature  : B34951D0
        ->Accurately ripped! (AR2, confidence 3)
    Statistics
        Read error                           : 0
        Skipped (treated as error)           : 0
        Edge jitter error (maybe fixed)      : 0
        Atom jitter error (maybe fixed)      : 0
        Drift error (maybe fixed)            : 0
        Dropped bytes error (maybe fixed)    : 0
        Duplicated bytes error (maybe fixed) : 0

Track 07

    CRC32 hash             : DBE0F2EA
    CRC32 hash (skip zero) : 90214A6D
    AccurateRip signature  : E049644C
        ->Accurately ripped! (AR2, confidence 3)
    Statistics
        Read error                           : 0
        Skipped (treated as error)           : 0
        Edge jitter error (maybe fixed)      : 0
        Atom jitter error (maybe fixed)      : 0
        Drift error (maybe fixed)            : 0
        Dropped bytes error (maybe fixed)    : 0
        Duplicated bytes error (maybe fixed) : 0

Track 08

    CRC32 hash             : C68E3DBF
    CRC32 hash (skip zero) : 79200AFC
    AccurateRip signature  : 478201CF
        ->Accurately ripped! (AR2, confidence 3)
    Statistics
        Read error                           : 0
        Skipped (treated as error)           : 0
        Edge jitter error (maybe fixed)      : 0
        Atom jitter error (maybe fixed)      : 0
        Drift error (maybe fixed)            : 0
        Dropped bytes error (maybe fixed)    : 0
        Duplicated bytes error (maybe fixed) : 0

Track 09

    CRC32 hash             : 8703C16B
    CRC32 hash (skip zero) : 0F21F7EE
    AccurateRip signature  : BF7FD887
        ->Accurately ripped! (AR2, confidence 3)
    Statistics
        Read error                           : 0
        Skipped (treated as error)           : 0
        Edge jitter error (maybe fixed)      : 0
        Atom jitter error (maybe fixed)      : 0
        Drift error (maybe fixed)            : 0
        Dropped bytes error (maybe fixed)    : 0
        Duplicated bytes error (maybe fixed) : 0

Track 10

    CRC32 hash             : E8ACE50B
    CRC32 hash (skip zero) : 061E2845
    AccurateRip signature  : EA10360C
        ->Accurately ripped! (AR2, confidence 3)
    Statistics
        Read error                           : 0
        Skipped (treated as error)           : 0
        Edge jitter error (maybe fixed)      : 0
        Atom jitter error (maybe fixed)      : 0
        Drift error (maybe fixed)            : 0
        Dropped bytes error (maybe fixed)    : 0
        Duplicated bytes error (maybe fixed) : 0

Track 11

    CRC32 hash             : 464956CF
    CRC32 hash (skip zero) : 89007571
    AccurateRip signature  : 0285AB93
        ->Accurately ripped! (AR2, confidence 3)
    Statistics
        Read error                           : 0
        Skipped (treated as error)           : 0
        Edge jitter error (maybe fixed)      : 0
        Atom jitter error (maybe fixed)      : 0
        Drift error (maybe fixed)            : 0
        Dropped bytes error (maybe fixed)    : 0
        Duplicated bytes error (maybe fixed) : 0

Track 12

    CRC32 hash             : 4F831B97
    CRC32 hash (skip zero) : 536D50FA
    AccurateRip signature  : 11D995B1
        ->Accurately ripped! (AR2, confidence 3)
    Statistics
        Read error                           : 0
        Skipped (treated as error)           : 0
        Edge jitter error (maybe fixed)      : 0
        Atom jitter error (maybe fixed)      : 0
        Drift error (maybe fixed)            : 0
        Dropped bytes error (maybe fixed)    : 0
        Duplicated bytes error (maybe fixed) : 0

No errors occurred

End of status report
