X Lossless Decoder version 20110502 (132.0)

XLD extraction logfile from 2011-05-04 09:32:32 +0900

Velvet Underground / The Velvet Underground & Nico

Used drive : MATSHITA DVD-R   UJ-868 (revision KB19)

Ripper mode             : CDParanoia III 10.2
Disable audio cache     : OK for the drive with a cache less than 2750KiB
Make use of C2 pointers : NO
Read offset correction  : 102
Max retry count         : 100
Gap status              : Analyzed, Appended

TOC of the extracted CD
     Track |   Start  |  Length  | Start sector | End sector 
    ---------------------------------------------------------
        1  | 00:00:33 | 02:53:02 |        33    |    13009   
        2  | 02:53:35 | 04:36:63 |     13010    |    33772   
        3  | 07:30:23 | 02:37:37 |     33773    |    45584   
        4  | 10:07:60 | 05:08:48 |     45585    |    68732   
        5  | 15:16:33 | 04:18:70 |     68733    |    88152   
        6  | 19:35:28 | 05:57:07 |     88153    |   114934   
        7  | 25:32:35 | 07:09:28 |    114935    |   147137   
        8  | 32:41:63 | 02:38:20 |    147138    |   159007   
        9  | 35:20:08 | 02:08:37 |    159008    |   168644   
       10  | 37:28:45 | 03:11:63 |    168645    |   183032   
       11  | 40:40:33 | 07:44:32 |    183033    |   217864   

List of alternate offset correction values
        #  | Absolute | Relative | Confidence 
    ------------------------------------------
        1  |   1871   |   1769   |     189     
        2  |     -9   |   -111   |     39     

AccurateRip Summary
    Track 01 : OK (AR2, confidence 5)
    Track 02 : OK (AR2, confidence 5)
    Track 03 : OK (AR2, confidence 5)
    Track 04 : OK (AR2, confidence 5)
    Track 05 : OK (AR2, confidence 5)
    Track 06 : OK (AR2, confidence 5)
    Track 07 : OK (AR2, confidence 5)
    Track 08 : OK (AR2, confidence 5)
    Track 09 : OK (AR2, confidence 5)
    Track 10 : OK (AR2, confidence 5)
    Track 11 : OK (AR2, confidence 5)
        ->All tracks accurately ripped.

All Tracks
    Filename : /Users/m4c/Public/flac/The Velvet Underground & Nico.flac
    CRC32 hash             : 5934361D
    CRC32 hash (skip zero) : 6EB8145D
    Statistics
        Read error                           : 0
        Skipped (treated as error)           : 0
        Edge jitter error (maybe fixed)      : 1
        Atom jitter error (maybe fixed)      : 1
        Drift error (maybe fixed)            : 0
        Dropped bytes error (maybe fixed)    : 0
        Duplicated bytes error (maybe fixed) : 0

Track 01
    Pre-gap length : 00:02:33

    CRC32 hash             : CFAB6EE6
    CRC32 hash (skip zero) : 339A1687
    AccurateRip signature  : F71245D6
        ->Accurately ripped! (AR2, confidence 5)
    Statistics
        Read error                           : 0
        Skipped (treated as error)           : 0
        Edge jitter error (maybe fixed)      : 0
        Atom jitter error (maybe fixed)      : 0
        Drift error (maybe fixed)            : 0
        Dropped bytes error (maybe fixed)    : 0
        Duplicated bytes error (maybe fixed) : 0

Track 02
    Pre-gap length : 00:01:37

    CRC32 hash             : B13E73AE
    CRC32 hash (skip zero) : 76B7D5EB
    AccurateRip signature  : 414F0C60
        ->Accurately ripped! (AR2, confidence 5)
    Statistics
        Read error                           : 0
        Skipped (treated as error)           : 0
        Edge jitter error (maybe fixed)      : 0
        Atom jitter error (maybe fixed)      : 0
        Drift error (maybe fixed)            : 0
        Dropped bytes error (maybe fixed)    : 0
        Duplicated bytes error (maybe fixed) : 0

Track 03
    Pre-gap length : 00:01:18

    CRC32 hash             : CD139C6C
    CRC32 hash (skip zero) : 6515EF51
    AccurateRip signature  : 10F5CCB7
        ->Accurately ripped! (AR2, confidence 5)
    Statistics
        Read error                           : 0
        Skipped (treated as error)           : 0
        Edge jitter error (maybe fixed)      : 0
        Atom jitter error (maybe fixed)      : 0
        Drift error (maybe fixed)            : 0
        Dropped bytes error (maybe fixed)    : 0
        Duplicated bytes error (maybe fixed) : 0

Track 04
    Pre-gap length : 00:01:52

    CRC32 hash             : 75595823
    CRC32 hash (skip zero) : 7554FC4B
    AccurateRip signature  : 11177770
        ->Accurately ripped! (AR2, confidence 5)
    Statistics
        Read error                           : 0
        Skipped (treated as error)           : 0
        Edge jitter error (maybe fixed)      : 0
        Atom jitter error (maybe fixed)      : 0
        Drift error (maybe fixed)            : 0
        Dropped bytes error (maybe fixed)    : 0
        Duplicated bytes error (maybe fixed) : 0

Track 05
    Pre-gap length : 00:01:50

    CRC32 hash             : 2DDAA085
    CRC32 hash (skip zero) : 4475DFE7
    AccurateRip signature  : 38506D32
        ->Accurately ripped! (AR2, confidence 5)
    Statistics
        Read error                           : 0
        Skipped (treated as error)           : 0
        Edge jitter error (maybe fixed)      : 0
        Atom jitter error (maybe fixed)      : 0
        Drift error (maybe fixed)            : 0
        Dropped bytes error (maybe fixed)    : 0
        Duplicated bytes error (maybe fixed) : 0

Track 06
    Pre-gap length : 00:01:33

    CRC32 hash             : DC9BE677
    CRC32 hash (skip zero) : DDD76FC7
    AccurateRip signature  : EE81B9FA
        ->Accurately ripped! (AR2, confidence 5)
    Statistics
        Read error                           : 0
        Skipped (treated as error)           : 0
        Edge jitter error (maybe fixed)      : 0
        Atom jitter error (maybe fixed)      : 0
        Drift error (maybe fixed)            : 0
        Dropped bytes error (maybe fixed)    : 0
        Duplicated bytes error (maybe fixed) : 0

Track 07
    Pre-gap length : 00:01:17

    CRC32 hash             : 3CF9C60D
    CRC32 hash (skip zero) : 24423855
    AccurateRip signature  : 93AF4588
        ->Accurately ripped! (AR2, confidence 5)
    Statistics
        Read error                           : 0
        Skipped (treated as error)           : 0
        Edge jitter error (maybe fixed)      : 0
        Atom jitter error (maybe fixed)      : 0
        Drift error (maybe fixed)            : 0
        Dropped bytes error (maybe fixed)    : 0
        Duplicated bytes error (maybe fixed) : 0

Track 08
    Pre-gap length : 00:01:25

    CRC32 hash             : A2CA6A44
    CRC32 hash (skip zero) : 63F536BA
    AccurateRip signature  : 75596665
        ->Accurately ripped! (AR2, confidence 5)
    Statistics
        Read error                           : 0
        Skipped (treated as error)           : 0
        Edge jitter error (maybe fixed)      : 0
        Atom jitter error (maybe fixed)      : 0
        Drift error (maybe fixed)            : 0
        Dropped bytes error (maybe fixed)    : 0
        Duplicated bytes error (maybe fixed) : 0

Track 09
    Pre-gap length : 00:01:30

    CRC32 hash             : 01856370
    CRC32 hash (skip zero) : FDBE8F0D
    AccurateRip signature  : 9AFF3F94
        ->Accurately ripped! (AR2, confidence 5)
    Statistics
        Read error                           : 0
        Skipped (treated as error)           : 0
        Edge jitter error (maybe fixed)      : 1
        Atom jitter error (maybe fixed)      : 1
        Drift error (maybe fixed)            : 0
        Dropped bytes error (maybe fixed)    : 0
        Duplicated bytes error (maybe fixed) : 0

Track 10
    Pre-gap length : 00:00:70

    CRC32 hash             : 9E4D104B
    CRC32 hash (skip zero) : 3A66E03C
    AccurateRip signature  : 6D44F134
        ->Accurately ripped! (AR2, confidence 5)
    Statistics
        Read error                           : 0
        Skipped (treated as error)           : 0
        Edge jitter error (maybe fixed)      : 0
        Atom jitter error (maybe fixed)      : 0
        Drift error (maybe fixed)            : 0
        Dropped bytes error (maybe fixed)    : 0
        Duplicated bytes error (maybe fixed) : 0

Track 11
    Pre-gap length : 00:01:30

    CRC32 hash             : BAECA372
    CRC32 hash (skip zero) : 20EBC7FE
    AccurateRip signature  : 1F37D293
        ->Accurately ripped! (AR2, confidence 5)
    Statistics
        Read error                           : 0
        Skipped (treated as error)           : 0
        Edge jitter error (maybe fixed)      : 0
        Atom jitter error (maybe fixed)      : 0
        Drift error (maybe fixed)            : 0
        Dropped bytes error (maybe fixed)    : 0
        Duplicated bytes error (maybe fixed) : 0

No errors occurred

End of status report
