X Lossless Decoder version 20110417 (131.0)

XLD extraction logfile from 2011-05-02 02:04:04 +0900

Jeff Lynne / Armchair Theatre

Used drive : HL-DT-ST BD-RE  BH10NS30 (revision EL00)

Ripper mode             : CDParanoia III 10.2
Disable audio cache     : OK for the drive with a cache less than 2750KiB
Make use of C2 pointers : NO
Read offset correction  : 667
Max retry count         : 100
Gap status              : Analyzed, Appended

TOC of the extracted CD
     Track |   Start  |  Length  | Start sector | End sector 
    ---------------------------------------------------------
        1  | 00:00:00 | 03:45:25 |         0    |    16899   
        2  | 03:45:25 | 03:01:35 |     16900    |    30509   
        3  | 06:46:60 | 03:38:27 |     30510    |    46886   
        4  | 10:25:12 | 03:53:50 |     46887    |    64411   
        5  | 14:18:62 | 02:59:25 |     64412    |    77861   
        6  | 17:18:12 | 03:58:20 |     77862    |    95731   
        7  | 21:16:32 | 03:10:33 |     95732    |   110014   
        8  | 24:26:65 | 02:42:27 |    110015    |   122191   
        9  | 27:09:17 | 03:43:73 |    122192    |   138989   
       10  | 30:53:15 | 03:33:00 |    138990    |   154964   
       11  | 34:26:15 | 02:39:37 |    154965    |   166926   

List of alternate offset correction values
        #  | Absolute | Relative | Confidence 
    ------------------------------------------
        1  |   2108   |   1441   |      4     

AccurateRip Summary
    Track 01 : OK (confidence 4, with different offset)
    Track 02 : OK (confidence 3, with different offset)
    Track 03 : OK (confidence 4, with different offset)
    Track 04 : OK (confidence 4, with different offset)
    Track 05 : OK (confidence 4, with different offset)
    Track 06 : NG
    Track 07 : OK (confidence 4, with different offset)
    Track 08 : OK (confidence 4, with different offset)
    Track 09 : OK (confidence 2, with different offset)
    Track 10 : OK (confidence 4, with different offset)
    Track 11 : NG
        ->9 track(s) accurately ripped, 2 track(s) not, 0 track(s) not found

All Tracks
    Filename : /Users/angelicalbite/Music/flac/Armchair Theatre.flac
    CRC32 hash             : D1CC038E
    CRC32 hash (skip zero) : 68668353
    Statistics
        Read error                           : 0
        Skipped (treated as error)           : 0
        Edge jitter error (maybe fixed)      : 5
        Atom jitter error (maybe fixed)      : 3
        Drift error (maybe fixed)            : 0
        Dropped bytes error (maybe fixed)    : 2
        Duplicated bytes error (maybe fixed) : 1

Track 01
    Pre-gap length : 00:02:00

    CRC32 hash             : F31855DD
    CRC32 hash (skip zero) : 9590512D
    AccurateRip signature  : 9DFC084F
        ->Accurately ripped! (confidence 4)
          (matched with the different offset correction value;
           calculated using an additional offset of 1441;
           the signature after correction is: C594BD8F)
    Statistics
        Read error                           : 0
        Skipped (treated as error)           : 0
        Edge jitter error (maybe fixed)      : 1
        Atom jitter error (maybe fixed)      : 1
        Drift error (maybe fixed)            : 0
        Dropped bytes error (maybe fixed)    : 0
        Duplicated bytes error (maybe fixed) : 0

Track 02
    Pre-gap length : 00:02:20

    CRC32 hash             : 859FF0A3
    CRC32 hash (skip zero) : 5EA21AE0
    AccurateRip signature  : 05FBC193
        ->Accurately ripped! (confidence 3)
          (matched with the different offset correction value;
           calculated using an additional offset of 1441;
           the signature after correction is: 1E2C158A)
    Statistics
        Read error                           : 0
        Skipped (treated as error)           : 0
        Edge jitter error (maybe fixed)      : 0
        Atom jitter error (maybe fixed)      : 0
        Drift error (maybe fixed)            : 0
        Dropped bytes error (maybe fixed)    : 0
        Duplicated bytes error (maybe fixed) : 0

Track 03
    Pre-gap length : 00:00:73

    CRC32 hash             : 4DC0A8E7
    CRC32 hash (skip zero) : 3043B08A
    AccurateRip signature  : 9C6789D4
        ->Accurately ripped! (confidence 4)
          (matched with the different offset correction value;
           calculated using an additional offset of 1441;
           the signature after correction is: C7B276B5)
    Statistics
        Read error                           : 0
        Skipped (treated as error)           : 0
        Edge jitter error (maybe fixed)      : 0
        Atom jitter error (maybe fixed)      : 0
        Drift error (maybe fixed)            : 0
        Dropped bytes error (maybe fixed)    : 0
        Duplicated bytes error (maybe fixed) : 0

Track 04
    Pre-gap length : 00:01:57

    CRC32 hash             : 0947F1AD
    CRC32 hash (skip zero) : 89325FF7
    AccurateRip signature  : D2ACA6DA
        ->Accurately ripped! (confidence 4)
          (matched with the different offset correction value;
           calculated using an additional offset of 1441;
           the signature after correction is: C3CD13C1)
    Statistics
        Read error                           : 0
        Skipped (treated as error)           : 0
        Edge jitter error (maybe fixed)      : 0
        Atom jitter error (maybe fixed)      : 0
        Drift error (maybe fixed)            : 0
        Dropped bytes error (maybe fixed)    : 0
        Duplicated bytes error (maybe fixed) : 0

Track 05
    Pre-gap length : 00:01:30

    CRC32 hash             : 5A5F407B
    CRC32 hash (skip zero) : 405816A9
    AccurateRip signature  : C2A088A0
        ->Accurately ripped! (confidence 4)
          (matched with the different offset correction value;
           calculated using an additional offset of 1441;
           the signature after correction is: B73FD8FC)
    Statistics
        Read error                           : 0
        Skipped (treated as error)           : 0
        Edge jitter error (maybe fixed)      : 0
        Atom jitter error (maybe fixed)      : 0
        Drift error (maybe fixed)            : 0
        Dropped bytes error (maybe fixed)    : 0
        Duplicated bytes error (maybe fixed) : 0

Track 06
    Pre-gap length : 00:01:45

    CRC32 hash             : 202B05B6
    CRC32 hash (skip zero) : D2421152
    AccurateRip signature  : 9EF67AB3
        ->Rip may not be accurate.
    Statistics
        Read error                           : 0
        Skipped (treated as error)           : 0
        Edge jitter error (maybe fixed)      : 1
        Atom jitter error (maybe fixed)      : 1
        Drift error (maybe fixed)            : 0
        Dropped bytes error (maybe fixed)    : 1
        Duplicated bytes error (maybe fixed) : 1

Track 07
    Pre-gap length : 00:00:50

    CRC32 hash             : 7FB37FF5
    CRC32 hash (skip zero) : AFDC0CF7
    AccurateRip signature  : 7A3FA7B3
        ->Accurately ripped! (confidence 4)
          (matched with the different offset correction value;
           calculated using an additional offset of 1441;
           the signature after correction is: 218BD116)
    Statistics
        Read error                           : 0
        Skipped (treated as error)           : 0
        Edge jitter error (maybe fixed)      : 0
        Atom jitter error (maybe fixed)      : 0
        Drift error (maybe fixed)            : 0
        Dropped bytes error (maybe fixed)    : 0
        Duplicated bytes error (maybe fixed) : 0

Track 08
    Pre-gap length : 00:01:03

    CRC32 hash             : BBB617EB
    CRC32 hash (skip zero) : 29D88C90
    AccurateRip signature  : 4F119ABA
        ->Accurately ripped! (confidence 4)
          (matched with the different offset correction value;
           calculated using an additional offset of 1441;
           the signature after correction is: 9156E404)
    Statistics
        Read error                           : 0
        Skipped (treated as error)           : 0
        Edge jitter error (maybe fixed)      : 0
        Atom jitter error (maybe fixed)      : 0
        Drift error (maybe fixed)            : 0
        Dropped bytes error (maybe fixed)    : 0
        Duplicated bytes error (maybe fixed) : 0

Track 09
    Pre-gap length : 00:01:32

    CRC32 hash             : 97551008
    CRC32 hash (skip zero) : 5C77E57F
    AccurateRip signature  : E3D21796
        ->Accurately ripped! (confidence 2)
          (matched with the different offset correction value;
           calculated using an additional offset of 1441;
           the signature after correction is: 5AB1077A)
    Statistics
        Read error                           : 0
        Skipped (treated as error)           : 0
        Edge jitter error (maybe fixed)      : 0
        Atom jitter error (maybe fixed)      : 0
        Drift error (maybe fixed)            : 0
        Dropped bytes error (maybe fixed)    : 0
        Duplicated bytes error (maybe fixed) : 0

Track 10
    Pre-gap length : 00:01:68

    CRC32 hash             : 222CA6E6
    CRC32 hash (skip zero) : 65A8A49C
    AccurateRip signature  : 2005E7CF
        ->Accurately ripped! (confidence 4)
          (matched with the different offset correction value;
           calculated using an additional offset of 1441;
           the signature after correction is: 7792BFAB)
    Statistics
        Read error                           : 0
        Skipped (treated as error)           : 0
        Edge jitter error (maybe fixed)      : 0
        Atom jitter error (maybe fixed)      : 0
        Drift error (maybe fixed)            : 0
        Dropped bytes error (maybe fixed)    : 0
        Duplicated bytes error (maybe fixed) : 0

Track 11
    Pre-gap length : 00:03:23

    CRC32 hash             : 3997F243
    CRC32 hash (skip zero) : 7A47CB2F
    AccurateRip signature  : CD7C361C
        ->Rip may not be accurate.
    Statistics
        Read error                           : 0
        Skipped (treated as error)           : 0
        Edge jitter error (maybe fixed)      : 3
        Atom jitter error (maybe fixed)      : 1
        Drift error (maybe fixed)            : 0
        Dropped bytes error (maybe fixed)    : 1
        Duplicated bytes error (maybe fixed) : 0

No errors occurred

End of status report
