X Lossless Decoder version 20110417 (131.0)

XLD extraction logfile from 2011-04-20 07:12:47 +0900

Makoto Kawamoto / The Complete Singles Collection 1996～2001 [Disc 2]

Used drive : HL-DT-ST BD-RE  BH10NS30 (revision EL00)

Ripper mode             : CDParanoia III 10.2
Disable audio cache     : OK for the drive with a cache less than 2750KiB
Make use of C2 pointers : NO
Read offset correction  : 667
Max retry count         : 100
Gap status              : Analyzed, Appended

TOC of the extracted CD
     Track |   Start  |  Length  | Start sector | End sector 
    ---------------------------------------------------------
        1  | 00:00:00 | 03:18:71 |         0    |    14920   
        2  | 03:18:71 | 05:07:52 |     14921    |    37997   
        3  | 08:26:48 | 06:45:46 |     37998    |    68418   
        4  | 15:12:19 | 06:06:61 |     68419    |    95929   
        5  | 21:19:05 | 04:55:27 |     95930    |   118081   
        6  | 26:14:32 | 03:58:72 |    118082    |   136003   
        7  | 30:13:29 | 04:06:26 |    136004    |   154479   
        8  | 34:19:55 | 04:25:09 |    154480    |   174363   
        9  | 38:44:64 | 03:09:57 |    174364    |   188595   
       10  | 41:54:46 | 03:26:15 |    188596    |   204060   
       11  | 45:20:61 | 05:25:28 |    204061    |   228463   
       12  | 50:46:14 | 05:45:53 |    228464    |   254391   
       13  | 56:31:67 | 05:13:63 |    254392    |   277929   
       14  | 61:45:55 | 05:05:23 |    277930    |   300827   
       15  | 66:51:03 | 05:14:13 |    300828    |   324390   
       16  | 72:05:16 | 05:23:42 |    324391    |   348657   

AccurateRip Summary
    Track 01 : OK (confidence 7)
    Track 02 : OK (confidence 7)
    Track 03 : OK (confidence 7)
    Track 04 : OK (confidence 7)
    Track 05 : OK (confidence 7)
    Track 06 : OK (confidence 7)
    Track 07 : OK (confidence 7)
    Track 08 : OK (confidence 7)
    Track 09 : OK (confidence 7)
    Track 10 : OK (confidence 7)
    Track 11 : OK (confidence 7)
    Track 12 : OK (confidence 7)
    Track 13 : OK (confidence 7)
    Track 14 : OK (confidence 7)
    Track 15 : OK (confidence 7)
    Track 16 : OK (confidence 7)
        ->All tracks accurately ripped.

All Tracks
    Filename : /Users/angelicalbite/Music/flac/The Complete Singles Collection 1996～2001 [Disc 2].flac
    CRC32 hash             : 12EC89EA
    CRC32 hash (skip zero) : 30D68217
    Statistics
        Read error                           : 0
        Skipped (treated as error)           : 0
        Edge jitter error (maybe fixed)      : 0
        Atom jitter error (maybe fixed)      : 0
        Drift error (maybe fixed)            : 0
        Dropped bytes error (maybe fixed)    : 0
        Duplicated bytes error (maybe fixed) : 0

Track 01
    Pre-gap length : 00:02:00

    CRC32 hash             : ED01C82C
    CRC32 hash (skip zero) : ED0E7FB4
    AccurateRip signature  : 315EE225
        ->Accurately ripped! (confidence 7)
    Statistics
        Read error                           : 0
        Skipped (treated as error)           : 0
        Edge jitter error (maybe fixed)      : 0
        Atom jitter error (maybe fixed)      : 0
        Drift error (maybe fixed)            : 0
        Dropped bytes error (maybe fixed)    : 0
        Duplicated bytes error (maybe fixed) : 0

Track 02
    Pre-gap length : 00:01:61

    CRC32 hash             : E1606DDC
    CRC32 hash (skip zero) : 052D0F76
    AccurateRip signature  : 5EF83381
        ->Accurately ripped! (confidence 7)
    Statistics
        Read error                           : 0
        Skipped (treated as error)           : 0
        Edge jitter error (maybe fixed)      : 0
        Atom jitter error (maybe fixed)      : 0
        Drift error (maybe fixed)            : 0
        Dropped bytes error (maybe fixed)    : 0
        Duplicated bytes error (maybe fixed) : 0

Track 03

    CRC32 hash             : EA4B54E7
    CRC32 hash (skip zero) : 8275DF5F
    AccurateRip signature  : 9EA9A406
        ->Accurately ripped! (confidence 7)
    Statistics
        Read error                           : 0
        Skipped (treated as error)           : 0
        Edge jitter error (maybe fixed)      : 0
        Atom jitter error (maybe fixed)      : 0
        Drift error (maybe fixed)            : 0
        Dropped bytes error (maybe fixed)    : 0
        Duplicated bytes error (maybe fixed) : 0

Track 04
    Pre-gap length : 00:04:61

    CRC32 hash             : A681B7AD
    CRC32 hash (skip zero) : 556CED7C
    AccurateRip signature  : E76E8267
        ->Accurately ripped! (confidence 7)
    Statistics
        Read error                           : 0
        Skipped (treated as error)           : 0
        Edge jitter error (maybe fixed)      : 0
        Atom jitter error (maybe fixed)      : 0
        Drift error (maybe fixed)            : 0
        Dropped bytes error (maybe fixed)    : 0
        Duplicated bytes error (maybe fixed) : 0

Track 05
    Pre-gap length : 00:00:61

    CRC32 hash             : 4AEBB3C7
    CRC32 hash (skip zero) : 645BE5B1
    AccurateRip signature  : CA2C6C38
        ->Accurately ripped! (confidence 7)
    Statistics
        Read error                           : 0
        Skipped (treated as error)           : 0
        Edge jitter error (maybe fixed)      : 0
        Atom jitter error (maybe fixed)      : 0
        Drift error (maybe fixed)            : 0
        Dropped bytes error (maybe fixed)    : 0
        Duplicated bytes error (maybe fixed) : 0

Track 06
    Pre-gap length : 00:01:61

    CRC32 hash             : 80A2054A
    CRC32 hash (skip zero) : 5FD6E533
    AccurateRip signature  : 20E0D9C6
        ->Accurately ripped! (confidence 7)
    Statistics
        Read error                           : 0
        Skipped (treated as error)           : 0
        Edge jitter error (maybe fixed)      : 0
        Atom jitter error (maybe fixed)      : 0
        Drift error (maybe fixed)            : 0
        Dropped bytes error (maybe fixed)    : 0
        Duplicated bytes error (maybe fixed) : 0

Track 07
    Pre-gap length : 00:04:61

    CRC32 hash             : 8FB01299
    CRC32 hash (skip zero) : 118688A4
    AccurateRip signature  : DF8C3811
        ->Accurately ripped! (confidence 7)
    Statistics
        Read error                           : 0
        Skipped (treated as error)           : 0
        Edge jitter error (maybe fixed)      : 0
        Atom jitter error (maybe fixed)      : 0
        Drift error (maybe fixed)            : 0
        Dropped bytes error (maybe fixed)    : 0
        Duplicated bytes error (maybe fixed) : 0

Track 08
    Pre-gap length : 00:01:19

    CRC32 hash             : 308267E3
    CRC32 hash (skip zero) : CFFAEF82
    AccurateRip signature  : 4BA7C7F6
        ->Accurately ripped! (confidence 7)
    Statistics
        Read error                           : 0
        Skipped (treated as error)           : 0
        Edge jitter error (maybe fixed)      : 0
        Atom jitter error (maybe fixed)      : 0
        Drift error (maybe fixed)            : 0
        Dropped bytes error (maybe fixed)    : 0
        Duplicated bytes error (maybe fixed) : 0

Track 09
    Pre-gap length : 00:00:61

    CRC32 hash             : 155C746F
    CRC32 hash (skip zero) : 55C1585E
    AccurateRip signature  : 882ACA3B
        ->Accurately ripped! (confidence 7)
    Statistics
        Read error                           : 0
        Skipped (treated as error)           : 0
        Edge jitter error (maybe fixed)      : 0
        Atom jitter error (maybe fixed)      : 0
        Drift error (maybe fixed)            : 0
        Dropped bytes error (maybe fixed)    : 0
        Duplicated bytes error (maybe fixed) : 0

Track 10
    Pre-gap length : 00:04:61

    CRC32 hash             : 05750FCB
    CRC32 hash (skip zero) : 09B66184
    AccurateRip signature  : 54D004BF
        ->Accurately ripped! (confidence 7)
    Statistics
        Read error                           : 0
        Skipped (treated as error)           : 0
        Edge jitter error (maybe fixed)      : 0
        Atom jitter error (maybe fixed)      : 0
        Drift error (maybe fixed)            : 0
        Dropped bytes error (maybe fixed)    : 0
        Duplicated bytes error (maybe fixed) : 0

Track 11
    Pre-gap length : 00:00:61

    CRC32 hash             : 0FB9AA76
    CRC32 hash (skip zero) : 0FC8626A
    AccurateRip signature  : 2E1D3FC1
        ->Accurately ripped! (confidence 7)
    Statistics
        Read error                           : 0
        Skipped (treated as error)           : 0
        Edge jitter error (maybe fixed)      : 0
        Atom jitter error (maybe fixed)      : 0
        Drift error (maybe fixed)            : 0
        Dropped bytes error (maybe fixed)    : 0
        Duplicated bytes error (maybe fixed) : 0

Track 12
    Pre-gap length : 00:01:23

    CRC32 hash             : 779F49B9
    CRC32 hash (skip zero) : 8940C8BB
    AccurateRip signature  : B6C01BEC
        ->Accurately ripped! (confidence 7)
    Statistics
        Read error                           : 0
        Skipped (treated as error)           : 0
        Edge jitter error (maybe fixed)      : 0
        Atom jitter error (maybe fixed)      : 0
        Drift error (maybe fixed)            : 0
        Dropped bytes error (maybe fixed)    : 0
        Duplicated bytes error (maybe fixed) : 0

Track 13
    Pre-gap length : 00:01:61

    CRC32 hash             : 48FD16A3
    CRC32 hash (skip zero) : D1C36823
    AccurateRip signature  : 65894E10
        ->Accurately ripped! (confidence 7)
    Statistics
        Read error                           : 0
        Skipped (treated as error)           : 0
        Edge jitter error (maybe fixed)      : 0
        Atom jitter error (maybe fixed)      : 0
        Drift error (maybe fixed)            : 0
        Dropped bytes error (maybe fixed)    : 0
        Duplicated bytes error (maybe fixed) : 0

Track 14

    CRC32 hash             : BADBE7FB
    CRC32 hash (skip zero) : A9D6FEBF
    AccurateRip signature  : 7F016B36
        ->Accurately ripped! (confidence 7)
    Statistics
        Read error                           : 0
        Skipped (treated as error)           : 0
        Edge jitter error (maybe fixed)      : 0
        Atom jitter error (maybe fixed)      : 0
        Drift error (maybe fixed)            : 0
        Dropped bytes error (maybe fixed)    : 0
        Duplicated bytes error (maybe fixed) : 0

Track 15
    Pre-gap length : 00:00:62

    CRC32 hash             : FB638F58
    CRC32 hash (skip zero) : 8B0FAA3C
    AccurateRip signature  : 03EE6B10
        ->Accurately ripped! (confidence 7)
    Statistics
        Read error                           : 0
        Skipped (treated as error)           : 0
        Edge jitter error (maybe fixed)      : 0
        Atom jitter error (maybe fixed)      : 0
        Drift error (maybe fixed)            : 0
        Dropped bytes error (maybe fixed)    : 0
        Duplicated bytes error (maybe fixed) : 0

Track 16
    Pre-gap length : 00:00:61

    CRC32 hash             : 26B321E6
    CRC32 hash (skip zero) : 73068C78
    AccurateRip signature  : BE0414DD
        ->Accurately ripped! (confidence 7)
    Statistics
        Read error                           : 0
        Skipped (treated as error)           : 0
        Edge jitter error (maybe fixed)      : 0
        Atom jitter error (maybe fixed)      : 0
        Drift error (maybe fixed)            : 0
        Dropped bytes error (maybe fixed)    : 0
        Duplicated bytes error (maybe fixed) : 0

No errors occurred

End of status report
