X Lossless Decoder version 20110417 (131.0)

XLD extraction logfile from 2011-04-20 06:34:53 +0900

Makoto Kawamoto / The Complete Singles Collection 1996～2001 [Disc 1]

Used drive : HL-DT-ST BD-RE  BH10NS30 (revision EL00)

Ripper mode             : CDParanoia III 10.2
Disable audio cache     : OK for the drive with a cache less than 2750KiB
Make use of C2 pointers : NO
Read offset correction  : 667
Max retry count         : 100
Gap status              : Analyzed, Appended

TOC of the extracted CD
     Track |   Start  |  Length  | Start sector | End sector 
    ---------------------------------------------------------
        1  | 00:00:00 | 05:18:37 |         0    |    23886   
        2  | 05:18:37 | 05:34:38 |     23887    |    48974   
        3  | 10:53:00 | 05:42:72 |     48975    |    74696   
        4  | 16:35:72 | 04:21:22 |     74697    |    94293   
        5  | 20:57:19 | 05:15:26 |     94294    |   117944   
        6  | 26:12:45 | 05:07:13 |    117945    |   140982   
        7  | 31:19:58 | 05:04:22 |    140983    |   163804   
        8  | 36:24:05 | 05:59:59 |    163805    |   190788   
        9  | 42:23:64 | 05:14:14 |    190789    |   214352   
       10  | 47:38:03 | 05:25:38 |    214353    |   238765   
       11  | 53:03:41 | 05:22:66 |    238766    |   262981   
       12  | 58:26:32 | 06:13:25 |    262982    |   290981   
       13  | 64:39:57 | 10:53:39 |    290982    |   339995   
       14  | 75:33:21 | 04:21:01 |    339996    |   359571   

AccurateRip Summary
    Track 01 : OK (confidence 7)
    Track 02 : OK (confidence 7)
    Track 03 : OK (confidence 7)
    Track 04 : OK (confidence 7)
    Track 05 : OK (confidence 7)
    Track 06 : OK (confidence 7)
    Track 07 : OK (confidence 7)
    Track 08 : OK (confidence 7)
    Track 09 : OK (confidence 7)
    Track 10 : OK (confidence 7)
    Track 11 : OK (confidence 7)
    Track 12 : OK (confidence 7)
    Track 13 : OK (confidence 7)
    Track 14 : OK (confidence 7)
        ->All tracks accurately ripped.

All Tracks
    Filename : /Users/angelicalbite/Music/flac/The Complete Singles Collection 1996～2001 [Disc 1].flac
    CRC32 hash             : 9EFBB2A0
    CRC32 hash (skip zero) : D04B01F3
    Statistics
        Read error                           : 0
        Skipped (treated as error)           : 0
        Edge jitter error (maybe fixed)      : 0
        Atom jitter error (maybe fixed)      : 0
        Drift error (maybe fixed)            : 0
        Dropped bytes error (maybe fixed)    : 0
        Duplicated bytes error (maybe fixed) : 0

Track 01
    Pre-gap length : 00:02:00

    CRC32 hash             : D0AE4EED
    CRC32 hash (skip zero) : 8FFC1DF2
    AccurateRip signature  : EAA1E06D
        ->Accurately ripped! (confidence 7)
    Statistics
        Read error                           : 0
        Skipped (treated as error)           : 0
        Edge jitter error (maybe fixed)      : 0
        Atom jitter error (maybe fixed)      : 0
        Drift error (maybe fixed)            : 0
        Dropped bytes error (maybe fixed)    : 0
        Duplicated bytes error (maybe fixed) : 0

Track 02
    Pre-gap length : 00:01:23

    CRC32 hash             : D73E2577
    CRC32 hash (skip zero) : 32E7FE8C
    AccurateRip signature  : 59C5D38D
        ->Accurately ripped! (confidence 7)
    Statistics
        Read error                           : 0
        Skipped (treated as error)           : 0
        Edge jitter error (maybe fixed)      : 0
        Atom jitter error (maybe fixed)      : 0
        Drift error (maybe fixed)            : 0
        Dropped bytes error (maybe fixed)    : 0
        Duplicated bytes error (maybe fixed) : 0

Track 03

    CRC32 hash             : 4F6DE1FC
    CRC32 hash (skip zero) : CFC108A1
    AccurateRip signature  : 5C6FFC90
        ->Accurately ripped! (confidence 7)
    Statistics
        Read error                           : 0
        Skipped (treated as error)           : 0
        Edge jitter error (maybe fixed)      : 0
        Atom jitter error (maybe fixed)      : 0
        Drift error (maybe fixed)            : 0
        Dropped bytes error (maybe fixed)    : 0
        Duplicated bytes error (maybe fixed) : 0

Track 04

    CRC32 hash             : 22A94E28
    CRC32 hash (skip zero) : 5042D8B7
    AccurateRip signature  : 805B5DEF
        ->Accurately ripped! (confidence 7)
    Statistics
        Read error                           : 0
        Skipped (treated as error)           : 0
        Edge jitter error (maybe fixed)      : 0
        Atom jitter error (maybe fixed)      : 0
        Drift error (maybe fixed)            : 0
        Dropped bytes error (maybe fixed)    : 0
        Duplicated bytes error (maybe fixed) : 0

Track 05
    Pre-gap length : 00:00:23

    CRC32 hash             : 3A4DC8CE
    CRC32 hash (skip zero) : 147E23E9
    AccurateRip signature  : 918348F1
        ->Accurately ripped! (confidence 7)
    Statistics
        Read error                           : 0
        Skipped (treated as error)           : 0
        Edge jitter error (maybe fixed)      : 0
        Atom jitter error (maybe fixed)      : 0
        Drift error (maybe fixed)            : 0
        Dropped bytes error (maybe fixed)    : 0
        Duplicated bytes error (maybe fixed) : 0

Track 06
    Pre-gap length : 00:01:23

    CRC32 hash             : 629F05C4
    CRC32 hash (skip zero) : 1B0B58B3
    AccurateRip signature  : EB9F445E
        ->Accurately ripped! (confidence 7)
    Statistics
        Read error                           : 0
        Skipped (treated as error)           : 0
        Edge jitter error (maybe fixed)      : 0
        Atom jitter error (maybe fixed)      : 0
        Drift error (maybe fixed)            : 0
        Dropped bytes error (maybe fixed)    : 0
        Duplicated bytes error (maybe fixed) : 0

Track 07
    Pre-gap length : 00:01:61

    CRC32 hash             : 28FE7BB4
    CRC32 hash (skip zero) : 9F1CCCD8
    AccurateRip signature  : 852E79B2
        ->Accurately ripped! (confidence 7)
    Statistics
        Read error                           : 0
        Skipped (treated as error)           : 0
        Edge jitter error (maybe fixed)      : 0
        Atom jitter error (maybe fixed)      : 0
        Drift error (maybe fixed)            : 0
        Dropped bytes error (maybe fixed)    : 0
        Duplicated bytes error (maybe fixed) : 0

Track 08

    CRC32 hash             : 6FE75EB0
    CRC32 hash (skip zero) : 6302D850
    AccurateRip signature  : C299B69E
        ->Accurately ripped! (confidence 7)
    Statistics
        Read error                           : 0
        Skipped (treated as error)           : 0
        Edge jitter error (maybe fixed)      : 0
        Atom jitter error (maybe fixed)      : 0
        Drift error (maybe fixed)            : 0
        Dropped bytes error (maybe fixed)    : 0
        Duplicated bytes error (maybe fixed) : 0

Track 09
    Pre-gap length : 00:00:23

    CRC32 hash             : DF45CCB1
    CRC32 hash (skip zero) : 21810AC2
    AccurateRip signature  : D18E3A06
        ->Accurately ripped! (confidence 7)
    Statistics
        Read error                           : 0
        Skipped (treated as error)           : 0
        Edge jitter error (maybe fixed)      : 0
        Atom jitter error (maybe fixed)      : 0
        Drift error (maybe fixed)            : 0
        Dropped bytes error (maybe fixed)    : 0
        Duplicated bytes error (maybe fixed) : 0

Track 10
    Pre-gap length : 00:00:61

    CRC32 hash             : F1151D84
    CRC32 hash (skip zero) : 257E4D0C
    AccurateRip signature  : E79A208C
        ->Accurately ripped! (confidence 7)
    Statistics
        Read error                           : 0
        Skipped (treated as error)           : 0
        Edge jitter error (maybe fixed)      : 0
        Atom jitter error (maybe fixed)      : 0
        Drift error (maybe fixed)            : 0
        Dropped bytes error (maybe fixed)    : 0
        Duplicated bytes error (maybe fixed) : 0

Track 11

    CRC32 hash             : 3A0AA11B
    CRC32 hash (skip zero) : 32621EE9
    AccurateRip signature  : 99F2A795
        ->Accurately ripped! (confidence 7)
    Statistics
        Read error                           : 0
        Skipped (treated as error)           : 0
        Edge jitter error (maybe fixed)      : 0
        Atom jitter error (maybe fixed)      : 0
        Drift error (maybe fixed)            : 0
        Dropped bytes error (maybe fixed)    : 0
        Duplicated bytes error (maybe fixed) : 0

Track 12

    CRC32 hash             : 9E66A859
    CRC32 hash (skip zero) : 7FCA0BE9
    AccurateRip signature  : 1F94A87A
        ->Accurately ripped! (confidence 7)
    Statistics
        Read error                           : 0
        Skipped (treated as error)           : 0
        Edge jitter error (maybe fixed)      : 0
        Atom jitter error (maybe fixed)      : 0
        Drift error (maybe fixed)            : 0
        Dropped bytes error (maybe fixed)    : 0
        Duplicated bytes error (maybe fixed) : 0

Track 13

    CRC32 hash             : 84B01EFF
    CRC32 hash (skip zero) : 4A7C7D68
    AccurateRip signature  : A3038A68
        ->Accurately ripped! (confidence 7)
    Statistics
        Read error                           : 0
        Skipped (treated as error)           : 0
        Edge jitter error (maybe fixed)      : 0
        Atom jitter error (maybe fixed)      : 0
        Drift error (maybe fixed)            : 0
        Dropped bytes error (maybe fixed)    : 0
        Duplicated bytes error (maybe fixed) : 0

Track 14
    Pre-gap length : 00:01:24

    CRC32 hash             : 15B405FC
    CRC32 hash (skip zero) : 9EAD6E28
    AccurateRip signature  : 24A95146
        ->Accurately ripped! (confidence 7)
    Statistics
        Read error                           : 0
        Skipped (treated as error)           : 0
        Edge jitter error (maybe fixed)      : 0
        Atom jitter error (maybe fixed)      : 0
        Drift error (maybe fixed)            : 0
        Dropped bytes error (maybe fixed)    : 0
        Duplicated bytes error (maybe fixed) : 0

No errors occurred

End of status report
