X Lossless Decoder version 20110417 (131.0)

XLD extraction logfile from 2011-05-02 08:53:37 +0900

Makoto Kawamoto / 川本真琴

Used drive : HL-DT-ST BD-RE  BH10NS30 (revision EL00)

Ripper mode             : CDParanoia III 10.2
Disable audio cache     : OK for the drive with a cache less than 2750KiB
Make use of C2 pointers : NO
Read offset correction  : 667
Max retry count         : 100
Gap status              : Analyzed, Appended

TOC of the extracted CD
     Track |   Start  |  Length  | Start sector | End sector 
    ---------------------------------------------------------
        1  | 00:00:00 | 04:19:04 |         0    |    19428   
        2  | 04:19:04 | 04:51:70 |     19429    |    41323   
        3  | 09:10:74 | 04:54:07 |     41324    |    63380   
        4  | 14:05:06 | 05:49:19 |     63381    |    89574   
        5  | 19:54:25 | 05:53:20 |     89575    |   116069   
        6  | 25:47:45 | 04:49:67 |    116070    |   137811   
        7  | 30:37:37 | 04:02:29 |    137812    |   155990   
        8  | 34:39:66 | 04:23:02 |    155991    |   175717   
        9  | 39:02:68 | 04:43:30 |    175718    |   196972   
       10  | 43:46:23 | 05:14:64 |    196973    |   220586   

List of alternate offset correction values
        #  | Absolute | Relative | Confidence 
    ------------------------------------------
        1  |   -984   |  -1651   |      1     
        2  |   -991   |  -1658   |      1     
        3  |   -993   |  -1660   |      1     

AccurateRip Summary
    Track 01 : NG
    Track 02 : NG
    Track 03 : OK (confidence 1, with different offset)
    Track 04 : OK (confidence 1, with different offset)
    Track 05 : OK (confidence 1, with different offset)
    Track 06 : NG
    Track 07 : NG
    Track 08 : NG
    Track 09 : NG
    Track 10 : NG
        ->3 track(s) accurately ripped, 7 track(s) not, 0 track(s) not found

All Tracks
    Filename : /Users/angelicalbite/Music/flac/川本真琴.flac
    CRC32 hash             : 8543C659
    CRC32 hash (skip zero) : B0BA2D96
    Statistics
        Read error                           : 0
        Skipped (treated as error)           : 0
        Edge jitter error (maybe fixed)      : 0
        Atom jitter error (maybe fixed)      : 0
        Drift error (maybe fixed)            : 0
        Dropped bytes error (maybe fixed)    : 0
        Duplicated bytes error (maybe fixed) : 0

Track 01
    Pre-gap length : 00:02:00

    CRC32 hash             : 3B209959
    CRC32 hash (skip zero) : EC6FD1BF
    AccurateRip signature  : 299F1F5F
        ->Rip may not be accurate.
    Statistics
        Read error                           : 0
        Skipped (treated as error)           : 0
        Edge jitter error (maybe fixed)      : 0
        Atom jitter error (maybe fixed)      : 0
        Drift error (maybe fixed)            : 0
        Dropped bytes error (maybe fixed)    : 0
        Duplicated bytes error (maybe fixed) : 0

Track 02
    Pre-gap length : 00:01:74

    CRC32 hash             : 853B47F2
    CRC32 hash (skip zero) : B86A3E74
    AccurateRip signature  : 4FE80753
        ->Rip may not be accurate.
    Statistics
        Read error                           : 0
        Skipped (treated as error)           : 0
        Edge jitter error (maybe fixed)      : 0
        Atom jitter error (maybe fixed)      : 0
        Drift error (maybe fixed)            : 0
        Dropped bytes error (maybe fixed)    : 0
        Duplicated bytes error (maybe fixed) : 0

Track 03
    Pre-gap length : 00:01:74

    CRC32 hash             : 60358D1A
    CRC32 hash (skip zero) : 3C8A6477
    AccurateRip signature  : E64A1125
        ->Accurately ripped! (confidence 1)
          (matched with the different offset correction value;
           calculated using an additional offset of -1660;
           the signature after correction is: 1C4E996D)
    Statistics
        Read error                           : 0
        Skipped (treated as error)           : 0
        Edge jitter error (maybe fixed)      : 0
        Atom jitter error (maybe fixed)      : 0
        Drift error (maybe fixed)            : 0
        Dropped bytes error (maybe fixed)    : 0
        Duplicated bytes error (maybe fixed) : 0

Track 04
    Pre-gap length : 00:01:74

    CRC32 hash             : 35E501B1
    CRC32 hash (skip zero) : 29768E8C
    AccurateRip signature  : A4A21BCD
        ->Accurately ripped! (confidence 1)
          (matched with the different offset correction value;
           calculated using an additional offset of -1658;
           the signature after correction is: CDF4A7F5)
    Statistics
        Read error                           : 0
        Skipped (treated as error)           : 0
        Edge jitter error (maybe fixed)      : 0
        Atom jitter error (maybe fixed)      : 0
        Drift error (maybe fixed)            : 0
        Dropped bytes error (maybe fixed)    : 0
        Duplicated bytes error (maybe fixed) : 0

Track 05
    Pre-gap length : 00:01:74

    CRC32 hash             : EE9472BB
    CRC32 hash (skip zero) : C90AC56A
    AccurateRip signature  : EC1FB2CD
        ->Accurately ripped! (confidence 1)
          (matched with the different offset correction value;
           calculated using an additional offset of -1651;
           the signature after correction is: B7F81CC0)
    Statistics
        Read error                           : 0
        Skipped (treated as error)           : 0
        Edge jitter error (maybe fixed)      : 0
        Atom jitter error (maybe fixed)      : 0
        Drift error (maybe fixed)            : 0
        Dropped bytes error (maybe fixed)    : 0
        Duplicated bytes error (maybe fixed) : 0

Track 06
    Pre-gap length : 00:01:74

    CRC32 hash             : 562F2FA3
    CRC32 hash (skip zero) : BEB4F9EE
    AccurateRip signature  : 33E2175E
        ->Rip may not be accurate.
    Statistics
        Read error                           : 0
        Skipped (treated as error)           : 0
        Edge jitter error (maybe fixed)      : 0
        Atom jitter error (maybe fixed)      : 0
        Drift error (maybe fixed)            : 0
        Dropped bytes error (maybe fixed)    : 0
        Duplicated bytes error (maybe fixed) : 0

Track 07
    Pre-gap length : 00:01:74

    CRC32 hash             : 48BC5E80
    CRC32 hash (skip zero) : 271A0819
    AccurateRip signature  : BF9C258E
        ->Rip may not be accurate.
    Statistics
        Read error                           : 0
        Skipped (treated as error)           : 0
        Edge jitter error (maybe fixed)      : 0
        Atom jitter error (maybe fixed)      : 0
        Drift error (maybe fixed)            : 0
        Dropped bytes error (maybe fixed)    : 0
        Duplicated bytes error (maybe fixed) : 0

Track 08
    Pre-gap length : 00:01:74

    CRC32 hash             : 61D37E63
    CRC32 hash (skip zero) : 99A9C613
    AccurateRip signature  : 8286B39A
        ->Rip may not be accurate.
    Statistics
        Read error                           : 0
        Skipped (treated as error)           : 0
        Edge jitter error (maybe fixed)      : 0
        Atom jitter error (maybe fixed)      : 0
        Drift error (maybe fixed)            : 0
        Dropped bytes error (maybe fixed)    : 0
        Duplicated bytes error (maybe fixed) : 0

Track 09
    Pre-gap length : 00:01:74

    CRC32 hash             : 60B7A316
    CRC32 hash (skip zero) : 3FA497BB
    AccurateRip signature  : 1C9C5632
        ->Rip may not be accurate.
    Statistics
        Read error                           : 0
        Skipped (treated as error)           : 0
        Edge jitter error (maybe fixed)      : 0
        Atom jitter error (maybe fixed)      : 0
        Drift error (maybe fixed)            : 0
        Dropped bytes error (maybe fixed)    : 0
        Duplicated bytes error (maybe fixed) : 0

Track 10
    Pre-gap length : 00:01:74

    CRC32 hash             : DCF59DA7
    CRC32 hash (skip zero) : C93E6FF9
    AccurateRip signature  : DD0035CD
        ->Rip may not be accurate.
    Statistics
        Read error                           : 0
        Skipped (treated as error)           : 0
        Edge jitter error (maybe fixed)      : 0
        Atom jitter error (maybe fixed)      : 0
        Drift error (maybe fixed)            : 0
        Dropped bytes error (maybe fixed)    : 0
        Duplicated bytes error (maybe fixed) : 0

No errors occurred

End of status report
