X Lossless Decoder version 20110417 (131.0)

XLD extraction logfile from 2011-04-19 23:19:37 +0900

Makoto Kawamoto / 音楽の世界へようこそ

Used drive : HL-DT-ST BD-RE  BH10NS30 (revision EL00)

Ripper mode             : CDParanoia III 10.2
Disable audio cache     : OK for the drive with a cache less than 2750KiB
Make use of C2 pointers : NO
Read offset correction  : 667
Max retry count         : 100
Gap status              : Analyzed, Appended

TOC of the extracted CD
     Track |   Start  |  Length  | Start sector | End sector 
    ---------------------------------------------------------
        1  | 00:00:00 | 02:17:13 |         0    |    10287   
        2  | 02:17:13 | 03:24:61 |     10288    |    25648   
        3  | 05:41:74 | 04:16:02 |     25649    |    44850   
        4  | 09:58:01 | 03:45:15 |     44851    |    61740   
        5  | 13:43:16 | 04:55:74 |     61741    |    83939   
        6  | 18:39:15 | 01:35:04 |     83940    |    91068   
        7  | 20:14:19 | 03:02:72 |     91069    |   104790   
        8  | 23:17:16 | 06:36:06 |    104791    |   134496   
        9  | 29:53:22 | 04:39:63 |    134497    |   155484   
       10  | 34:33:10 | 03:54:11 |    155485    |   173045   
       11  | 38:27:21 | 00:59:66 |    173046    |   177536   
       12  | 39:27:12 | 04:52:56 |    177537    |   199492   
       13  | 44:19:68 | 02:51:21 |    199493    |   212338   
       14  | 47:11:14 | 04:00:35 |    212339    |   230373   

AccurateRip Summary
    Track 01 : OK (confidence 6)
    Track 02 : OK (confidence 6)
    Track 03 : OK (confidence 6)
    Track 04 : OK (confidence 6)
    Track 05 : OK (confidence 6)
    Track 06 : OK (confidence 6)
    Track 07 : OK (confidence 6)
    Track 08 : OK (confidence 6)
    Track 09 : OK (confidence 6)
    Track 10 : OK (confidence 6)
    Track 11 : OK (confidence 6)
    Track 12 : OK (confidence 6)
    Track 13 : OK (confidence 6)
    Track 14 : OK (confidence 6)
        ->All tracks accurately ripped.

All Tracks
    Filename : /Users/angelicalbite/Music/flac/音楽の世界へようこそ.flac
    CRC32 hash             : 2D7DB34F
    CRC32 hash (skip zero) : 94612E95
    Statistics
        Read error                           : 0
        Skipped (treated as error)           : 0
        Edge jitter error (maybe fixed)      : 0
        Atom jitter error (maybe fixed)      : 0
        Drift error (maybe fixed)            : 0
        Dropped bytes error (maybe fixed)    : 0
        Duplicated bytes error (maybe fixed) : 0

Track 01
    Pre-gap length : 00:02:00

    CRC32 hash             : 54DAE5AC
    CRC32 hash (skip zero) : 2D84B747
    AccurateRip signature  : 7DCC6400
        ->Accurately ripped! (confidence 6)
    Statistics
        Read error                           : 0
        Skipped (treated as error)           : 0
        Edge jitter error (maybe fixed)      : 0
        Atom jitter error (maybe fixed)      : 0
        Drift error (maybe fixed)            : 0
        Dropped bytes error (maybe fixed)    : 0
        Duplicated bytes error (maybe fixed) : 0

Track 02

    CRC32 hash             : 6DE67741
    CRC32 hash (skip zero) : 9EC123D1
    AccurateRip signature  : 007E4898
        ->Accurately ripped! (confidence 6)
    Statistics
        Read error                           : 0
        Skipped (treated as error)           : 0
        Edge jitter error (maybe fixed)      : 0
        Atom jitter error (maybe fixed)      : 0
        Drift error (maybe fixed)            : 0
        Dropped bytes error (maybe fixed)    : 0
        Duplicated bytes error (maybe fixed) : 0

Track 03

    CRC32 hash             : 0C9EFA13
    CRC32 hash (skip zero) : D59722D5
    AccurateRip signature  : 334B2086
        ->Accurately ripped! (confidence 6)
    Statistics
        Read error                           : 0
        Skipped (treated as error)           : 0
        Edge jitter error (maybe fixed)      : 0
        Atom jitter error (maybe fixed)      : 0
        Drift error (maybe fixed)            : 0
        Dropped bytes error (maybe fixed)    : 0
        Duplicated bytes error (maybe fixed) : 0

Track 04
    Pre-gap length : 00:05:34

    CRC32 hash             : 74E51DF0
    CRC32 hash (skip zero) : EB1B9172
    AccurateRip signature  : 0F8AAF29
        ->Accurately ripped! (confidence 6)
    Statistics
        Read error                           : 0
        Skipped (treated as error)           : 0
        Edge jitter error (maybe fixed)      : 0
        Atom jitter error (maybe fixed)      : 0
        Drift error (maybe fixed)            : 0
        Dropped bytes error (maybe fixed)    : 0
        Duplicated bytes error (maybe fixed) : 0

Track 05
    Pre-gap length : 00:03:15

    CRC32 hash             : F088CA2B
    CRC32 hash (skip zero) : 1CE207AB
    AccurateRip signature  : 6180AA2D
        ->Accurately ripped! (confidence 6)
    Statistics
        Read error                           : 0
        Skipped (treated as error)           : 0
        Edge jitter error (maybe fixed)      : 0
        Atom jitter error (maybe fixed)      : 0
        Drift error (maybe fixed)            : 0
        Dropped bytes error (maybe fixed)    : 0
        Duplicated bytes error (maybe fixed) : 0

Track 06
    Pre-gap length : 00:00:04

    CRC32 hash             : 20AEF678
    CRC32 hash (skip zero) : C25076BC
    AccurateRip signature  : 44F30ADF
        ->Accurately ripped! (confidence 6)
    Statistics
        Read error                           : 0
        Skipped (treated as error)           : 0
        Edge jitter error (maybe fixed)      : 0
        Atom jitter error (maybe fixed)      : 0
        Drift error (maybe fixed)            : 0
        Dropped bytes error (maybe fixed)    : 0
        Duplicated bytes error (maybe fixed) : 0

Track 07

    CRC32 hash             : 91D7F99F
    CRC32 hash (skip zero) : 49BE7B94
    AccurateRip signature  : 8304BF2C
        ->Accurately ripped! (confidence 6)
    Statistics
        Read error                           : 0
        Skipped (treated as error)           : 0
        Edge jitter error (maybe fixed)      : 0
        Atom jitter error (maybe fixed)      : 0
        Drift error (maybe fixed)            : 0
        Dropped bytes error (maybe fixed)    : 0
        Duplicated bytes error (maybe fixed) : 0

Track 08
    Pre-gap length : 00:01:10

    CRC32 hash             : BAF8A7F2
    CRC32 hash (skip zero) : 429D75D5
    AccurateRip signature  : F4BA7CF1
        ->Accurately ripped! (confidence 6)
    Statistics
        Read error                           : 0
        Skipped (treated as error)           : 0
        Edge jitter error (maybe fixed)      : 0
        Atom jitter error (maybe fixed)      : 0
        Drift error (maybe fixed)            : 0
        Dropped bytes error (maybe fixed)    : 0
        Duplicated bytes error (maybe fixed) : 0

Track 09
    Pre-gap length : 00:05:73

    CRC32 hash             : 7EF99176
    CRC32 hash (skip zero) : DF472628
    AccurateRip signature  : 04956AF4
        ->Accurately ripped! (confidence 6)
    Statistics
        Read error                           : 0
        Skipped (treated as error)           : 0
        Edge jitter error (maybe fixed)      : 0
        Atom jitter error (maybe fixed)      : 0
        Drift error (maybe fixed)            : 0
        Dropped bytes error (maybe fixed)    : 0
        Duplicated bytes error (maybe fixed) : 0

Track 10
    Pre-gap length : 00:01:03

    CRC32 hash             : A5FD12AD
    CRC32 hash (skip zero) : 4978FCC7
    AccurateRip signature  : 1F33C920
        ->Accurately ripped! (confidence 6)
    Statistics
        Read error                           : 0
        Skipped (treated as error)           : 0
        Edge jitter error (maybe fixed)      : 0
        Atom jitter error (maybe fixed)      : 0
        Drift error (maybe fixed)            : 0
        Dropped bytes error (maybe fixed)    : 0
        Duplicated bytes error (maybe fixed) : 0

Track 11

    CRC32 hash             : 36F3FA11
    CRC32 hash (skip zero) : 8C0E3223
    AccurateRip signature  : 80A850DF
        ->Accurately ripped! (confidence 6)
    Statistics
        Read error                           : 0
        Skipped (treated as error)           : 0
        Edge jitter error (maybe fixed)      : 0
        Atom jitter error (maybe fixed)      : 0
        Drift error (maybe fixed)            : 0
        Dropped bytes error (maybe fixed)    : 0
        Duplicated bytes error (maybe fixed) : 0

Track 12
    Pre-gap length : 00:00:28

    CRC32 hash             : D46022B2
    CRC32 hash (skip zero) : C15DAB73
    AccurateRip signature  : C2ED570D
        ->Accurately ripped! (confidence 6)
    Statistics
        Read error                           : 0
        Skipped (treated as error)           : 0
        Edge jitter error (maybe fixed)      : 0
        Atom jitter error (maybe fixed)      : 0
        Drift error (maybe fixed)            : 0
        Dropped bytes error (maybe fixed)    : 0
        Duplicated bytes error (maybe fixed) : 0

Track 13
    Pre-gap length : 00:05:15

    CRC32 hash             : 4565BC69
    CRC32 hash (skip zero) : C09A1C38
    AccurateRip signature  : E56789E7
        ->Accurately ripped! (confidence 6)
    Statistics
        Read error                           : 0
        Skipped (treated as error)           : 0
        Edge jitter error (maybe fixed)      : 0
        Atom jitter error (maybe fixed)      : 0
        Drift error (maybe fixed)            : 0
        Dropped bytes error (maybe fixed)    : 0
        Duplicated bytes error (maybe fixed) : 0

Track 14
    Pre-gap length : 00:08:26

    CRC32 hash             : 52BF3351
    CRC32 hash (skip zero) : 190BFF7F
    AccurateRip signature  : 1D8479FA
        ->Accurately ripped! (confidence 6)
    Statistics
        Read error                           : 0
        Skipped (treated as error)           : 0
        Edge jitter error (maybe fixed)      : 0
        Atom jitter error (maybe fixed)      : 0
        Drift error (maybe fixed)            : 0
        Dropped bytes error (maybe fixed)    : 0
        Duplicated bytes error (maybe fixed) : 0

No errors occurred

End of status report
