X Lossless Decoder version 20110417 (131.0)

XLD extraction logfile from 2011-05-03 06:45:41 +0900

The Raspberries / Raspberries' Best Featuring Eric Carmen

Used drive : MATSHITA DVD-R   UJ-868 (revision KB19)

Ripper mode             : CDParanoia III 10.2
Disable audio cache     : OK for the drive with a cache less than 2750KiB
Make use of C2 pointers : NO
Read offset correction  : 102
Max retry count         : 100
Gap status              : Analyzed, Appended

TOC of the extracted CD
     Track |   Start  |  Length  | Start sector | End sector 
    ---------------------------------------------------------
        1  | 00:00:00 | 03:18:40 |         0    |    14889   
        2  | 03:18:40 | 03:38:45 |     14890    |    31284   
        3  | 06:57:10 | 03:34:65 |     31285    |    47399   
        4  | 10:32:00 | 03:06:47 |     47400    |    61396   
        5  | 13:38:47 | 08:00:65 |     61397    |    97461   
        6  | 21:39:37 | 05:26:63 |     97462    |   121974   
        7  | 27:06:25 | 03:40:37 |    121975    |   138511   
        8  | 30:46:62 | 03:01:25 |    138512    |   152111   
        9  | 33:48:12 | 04:09:38 |    152112    |   170824   
       10  | 37:57:50 | 05:04:72 |    170825    |   193696   

List of alternate offset correction values
        #  | Absolute | Relative | Confidence 
    ------------------------------------------
        1  |    118   |     16   |      1     

AccurateRip Summary
    Track 01 : NG
    Track 02 : NG
    Track 03 : NG
    Track 04 : NG
    Track 05 : NG
    Track 06 : NG
    Track 07 : NG
    Track 08 : NG
    Track 09 : NG
    Track 10 : OK (confidence 1, with different offset)
        ->1 track(s) accurately ripped, 9 track(s) not, 0 track(s) not found

All Tracks
    Filename : /Users/m4c/Public/flac/Raspberries' Best Featuring Eric Carmen.flac
    CRC32 hash             : BDC70828
    CRC32 hash (skip zero) : 0AD42701
    Statistics
        Read error                           : 0
        Skipped (treated as error)           : 0
        Edge jitter error (maybe fixed)      : 0
        Atom jitter error (maybe fixed)      : 0
        Drift error (maybe fixed)            : 0
        Dropped bytes error (maybe fixed)    : 0
        Duplicated bytes error (maybe fixed) : 0

Track 01
    Pre-gap length : 00:02:00

    CRC32 hash             : 2F6FE084
    CRC32 hash (skip zero) : 0F2F84D6
    AccurateRip signature  : 3BA303C0
        ->Rip may not be accurate.
    Statistics
        Read error                           : 0
        Skipped (treated as error)           : 0
        Edge jitter error (maybe fixed)      : 0
        Atom jitter error (maybe fixed)      : 0
        Drift error (maybe fixed)            : 0
        Dropped bytes error (maybe fixed)    : 0
        Duplicated bytes error (maybe fixed) : 0

Track 02

    CRC32 hash             : 7E7D6FA8
    CRC32 hash (skip zero) : B41EE27A
    AccurateRip signature  : BE9B4B19
        ->Rip may not be accurate.
    Statistics
        Read error                           : 0
        Skipped (treated as error)           : 0
        Edge jitter error (maybe fixed)      : 0
        Atom jitter error (maybe fixed)      : 0
        Drift error (maybe fixed)            : 0
        Dropped bytes error (maybe fixed)    : 0
        Duplicated bytes error (maybe fixed) : 0

Track 03

    CRC32 hash             : F595A124
    CRC32 hash (skip zero) : 1D091A11
    AccurateRip signature  : BAB87309
        ->Rip may not be accurate.
    Statistics
        Read error                           : 0
        Skipped (treated as error)           : 0
        Edge jitter error (maybe fixed)      : 0
        Atom jitter error (maybe fixed)      : 0
        Drift error (maybe fixed)            : 0
        Dropped bytes error (maybe fixed)    : 0
        Duplicated bytes error (maybe fixed) : 0

Track 04

    CRC32 hash             : 80C0F6FD
    CRC32 hash (skip zero) : 209BFCEE
    AccurateRip signature  : 61F7750E
        ->Rip may not be accurate.
    Statistics
        Read error                           : 0
        Skipped (treated as error)           : 0
        Edge jitter error (maybe fixed)      : 0
        Atom jitter error (maybe fixed)      : 0
        Drift error (maybe fixed)            : 0
        Dropped bytes error (maybe fixed)    : 0
        Duplicated bytes error (maybe fixed) : 0

Track 05

    CRC32 hash             : 40EF4AC4
    CRC32 hash (skip zero) : 28F21198
    AccurateRip signature  : 60869B45
        ->Rip may not be accurate.
    Statistics
        Read error                           : 0
        Skipped (treated as error)           : 0
        Edge jitter error (maybe fixed)      : 0
        Atom jitter error (maybe fixed)      : 0
        Drift error (maybe fixed)            : 0
        Dropped bytes error (maybe fixed)    : 0
        Duplicated bytes error (maybe fixed) : 0

Track 06
    Pre-gap length : 00:02:03

    CRC32 hash             : E4B0F1D4
    CRC32 hash (skip zero) : 096AAFB5
    AccurateRip signature  : B7387759
        ->Rip may not be accurate.
    Statistics
        Read error                           : 0
        Skipped (treated as error)           : 0
        Edge jitter error (maybe fixed)      : 0
        Atom jitter error (maybe fixed)      : 0
        Drift error (maybe fixed)            : 0
        Dropped bytes error (maybe fixed)    : 0
        Duplicated bytes error (maybe fixed) : 0

Track 07
    Pre-gap length : 00:01:02

    CRC32 hash             : 6E69F55F
    CRC32 hash (skip zero) : 4FB3A6B0
    AccurateRip signature  : FA8FF5DB
        ->Rip may not be accurate.
    Statistics
        Read error                           : 0
        Skipped (treated as error)           : 0
        Edge jitter error (maybe fixed)      : 0
        Atom jitter error (maybe fixed)      : 0
        Drift error (maybe fixed)            : 0
        Dropped bytes error (maybe fixed)    : 0
        Duplicated bytes error (maybe fixed) : 0

Track 08
    Pre-gap length : 00:01:02

    CRC32 hash             : CE7B445A
    CRC32 hash (skip zero) : 11B439D7
    AccurateRip signature  : EE59C032
        ->Rip may not be accurate.
    Statistics
        Read error                           : 0
        Skipped (treated as error)           : 0
        Edge jitter error (maybe fixed)      : 0
        Atom jitter error (maybe fixed)      : 0
        Drift error (maybe fixed)            : 0
        Dropped bytes error (maybe fixed)    : 0
        Duplicated bytes error (maybe fixed) : 0

Track 09
    Pre-gap length : 00:02:03

    CRC32 hash             : 091AB858
    CRC32 hash (skip zero) : 4756ABB4
    AccurateRip signature  : 090EB4E9
        ->Rip may not be accurate.
    Statistics
        Read error                           : 0
        Skipped (treated as error)           : 0
        Edge jitter error (maybe fixed)      : 0
        Atom jitter error (maybe fixed)      : 0
        Drift error (maybe fixed)            : 0
        Dropped bytes error (maybe fixed)    : 0
        Duplicated bytes error (maybe fixed) : 0

Track 10
    Pre-gap length : 00:02:03

    CRC32 hash             : 32C8363D
    CRC32 hash (skip zero) : 7DF88237
    AccurateRip signature  : 07C1B742
        ->Accurately ripped! (confidence 1)
          (matched with the different offset correction value;
           calculated using an additional offset of 16;
           the signature after correction is: 2AB5AD6A)
    Statistics
        Read error                           : 0
        Skipped (treated as error)           : 0
        Edge jitter error (maybe fixed)      : 0
        Atom jitter error (maybe fixed)      : 0
        Drift error (maybe fixed)            : 0
        Dropped bytes error (maybe fixed)    : 0
        Duplicated bytes error (maybe fixed) : 0

No errors occurred

End of status report
