X Lossless Decoder version 20110417 (131.0)

XLD extraction logfile from 2011-05-03 07:35:27 +0900

Round Table featuring Nino / April

Used drive : MATSHITA DVD-R   UJ-868 (revision KB19)

Ripper mode             : CDParanoia III 10.2
Disable audio cache     : OK for the drive with a cache less than 2750KiB
Make use of C2 pointers : NO
Read offset correction  : 102
Max retry count         : 100
Gap status              : Analyzed, Appended

TOC of the extracted CD
     Track |   Start  |  Length  | Start sector | End sector 
    ---------------------------------------------------------
        1  | 00:00:00 | 04:29:48 |         0    |    20222   
        2  | 04:29:48 | 04:16:42 |     20223    |    39464   
        3  | 08:46:15 | 04:10:50 |     39465    |    58264   
        4  | 12:56:65 | 04:02:10 |     58265    |    76424   
        5  | 16:59:00 | 01:46:03 |     76425    |    84377   
        6  | 18:45:03 | 04:08:50 |     84378    |   103027   
        7  | 22:53:53 | 02:57:07 |    103028    |   116309   
        8  | 25:50:60 | 05:40:50 |    116310    |   141859   
        9  | 31:31:35 | 05:12:65 |    141860    |   165324   
       10  | 36:44:25 | 04:41:48 |    165325    |   186447   
       11  | 41:25:73 | 04:56:00 |    186448    |   208647   
       12  | 46:21:73 | 04:31:45 |    208648    |   229017   

AccurateRip Summary
    Track 01 : OK (confidence 4)
    Track 02 : OK (confidence 4)
    Track 03 : OK (confidence 4)
    Track 04 : OK (confidence 4)
    Track 05 : OK (confidence 4)
    Track 06 : OK (confidence 4)
    Track 07 : OK (confidence 4)
    Track 08 : OK (confidence 4)
    Track 09 : OK (confidence 4)
    Track 10 : OK (confidence 4)
    Track 11 : OK (confidence 4)
    Track 12 : OK (confidence 4)
        ->All tracks accurately ripped.

All Tracks
    Filename : /Users/m4c/Public/flac/April.flac
    CRC32 hash             : 363E37FB
    CRC32 hash (skip zero) : 9E4C9201
    Statistics
        Read error                           : 0
        Skipped (treated as error)           : 0
        Edge jitter error (maybe fixed)      : 0
        Atom jitter error (maybe fixed)      : 0
        Drift error (maybe fixed)            : 0
        Dropped bytes error (maybe fixed)    : 0
        Duplicated bytes error (maybe fixed) : 0

Track 01
    Pre-gap length : 00:02:00

    CRC32 hash             : D352697B
    CRC32 hash (skip zero) : 0B9E8D3D
    AccurateRip signature  : EE11ADF5
        ->Accurately ripped! (confidence 4)
    Statistics
        Read error                           : 0
        Skipped (treated as error)           : 0
        Edge jitter error (maybe fixed)      : 0
        Atom jitter error (maybe fixed)      : 0
        Drift error (maybe fixed)            : 0
        Dropped bytes error (maybe fixed)    : 0
        Duplicated bytes error (maybe fixed) : 0

Track 02

    CRC32 hash             : 9BBAF53C
    CRC32 hash (skip zero) : 7BC6C308
    AccurateRip signature  : 992CBE71
        ->Accurately ripped! (confidence 4)
    Statistics
        Read error                           : 0
        Skipped (treated as error)           : 0
        Edge jitter error (maybe fixed)      : 0
        Atom jitter error (maybe fixed)      : 0
        Drift error (maybe fixed)            : 0
        Dropped bytes error (maybe fixed)    : 0
        Duplicated bytes error (maybe fixed) : 0

Track 03

    CRC32 hash             : 9433700B
    CRC32 hash (skip zero) : 8CF6C85A
    AccurateRip signature  : 66916215
        ->Accurately ripped! (confidence 4)
    Statistics
        Read error                           : 0
        Skipped (treated as error)           : 0
        Edge jitter error (maybe fixed)      : 0
        Atom jitter error (maybe fixed)      : 0
        Drift error (maybe fixed)            : 0
        Dropped bytes error (maybe fixed)    : 0
        Duplicated bytes error (maybe fixed) : 0

Track 04

    CRC32 hash             : F25A1DB1
    CRC32 hash (skip zero) : 9C2D196C
    AccurateRip signature  : 57929EEF
        ->Accurately ripped! (confidence 4)
    Statistics
        Read error                           : 0
        Skipped (treated as error)           : 0
        Edge jitter error (maybe fixed)      : 0
        Atom jitter error (maybe fixed)      : 0
        Drift error (maybe fixed)            : 0
        Dropped bytes error (maybe fixed)    : 0
        Duplicated bytes error (maybe fixed) : 0

Track 05

    CRC32 hash             : 73857237
    CRC32 hash (skip zero) : 4D7F72A4
    AccurateRip signature  : E970C2A1
        ->Accurately ripped! (confidence 4)
    Statistics
        Read error                           : 0
        Skipped (treated as error)           : 0
        Edge jitter error (maybe fixed)      : 0
        Atom jitter error (maybe fixed)      : 0
        Drift error (maybe fixed)            : 0
        Dropped bytes error (maybe fixed)    : 0
        Duplicated bytes error (maybe fixed) : 0

Track 06
    Pre-gap length : 00:00:37

    CRC32 hash             : FB674AF9
    CRC32 hash (skip zero) : 6A6E32F8
    AccurateRip signature  : 15FD8686
        ->Accurately ripped! (confidence 4)
    Statistics
        Read error                           : 0
        Skipped (treated as error)           : 0
        Edge jitter error (maybe fixed)      : 0
        Atom jitter error (maybe fixed)      : 0
        Drift error (maybe fixed)            : 0
        Dropped bytes error (maybe fixed)    : 0
        Duplicated bytes error (maybe fixed) : 0

Track 07

    CRC32 hash             : 9FC3FEDE
    CRC32 hash (skip zero) : 4202BD4C
    AccurateRip signature  : 4BF4E07A
        ->Accurately ripped! (confidence 4)
    Statistics
        Read error                           : 0
        Skipped (treated as error)           : 0
        Edge jitter error (maybe fixed)      : 0
        Atom jitter error (maybe fixed)      : 0
        Drift error (maybe fixed)            : 0
        Dropped bytes error (maybe fixed)    : 0
        Duplicated bytes error (maybe fixed) : 0

Track 08
    Pre-gap length : 00:00:36

    CRC32 hash             : 518AE08C
    CRC32 hash (skip zero) : ADFCDC7A
    AccurateRip signature  : D6252448
        ->Accurately ripped! (confidence 4)
    Statistics
        Read error                           : 0
        Skipped (treated as error)           : 0
        Edge jitter error (maybe fixed)      : 0
        Atom jitter error (maybe fixed)      : 0
        Drift error (maybe fixed)            : 0
        Dropped bytes error (maybe fixed)    : 0
        Duplicated bytes error (maybe fixed) : 0

Track 09
    Pre-gap length : 00:02:36

    CRC32 hash             : B794A788
    CRC32 hash (skip zero) : 412F29DC
    AccurateRip signature  : 469CFFF4
        ->Accurately ripped! (confidence 4)
    Statistics
        Read error                           : 0
        Skipped (treated as error)           : 0
        Edge jitter error (maybe fixed)      : 0
        Atom jitter error (maybe fixed)      : 0
        Drift error (maybe fixed)            : 0
        Dropped bytes error (maybe fixed)    : 0
        Duplicated bytes error (maybe fixed) : 0

Track 10
    Pre-gap length : 00:00:36

    CRC32 hash             : 5EBE0D6E
    CRC32 hash (skip zero) : BCBC037E
    AccurateRip signature  : DB80CF98
        ->Accurately ripped! (confidence 4)
    Statistics
        Read error                           : 0
        Skipped (treated as error)           : 0
        Edge jitter error (maybe fixed)      : 0
        Atom jitter error (maybe fixed)      : 0
        Drift error (maybe fixed)            : 0
        Dropped bytes error (maybe fixed)    : 0
        Duplicated bytes error (maybe fixed) : 0

Track 11
    Pre-gap length : 00:01:37

    CRC32 hash             : DABA0DDC
    CRC32 hash (skip zero) : 54085D76
    AccurateRip signature  : 333BAF89
        ->Accurately ripped! (confidence 4)
    Statistics
        Read error                           : 0
        Skipped (treated as error)           : 0
        Edge jitter error (maybe fixed)      : 0
        Atom jitter error (maybe fixed)      : 0
        Drift error (maybe fixed)            : 0
        Dropped bytes error (maybe fixed)    : 0
        Duplicated bytes error (maybe fixed) : 0

Track 12
    Pre-gap length : 00:05:37

    CRC32 hash             : 676E1E87
    CRC32 hash (skip zero) : B6933907
    AccurateRip signature  : AABCC8A2
        ->Accurately ripped! (confidence 4)
    Statistics
        Read error                           : 0
        Skipped (treated as error)           : 0
        Edge jitter error (maybe fixed)      : 0
        Atom jitter error (maybe fixed)      : 0
        Drift error (maybe fixed)            : 0
        Dropped bytes error (maybe fixed)    : 0
        Duplicated bytes error (maybe fixed) : 0

No errors occurred

End of status report
