X Lossless Decoder version 20110417 (131.0)

XLD extraction logfile from 2011-04-18 05:45:53 +0900

Tomofumi Tanizawa / まぼろし時計

Used drive : HL-DT-ST BD-RE  BH10NS30 (revision EL00)

Ripper mode             : CDParanoia III 10.2
Disable audio cache     : OK for the drive with a cache less than 2750KiB
Make use of C2 pointers : NO
Read offset correction  : 667
Max retry count         : 100
Gap status              : Analyzed, Appended

TOC of the extracted CD
     Track |   Start  |  Length  | Start sector | End sector 
    ---------------------------------------------------------
        1  | 00:00:00 | 03:24:57 |         0    |    15356   
        2  | 03:24:57 | 03:56:53 |     15357    |    33109   
        3  | 07:21:35 | 04:09:17 |     33110    |    51801   
        4  | 11:30:52 | 04:44:51 |     51802    |    73152   
        5  | 16:15:28 | 04:18:17 |     73153    |    92519   
        6  | 20:33:45 | 03:20:64 |     92520    |   107583   
        7  | 23:54:34 | 04:15:37 |    107584    |   126745   
        8  | 28:09:71 | 03:53:02 |    126746    |   144222   
        9  | 32:02:73 | 02:02:11 |    144223    |   153383   
       10  | 34:05:09 | 03:54:30 |    153384    |   170963   
       11  | 37:59:39 | 04:01:56 |    170964    |   189094   
       12  | 42:01:20 | 00:32:56 |    189095    |   191550   
       13  | 42:34:01 | 04:58:03 |    191551    |   213903   

AccurateRip Summary
    Disc not found in AccurateRip DB.

All Tracks
    Filename : /Users/angelicalbite/Music/flac/まぼろし時計.flac
    CRC32 hash             : 14886E23
    CRC32 hash (skip zero) : 35040A9A
    Statistics
        Read error                           : 0
        Skipped (treated as error)           : 0
        Edge jitter error (maybe fixed)      : 0
        Atom jitter error (maybe fixed)      : 0
        Drift error (maybe fixed)            : 0
        Dropped bytes error (maybe fixed)    : 0
        Duplicated bytes error (maybe fixed) : 0

Track 01
    Pre-gap length : 00:02:00

    CRC32 hash             : 7662BCE3
    CRC32 hash (skip zero) : FFF6A791
    AccurateRip signature  : D30751F7
        ->Track not present in AccurateRip database.
    Statistics
        Read error                           : 0
        Skipped (treated as error)           : 0
        Edge jitter error (maybe fixed)      : 0
        Atom jitter error (maybe fixed)      : 0
        Drift error (maybe fixed)            : 0
        Dropped bytes error (maybe fixed)    : 0
        Duplicated bytes error (maybe fixed) : 0

Track 02
    Pre-gap length : 00:01:39

    CRC32 hash             : E6F0EC99
    CRC32 hash (skip zero) : 0E9DDB4A
    AccurateRip signature  : CFB20B8F
        ->Track not present in AccurateRip database.
    Statistics
        Read error                           : 0
        Skipped (treated as error)           : 0
        Edge jitter error (maybe fixed)      : 0
        Atom jitter error (maybe fixed)      : 0
        Drift error (maybe fixed)            : 0
        Dropped bytes error (maybe fixed)    : 0
        Duplicated bytes error (maybe fixed) : 0

Track 03
    Pre-gap length : 00:01:38

    CRC32 hash             : 5D491784
    CRC32 hash (skip zero) : 4359EFB2
    AccurateRip signature  : E1904328
        ->Track not present in AccurateRip database.
    Statistics
        Read error                           : 0
        Skipped (treated as error)           : 0
        Edge jitter error (maybe fixed)      : 0
        Atom jitter error (maybe fixed)      : 0
        Drift error (maybe fixed)            : 0
        Dropped bytes error (maybe fixed)    : 0
        Duplicated bytes error (maybe fixed) : 0

Track 04
    Pre-gap length : 00:02:01

    CRC32 hash             : D2E5BD47
    CRC32 hash (skip zero) : 9057F226
    AccurateRip signature  : 74167F0A
        ->Track not present in AccurateRip database.
    Statistics
        Read error                           : 0
        Skipped (treated as error)           : 0
        Edge jitter error (maybe fixed)      : 0
        Atom jitter error (maybe fixed)      : 0
        Drift error (maybe fixed)            : 0
        Dropped bytes error (maybe fixed)    : 0
        Duplicated bytes error (maybe fixed) : 0

Track 05
    Pre-gap length : 00:02:01

    CRC32 hash             : 6C00AF08
    CRC32 hash (skip zero) : A074A68F
    AccurateRip signature  : 4B1109D2
        ->Track not present in AccurateRip database.
    Statistics
        Read error                           : 0
        Skipped (treated as error)           : 0
        Edge jitter error (maybe fixed)      : 0
        Atom jitter error (maybe fixed)      : 0
        Drift error (maybe fixed)            : 0
        Dropped bytes error (maybe fixed)    : 0
        Duplicated bytes error (maybe fixed) : 0

Track 06
    Pre-gap length : 00:01:38

    CRC32 hash             : 5B968353
    CRC32 hash (skip zero) : B393B4B5
    AccurateRip signature  : 0A5767D7
        ->Track not present in AccurateRip database.
    Statistics
        Read error                           : 0
        Skipped (treated as error)           : 0
        Edge jitter error (maybe fixed)      : 0
        Atom jitter error (maybe fixed)      : 0
        Drift error (maybe fixed)            : 0
        Dropped bytes error (maybe fixed)    : 0
        Duplicated bytes error (maybe fixed) : 0

Track 07
    Pre-gap length : 00:02:39

    CRC32 hash             : 9B067175
    CRC32 hash (skip zero) : 1F0A296D
    AccurateRip signature  : C78681FA
        ->Track not present in AccurateRip database.
    Statistics
        Read error                           : 0
        Skipped (treated as error)           : 0
        Edge jitter error (maybe fixed)      : 0
        Atom jitter error (maybe fixed)      : 0
        Drift error (maybe fixed)            : 0
        Dropped bytes error (maybe fixed)    : 0
        Duplicated bytes error (maybe fixed) : 0

Track 08
    Pre-gap length : 00:01:01

    CRC32 hash             : 27B719E0
    CRC32 hash (skip zero) : B266E7A6
    AccurateRip signature  : 9D8F0ECE
        ->Track not present in AccurateRip database.
    Statistics
        Read error                           : 0
        Skipped (treated as error)           : 0
        Edge jitter error (maybe fixed)      : 0
        Atom jitter error (maybe fixed)      : 0
        Drift error (maybe fixed)            : 0
        Dropped bytes error (maybe fixed)    : 0
        Duplicated bytes error (maybe fixed) : 0

Track 09
    Pre-gap length : 00:02:39

    CRC32 hash             : 0A4B70CC
    CRC32 hash (skip zero) : B72F1A2C
    AccurateRip signature  : 6660C786
        ->Track not present in AccurateRip database.
    Statistics
        Read error                           : 0
        Skipped (treated as error)           : 0
        Edge jitter error (maybe fixed)      : 0
        Atom jitter error (maybe fixed)      : 0
        Drift error (maybe fixed)            : 0
        Dropped bytes error (maybe fixed)    : 0
        Duplicated bytes error (maybe fixed) : 0

Track 10

    CRC32 hash             : 1333AC88
    CRC32 hash (skip zero) : 3BDB834E
    AccurateRip signature  : 1E7AD572
        ->Track not present in AccurateRip database.
    Statistics
        Read error                           : 0
        Skipped (treated as error)           : 0
        Edge jitter error (maybe fixed)      : 0
        Atom jitter error (maybe fixed)      : 0
        Drift error (maybe fixed)            : 0
        Dropped bytes error (maybe fixed)    : 0
        Duplicated bytes error (maybe fixed) : 0

Track 11
    Pre-gap length : 00:02:01

    CRC32 hash             : 5E2787FF
    CRC32 hash (skip zero) : 21DA5747
    AccurateRip signature  : 94885EE9
        ->Track not present in AccurateRip database.
    Statistics
        Read error                           : 0
        Skipped (treated as error)           : 0
        Edge jitter error (maybe fixed)      : 0
        Atom jitter error (maybe fixed)      : 0
        Drift error (maybe fixed)            : 0
        Dropped bytes error (maybe fixed)    : 0
        Duplicated bytes error (maybe fixed) : 0

Track 12
    Pre-gap length : 00:02:38

    CRC32 hash             : ACF36D02
    CRC32 hash (skip zero) : E9B1120B
    AccurateRip signature  : 3B72FEC4
        ->Track not present in AccurateRip database.
    Statistics
        Read error                           : 0
        Skipped (treated as error)           : 0
        Edge jitter error (maybe fixed)      : 0
        Atom jitter error (maybe fixed)      : 0
        Drift error (maybe fixed)            : 0
        Dropped bytes error (maybe fixed)    : 0
        Duplicated bytes error (maybe fixed) : 0

Track 13

    CRC32 hash             : 02ED5D65
    CRC32 hash (skip zero) : 791B93E2
    AccurateRip signature  : D065661E
        ->Track not present in AccurateRip database.
    Statistics
        Read error                           : 0
        Skipped (treated as error)           : 0
        Edge jitter error (maybe fixed)      : 0
        Atom jitter error (maybe fixed)      : 0
        Drift error (maybe fixed)            : 0
        Dropped bytes error (maybe fixed)    : 0
        Duplicated bytes error (maybe fixed) : 0

No errors occurred

End of status report
