X Lossless Decoder version 20110417 (131.0)

XLD extraction logfile from 2011-04-30 16:48:49 +0900

Flipper's Guitar / on PLEASURE BENT

Used drive : MATSHITA DVD-R   UJ-868 (revision KB19)

Ripper mode             : CDParanoia III 10.2
Disable audio cache     : OK for the drive with a cache less than 2750KiB
Make use of C2 pointers : NO
Read offset correction  : 102
Max retry count         : 100
Gap status              : Analyzed, Appended

TOC of the extracted CD
     Track |   Start  |  Length  | Start sector | End sector 
    ---------------------------------------------------------
        1  | 00:00:37 | 04:30:55 |        37    |    20341   
        2  | 04:31:17 | 04:58:13 |     20342    |    42704   
        3  | 09:29:30 | 03:31:12 |     42705    |    58541   
        4  | 13:00:42 | 05:28:65 |     58542    |    83206   
        5  | 18:29:32 | 04:36:13 |     83207    |   103919   
        6  | 23:05:45 | 02:16:22 |    103920    |   114141   
        7  | 25:21:67 | 04:55:40 |    114142    |   136306   
        8  | 30:17:32 | 05:41:30 |    136307    |   161911   
        9  | 35:58:62 | 03:46:30 |    161912    |   178891   
       10  | 39:45:17 | 03:20:28 |    178892    |   193919   
       11  | 43:05:45 | 03:13:27 |    193920    |   208421   
       12  | 46:18:72 | 07:27:45 |    208422    |   241991   
       13  | 53:46:42 | 06:32:10 |    241992    |   271401   
       14  | 60:18:52 | 05:00:73 |    271402    |   293974   

AccurateRip Summary
    Track 01 : OK (confidence 3)
    Track 02 : OK (confidence 3)
    Track 03 : OK (confidence 3)
    Track 04 : OK (confidence 3)
    Track 05 : OK (confidence 3)
    Track 06 : OK (confidence 3)
    Track 07 : OK (confidence 3)
    Track 08 : OK (confidence 3)
    Track 09 : OK (confidence 3)
    Track 10 : OK (confidence 3)
    Track 11 : OK (confidence 3)
    Track 12 : OK (confidence 3)
    Track 13 : OK (confidence 3)
    Track 14 : OK (confidence 3)
        ->All tracks accurately ripped.

All Tracks
    Filename : /Users/m4c/Public/flac/on PLEASURE BENT.flac
    CRC32 hash             : E5FE86A5
    CRC32 hash (skip zero) : 39663E06
    Statistics
        Read error                           : 0
        Skipped (treated as error)           : 0
        Edge jitter error (maybe fixed)      : 0
        Atom jitter error (maybe fixed)      : 0
        Drift error (maybe fixed)            : 0
        Dropped bytes error (maybe fixed)    : 0
        Duplicated bytes error (maybe fixed) : 0

Track 01
    Pre-gap length : 00:02:37

    CRC32 hash             : 446C0812
    CRC32 hash (skip zero) : 60262800
    AccurateRip signature  : 65D6BFCC
        ->Accurately ripped! (confidence 3)
    Statistics
        Read error                           : 0
        Skipped (treated as error)           : 0
        Edge jitter error (maybe fixed)      : 0
        Atom jitter error (maybe fixed)      : 0
        Drift error (maybe fixed)            : 0
        Dropped bytes error (maybe fixed)    : 0
        Duplicated bytes error (maybe fixed) : 0

Track 02

    CRC32 hash             : E8E07C77
    CRC32 hash (skip zero) : 53612CB3
    AccurateRip signature  : C6487590
        ->Accurately ripped! (confidence 3)
    Statistics
        Read error                           : 0
        Skipped (treated as error)           : 0
        Edge jitter error (maybe fixed)      : 0
        Atom jitter error (maybe fixed)      : 0
        Drift error (maybe fixed)            : 0
        Dropped bytes error (maybe fixed)    : 0
        Duplicated bytes error (maybe fixed) : 0

Track 03

    CRC32 hash             : C46BAEDB
    CRC32 hash (skip zero) : 32FABACC
    AccurateRip signature  : 20238F2D
        ->Accurately ripped! (confidence 3)
    Statistics
        Read error                           : 0
        Skipped (treated as error)           : 0
        Edge jitter error (maybe fixed)      : 0
        Atom jitter error (maybe fixed)      : 0
        Drift error (maybe fixed)            : 0
        Dropped bytes error (maybe fixed)    : 0
        Duplicated bytes error (maybe fixed) : 0

Track 04

    CRC32 hash             : 5209F35C
    CRC32 hash (skip zero) : 8DB4A23E
    AccurateRip signature  : 47A6FB88
        ->Accurately ripped! (confidence 3)
    Statistics
        Read error                           : 0
        Skipped (treated as error)           : 0
        Edge jitter error (maybe fixed)      : 0
        Atom jitter error (maybe fixed)      : 0
        Drift error (maybe fixed)            : 0
        Dropped bytes error (maybe fixed)    : 0
        Duplicated bytes error (maybe fixed) : 0

Track 05

    CRC32 hash             : C0228C31
    CRC32 hash (skip zero) : EA6DFE54
    AccurateRip signature  : 86D6A81E
        ->Accurately ripped! (confidence 3)
    Statistics
        Read error                           : 0
        Skipped (treated as error)           : 0
        Edge jitter error (maybe fixed)      : 0
        Atom jitter error (maybe fixed)      : 0
        Drift error (maybe fixed)            : 0
        Dropped bytes error (maybe fixed)    : 0
        Duplicated bytes error (maybe fixed) : 0

Track 06

    CRC32 hash             : 441486E9
    CRC32 hash (skip zero) : 6B726D81
    AccurateRip signature  : 7FC28529
        ->Accurately ripped! (confidence 3)
    Statistics
        Read error                           : 0
        Skipped (treated as error)           : 0
        Edge jitter error (maybe fixed)      : 0
        Atom jitter error (maybe fixed)      : 0
        Drift error (maybe fixed)            : 0
        Dropped bytes error (maybe fixed)    : 0
        Duplicated bytes error (maybe fixed) : 0

Track 07

    CRC32 hash             : 5A4280A5
    CRC32 hash (skip zero) : 2596622D
    AccurateRip signature  : EADFF75F
        ->Accurately ripped! (confidence 3)
    Statistics
        Read error                           : 0
        Skipped (treated as error)           : 0
        Edge jitter error (maybe fixed)      : 0
        Atom jitter error (maybe fixed)      : 0
        Drift error (maybe fixed)            : 0
        Dropped bytes error (maybe fixed)    : 0
        Duplicated bytes error (maybe fixed) : 0

Track 08

    CRC32 hash             : 5779A97D
    CRC32 hash (skip zero) : AD00FCB7
    AccurateRip signature  : F6ADEDD1
        ->Accurately ripped! (confidence 3)
    Statistics
        Read error                           : 0
        Skipped (treated as error)           : 0
        Edge jitter error (maybe fixed)      : 0
        Atom jitter error (maybe fixed)      : 0
        Drift error (maybe fixed)            : 0
        Dropped bytes error (maybe fixed)    : 0
        Duplicated bytes error (maybe fixed) : 0

Track 09

    CRC32 hash             : 589743A1
    CRC32 hash (skip zero) : D670FB83
    AccurateRip signature  : C99A522A
        ->Accurately ripped! (confidence 3)
    Statistics
        Read error                           : 0
        Skipped (treated as error)           : 0
        Edge jitter error (maybe fixed)      : 0
        Atom jitter error (maybe fixed)      : 0
        Drift error (maybe fixed)            : 0
        Dropped bytes error (maybe fixed)    : 0
        Duplicated bytes error (maybe fixed) : 0

Track 10

    CRC32 hash             : 19E56F01
    CRC32 hash (skip zero) : F497E243
    AccurateRip signature  : ABB06C58
        ->Accurately ripped! (confidence 3)
    Statistics
        Read error                           : 0
        Skipped (treated as error)           : 0
        Edge jitter error (maybe fixed)      : 0
        Atom jitter error (maybe fixed)      : 0
        Drift error (maybe fixed)            : 0
        Dropped bytes error (maybe fixed)    : 0
        Duplicated bytes error (maybe fixed) : 0

Track 11

    CRC32 hash             : 9A7EDCD6
    CRC32 hash (skip zero) : 8EDBC28E
    AccurateRip signature  : 185BCDFC
        ->Accurately ripped! (confidence 3)
    Statistics
        Read error                           : 0
        Skipped (treated as error)           : 0
        Edge jitter error (maybe fixed)      : 0
        Atom jitter error (maybe fixed)      : 0
        Drift error (maybe fixed)            : 0
        Dropped bytes error (maybe fixed)    : 0
        Duplicated bytes error (maybe fixed) : 0

Track 12

    CRC32 hash             : 8A22A9E9
    CRC32 hash (skip zero) : 0D7AC514
    AccurateRip signature  : 8DC0E749
        ->Accurately ripped! (confidence 3)
    Statistics
        Read error                           : 0
        Skipped (treated as error)           : 0
        Edge jitter error (maybe fixed)      : 0
        Atom jitter error (maybe fixed)      : 0
        Drift error (maybe fixed)            : 0
        Dropped bytes error (maybe fixed)    : 0
        Duplicated bytes error (maybe fixed) : 0

Track 13

    CRC32 hash             : 7404428E
    CRC32 hash (skip zero) : 31E93166
    AccurateRip signature  : FA5060BA
        ->Accurately ripped! (confidence 3)
    Statistics
        Read error                           : 0
        Skipped (treated as error)           : 0
        Edge jitter error (maybe fixed)      : 0
        Atom jitter error (maybe fixed)      : 0
        Drift error (maybe fixed)            : 0
        Dropped bytes error (maybe fixed)    : 0
        Duplicated bytes error (maybe fixed) : 0

Track 14

    CRC32 hash             : 0B5863D7
    CRC32 hash (skip zero) : 890A4401
    AccurateRip signature  : 55B453E6
        ->Accurately ripped! (confidence 3)
    Statistics
        Read error                           : 0
        Skipped (treated as error)           : 0
        Edge jitter error (maybe fixed)      : 0
        Atom jitter error (maybe fixed)      : 0
        Drift error (maybe fixed)            : 0
        Dropped bytes error (maybe fixed)    : 0
        Duplicated bytes error (maybe fixed) : 0

No errors occurred

End of status report
