X Lossless Decoder version 20110417 (131.0)

XLD extraction logfile from 2011-04-30 23:48:36 +0900

The Indigo / Song is Love

Used drive : MATSHITA DVD-R   UJ-868 (revision KB19)

Ripper mode             : CDParanoia III 10.2
Disable audio cache     : OK for the drive with a cache less than 2750KiB
Make use of C2 pointers : NO
Read offset correction  : 102
Max retry count         : 100
Gap status              : Analyzed, Appended

TOC of the extracted CD
     Track |   Start  |  Length  | Start sector | End sector 
    ---------------------------------------------------------
        1  | 00:00:00 | 04:53:02 |         0    |    21976   
        2  | 04:53:02 | 04:56:73 |     21977    |    44249   
        3  | 09:50:00 | 04:25:60 |     44250    |    64184   
        4  | 14:15:60 | 03:34:30 |     64185    |    80264   
        5  | 17:50:15 | 04:42:20 |     80265    |   101434   
        6  | 22:32:35 | 04:41:45 |    101435    |   122554   
        7  | 27:14:05 | 04:27:02 |    122555    |   142581   
        8  | 31:41:07 | 06:03:33 |    142582    |   169839   
        9  | 37:44:40 | 04:40:70 |    169840    |   190909   
       10  | 42:25:35 | 05:16:20 |    190910    |   214629   
       11  | 47:41:55 | 03:34:07 |    214630    |   230686   
       12  | 51:15:62 | 04:18:58 |    230687    |   250094   

AccurateRip Summary
    Track 01 : OK (confidence 1)
    Track 02 : OK (confidence 1)
    Track 03 : OK (confidence 1)
    Track 04 : OK (confidence 1)
    Track 05 : OK (confidence 1)
    Track 06 : OK (confidence 1)
    Track 07 : OK (confidence 1)
    Track 08 : OK (confidence 1)
    Track 09 : OK (confidence 1)
    Track 10 : OK (confidence 1)
    Track 11 : OK (confidence 1)
    Track 12 : OK (confidence 1)
        ->All tracks accurately ripped.

All Tracks
    Filename : /Users/m4c/Public/flac/Song is Love.flac
    CRC32 hash             : 8E1517B6
    CRC32 hash (skip zero) : 13C09448
    Statistics
        Read error                           : 0
        Skipped (treated as error)           : 0
        Edge jitter error (maybe fixed)      : 0
        Atom jitter error (maybe fixed)      : 0
        Drift error (maybe fixed)            : 0
        Dropped bytes error (maybe fixed)    : 0
        Duplicated bytes error (maybe fixed) : 0

Track 01
    Pre-gap length : 00:02:00

    CRC32 hash             : CD071469
    CRC32 hash (skip zero) : 51324A88
    AccurateRip signature  : F7312904
        ->Accurately ripped! (confidence 1)
    Statistics
        Read error                           : 0
        Skipped (treated as error)           : 0
        Edge jitter error (maybe fixed)      : 0
        Atom jitter error (maybe fixed)      : 0
        Drift error (maybe fixed)            : 0
        Dropped bytes error (maybe fixed)    : 0
        Duplicated bytes error (maybe fixed) : 0

Track 02
    Pre-gap length : 00:02:67

    CRC32 hash             : 02FB8B3C
    CRC32 hash (skip zero) : 919143E0
    AccurateRip signature  : B9FAF3AB
        ->Accurately ripped! (confidence 1)
    Statistics
        Read error                           : 0
        Skipped (treated as error)           : 0
        Edge jitter error (maybe fixed)      : 0
        Atom jitter error (maybe fixed)      : 0
        Drift error (maybe fixed)            : 0
        Dropped bytes error (maybe fixed)    : 0
        Duplicated bytes error (maybe fixed) : 0

Track 03
    Pre-gap length : 00:03:00

    CRC32 hash             : CD872702
    CRC32 hash (skip zero) : 6E211F81
    AccurateRip signature  : A15C5591
        ->Accurately ripped! (confidence 1)
    Statistics
        Read error                           : 0
        Skipped (treated as error)           : 0
        Edge jitter error (maybe fixed)      : 0
        Atom jitter error (maybe fixed)      : 0
        Drift error (maybe fixed)            : 0
        Dropped bytes error (maybe fixed)    : 0
        Duplicated bytes error (maybe fixed) : 0

Track 04
    Pre-gap length : 00:03:13

    CRC32 hash             : F9534D0D
    CRC32 hash (skip zero) : F82B96BC
    AccurateRip signature  : AC4F43C1
        ->Accurately ripped! (confidence 1)
    Statistics
        Read error                           : 0
        Skipped (treated as error)           : 0
        Edge jitter error (maybe fixed)      : 0
        Atom jitter error (maybe fixed)      : 0
        Drift error (maybe fixed)            : 0
        Dropped bytes error (maybe fixed)    : 0
        Duplicated bytes error (maybe fixed) : 0

Track 05
    Pre-gap length : 00:03:08

    CRC32 hash             : 985EC77F
    CRC32 hash (skip zero) : 3F4D0255
    AccurateRip signature  : A848D4DA
        ->Accurately ripped! (confidence 1)
    Statistics
        Read error                           : 0
        Skipped (treated as error)           : 0
        Edge jitter error (maybe fixed)      : 0
        Atom jitter error (maybe fixed)      : 0
        Drift error (maybe fixed)            : 0
        Dropped bytes error (maybe fixed)    : 0
        Duplicated bytes error (maybe fixed) : 0

Track 06
    Pre-gap length : 00:01:70

    CRC32 hash             : 2902EE91
    CRC32 hash (skip zero) : 07A316D0
    AccurateRip signature  : 13F61D95
        ->Accurately ripped! (confidence 1)
    Statistics
        Read error                           : 0
        Skipped (treated as error)           : 0
        Edge jitter error (maybe fixed)      : 0
        Atom jitter error (maybe fixed)      : 0
        Drift error (maybe fixed)            : 0
        Dropped bytes error (maybe fixed)    : 0
        Duplicated bytes error (maybe fixed) : 0

Track 07
    Pre-gap length : 00:03:00

    CRC32 hash             : E6A52C63
    CRC32 hash (skip zero) : 2FF21F8B
    AccurateRip signature  : F70054A5
        ->Accurately ripped! (confidence 1)
    Statistics
        Read error                           : 0
        Skipped (treated as error)           : 0
        Edge jitter error (maybe fixed)      : 0
        Atom jitter error (maybe fixed)      : 0
        Drift error (maybe fixed)            : 0
        Dropped bytes error (maybe fixed)    : 0
        Duplicated bytes error (maybe fixed) : 0

Track 08
    Pre-gap length : 00:03:40

    CRC32 hash             : AB8F2960
    CRC32 hash (skip zero) : C01199C1
    AccurateRip signature  : 5F0F2271
        ->Accurately ripped! (confidence 1)
    Statistics
        Read error                           : 0
        Skipped (treated as error)           : 0
        Edge jitter error (maybe fixed)      : 0
        Atom jitter error (maybe fixed)      : 0
        Drift error (maybe fixed)            : 0
        Dropped bytes error (maybe fixed)    : 0
        Duplicated bytes error (maybe fixed) : 0

Track 09
    Pre-gap length : 00:01:60

    CRC32 hash             : 249E58AD
    CRC32 hash (skip zero) : E7CB0F87
    AccurateRip signature  : EED27A2E
        ->Accurately ripped! (confidence 1)
    Statistics
        Read error                           : 0
        Skipped (treated as error)           : 0
        Edge jitter error (maybe fixed)      : 0
        Atom jitter error (maybe fixed)      : 0
        Drift error (maybe fixed)            : 0
        Dropped bytes error (maybe fixed)    : 0
        Duplicated bytes error (maybe fixed) : 0

Track 10
    Pre-gap length : 00:03:73

    CRC32 hash             : 5D277F09
    CRC32 hash (skip zero) : 6BF63D38
    AccurateRip signature  : 31169340
        ->Accurately ripped! (confidence 1)
    Statistics
        Read error                           : 0
        Skipped (treated as error)           : 0
        Edge jitter error (maybe fixed)      : 0
        Atom jitter error (maybe fixed)      : 0
        Drift error (maybe fixed)            : 0
        Dropped bytes error (maybe fixed)    : 0
        Duplicated bytes error (maybe fixed) : 0

Track 11
    Pre-gap length : 00:02:18

    CRC32 hash             : 3BB8B8B3
    CRC32 hash (skip zero) : AAAB031A
    AccurateRip signature  : 2B03C573
        ->Accurately ripped! (confidence 1)
    Statistics
        Read error                           : 0
        Skipped (treated as error)           : 0
        Edge jitter error (maybe fixed)      : 0
        Atom jitter error (maybe fixed)      : 0
        Drift error (maybe fixed)            : 0
        Dropped bytes error (maybe fixed)    : 0
        Duplicated bytes error (maybe fixed) : 0

Track 12
    Pre-gap length : 00:02:02

    CRC32 hash             : C3522E5A
    CRC32 hash (skip zero) : 36FDF515
    AccurateRip signature  : 4E4E105A
        ->Accurately ripped! (confidence 1)
    Statistics
        Read error                           : 0
        Skipped (treated as error)           : 0
        Edge jitter error (maybe fixed)      : 0
        Atom jitter error (maybe fixed)      : 0
        Drift error (maybe fixed)            : 0
        Dropped bytes error (maybe fixed)    : 0
        Duplicated bytes error (maybe fixed) : 0

No errors occurred

End of status report
