X Lossless Decoder version 20110502 (132.0)

XLD extraction logfile from 2011-05-04 23:59:03 +0900

XTC / Demos 6

Used drive : HL-DT-ST BD-RE  BH10NS30 (revision EL00)

Ripper mode             : CDParanoia III 10.2
Disable audio cache     : OK for the drive with a cache less than 2750KiB
Make use of C2 pointers : NO
Read offset correction  : 667
Max retry count         : 100
Gap status              : Analyzed, Appended

TOC of the extracted CD
     Track |   Start  |  Length  | Start sector | End sector 
    ---------------------------------------------------------
        1  | 00:00:00 | 04:35:35 |         0    |    20659   
        2  | 04:35:35 | 02:47:52 |     20660    |    33236   
        3  | 07:23:12 | 02:43:60 |     33237    |    45521   
        4  | 10:06:72 | 03:35:00 |     45522    |    61646   
        5  | 13:41:72 | 03:05:00 |     61647    |    75521   
        6  | 16:46:72 | 03:48:00 |     75522    |    92621   
        7  | 20:34:72 | 03:12:48 |     92622    |   107069   
        8  | 23:47:45 | 04:26:70 |    107070    |   127089   
        9  | 28:14:40 | 02:24:32 |    127090    |   137921   
       10  | 30:38:72 | 02:35:25 |    137922    |   149571   
       11  | 33:14:22 | 03:27:60 |    149572    |   165156   
       12  | 36:42:07 | 01:42:63 |    165157    |   172869   
       13  | 38:24:70 | 01:34:42 |    172870    |   179961   
       14  | 39:59:37 | 04:05:70 |    179962    |   198406   
       15  | 44:05:32 | 02:40:60 |    198407    |   210466   
       16  | 46:46:17 | 02:58:68 |    210467    |   223884   
       17  | 49:45:10 | 04:06:60 |    223885    |   242394   

AccurateRip Summary
    Disc not found in AccurateRip DB.

All Tracks
    Filename : /Users/angelicalbite/Music/flac/Demos 6.flac
    CRC32 hash             : D0A9867D
    CRC32 hash (skip zero) : E34551B5
    Statistics
        Read error                           : 0
        Skipped (treated as error)           : 0
        Edge jitter error (maybe fixed)      : 0
        Atom jitter error (maybe fixed)      : 0
        Drift error (maybe fixed)            : 0
        Dropped bytes error (maybe fixed)    : 0
        Duplicated bytes error (maybe fixed) : 0

Track 01
    Pre-gap length : 00:02:00

    CRC32 hash             : 5573D392
    CRC32 hash (skip zero) : C4715146
    AccurateRip signature  : DAB258BE
        ->Track not present in AccurateRip database.
    Statistics
        Read error                           : 0
        Skipped (treated as error)           : 0
        Edge jitter error (maybe fixed)      : 0
        Atom jitter error (maybe fixed)      : 0
        Drift error (maybe fixed)            : 0
        Dropped bytes error (maybe fixed)    : 0
        Duplicated bytes error (maybe fixed) : 0

Track 02
    Pre-gap length : 00:02:02

    CRC32 hash             : 2471AE4A
    CRC32 hash (skip zero) : A49E5ADA
    AccurateRip signature  : 18E2FC01
        ->Track not present in AccurateRip database.
    Statistics
        Read error                           : 0
        Skipped (treated as error)           : 0
        Edge jitter error (maybe fixed)      : 0
        Atom jitter error (maybe fixed)      : 0
        Drift error (maybe fixed)            : 0
        Dropped bytes error (maybe fixed)    : 0
        Duplicated bytes error (maybe fixed) : 0

Track 03
    Pre-gap length : 00:02:02

    CRC32 hash             : DFB57D15
    CRC32 hash (skip zero) : 2BA76AFB
    AccurateRip signature  : E24C8EBE
        ->Track not present in AccurateRip database.
    Statistics
        Read error                           : 0
        Skipped (treated as error)           : 0
        Edge jitter error (maybe fixed)      : 0
        Atom jitter error (maybe fixed)      : 0
        Drift error (maybe fixed)            : 0
        Dropped bytes error (maybe fixed)    : 0
        Duplicated bytes error (maybe fixed) : 0

Track 04
    Pre-gap length : 00:02:02

    CRC32 hash             : 3436E85D
    CRC32 hash (skip zero) : 2FC9D576
    AccurateRip signature  : 8255F9A6
        ->Track not present in AccurateRip database.
    Statistics
        Read error                           : 0
        Skipped (treated as error)           : 0
        Edge jitter error (maybe fixed)      : 0
        Atom jitter error (maybe fixed)      : 0
        Drift error (maybe fixed)            : 0
        Dropped bytes error (maybe fixed)    : 0
        Duplicated bytes error (maybe fixed) : 0

Track 05
    Pre-gap length : 00:02:02

    CRC32 hash             : 1DD35C31
    CRC32 hash (skip zero) : 52AD46C2
    AccurateRip signature  : C84A8F22
        ->Track not present in AccurateRip database.
    Statistics
        Read error                           : 0
        Skipped (treated as error)           : 0
        Edge jitter error (maybe fixed)      : 0
        Atom jitter error (maybe fixed)      : 0
        Drift error (maybe fixed)            : 0
        Dropped bytes error (maybe fixed)    : 0
        Duplicated bytes error (maybe fixed) : 0

Track 06
    Pre-gap length : 00:02:02

    CRC32 hash             : 03E1ECA7
    CRC32 hash (skip zero) : 0BD43552
    AccurateRip signature  : A4A5F98B
        ->Track not present in AccurateRip database.
    Statistics
        Read error                           : 0
        Skipped (treated as error)           : 0
        Edge jitter error (maybe fixed)      : 0
        Atom jitter error (maybe fixed)      : 0
        Drift error (maybe fixed)            : 0
        Dropped bytes error (maybe fixed)    : 0
        Duplicated bytes error (maybe fixed) : 0

Track 07
    Pre-gap length : 00:02:02

    CRC32 hash             : 3660891A
    CRC32 hash (skip zero) : 83909C9D
    AccurateRip signature  : F2263DAC
        ->Track not present in AccurateRip database.
    Statistics
        Read error                           : 0
        Skipped (treated as error)           : 0
        Edge jitter error (maybe fixed)      : 0
        Atom jitter error (maybe fixed)      : 0
        Drift error (maybe fixed)            : 0
        Dropped bytes error (maybe fixed)    : 0
        Duplicated bytes error (maybe fixed) : 0

Track 08
    Pre-gap length : 00:02:02

    CRC32 hash             : 3AFFB08F
    CRC32 hash (skip zero) : 7900FD01
    AccurateRip signature  : 9B2E1618
        ->Track not present in AccurateRip database.
    Statistics
        Read error                           : 0
        Skipped (treated as error)           : 0
        Edge jitter error (maybe fixed)      : 0
        Atom jitter error (maybe fixed)      : 0
        Drift error (maybe fixed)            : 0
        Dropped bytes error (maybe fixed)    : 0
        Duplicated bytes error (maybe fixed) : 0

Track 09
    Pre-gap length : 00:02:02

    CRC32 hash             : 28F65ECB
    CRC32 hash (skip zero) : 78EF806B
    AccurateRip signature  : C6A7F02E
        ->Track not present in AccurateRip database.
    Statistics
        Read error                           : 0
        Skipped (treated as error)           : 0
        Edge jitter error (maybe fixed)      : 0
        Atom jitter error (maybe fixed)      : 0
        Drift error (maybe fixed)            : 0
        Dropped bytes error (maybe fixed)    : 0
        Duplicated bytes error (maybe fixed) : 0

Track 10
    Pre-gap length : 00:02:02

    CRC32 hash             : 9C3C8A55
    CRC32 hash (skip zero) : 9A65AC96
    AccurateRip signature  : 5C737394
        ->Track not present in AccurateRip database.
    Statistics
        Read error                           : 0
        Skipped (treated as error)           : 0
        Edge jitter error (maybe fixed)      : 0
        Atom jitter error (maybe fixed)      : 0
        Drift error (maybe fixed)            : 0
        Dropped bytes error (maybe fixed)    : 0
        Duplicated bytes error (maybe fixed) : 0

Track 11
    Pre-gap length : 00:02:02

    CRC32 hash             : F1BCCC65
    CRC32 hash (skip zero) : D2BE4FC7
    AccurateRip signature  : 21DD08FE
        ->Track not present in AccurateRip database.
    Statistics
        Read error                           : 0
        Skipped (treated as error)           : 0
        Edge jitter error (maybe fixed)      : 0
        Atom jitter error (maybe fixed)      : 0
        Drift error (maybe fixed)            : 0
        Dropped bytes error (maybe fixed)    : 0
        Duplicated bytes error (maybe fixed) : 0

Track 12
    Pre-gap length : 00:02:02

    CRC32 hash             : 2065C4F5
    CRC32 hash (skip zero) : A6E0E31B
    AccurateRip signature  : 5B97752C
        ->Track not present in AccurateRip database.
    Statistics
        Read error                           : 0
        Skipped (treated as error)           : 0
        Edge jitter error (maybe fixed)      : 0
        Atom jitter error (maybe fixed)      : 0
        Drift error (maybe fixed)            : 0
        Dropped bytes error (maybe fixed)    : 0
        Duplicated bytes error (maybe fixed) : 0

Track 13
    Pre-gap length : 00:02:02

    CRC32 hash             : 85D4617C
    CRC32 hash (skip zero) : DC2D0D70
    AccurateRip signature  : 7B4B1294
        ->Track not present in AccurateRip database.
    Statistics
        Read error                           : 0
        Skipped (treated as error)           : 0
        Edge jitter error (maybe fixed)      : 0
        Atom jitter error (maybe fixed)      : 0
        Drift error (maybe fixed)            : 0
        Dropped bytes error (maybe fixed)    : 0
        Duplicated bytes error (maybe fixed) : 0

Track 14
    Pre-gap length : 00:02:02

    CRC32 hash             : 5F272CB9
    CRC32 hash (skip zero) : 871A0B51
    AccurateRip signature  : AF5A274E
        ->Track not present in AccurateRip database.
    Statistics
        Read error                           : 0
        Skipped (treated as error)           : 0
        Edge jitter error (maybe fixed)      : 0
        Atom jitter error (maybe fixed)      : 0
        Drift error (maybe fixed)            : 0
        Dropped bytes error (maybe fixed)    : 0
        Duplicated bytes error (maybe fixed) : 0

Track 15
    Pre-gap length : 00:02:02

    CRC32 hash             : 03A91599
    CRC32 hash (skip zero) : D0D326AD
    AccurateRip signature  : 3980C983
        ->Track not present in AccurateRip database.
    Statistics
        Read error                           : 0
        Skipped (treated as error)           : 0
        Edge jitter error (maybe fixed)      : 0
        Atom jitter error (maybe fixed)      : 0
        Drift error (maybe fixed)            : 0
        Dropped bytes error (maybe fixed)    : 0
        Duplicated bytes error (maybe fixed) : 0

Track 16
    Pre-gap length : 00:02:02

    CRC32 hash             : 95F15984
    CRC32 hash (skip zero) : 3F48EF33
    AccurateRip signature  : 312AFC6F
        ->Track not present in AccurateRip database.
    Statistics
        Read error                           : 0
        Skipped (treated as error)           : 0
        Edge jitter error (maybe fixed)      : 0
        Atom jitter error (maybe fixed)      : 0
        Drift error (maybe fixed)            : 0
        Dropped bytes error (maybe fixed)    : 0
        Duplicated bytes error (maybe fixed) : 0

Track 17
    Pre-gap length : 00:02:02

    CRC32 hash             : E1A32BF7
    CRC32 hash (skip zero) : B964BBD7
    AccurateRip signature  : 2EBE0C94
        ->Track not present in AccurateRip database.
    Statistics
        Read error                           : 0
        Skipped (treated as error)           : 0
        Edge jitter error (maybe fixed)      : 0
        Atom jitter error (maybe fixed)      : 0
        Drift error (maybe fixed)            : 0
        Dropped bytes error (maybe fixed)    : 0
        Duplicated bytes error (maybe fixed) : 0

No errors occurred

End of status report
