X Lossless Decoder version 20110502 (132.0)

XLD extraction logfile from 2011-05-04 19:03:50 +0900

XTC / English Settlement

Used drive : MATSHITA DVD-R   UJ-868 (revision KB19)

Ripper mode             : CDParanoia III 10.2
Disable audio cache     : OK for the drive with a cache less than 2750KiB
Make use of C2 pointers : NO
Read offset correction  : 102
Max retry count         : 100
Gap status              : Analyzed, Appended

TOC of the extracted CD
     Track |   Start  |  Length  | Start sector | End sector 
    ---------------------------------------------------------
        1  | 00:00:37 | 04:34:15 |        37    |    20601   
        2  | 04:34:52 | 04:31:58 |     20602    |    40984   
        3  | 09:06:35 | 04:51:25 |     40985    |    62834   
        4  | 13:57:60 | 06:05:57 |     62835    |    90266   
        5  | 20:03:42 | 05:10:15 |     90267    |   113531   
        6  | 25:13:57 | 03:57:18 |    113532    |   131324   
        7  | 29:11:00 | 05:21:72 |    131325    |   155471   
        8  | 34:32:72 | 06:34:28 |    155472    |   185049   
        9  | 41:07:25 | 05:02:65 |    185050    |   207764   
       10  | 46:10:15 | 03:55:22 |    207765    |   225411   
       11  | 50:05:37 | 04:29:00 |    225412    |   245586   
       12  | 54:34:37 | 03:18:33 |    245587    |   260469   
       13  | 57:52:70 | 05:28:17 |    260470    |   285086   
       14  | 63:21:12 | 04:00:03 |    285087    |   303089   
       15  | 67:21:15 | 05:01:47 |    303090    |   325711   

AccurateRip Summary
    Disc not found in AccurateRip DB.

All Tracks
    Filename : /Users/m4c/Public/flac/English Settlement.flac
    CRC32 hash             : EC085450
    CRC32 hash (skip zero) : D2AF521E
    Statistics
        Read error                           : 0
        Skipped (treated as error)           : 0
        Edge jitter error (maybe fixed)      : 0
        Atom jitter error (maybe fixed)      : 0
        Drift error (maybe fixed)            : 0
        Dropped bytes error (maybe fixed)    : 0
        Duplicated bytes error (maybe fixed) : 0

Track 01
    Pre-gap length : 00:02:37

    CRC32 hash             : 3C92CC70
    CRC32 hash (skip zero) : 3046F0B8
    AccurateRip signature  : 2D026F65
        ->Track not present in AccurateRip database.
    Statistics
        Read error                           : 0
        Skipped (treated as error)           : 0
        Edge jitter error (maybe fixed)      : 0
        Atom jitter error (maybe fixed)      : 0
        Drift error (maybe fixed)            : 0
        Dropped bytes error (maybe fixed)    : 0
        Duplicated bytes error (maybe fixed) : 0

Track 02

    CRC32 hash             : 26BEAC73
    CRC32 hash (skip zero) : CEDBA86F
    AccurateRip signature  : 7A9B6D3D
        ->Track not present in AccurateRip database.
    Statistics
        Read error                           : 0
        Skipped (treated as error)           : 0
        Edge jitter error (maybe fixed)      : 0
        Atom jitter error (maybe fixed)      : 0
        Drift error (maybe fixed)            : 0
        Dropped bytes error (maybe fixed)    : 0
        Duplicated bytes error (maybe fixed) : 0

Track 03
    Pre-gap length : 00:00:74

    CRC32 hash             : 9728BAEB
    CRC32 hash (skip zero) : BB888886
    AccurateRip signature  : 6B70B6A0
        ->Track not present in AccurateRip database.
    Statistics
        Read error                           : 0
        Skipped (treated as error)           : 0
        Edge jitter error (maybe fixed)      : 0
        Atom jitter error (maybe fixed)      : 0
        Drift error (maybe fixed)            : 0
        Dropped bytes error (maybe fixed)    : 0
        Duplicated bytes error (maybe fixed) : 0

Track 04

    CRC32 hash             : 481CBF6A
    CRC32 hash (skip zero) : 1E4C9077
    AccurateRip signature  : FFC4B4AA
        ->Track not present in AccurateRip database.
    Statistics
        Read error                           : 0
        Skipped (treated as error)           : 0
        Edge jitter error (maybe fixed)      : 0
        Atom jitter error (maybe fixed)      : 0
        Drift error (maybe fixed)            : 0
        Dropped bytes error (maybe fixed)    : 0
        Duplicated bytes error (maybe fixed) : 0

Track 05

    CRC32 hash             : 51745009
    CRC32 hash (skip zero) : 97C40BDF
    AccurateRip signature  : 9D44247C
        ->Track not present in AccurateRip database.
    Statistics
        Read error                           : 0
        Skipped (treated as error)           : 0
        Edge jitter error (maybe fixed)      : 0
        Atom jitter error (maybe fixed)      : 0
        Drift error (maybe fixed)            : 0
        Dropped bytes error (maybe fixed)    : 0
        Duplicated bytes error (maybe fixed) : 0

Track 06

    CRC32 hash             : D70A77E7
    CRC32 hash (skip zero) : 760406CC
    AccurateRip signature  : 506C0E3B
        ->Track not present in AccurateRip database.
    Statistics
        Read error                           : 0
        Skipped (treated as error)           : 0
        Edge jitter error (maybe fixed)      : 0
        Atom jitter error (maybe fixed)      : 0
        Drift error (maybe fixed)            : 0
        Dropped bytes error (maybe fixed)    : 0
        Duplicated bytes error (maybe fixed) : 0

Track 07
    Pre-gap length : 00:01:37

    CRC32 hash             : 95387B9A
    CRC32 hash (skip zero) : 32570632
    AccurateRip signature  : 84D30CA3
        ->Track not present in AccurateRip database.
    Statistics
        Read error                           : 0
        Skipped (treated as error)           : 0
        Edge jitter error (maybe fixed)      : 0
        Atom jitter error (maybe fixed)      : 0
        Drift error (maybe fixed)            : 0
        Dropped bytes error (maybe fixed)    : 0
        Duplicated bytes error (maybe fixed) : 0

Track 08
    Pre-gap length : 00:01:36

    CRC32 hash             : 6F8C33BB
    CRC32 hash (skip zero) : DAF7D66B
    AccurateRip signature  : 701E568D
        ->Track not present in AccurateRip database.
    Statistics
        Read error                           : 0
        Skipped (treated as error)           : 0
        Edge jitter error (maybe fixed)      : 0
        Atom jitter error (maybe fixed)      : 0
        Drift error (maybe fixed)            : 0
        Dropped bytes error (maybe fixed)    : 0
        Duplicated bytes error (maybe fixed) : 0

Track 09
    Pre-gap length : 00:00:67

    CRC32 hash             : EB384C10
    CRC32 hash (skip zero) : 31049211
    AccurateRip signature  : 55105813
        ->Track not present in AccurateRip database.
    Statistics
        Read error                           : 0
        Skipped (treated as error)           : 0
        Edge jitter error (maybe fixed)      : 0
        Atom jitter error (maybe fixed)      : 0
        Drift error (maybe fixed)            : 0
        Dropped bytes error (maybe fixed)    : 0
        Duplicated bytes error (maybe fixed) : 0

Track 10

    CRC32 hash             : DE7DDCC7
    CRC32 hash (skip zero) : CB8AEF2B
    AccurateRip signature  : 8A5B0FFE
        ->Track not present in AccurateRip database.
    Statistics
        Read error                           : 0
        Skipped (treated as error)           : 0
        Edge jitter error (maybe fixed)      : 0
        Atom jitter error (maybe fixed)      : 0
        Drift error (maybe fixed)            : 0
        Dropped bytes error (maybe fixed)    : 0
        Duplicated bytes error (maybe fixed) : 0

Track 11

    CRC32 hash             : 970F3193
    CRC32 hash (skip zero) : 44181CBE
    AccurateRip signature  : E1CF207F
        ->Track not present in AccurateRip database.
    Statistics
        Read error                           : 0
        Skipped (treated as error)           : 0
        Edge jitter error (maybe fixed)      : 0
        Atom jitter error (maybe fixed)      : 0
        Drift error (maybe fixed)            : 0
        Dropped bytes error (maybe fixed)    : 0
        Duplicated bytes error (maybe fixed) : 0

Track 12
    Pre-gap length : 00:00:74

    CRC32 hash             : E065EFD6
    CRC32 hash (skip zero) : 13EAC42D
    AccurateRip signature  : BC882D13
        ->Track not present in AccurateRip database.
    Statistics
        Read error                           : 0
        Skipped (treated as error)           : 0
        Edge jitter error (maybe fixed)      : 0
        Atom jitter error (maybe fixed)      : 0
        Drift error (maybe fixed)            : 0
        Dropped bytes error (maybe fixed)    : 0
        Duplicated bytes error (maybe fixed) : 0

Track 13

    CRC32 hash             : C521DC65
    CRC32 hash (skip zero) : 8244E7DF
    AccurateRip signature  : 3F071E06
        ->Track not present in AccurateRip database.
    Statistics
        Read error                           : 0
        Skipped (treated as error)           : 0
        Edge jitter error (maybe fixed)      : 0
        Atom jitter error (maybe fixed)      : 0
        Drift error (maybe fixed)            : 0
        Dropped bytes error (maybe fixed)    : 0
        Duplicated bytes error (maybe fixed) : 0

Track 14

    CRC32 hash             : F42617F4
    CRC32 hash (skip zero) : ABFD371B
    AccurateRip signature  : C2C3ABFB
        ->Track not present in AccurateRip database.
    Statistics
        Read error                           : 0
        Skipped (treated as error)           : 0
        Edge jitter error (maybe fixed)      : 0
        Atom jitter error (maybe fixed)      : 0
        Drift error (maybe fixed)            : 0
        Dropped bytes error (maybe fixed)    : 0
        Duplicated bytes error (maybe fixed) : 0

Track 15

    CRC32 hash             : 09989B31
    CRC32 hash (skip zero) : 6058E15E
    AccurateRip signature  : 22B9BB7F
        ->Track not present in AccurateRip database.
    Statistics
        Read error                           : 0
        Skipped (treated as error)           : 0
        Edge jitter error (maybe fixed)      : 0
        Atom jitter error (maybe fixed)      : 0
        Drift error (maybe fixed)            : 0
        Dropped bytes error (maybe fixed)    : 0
        Duplicated bytes error (maybe fixed) : 0

No errors occurred

End of status report
