X Lossless Decoder version 20110502 (132.0)

XLD extraction logfile from 2011-05-04 19:18:03 +0900

XTC / Explode Together (The Dub Experiments 78-80)

Used drive : MATSHITA DVD-R   UJ-868 (revision KB19)

Ripper mode             : CDParanoia III 10.2
Disable audio cache     : OK for the drive with a cache less than 2750KiB
Make use of C2 pointers : NO
Read offset correction  : 102
Max retry count         : 100
Gap status              : Analyzed, Appended

TOC of the extracted CD
     Track |   Start  |  Length  | Start sector | End sector 
    ---------------------------------------------------------
        1  | 00:00:00 | 03:31:55 |         0    |    15879   
        2  | 03:31:55 | 02:20:15 |     15880    |    26394   
        3  | 05:51:70 | 02:40:00 |     26395    |    38394   
        4  | 08:31:70 | 02:26:42 |     38395    |    49386   
        5  | 10:58:37 | 02:20:25 |     49387    |    59911   
        6  | 13:18:62 | 03:07:53 |     59912    |    73989   
        7  | 16:26:40 | 03:51:55 |     73990    |    91369   
        8  | 20:18:20 | 04:19:07 |     91370    |   110801   
        9  | 24:37:27 | 03:10:68 |    110802    |   125119   
       10  | 27:48:20 | 05:34:27 |    125120    |   150196   
       11  | 33:22:47 | 01:52:28 |    150197    |   158624   
       12  | 35:15:00 | 03:20:52 |    158625    |   173676   
       13  | 38:35:52 | 03:17:48 |    173677    |   188499   
       14  | 41:53:25 | 03:14:12 |    188500    |   203061   
       15  | 45:07:37 | 04:04:73 |    203062    |   221434   
       16  | 49:12:35 | 05:27:60 |    221435    |   246019   

List of alternate offset correction values
        #  | Absolute | Relative | Confidence 
    ------------------------------------------
        1  |   -187   |   -289   |     16     
        2  |    118   |     16   |      2     

AccurateRip Summary
    Track 01 : OK (confidence 4)
    Track 02 : OK (confidence 4)
    Track 03 : OK (confidence 4)
    Track 04 : OK (confidence 4)
    Track 05 : OK (confidence 4)
    Track 06 : OK (confidence 4)
    Track 07 : OK (confidence 4)
    Track 08 : OK (confidence 4)
    Track 09 : OK (confidence 4)
    Track 10 : OK (confidence 4)
    Track 11 : OK (confidence 4)
    Track 12 : OK (confidence 4)
    Track 13 : OK (confidence 4)
    Track 14 : OK (confidence 4)
    Track 15 : OK (confidence 4)
    Track 16 : OK (confidence 4)
        ->All tracks accurately ripped.

All Tracks
    Filename : /Users/m4c/Public/flac/Explode Together (The Dub Experiments 78-80).flac
    CRC32 hash             : BB090319
    CRC32 hash (skip zero) : 9F3AA8DE
    Statistics
        Read error                           : 0
        Skipped (treated as error)           : 0
        Edge jitter error (maybe fixed)      : 0
        Atom jitter error (maybe fixed)      : 0
        Drift error (maybe fixed)            : 0
        Dropped bytes error (maybe fixed)    : 0
        Duplicated bytes error (maybe fixed) : 0

Track 01
    Pre-gap length : 00:02:00

    CRC32 hash             : B13C6AC6
    CRC32 hash (skip zero) : E3D53CAB
    AccurateRip signature  : 4094BAD6
        ->Accurately ripped! (confidence 4)
    Statistics
        Read error                           : 0
        Skipped (treated as error)           : 0
        Edge jitter error (maybe fixed)      : 0
        Atom jitter error (maybe fixed)      : 0
        Drift error (maybe fixed)            : 0
        Dropped bytes error (maybe fixed)    : 0
        Duplicated bytes error (maybe fixed) : 0

Track 02
    Pre-gap length : 00:00:05

    CRC32 hash             : 0EE730CC
    CRC32 hash (skip zero) : 3947172F
    AccurateRip signature  : 3AD47F48
        ->Accurately ripped! (confidence 4)
    Statistics
        Read error                           : 0
        Skipped (treated as error)           : 0
        Edge jitter error (maybe fixed)      : 0
        Atom jitter error (maybe fixed)      : 0
        Drift error (maybe fixed)            : 0
        Dropped bytes error (maybe fixed)    : 0
        Duplicated bytes error (maybe fixed) : 0

Track 03
    Pre-gap length : 00:01:68

    CRC32 hash             : 12655FA3
    CRC32 hash (skip zero) : B1793B4F
    AccurateRip signature  : E51DCC9A
        ->Accurately ripped! (confidence 4)
    Statistics
        Read error                           : 0
        Skipped (treated as error)           : 0
        Edge jitter error (maybe fixed)      : 0
        Atom jitter error (maybe fixed)      : 0
        Drift error (maybe fixed)            : 0
        Dropped bytes error (maybe fixed)    : 0
        Duplicated bytes error (maybe fixed) : 0

Track 04
    Pre-gap length : 00:01:55

    CRC32 hash             : 6E22CA38
    CRC32 hash (skip zero) : 918B4391
    AccurateRip signature  : C578D3EA
        ->Accurately ripped! (confidence 4)
    Statistics
        Read error                           : 0
        Skipped (treated as error)           : 0
        Edge jitter error (maybe fixed)      : 0
        Atom jitter error (maybe fixed)      : 0
        Drift error (maybe fixed)            : 0
        Dropped bytes error (maybe fixed)    : 0
        Duplicated bytes error (maybe fixed) : 0

Track 05
    Pre-gap length : 00:00:02

    CRC32 hash             : 998887CA
    CRC32 hash (skip zero) : 0D27C220
    AccurateRip signature  : BD1A1302
        ->Accurately ripped! (confidence 4)
    Statistics
        Read error                           : 0
        Skipped (treated as error)           : 0
        Edge jitter error (maybe fixed)      : 0
        Atom jitter error (maybe fixed)      : 0
        Drift error (maybe fixed)            : 0
        Dropped bytes error (maybe fixed)    : 0
        Duplicated bytes error (maybe fixed) : 0

Track 06
    Pre-gap length : 00:00:52

    CRC32 hash             : A7FC8241
    CRC32 hash (skip zero) : 26A0BEA9
    AccurateRip signature  : 7A8DC191
        ->Accurately ripped! (confidence 4)
    Statistics
        Read error                           : 0
        Skipped (treated as error)           : 0
        Edge jitter error (maybe fixed)      : 0
        Atom jitter error (maybe fixed)      : 0
        Drift error (maybe fixed)            : 0
        Dropped bytes error (maybe fixed)    : 0
        Duplicated bytes error (maybe fixed) : 0

Track 07
    Pre-gap length : 00:00:03

    CRC32 hash             : B5B049AF
    CRC32 hash (skip zero) : 1D785DC5
    AccurateRip signature  : BF8AB95A
        ->Accurately ripped! (confidence 4)
    Statistics
        Read error                           : 0
        Skipped (treated as error)           : 0
        Edge jitter error (maybe fixed)      : 0
        Atom jitter error (maybe fixed)      : 0
        Drift error (maybe fixed)            : 0
        Dropped bytes error (maybe fixed)    : 0
        Duplicated bytes error (maybe fixed) : 0

Track 08
    Pre-gap length : 00:00:50

    CRC32 hash             : 415FA18B
    CRC32 hash (skip zero) : A19BD0A8
    AccurateRip signature  : 51EED4A5
        ->Accurately ripped! (confidence 4)
    Statistics
        Read error                           : 0
        Skipped (treated as error)           : 0
        Edge jitter error (maybe fixed)      : 0
        Atom jitter error (maybe fixed)      : 0
        Drift error (maybe fixed)            : 0
        Dropped bytes error (maybe fixed)    : 0
        Duplicated bytes error (maybe fixed) : 0

Track 09
    Pre-gap length : 00:00:70

    CRC32 hash             : 7A08B09C
    CRC32 hash (skip zero) : EC5804D4
    AccurateRip signature  : ABFD4030
        ->Accurately ripped! (confidence 4)
    Statistics
        Read error                           : 0
        Skipped (treated as error)           : 0
        Edge jitter error (maybe fixed)      : 0
        Atom jitter error (maybe fixed)      : 0
        Drift error (maybe fixed)            : 0
        Dropped bytes error (maybe fixed)    : 0
        Duplicated bytes error (maybe fixed) : 0

Track 10
    Pre-gap length : 00:01:08

    CRC32 hash             : 21DD437B
    CRC32 hash (skip zero) : CEC195E1
    AccurateRip signature  : DCD7BC5F
        ->Accurately ripped! (confidence 4)
    Statistics
        Read error                           : 0
        Skipped (treated as error)           : 0
        Edge jitter error (maybe fixed)      : 0
        Atom jitter error (maybe fixed)      : 0
        Drift error (maybe fixed)            : 0
        Dropped bytes error (maybe fixed)    : 0
        Duplicated bytes error (maybe fixed) : 0

Track 11
    Pre-gap length : 00:01:25

    CRC32 hash             : 589A027A
    CRC32 hash (skip zero) : B0FFBD41
    AccurateRip signature  : 182AC37A
        ->Accurately ripped! (confidence 4)
    Statistics
        Read error                           : 0
        Skipped (treated as error)           : 0
        Edge jitter error (maybe fixed)      : 0
        Atom jitter error (maybe fixed)      : 0
        Drift error (maybe fixed)            : 0
        Dropped bytes error (maybe fixed)    : 0
        Duplicated bytes error (maybe fixed) : 0

Track 12
    Pre-gap length : 00:00:08

    CRC32 hash             : 575B1CA8
    CRC32 hash (skip zero) : 95B427E7
    AccurateRip signature  : FF557C33
        ->Accurately ripped! (confidence 4)
    Statistics
        Read error                           : 0
        Skipped (treated as error)           : 0
        Edge jitter error (maybe fixed)      : 0
        Atom jitter error (maybe fixed)      : 0
        Drift error (maybe fixed)            : 0
        Dropped bytes error (maybe fixed)    : 0
        Duplicated bytes error (maybe fixed) : 0

Track 13
    Pre-gap length : 00:00:42

    CRC32 hash             : DED20B2E
    CRC32 hash (skip zero) : BA225864
    AccurateRip signature  : 87FD0948
        ->Accurately ripped! (confidence 4)
    Statistics
        Read error                           : 0
        Skipped (treated as error)           : 0
        Edge jitter error (maybe fixed)      : 0
        Atom jitter error (maybe fixed)      : 0
        Drift error (maybe fixed)            : 0
        Dropped bytes error (maybe fixed)    : 0
        Duplicated bytes error (maybe fixed) : 0

Track 14
    Pre-gap length : 00:00:53

    CRC32 hash             : 3EBC070C
    CRC32 hash (skip zero) : E0A579D5
    AccurateRip signature  : 344E09A6
        ->Accurately ripped! (confidence 4)
    Statistics
        Read error                           : 0
        Skipped (treated as error)           : 0
        Edge jitter error (maybe fixed)      : 0
        Atom jitter error (maybe fixed)      : 0
        Drift error (maybe fixed)            : 0
        Dropped bytes error (maybe fixed)    : 0
        Duplicated bytes error (maybe fixed) : 0

Track 15
    Pre-gap length : 00:01:00

    CRC32 hash             : 005469D8
    CRC32 hash (skip zero) : 68EBE747
    AccurateRip signature  : 5F17054A
        ->Accurately ripped! (confidence 4)
    Statistics
        Read error                           : 0
        Skipped (treated as error)           : 0
        Edge jitter error (maybe fixed)      : 0
        Atom jitter error (maybe fixed)      : 0
        Drift error (maybe fixed)            : 0
        Dropped bytes error (maybe fixed)    : 0
        Duplicated bytes error (maybe fixed) : 0

Track 16
    Pre-gap length : 00:00:03

    CRC32 hash             : 9AEFD355
    CRC32 hash (skip zero) : BC150C80
    AccurateRip signature  : 1AFC257F
        ->Accurately ripped! (confidence 4)
    Statistics
        Read error                           : 0
        Skipped (treated as error)           : 0
        Edge jitter error (maybe fixed)      : 0
        Atom jitter error (maybe fixed)      : 0
        Drift error (maybe fixed)            : 0
        Dropped bytes error (maybe fixed)    : 0
        Duplicated bytes error (maybe fixed) : 0

No errors occurred

End of status report
