X Lossless Decoder version 20110502 (132.0)

XLD extraction logfile from 2011-05-04 20:36:35 +0900

XTC / Mummer

Used drive : HL-DT-ST BD-RE  BH10NS30 (revision EL00)

Ripper mode             : CDParanoia III 10.2
Disable audio cache     : OK for the drive with a cache less than 2750KiB
Make use of C2 pointers : NO
Read offset correction  : 667
Max retry count         : 100
Gap status              : Analyzed, Appended

TOC of the extracted CD
     Track |   Start  |  Length  | Start sector | End sector 
    ---------------------------------------------------------
        1  | 00:00:00 | 03:59:42 |         0    |    17966   
        2  | 03:59:42 | 04:45:48 |     17967    |    39389   
        3  | 08:45:15 | 03:58:10 |     39390    |    57249   
        4  | 12:43:25 | 03:47:45 |     57250    |    74319   
        5  | 16:30:70 | 04:36:55 |     74320    |    95074   
        6  | 21:07:50 | 03:53:07 |     95075    |   112556   
        7  | 25:00:57 | 04:39:20 |    112557    |   133501   
        8  | 29:40:02 | 04:20:50 |    133502    |   153051   
        9  | 34:00:52 | 03:34:40 |    153052    |   169141   
       10  | 37:35:17 | 03:44:43 |    169142    |   185984   
       11  | 41:19:60 | 04:47:25 |    185985    |   207534   
       12  | 46:07:10 | 05:11:02 |    207535    |   230861   
       13  | 51:18:12 | 04:32:30 |    230862    |   251291   
       14  | 55:50:42 | 03:16:03 |    251292    |   265994   
       15  | 59:06:45 | 04:17:05 |    265995    |   285274   
       16  | 63:23:50 | 03:03:30 |    285275    |   299029   

List of alternate offset correction values
        #  | Absolute | Relative | Confidence 
    ------------------------------------------
        1  |   1616   |    949   |     18     
        2  |    668   |      1   |      3     
        3  |   1311   |    644   |      2     

AccurateRip Summary
    Track 01 : OK (confidence 4)
    Track 02 : OK (confidence 4)
    Track 03 : OK (confidence 4)
    Track 04 : OK (confidence 4)
    Track 05 : OK (confidence 4)
    Track 06 : OK (confidence 4)
    Track 07 : OK (confidence 4)
    Track 08 : OK (confidence 4)
    Track 09 : OK (confidence 4)
    Track 10 : OK (confidence 4)
    Track 11 : OK (confidence 4)
    Track 12 : OK (confidence 4)
    Track 13 : OK (confidence 4)
    Track 14 : OK (confidence 4)
    Track 15 : OK (confidence 4)
    Track 16 : OK (confidence 4)
        ->All tracks accurately ripped.

All Tracks
    Filename : /Users/angelicalbite/Music/flac/Mummer.flac
    CRC32 hash             : ECF4F8F8
    CRC32 hash (skip zero) : 99AEBE84
    Statistics
        Read error                           : 0
        Skipped (treated as error)           : 0
        Edge jitter error (maybe fixed)      : 0
        Atom jitter error (maybe fixed)      : 0
        Drift error (maybe fixed)            : 0
        Dropped bytes error (maybe fixed)    : 0
        Duplicated bytes error (maybe fixed) : 0

Track 01
    Pre-gap length : 00:02:00

    CRC32 hash             : 5871E899
    CRC32 hash (skip zero) : 986F3864
    AccurateRip signature  : 0F37D443
        ->Accurately ripped! (confidence 4)
    Statistics
        Read error                           : 0
        Skipped (treated as error)           : 0
        Edge jitter error (maybe fixed)      : 0
        Atom jitter error (maybe fixed)      : 0
        Drift error (maybe fixed)            : 0
        Dropped bytes error (maybe fixed)    : 0
        Duplicated bytes error (maybe fixed) : 0

Track 02

    CRC32 hash             : 3856586E
    CRC32 hash (skip zero) : 57A558C1
    AccurateRip signature  : 61A650A5
        ->Accurately ripped! (confidence 4)
    Statistics
        Read error                           : 0
        Skipped (treated as error)           : 0
        Edge jitter error (maybe fixed)      : 0
        Atom jitter error (maybe fixed)      : 0
        Drift error (maybe fixed)            : 0
        Dropped bytes error (maybe fixed)    : 0
        Duplicated bytes error (maybe fixed) : 0

Track 03

    CRC32 hash             : A86D7192
    CRC32 hash (skip zero) : C95A7AEC
    AccurateRip signature  : 89F3F93C
        ->Accurately ripped! (confidence 4)
    Statistics
        Read error                           : 0
        Skipped (treated as error)           : 0
        Edge jitter error (maybe fixed)      : 0
        Atom jitter error (maybe fixed)      : 0
        Drift error (maybe fixed)            : 0
        Dropped bytes error (maybe fixed)    : 0
        Duplicated bytes error (maybe fixed) : 0

Track 04

    CRC32 hash             : 7E96A894
    CRC32 hash (skip zero) : 7020CA97
    AccurateRip signature  : 4A93F22D
        ->Accurately ripped! (confidence 4)
    Statistics
        Read error                           : 0
        Skipped (treated as error)           : 0
        Edge jitter error (maybe fixed)      : 0
        Atom jitter error (maybe fixed)      : 0
        Drift error (maybe fixed)            : 0
        Dropped bytes error (maybe fixed)    : 0
        Duplicated bytes error (maybe fixed) : 0

Track 05

    CRC32 hash             : C99E5922
    CRC32 hash (skip zero) : CAD88815
    AccurateRip signature  : 1B203267
        ->Accurately ripped! (confidence 4)
    Statistics
        Read error                           : 0
        Skipped (treated as error)           : 0
        Edge jitter error (maybe fixed)      : 0
        Atom jitter error (maybe fixed)      : 0
        Drift error (maybe fixed)            : 0
        Dropped bytes error (maybe fixed)    : 0
        Duplicated bytes error (maybe fixed) : 0

Track 06
    Pre-gap length : 00:00:08

    CRC32 hash             : 14A3C7CF
    CRC32 hash (skip zero) : DBCE621A
    AccurateRip signature  : 63BB5160
        ->Accurately ripped! (confidence 4)
    Statistics
        Read error                           : 0
        Skipped (treated as error)           : 0
        Edge jitter error (maybe fixed)      : 0
        Atom jitter error (maybe fixed)      : 0
        Drift error (maybe fixed)            : 0
        Dropped bytes error (maybe fixed)    : 0
        Duplicated bytes error (maybe fixed) : 0

Track 07
    Pre-gap length : 00:00:32

    CRC32 hash             : 50DC3F4F
    CRC32 hash (skip zero) : 8154CD93
    AccurateRip signature  : 4347DC47
        ->Accurately ripped! (confidence 4)
    Statistics
        Read error                           : 0
        Skipped (treated as error)           : 0
        Edge jitter error (maybe fixed)      : 0
        Atom jitter error (maybe fixed)      : 0
        Drift error (maybe fixed)            : 0
        Dropped bytes error (maybe fixed)    : 0
        Duplicated bytes error (maybe fixed) : 0

Track 08

    CRC32 hash             : 69E514C0
    CRC32 hash (skip zero) : E76546DB
    AccurateRip signature  : DD292B57
        ->Accurately ripped! (confidence 4)
    Statistics
        Read error                           : 0
        Skipped (treated as error)           : 0
        Edge jitter error (maybe fixed)      : 0
        Atom jitter error (maybe fixed)      : 0
        Drift error (maybe fixed)            : 0
        Dropped bytes error (maybe fixed)    : 0
        Duplicated bytes error (maybe fixed) : 0

Track 09

    CRC32 hash             : 014DE7D8
    CRC32 hash (skip zero) : 1D17BA05
    AccurateRip signature  : 05DE8886
        ->Accurately ripped! (confidence 4)
    Statistics
        Read error                           : 0
        Skipped (treated as error)           : 0
        Edge jitter error (maybe fixed)      : 0
        Atom jitter error (maybe fixed)      : 0
        Drift error (maybe fixed)            : 0
        Dropped bytes error (maybe fixed)    : 0
        Duplicated bytes error (maybe fixed) : 0

Track 10

    CRC32 hash             : 55359E91
    CRC32 hash (skip zero) : A1C6018C
    AccurateRip signature  : 8C9EC2F9
        ->Accurately ripped! (confidence 4)
    Statistics
        Read error                           : 0
        Skipped (treated as error)           : 0
        Edge jitter error (maybe fixed)      : 0
        Atom jitter error (maybe fixed)      : 0
        Drift error (maybe fixed)            : 0
        Dropped bytes error (maybe fixed)    : 0
        Duplicated bytes error (maybe fixed) : 0

Track 11

    CRC32 hash             : B95EE0C1
    CRC32 hash (skip zero) : 2A644D32
    AccurateRip signature  : 200CD5EF
        ->Accurately ripped! (confidence 4)
    Statistics
        Read error                           : 0
        Skipped (treated as error)           : 0
        Edge jitter error (maybe fixed)      : 0
        Atom jitter error (maybe fixed)      : 0
        Drift error (maybe fixed)            : 0
        Dropped bytes error (maybe fixed)    : 0
        Duplicated bytes error (maybe fixed) : 0

Track 12

    CRC32 hash             : BC972D6D
    CRC32 hash (skip zero) : 50408B86
    AccurateRip signature  : 23BB1079
        ->Accurately ripped! (confidence 4)
    Statistics
        Read error                           : 0
        Skipped (treated as error)           : 0
        Edge jitter error (maybe fixed)      : 0
        Atom jitter error (maybe fixed)      : 0
        Drift error (maybe fixed)            : 0
        Dropped bytes error (maybe fixed)    : 0
        Duplicated bytes error (maybe fixed) : 0

Track 13

    CRC32 hash             : 7D820D8B
    CRC32 hash (skip zero) : E57F71E3
    AccurateRip signature  : 3B3B8665
        ->Accurately ripped! (confidence 4)
    Statistics
        Read error                           : 0
        Skipped (treated as error)           : 0
        Edge jitter error (maybe fixed)      : 0
        Atom jitter error (maybe fixed)      : 0
        Drift error (maybe fixed)            : 0
        Dropped bytes error (maybe fixed)    : 0
        Duplicated bytes error (maybe fixed) : 0

Track 14

    CRC32 hash             : FF0D4E2B
    CRC32 hash (skip zero) : BC19669D
    AccurateRip signature  : BF399A1C
        ->Accurately ripped! (confidence 4)
    Statistics
        Read error                           : 0
        Skipped (treated as error)           : 0
        Edge jitter error (maybe fixed)      : 0
        Atom jitter error (maybe fixed)      : 0
        Drift error (maybe fixed)            : 0
        Dropped bytes error (maybe fixed)    : 0
        Duplicated bytes error (maybe fixed) : 0

Track 15

    CRC32 hash             : FEDA600F
    CRC32 hash (skip zero) : DE1C53AE
    AccurateRip signature  : D32CB876
        ->Accurately ripped! (confidence 4)
    Statistics
        Read error                           : 0
        Skipped (treated as error)           : 0
        Edge jitter error (maybe fixed)      : 0
        Atom jitter error (maybe fixed)      : 0
        Drift error (maybe fixed)            : 0
        Dropped bytes error (maybe fixed)    : 0
        Duplicated bytes error (maybe fixed) : 0

Track 16

    CRC32 hash             : F9CE30AE
    CRC32 hash (skip zero) : B2264A0E
    AccurateRip signature  : 18A5B9E9
        ->Accurately ripped! (confidence 4)
    Statistics
        Read error                           : 0
        Skipped (treated as error)           : 0
        Edge jitter error (maybe fixed)      : 0
        Atom jitter error (maybe fixed)      : 0
        Drift error (maybe fixed)            : 0
        Dropped bytes error (maybe fixed)    : 0
        Duplicated bytes error (maybe fixed) : 0

No errors occurred

End of status report
