X Lossless Decoder version 20110502 (132.0)

XLD extraction logfile from 2011-05-04 23:03:11 +0900

XTC / Wasp Star [Apple Venus Volume 2]

Used drive : HL-DT-ST BD-RE  BH10NS30 (revision EL00)

Ripper mode             : CDParanoia III 10.2
Disable audio cache     : OK for the drive with a cache less than 2750KiB
Make use of C2 pointers : NO
Read offset correction  : 667
Max retry count         : 100
Gap status              : Analyzed, Appended

TOC of the extracted CD
     Track |   Start  |  Length  | Start sector | End sector 
    ---------------------------------------------------------
        1  | 00:00:00 | 04:17:02 |         0    |    19276   
        2  | 04:17:02 | 04:13:65 |     19277    |    38316   
        3  | 08:30:67 | 03:35:43 |     38317    |    54484   
        4  | 12:06:35 | 03:51:17 |     54485    |    71826   
        5  | 15:57:52 | 03:23:03 |     71827    |    87054   
        6  | 19:20:55 | 03:44:47 |     87055    |   103901   
        7  | 23:05:27 | 04:39:33 |    103902    |   124859   
        8  | 27:44:60 | 03:42:35 |    124860    |   141544   
        9  | 31:27:20 | 04:11:37 |    141545    |   160406   
       10  | 35:38:57 | 04:18:60 |    160407    |   179816   
       11  | 39:57:42 | 05:06:15 |    179817    |   202781   
       12  | 45:03:57 | 05:55:15 |    202782    |   229421   

List of alternate offset correction values
        #  | Absolute | Relative | Confidence 
    ------------------------------------------
        1  |    413   |   -254   |     22     
        2  |   -192   |   -859   |      4     

AccurateRip Summary
    Track 01 : OK (confidence 5)
    Track 02 : OK (confidence 5)
    Track 03 : OK (confidence 6)
    Track 04 : OK (confidence 6)
    Track 05 : OK (confidence 5)
    Track 06 : OK (confidence 5)
    Track 07 : OK (confidence 5)
    Track 08 : OK (confidence 5)
    Track 09 : OK (confidence 5)
    Track 10 : OK (confidence 6)
    Track 11 : OK (confidence 6)
    Track 12 : OK (confidence 5)
        ->All tracks accurately ripped.

All Tracks
    Filename : /Users/angelicalbite/Music/flac/Wasp Star [Apple Venus Volume 2].flac
    CRC32 hash             : 3802F848
    CRC32 hash (skip zero) : 66D92846
    Statistics
        Read error                           : 0
        Skipped (treated as error)           : 0
        Edge jitter error (maybe fixed)      : 0
        Atom jitter error (maybe fixed)      : 0
        Drift error (maybe fixed)            : 0
        Dropped bytes error (maybe fixed)    : 0
        Duplicated bytes error (maybe fixed) : 0

Track 01
    Pre-gap length : 00:02:00

    CRC32 hash             : 72F124D3
    CRC32 hash (skip zero) : 43A9C4DE
    AccurateRip signature  : 79C9777D
        ->Accurately ripped! (confidence 5)
    Statistics
        Read error                           : 0
        Skipped (treated as error)           : 0
        Edge jitter error (maybe fixed)      : 0
        Atom jitter error (maybe fixed)      : 0
        Drift error (maybe fixed)            : 0
        Dropped bytes error (maybe fixed)    : 0
        Duplicated bytes error (maybe fixed) : 0

Track 02

    CRC32 hash             : 77C2DE88
    CRC32 hash (skip zero) : B0DAABFF
    AccurateRip signature  : 0199C514
        ->Accurately ripped! (confidence 5)
    Statistics
        Read error                           : 0
        Skipped (treated as error)           : 0
        Edge jitter error (maybe fixed)      : 0
        Atom jitter error (maybe fixed)      : 0
        Drift error (maybe fixed)            : 0
        Dropped bytes error (maybe fixed)    : 0
        Duplicated bytes error (maybe fixed) : 0

Track 03
    Pre-gap length : 00:00:70

    CRC32 hash             : 11E94819
    CRC32 hash (skip zero) : D16CD996
    AccurateRip signature  : 562212B5
        ->Accurately ripped! (confidence 6)
    Statistics
        Read error                           : 0
        Skipped (treated as error)           : 0
        Edge jitter error (maybe fixed)      : 0
        Atom jitter error (maybe fixed)      : 0
        Drift error (maybe fixed)            : 0
        Dropped bytes error (maybe fixed)    : 0
        Duplicated bytes error (maybe fixed) : 0

Track 04

    CRC32 hash             : B58B87B8
    CRC32 hash (skip zero) : B1E8ACCF
    AccurateRip signature  : E51BC6CA
        ->Accurately ripped! (confidence 6)
    Statistics
        Read error                           : 0
        Skipped (treated as error)           : 0
        Edge jitter error (maybe fixed)      : 0
        Atom jitter error (maybe fixed)      : 0
        Drift error (maybe fixed)            : 0
        Dropped bytes error (maybe fixed)    : 0
        Duplicated bytes error (maybe fixed) : 0

Track 05

    CRC32 hash             : 1461D918
    CRC32 hash (skip zero) : 1C14A564
    AccurateRip signature  : 62C48B92
        ->Accurately ripped! (confidence 5)
    Statistics
        Read error                           : 0
        Skipped (treated as error)           : 0
        Edge jitter error (maybe fixed)      : 0
        Atom jitter error (maybe fixed)      : 0
        Drift error (maybe fixed)            : 0
        Dropped bytes error (maybe fixed)    : 0
        Duplicated bytes error (maybe fixed) : 0

Track 06
    Pre-gap length : 00:02:55

    CRC32 hash             : AB2F6BAD
    CRC32 hash (skip zero) : D58AAC91
    AccurateRip signature  : FA35A1BC
        ->Accurately ripped! (confidence 5)
    Statistics
        Read error                           : 0
        Skipped (treated as error)           : 0
        Edge jitter error (maybe fixed)      : 0
        Atom jitter error (maybe fixed)      : 0
        Drift error (maybe fixed)            : 0
        Dropped bytes error (maybe fixed)    : 0
        Duplicated bytes error (maybe fixed) : 0

Track 07

    CRC32 hash             : A359A7D6
    CRC32 hash (skip zero) : 54B234D7
    AccurateRip signature  : AA6A62F9
        ->Accurately ripped! (confidence 5)
    Statistics
        Read error                           : 0
        Skipped (treated as error)           : 0
        Edge jitter error (maybe fixed)      : 0
        Atom jitter error (maybe fixed)      : 0
        Drift error (maybe fixed)            : 0
        Dropped bytes error (maybe fixed)    : 0
        Duplicated bytes error (maybe fixed) : 0

Track 08

    CRC32 hash             : 6C7F714D
    CRC32 hash (skip zero) : 570DE798
    AccurateRip signature  : 6E412940
        ->Accurately ripped! (confidence 5)
    Statistics
        Read error                           : 0
        Skipped (treated as error)           : 0
        Edge jitter error (maybe fixed)      : 0
        Atom jitter error (maybe fixed)      : 0
        Drift error (maybe fixed)            : 0
        Dropped bytes error (maybe fixed)    : 0
        Duplicated bytes error (maybe fixed) : 0

Track 09

    CRC32 hash             : C9774E13
    CRC32 hash (skip zero) : 8C2F3698
    AccurateRip signature  : 2199AB1A
        ->Accurately ripped! (confidence 5)
    Statistics
        Read error                           : 0
        Skipped (treated as error)           : 0
        Edge jitter error (maybe fixed)      : 0
        Atom jitter error (maybe fixed)      : 0
        Drift error (maybe fixed)            : 0
        Dropped bytes error (maybe fixed)    : 0
        Duplicated bytes error (maybe fixed) : 0

Track 10
    Pre-gap length : 00:03:35

    CRC32 hash             : 79AAD71F
    CRC32 hash (skip zero) : F9F4984C
    AccurateRip signature  : 34EEA62C
        ->Accurately ripped! (confidence 6)
    Statistics
        Read error                           : 0
        Skipped (treated as error)           : 0
        Edge jitter error (maybe fixed)      : 0
        Atom jitter error (maybe fixed)      : 0
        Drift error (maybe fixed)            : 0
        Dropped bytes error (maybe fixed)    : 0
        Duplicated bytes error (maybe fixed) : 0

Track 11

    CRC32 hash             : 5C7F2F59
    CRC32 hash (skip zero) : A350F2CF
    AccurateRip signature  : B4A5AC09
        ->Accurately ripped! (confidence 6)
    Statistics
        Read error                           : 0
        Skipped (treated as error)           : 0
        Edge jitter error (maybe fixed)      : 0
        Atom jitter error (maybe fixed)      : 0
        Drift error (maybe fixed)            : 0
        Dropped bytes error (maybe fixed)    : 0
        Duplicated bytes error (maybe fixed) : 0

Track 12

    CRC32 hash             : 64130D7E
    CRC32 hash (skip zero) : E914D366
    AccurateRip signature  : B228C6E7
        ->Accurately ripped! (confidence 5)
    Statistics
        Read error                           : 0
        Skipped (treated as error)           : 0
        Edge jitter error (maybe fixed)      : 0
        Atom jitter error (maybe fixed)      : 0
        Drift error (maybe fixed)            : 0
        Dropped bytes error (maybe fixed)    : 0
        Duplicated bytes error (maybe fixed) : 0

No errors occurred

End of status report
