X Lossless Decoder version 20110502 (132.0)

XLD extraction logfile from 2011-05-04 21:36:21 +0900

XTC / White Music

Used drive : MATSHITA DVD-R   UJ-868 (revision KB19)

Ripper mode             : CDParanoia III 10.2
Disable audio cache     : OK for the drive with a cache less than 2750KiB
Make use of C2 pointers : NO
Read offset correction  : 102
Max retry count         : 100
Gap status              : Analyzed, Appended

TOC of the extracted CD
     Track |   Start  |  Length  | Start sector | End sector 
    ---------------------------------------------------------
        1  | 00:00:00 | 02:53:47 |         0    |    13021   
        2  | 02:53:47 | 02:06:38 |     13022    |    22509   
        3  | 05:00:10 | 02:42:02 |     22510    |    34661   
        4  | 07:42:12 | 01:16:45 |     34662    |    40406   
        5  | 08:58:57 | 02:55:65 |     40407    |    53596   
        6  | 11:54:47 | 05:43:43 |     53597    |    79364   
        7  | 17:38:15 | 03:13:57 |     79365    |    93896   
        8  | 20:51:72 | 03:08:03 |     93897    |   107999   
        9  | 24:00:00 | 02:42:02 |    108000    |   120151   
       10  | 26:42:02 | 02:09:28 |    120152    |   129854   
       11  | 28:51:30 | 02:11:25 |    129855    |   139704   
       12  | 31:02:55 | 01:40:12 |    139705    |   147216   
       13  | 32:42:67 | 02:31:08 |    147217    |   158549   
       14  | 35:14:00 | 02:33:07 |    158550    |   170031   
       15  | 37:47:07 | 03:02:70 |    170032    |   183751   
       16  | 40:50:02 | 03:58:60 |    183752    |   201661   
       17  | 44:48:62 | 01:53:50 |    201662    |   210186   
       18  | 46:42:37 | 02:41:43 |    210187    |   222304   
       19  | 49:24:05 | 04:27:30 |    222305    |   242359   

AccurateRip Summary
    Track 01 : OK (confidence 12)
    Track 02 : OK (confidence 12)
    Track 03 : OK (confidence 12)
    Track 04 : OK (confidence 12)
    Track 05 : OK (confidence 12)
    Track 06 : OK (confidence 13)
    Track 07 : OK (confidence 12)
    Track 08 : OK (confidence 12)
    Track 09 : OK (confidence 12)
    Track 10 : OK (confidence 12)
    Track 11 : OK (confidence 12)
    Track 12 : OK (confidence 12)
    Track 13 : OK (confidence 12)
    Track 14 : OK (confidence 12)
    Track 15 : OK (confidence 12)
    Track 16 : OK (confidence 12)
    Track 17 : OK (confidence 12)
    Track 18 : OK (confidence 12)
    Track 19 : OK (confidence 12)
        ->All tracks accurately ripped.

All Tracks
    Filename : /Users/m4c/Public/flac/White Music.flac
    CRC32 hash             : AC2D6E08
    CRC32 hash (skip zero) : BC1BB22F
    Statistics
        Read error                           : 0
        Skipped (treated as error)           : 0
        Edge jitter error (maybe fixed)      : 0
        Atom jitter error (maybe fixed)      : 0
        Drift error (maybe fixed)            : 0
        Dropped bytes error (maybe fixed)    : 0
        Duplicated bytes error (maybe fixed) : 0

Track 01
    Pre-gap length : 00:02:00

    CRC32 hash             : 4D168832
    CRC32 hash (skip zero) : 48F760E6
    AccurateRip signature  : 7A28FF96
        ->Accurately ripped! (confidence 12)
    Statistics
        Read error                           : 0
        Skipped (treated as error)           : 0
        Edge jitter error (maybe fixed)      : 0
        Atom jitter error (maybe fixed)      : 0
        Drift error (maybe fixed)            : 0
        Dropped bytes error (maybe fixed)    : 0
        Duplicated bytes error (maybe fixed) : 0

Track 02

    CRC32 hash             : 193AACC3
    CRC32 hash (skip zero) : 7F60B5D6
    AccurateRip signature  : F6055F3F
        ->Accurately ripped! (confidence 12)
    Statistics
        Read error                           : 0
        Skipped (treated as error)           : 0
        Edge jitter error (maybe fixed)      : 0
        Atom jitter error (maybe fixed)      : 0
        Drift error (maybe fixed)            : 0
        Dropped bytes error (maybe fixed)    : 0
        Duplicated bytes error (maybe fixed) : 0

Track 03
    Pre-gap length : 00:01:13

    CRC32 hash             : 8088C866
    CRC32 hash (skip zero) : 7234674A
    AccurateRip signature  : 105B5122
        ->Accurately ripped! (confidence 12)
    Statistics
        Read error                           : 0
        Skipped (treated as error)           : 0
        Edge jitter error (maybe fixed)      : 0
        Atom jitter error (maybe fixed)      : 0
        Drift error (maybe fixed)            : 0
        Dropped bytes error (maybe fixed)    : 0
        Duplicated bytes error (maybe fixed) : 0

Track 04
    Pre-gap length : 00:00:52

    CRC32 hash             : D7DB5F51
    CRC32 hash (skip zero) : F90EDB78
    AccurateRip signature  : DDBBCD5F
        ->Accurately ripped! (confidence 12)
    Statistics
        Read error                           : 0
        Skipped (treated as error)           : 0
        Edge jitter error (maybe fixed)      : 0
        Atom jitter error (maybe fixed)      : 0
        Drift error (maybe fixed)            : 0
        Dropped bytes error (maybe fixed)    : 0
        Duplicated bytes error (maybe fixed) : 0

Track 05
    Pre-gap length : 00:00:40

    CRC32 hash             : 86A69245
    CRC32 hash (skip zero) : 564B238F
    AccurateRip signature  : 627D2AAE
        ->Accurately ripped! (confidence 12)
    Statistics
        Read error                           : 0
        Skipped (treated as error)           : 0
        Edge jitter error (maybe fixed)      : 0
        Atom jitter error (maybe fixed)      : 0
        Drift error (maybe fixed)            : 0
        Dropped bytes error (maybe fixed)    : 0
        Duplicated bytes error (maybe fixed) : 0

Track 06
    Pre-gap length : 00:00:70

    CRC32 hash             : FEA47A5E
    CRC32 hash (skip zero) : 0DBC6D0A
    AccurateRip signature  : 7D00C156
        ->Accurately ripped! (confidence 13)
    Statistics
        Read error                           : 0
        Skipped (treated as error)           : 0
        Edge jitter error (maybe fixed)      : 0
        Atom jitter error (maybe fixed)      : 0
        Drift error (maybe fixed)            : 0
        Dropped bytes error (maybe fixed)    : 0
        Duplicated bytes error (maybe fixed) : 0

Track 07
    Pre-gap length : 00:00:73

    CRC32 hash             : 2B24EEAF
    CRC32 hash (skip zero) : ED59ADE0
    AccurateRip signature  : BE5E29DE
        ->Accurately ripped! (confidence 12)
    Statistics
        Read error                           : 0
        Skipped (treated as error)           : 0
        Edge jitter error (maybe fixed)      : 0
        Atom jitter error (maybe fixed)      : 0
        Drift error (maybe fixed)            : 0
        Dropped bytes error (maybe fixed)    : 0
        Duplicated bytes error (maybe fixed) : 0

Track 08
    Pre-gap length : 00:01:10

    CRC32 hash             : 2D06FCA0
    CRC32 hash (skip zero) : 1BB1EA0A
    AccurateRip signature  : 405BE301
        ->Accurately ripped! (confidence 12)
    Statistics
        Read error                           : 0
        Skipped (treated as error)           : 0
        Edge jitter error (maybe fixed)      : 0
        Atom jitter error (maybe fixed)      : 0
        Drift error (maybe fixed)            : 0
        Dropped bytes error (maybe fixed)    : 0
        Duplicated bytes error (maybe fixed) : 0

Track 09
    Pre-gap length : 00:00:68

    CRC32 hash             : B454BB3B
    CRC32 hash (skip zero) : BCF16F4F
    AccurateRip signature  : C8EA9A70
        ->Accurately ripped! (confidence 12)
    Statistics
        Read error                           : 0
        Skipped (treated as error)           : 0
        Edge jitter error (maybe fixed)      : 0
        Atom jitter error (maybe fixed)      : 0
        Drift error (maybe fixed)            : 0
        Dropped bytes error (maybe fixed)    : 0
        Duplicated bytes error (maybe fixed) : 0

Track 10
    Pre-gap length : 00:01:22

    CRC32 hash             : E7C2A16C
    CRC32 hash (skip zero) : E1AD0D2C
    AccurateRip signature  : BA5A2313
        ->Accurately ripped! (confidence 12)
    Statistics
        Read error                           : 0
        Skipped (treated as error)           : 0
        Edge jitter error (maybe fixed)      : 0
        Atom jitter error (maybe fixed)      : 0
        Drift error (maybe fixed)            : 0
        Dropped bytes error (maybe fixed)    : 0
        Duplicated bytes error (maybe fixed) : 0

Track 11
    Pre-gap length : 00:01:08

    CRC32 hash             : 684A8B29
    CRC32 hash (skip zero) : 12896B12
    AccurateRip signature  : 5F491308
        ->Accurately ripped! (confidence 12)
    Statistics
        Read error                           : 0
        Skipped (treated as error)           : 0
        Edge jitter error (maybe fixed)      : 0
        Atom jitter error (maybe fixed)      : 0
        Drift error (maybe fixed)            : 0
        Dropped bytes error (maybe fixed)    : 0
        Duplicated bytes error (maybe fixed) : 0

Track 12
    Pre-gap length : 00:00:68

    CRC32 hash             : 0C5B0D26
    CRC32 hash (skip zero) : C98707A4
    AccurateRip signature  : D5504254
        ->Accurately ripped! (confidence 12)
    Statistics
        Read error                           : 0
        Skipped (treated as error)           : 0
        Edge jitter error (maybe fixed)      : 0
        Atom jitter error (maybe fixed)      : 0
        Drift error (maybe fixed)            : 0
        Dropped bytes error (maybe fixed)    : 0
        Duplicated bytes error (maybe fixed) : 0

Track 13

    CRC32 hash             : EC084392
    CRC32 hash (skip zero) : C58B3AED
    AccurateRip signature  : 77146756
        ->Accurately ripped! (confidence 12)
    Statistics
        Read error                           : 0
        Skipped (treated as error)           : 0
        Edge jitter error (maybe fixed)      : 0
        Atom jitter error (maybe fixed)      : 0
        Drift error (maybe fixed)            : 0
        Dropped bytes error (maybe fixed)    : 0
        Duplicated bytes error (maybe fixed) : 0

Track 14

    CRC32 hash             : 7380E9E3
    CRC32 hash (skip zero) : 4E9CF102
    AccurateRip signature  : 97673A78
        ->Accurately ripped! (confidence 12)
    Statistics
        Read error                           : 0
        Skipped (treated as error)           : 0
        Edge jitter error (maybe fixed)      : 0
        Atom jitter error (maybe fixed)      : 0
        Drift error (maybe fixed)            : 0
        Dropped bytes error (maybe fixed)    : 0
        Duplicated bytes error (maybe fixed) : 0

Track 15

    CRC32 hash             : 4F50CF26
    CRC32 hash (skip zero) : 54530E7D
    AccurateRip signature  : 00A8C912
        ->Accurately ripped! (confidence 12)
    Statistics
        Read error                           : 0
        Skipped (treated as error)           : 0
        Edge jitter error (maybe fixed)      : 0
        Atom jitter error (maybe fixed)      : 0
        Drift error (maybe fixed)            : 0
        Dropped bytes error (maybe fixed)    : 0
        Duplicated bytes error (maybe fixed) : 0

Track 16
    Pre-gap length : 00:01:50

    CRC32 hash             : CF2B6CE2
    CRC32 hash (skip zero) : 6DB3B5BF
    AccurateRip signature  : 30A5F699
        ->Accurately ripped! (confidence 12)
    Statistics
        Read error                           : 0
        Skipped (treated as error)           : 0
        Edge jitter error (maybe fixed)      : 0
        Atom jitter error (maybe fixed)      : 0
        Drift error (maybe fixed)            : 0
        Dropped bytes error (maybe fixed)    : 0
        Duplicated bytes error (maybe fixed) : 0

Track 17
    Pre-gap length : 00:00:50

    CRC32 hash             : DF207F29
    CRC32 hash (skip zero) : 12FD2CE3
    AccurateRip signature  : 99AA33E8
        ->Accurately ripped! (confidence 12)
    Statistics
        Read error                           : 0
        Skipped (treated as error)           : 0
        Edge jitter error (maybe fixed)      : 0
        Atom jitter error (maybe fixed)      : 0
        Drift error (maybe fixed)            : 0
        Dropped bytes error (maybe fixed)    : 0
        Duplicated bytes error (maybe fixed) : 0

Track 18
    Pre-gap length : 00:00:42

    CRC32 hash             : BBF67B96
    CRC32 hash (skip zero) : 99CDD21C
    AccurateRip signature  : 1A876DFE
        ->Accurately ripped! (confidence 12)
    Statistics
        Read error                           : 0
        Skipped (treated as error)           : 0
        Edge jitter error (maybe fixed)      : 0
        Atom jitter error (maybe fixed)      : 0
        Drift error (maybe fixed)            : 0
        Dropped bytes error (maybe fixed)    : 0
        Duplicated bytes error (maybe fixed) : 0

Track 19
    Pre-gap length : 00:01:65

    CRC32 hash             : DB2090CD
    CRC32 hash (skip zero) : 057FAF7F
    AccurateRip signature  : FE7E936D
        ->Accurately ripped! (confidence 12)
    Statistics
        Read error                           : 0
        Skipped (treated as error)           : 0
        Edge jitter error (maybe fixed)      : 0
        Atom jitter error (maybe fixed)      : 0
        Drift error (maybe fixed)            : 0
        Dropped bytes error (maybe fixed)    : 0
        Duplicated bytes error (maybe fixed) : 0

No errors occurred

End of status report
