X Lossless Decoder version 20110417 (131.0)

XLD extraction logfile from 2011-05-02 09:10:10 +0900

Martin Newell / The Greatest Living Englishman

Used drive : MATSHITA DVD-R   UJ-868 (revision KB19)

Ripper mode             : CDParanoia III 10.2
Disable audio cache     : OK for the drive with a cache less than 2750KiB
Make use of C2 pointers : NO
Read offset correction  : 102
Max retry count         : 100
Gap status              : Analyzed, Appended

TOC of the extracted CD
     Track |   Start  |  Length  | Start sector | End sector 
    ---------------------------------------------------------
        1  | 00:00:00 | 03:56:37 |         0    |    17736   
        2  | 03:56:37 | 03:03:05 |     17737    |    31466   
        3  | 06:59:42 | 02:34:45 |     31467    |    43061   
        4  | 09:34:12 | 04:32:70 |     43062    |    63531   
        5  | 14:07:07 | 03:58:28 |     63532    |    81409   
        6  | 18:05:35 | 03:17:02 |     81410    |    96186   
        7  | 21:22:37 | 03:30:48 |     96187    |   111984   
        8  | 24:53:10 | 03:30:10 |    111985    |   127744   
        9  | 28:23:20 | 04:47:12 |    127745    |   149281   
       10  | 33:10:32 | 05:13:63 |    149282    |   172819   
       11  | 38:24:20 | 05:58:62 |    172820    |   199731   
       12  | 44:23:07 | 02:06:73 |    199732    |   209254   

AccurateRip Summary
    Track 01 : OK (confidence 12)
    Track 02 : OK (confidence 12)
    Track 03 : OK (confidence 12)
    Track 04 : OK (confidence 12)
    Track 05 : OK (confidence 12)
    Track 06 : OK (confidence 12)
    Track 07 : OK (confidence 12)
    Track 08 : OK (confidence 12)
    Track 09 : OK (confidence 12)
    Track 10 : OK (confidence 12)
    Track 11 : OK (confidence 12)
    Track 12 : OK (confidence 12)
        ->All tracks accurately ripped.

All Tracks
    Filename : /Users/m4c/Public/flac/The Greatest Living Englishman.flac
    CRC32 hash             : 68106752
    CRC32 hash (skip zero) : B50996E7
    Statistics
        Read error                           : 0
        Skipped (treated as error)           : 0
        Edge jitter error (maybe fixed)      : 0
        Atom jitter error (maybe fixed)      : 0
        Drift error (maybe fixed)            : 0
        Dropped bytes error (maybe fixed)    : 0
        Duplicated bytes error (maybe fixed) : 0

Track 01
    Pre-gap length : 00:02:00

    CRC32 hash             : 8130165A
    CRC32 hash (skip zero) : 4EC2D2A2
    AccurateRip signature  : 4AA3EDF4
        ->Accurately ripped! (confidence 12)
    Statistics
        Read error                           : 0
        Skipped (treated as error)           : 0
        Edge jitter error (maybe fixed)      : 0
        Atom jitter error (maybe fixed)      : 0
        Drift error (maybe fixed)            : 0
        Dropped bytes error (maybe fixed)    : 0
        Duplicated bytes error (maybe fixed) : 0

Track 02

    CRC32 hash             : B4D4156A
    CRC32 hash (skip zero) : 23BE4372
    AccurateRip signature  : 6A578851
        ->Accurately ripped! (confidence 12)
    Statistics
        Read error                           : 0
        Skipped (treated as error)           : 0
        Edge jitter error (maybe fixed)      : 0
        Atom jitter error (maybe fixed)      : 0
        Drift error (maybe fixed)            : 0
        Dropped bytes error (maybe fixed)    : 0
        Duplicated bytes error (maybe fixed) : 0

Track 03

    CRC32 hash             : E20AB229
    CRC32 hash (skip zero) : BE21CD84
    AccurateRip signature  : 77280ED4
        ->Accurately ripped! (confidence 12)
    Statistics
        Read error                           : 0
        Skipped (treated as error)           : 0
        Edge jitter error (maybe fixed)      : 0
        Atom jitter error (maybe fixed)      : 0
        Drift error (maybe fixed)            : 0
        Dropped bytes error (maybe fixed)    : 0
        Duplicated bytes error (maybe fixed) : 0

Track 04

    CRC32 hash             : 1DFC99F1
    CRC32 hash (skip zero) : A789FA70
    AccurateRip signature  : 0DFB8F2F
        ->Accurately ripped! (confidence 12)
    Statistics
        Read error                           : 0
        Skipped (treated as error)           : 0
        Edge jitter error (maybe fixed)      : 0
        Atom jitter error (maybe fixed)      : 0
        Drift error (maybe fixed)            : 0
        Dropped bytes error (maybe fixed)    : 0
        Duplicated bytes error (maybe fixed) : 0

Track 05

    CRC32 hash             : 60BEAD79
    CRC32 hash (skip zero) : 63D04B85
    AccurateRip signature  : 1EE6014A
        ->Accurately ripped! (confidence 12)
    Statistics
        Read error                           : 0
        Skipped (treated as error)           : 0
        Edge jitter error (maybe fixed)      : 0
        Atom jitter error (maybe fixed)      : 0
        Drift error (maybe fixed)            : 0
        Dropped bytes error (maybe fixed)    : 0
        Duplicated bytes error (maybe fixed) : 0

Track 06

    CRC32 hash             : 529077F0
    CRC32 hash (skip zero) : A7848AD6
    AccurateRip signature  : 379F4954
        ->Accurately ripped! (confidence 12)
    Statistics
        Read error                           : 0
        Skipped (treated as error)           : 0
        Edge jitter error (maybe fixed)      : 0
        Atom jitter error (maybe fixed)      : 0
        Drift error (maybe fixed)            : 0
        Dropped bytes error (maybe fixed)    : 0
        Duplicated bytes error (maybe fixed) : 0

Track 07

    CRC32 hash             : 7330FA93
    CRC32 hash (skip zero) : 5E6C6074
    AccurateRip signature  : 7BBEBD42
        ->Accurately ripped! (confidence 12)
    Statistics
        Read error                           : 0
        Skipped (treated as error)           : 0
        Edge jitter error (maybe fixed)      : 0
        Atom jitter error (maybe fixed)      : 0
        Drift error (maybe fixed)            : 0
        Dropped bytes error (maybe fixed)    : 0
        Duplicated bytes error (maybe fixed) : 0

Track 08

    CRC32 hash             : 2E73A94A
    CRC32 hash (skip zero) : 37D7696F
    AccurateRip signature  : 4C1E0BB4
        ->Accurately ripped! (confidence 12)
    Statistics
        Read error                           : 0
        Skipped (treated as error)           : 0
        Edge jitter error (maybe fixed)      : 0
        Atom jitter error (maybe fixed)      : 0
        Drift error (maybe fixed)            : 0
        Dropped bytes error (maybe fixed)    : 0
        Duplicated bytes error (maybe fixed) : 0

Track 09

    CRC32 hash             : 10E8B2D8
    CRC32 hash (skip zero) : 4A345083
    AccurateRip signature  : 88CE890E
        ->Accurately ripped! (confidence 12)
    Statistics
        Read error                           : 0
        Skipped (treated as error)           : 0
        Edge jitter error (maybe fixed)      : 0
        Atom jitter error (maybe fixed)      : 0
        Drift error (maybe fixed)            : 0
        Dropped bytes error (maybe fixed)    : 0
        Duplicated bytes error (maybe fixed) : 0

Track 10

    CRC32 hash             : 91E1AA6C
    CRC32 hash (skip zero) : 2E871F51
    AccurateRip signature  : E4767CC0
        ->Accurately ripped! (confidence 12)
    Statistics
        Read error                           : 0
        Skipped (treated as error)           : 0
        Edge jitter error (maybe fixed)      : 0
        Atom jitter error (maybe fixed)      : 0
        Drift error (maybe fixed)            : 0
        Dropped bytes error (maybe fixed)    : 0
        Duplicated bytes error (maybe fixed) : 0

Track 11

    CRC32 hash             : AF0CF8F9
    CRC32 hash (skip zero) : 7811DC40
    AccurateRip signature  : 3EA85192
        ->Accurately ripped! (confidence 12)
    Statistics
        Read error                           : 0
        Skipped (treated as error)           : 0
        Edge jitter error (maybe fixed)      : 0
        Atom jitter error (maybe fixed)      : 0
        Drift error (maybe fixed)            : 0
        Dropped bytes error (maybe fixed)    : 0
        Duplicated bytes error (maybe fixed) : 0

Track 12

    CRC32 hash             : 364A08EE
    CRC32 hash (skip zero) : 726F03FF
    AccurateRip signature  : 1267555E
        ->Accurately ripped! (confidence 12)
    Statistics
        Read error                           : 0
        Skipped (treated as error)           : 0
        Edge jitter error (maybe fixed)      : 0
        Atom jitter error (maybe fixed)      : 0
        Drift error (maybe fixed)            : 0
        Dropped bytes error (maybe fixed)    : 0
        Duplicated bytes error (maybe fixed) : 0

No errors occurred

End of status report
