X Lossless Decoder version 20181019 (151.1)

XLD extraction logfile from 2019-07-15 15:56:50 +0900

Jacob Collier / Djesse (Vol. 1)

Used drive : HL-DT-ST BD-RE  BH10NS30 (revision EL00)
Media type : Pressed CD

Ripper mode             : XLD Secure Ripper
Disable audio cache     : OK for the drive with a cache less than 1375KiB
Make use of C2 pointers : NO
Read offset correction  : 667
Max retry count         : 20
Gap status              : Analyzed, Appended

TOC of the extracted CD
     Track |   Start  |  Length  | Start sector | End sector 
    ---------------------------------------------------------
        1  | 00:00:00 | 05:45:08 |         0    |    25882   
        2  | 05:45:08 | 02:54:26 |     25883    |    38958   
        3  | 08:39:34 | 06:48:57 |     38959    |    69615   
        4  | 15:28:16 | 05:19:00 |     69616    |    93540   
        5  | 20:47:16 | 04:36:27 |     93541    |   114267   
        6  | 25:23:43 | 06:33:38 |    114268    |   143780   
        7  | 31:57:06 | 04:38:57 |    143781    |   164687   
        8  | 36:35:63 | 09:23:74 |    164688    |   206986   
        9  | 45:59:62 | 07:19:09 |    206987    |   239920   

AccurateRip Summary (DiscID: 0010bfac-007cea75-780c7e09)
    Track 01 : OK (v2, confidence 1/1)
    Track 02 : OK (v2, confidence 1/1)
    Track 03 : OK (v2, confidence 1/1)
    Track 04 : OK (v2, confidence 1/1)
    Track 05 : OK (v2, confidence 1/1)
    Track 06 : OK (v2, confidence 1/1)
    Track 07 : OK (v2, confidence 1/1)
    Track 08 : OK (v2, confidence 1/1)
    Track 09 : OK (v2, confidence 1/1)
        ->All tracks accurately ripped.

All Tracks
    Filename : /Users/m4c/Music/Jacob Collier - Djesse (Vol. 1).flac
    CRC32 hash               : EA84C293
    CRC32 hash (skip zero)   : 5E638F14
    Statistics
        Read error                           : 0
        Jitter error (maybe fixed)           : 0
        Retry sector count                   : 0
        Damaged sector count                 : 0

Track 01
    Pre-gap length : 00:02:00

    CRC32 hash               : 8E58C485
    CRC32 hash (skip zero)   : B5F457D1
    AccurateRip v1 signature : A0744723
    AccurateRip v2 signature : B2AB0D6E
        ->Accurately ripped (v2, confidence 1/1)
    Statistics
        Read error                           : 0
        Jitter error (maybe fixed)           : 0
        Retry sector count                   : 0
        Damaged sector count                 : 0

Track 02

    CRC32 hash               : FC3782F0
    CRC32 hash (skip zero)   : 9C5118B4
    AccurateRip v1 signature : 5BB15156
    AccurateRip v2 signature : 199E868D
        ->Accurately ripped (v2, confidence 1/1)
    Statistics
        Read error                           : 0
        Jitter error (maybe fixed)           : 0
        Retry sector count                   : 0
        Damaged sector count                 : 0

Track 03

    CRC32 hash               : ACDD0AB9
    CRC32 hash (skip zero)   : 24AE4B9F
    AccurateRip v1 signature : 7506B36E
    AccurateRip v2 signature : B283FB81
        ->Accurately ripped (v2, confidence 1/1)
    Statistics
        Read error                           : 0
        Jitter error (maybe fixed)           : 0
        Retry sector count                   : 0
        Damaged sector count                 : 0

Track 04

    CRC32 hash               : 8B7BDF9A
    CRC32 hash (skip zero)   : 1E190BB8
    AccurateRip v1 signature : 18AE7C80
    AccurateRip v2 signature : DB6FBED5
        ->Accurately ripped (v2, confidence 1/1)
    Statistics
        Read error                           : 0
        Jitter error (maybe fixed)           : 0
        Retry sector count                   : 0
        Damaged sector count                 : 0

Track 05

    CRC32 hash               : CAC81420
    CRC32 hash (skip zero)   : 813BACA4
    AccurateRip v1 signature : 214167BF
    AccurateRip v2 signature : 9DEE8BFE
        ->Accurately ripped (v2, confidence 1/1)
    Statistics
        Read error                           : 0
        Jitter error (maybe fixed)           : 0
        Retry sector count                   : 0
        Damaged sector count                 : 0

Track 06

    CRC32 hash               : 65274961
    CRC32 hash (skip zero)   : EE23F0E2
    AccurateRip v1 signature : 6B12A36E
    AccurateRip v2 signature : 52A13E76
        ->Accurately ripped (v2, confidence 1/1)
    Statistics
        Read error                           : 0
        Jitter error (maybe fixed)           : 0
        Retry sector count                   : 0
        Damaged sector count                 : 0

Track 07

    CRC32 hash               : 9904903E
    CRC32 hash (skip zero)   : 867554EB
    AccurateRip v1 signature : B70D3542
    AccurateRip v2 signature : 3C752411
        ->Accurately ripped (v2, confidence 1/1)
    Statistics
        Read error                           : 0
        Jitter error (maybe fixed)           : 0
        Retry sector count                   : 0
        Damaged sector count                 : 0

Track 08

    CRC32 hash               : 6486F301
    CRC32 hash (skip zero)   : FE2A8F70
    AccurateRip v1 signature : 4BF83B96
    AccurateRip v2 signature : 2048D1AA
        ->Accurately ripped (v2, confidence 1/1)
    Statistics
        Read error                           : 0
        Jitter error (maybe fixed)           : 0
        Retry sector count                   : 0
        Damaged sector count                 : 0

Track 09

    CRC32 hash               : 171962A0
    CRC32 hash (skip zero)   : A4581DDF
    AccurateRip v1 signature : 02740CEF
    AccurateRip v2 signature : D8358E35
        ->Accurately ripped (v2, confidence 1/1)
    Statistics
        Read error                           : 0
        Jitter error (maybe fixed)           : 0
        Retry sector count                   : 0
        Damaged sector count                 : 0

No errors occurred

End of status report
