X Lossless Decoder version 20110502 (132.0)

XLD extraction logfile from 2011-05-04 16:00:57 +0900

World Party / Egyptology

Used drive : MATSHITA DVD-R   UJ-868 (revision KB19)

Ripper mode             : CDParanoia III 10.2
Disable audio cache     : OK for the drive with a cache less than 2750KiB
Make use of C2 pointers : NO
Read offset correction  : 102
Max retry count         : 100
Gap status              : Analyzed, Appended

TOC of the extracted CD
     Track |   Start  |  Length  | Start sector | End sector 
    ---------------------------------------------------------
        1  | 00:00:00 | 03:23:46 |         0    |    15270   
        2  | 03:23:46 | 04:43:72 |     15271    |    36567   
        3  | 08:07:43 | 02:58:56 |     36568    |    49973   
        4  | 11:06:24 | 03:34:72 |     49974    |    66095   
        5  | 14:41:21 | 04:56:23 |     66096    |    88318   
        6  | 19:37:44 | 00:24:46 |     88319    |    90164   
        7  | 20:02:15 | 05:59:05 |     90165    |   117094   
        8  | 26:01:20 | 03:16:58 |    117095    |   131852   
        9  | 29:18:03 | 03:05:10 |    131853    |   145737   
       10  | 32:23:13 | 05:56:51 |    145738    |   172488   
       11  | 38:19:64 | 04:09:58 |    172489    |   191221   
       12  | 42:29:47 | 04:24:57 |    191222    |   211078   
       13  | 46:54:29 | 04:59:21 |    211079    |   233524   
       14  | 51:53:50 | 04:20:64 |    233525    |   253088   
       15  | 56:14:39 | 04:24:22 |    253089    |   272910   
       16  | 63:10:61 | 13:15:16 |    284311    |   343951   

AccurateRip Summary
    Track 01 : OK (confidence 3)
    Track 02 : OK (confidence 3)
    Track 03 : OK (confidence 3)
    Track 04 : OK (confidence 3)
    Track 05 : OK (confidence 2)
    Track 06 : OK (confidence 2)
    Track 07 : OK (confidence 2)
    Track 08 : OK (confidence 3)
    Track 09 : OK (confidence 3)
    Track 10 : OK (confidence 2)
    Track 11 : OK (confidence 3)
    Track 12 : OK (confidence 3)
    Track 13 : OK (confidence 3)
    Track 14 : NG
    Track 15 : OK (confidence 3)
        ->14 track(s) accurately ripped, 1 track(s) not, 0 track(s) not found

All Tracks
    Filename : /Users/m4c/Public/flac/Egyptology.flac
    CRC32 hash             : 430238EB
    CRC32 hash (skip zero) : A837E45C
    Statistics
        Read error                           : 0
        Skipped (treated as error)           : 0
        Edge jitter error (maybe fixed)      : 2
        Atom jitter error (maybe fixed)      : 0
        Drift error (maybe fixed)            : 0
        Dropped bytes error (maybe fixed)    : 2
        Duplicated bytes error (maybe fixed) : 2

Track 01
    Pre-gap length : 00:02:00

    CRC32 hash             : 79BF8482
    CRC32 hash (skip zero) : 4E97813A
    AccurateRip signature  : 0A9ED72B
        ->Accurately ripped! (confidence 3)
    Statistics
        Read error                           : 0
        Skipped (treated as error)           : 0
        Edge jitter error (maybe fixed)      : 0
        Atom jitter error (maybe fixed)      : 0
        Drift error (maybe fixed)            : 0
        Dropped bytes error (maybe fixed)    : 0
        Duplicated bytes error (maybe fixed) : 0

Track 02
    Pre-gap length : 00:00:14

    CRC32 hash             : 1ADF60C5
    CRC32 hash (skip zero) : 8DEDDB23
    AccurateRip signature  : 8798FF7D
        ->Accurately ripped! (confidence 3)
    Statistics
        Read error                           : 0
        Skipped (treated as error)           : 0
        Edge jitter error (maybe fixed)      : 0
        Atom jitter error (maybe fixed)      : 0
        Drift error (maybe fixed)            : 0
        Dropped bytes error (maybe fixed)    : 0
        Duplicated bytes error (maybe fixed) : 0

Track 03

    CRC32 hash             : 295CEEB7
    CRC32 hash (skip zero) : C0FF2BDD
    AccurateRip signature  : E6903FAC
        ->Accurately ripped! (confidence 3)
    Statistics
        Read error                           : 0
        Skipped (treated as error)           : 0
        Edge jitter error (maybe fixed)      : 0
        Atom jitter error (maybe fixed)      : 0
        Drift error (maybe fixed)            : 0
        Dropped bytes error (maybe fixed)    : 0
        Duplicated bytes error (maybe fixed) : 0

Track 04
    Pre-gap length : 00:01:06

    CRC32 hash             : 8518531A
    CRC32 hash (skip zero) : F4E18E9A
    AccurateRip signature  : 8506BA2A
        ->Accurately ripped! (confidence 3)
    Statistics
        Read error                           : 0
        Skipped (treated as error)           : 0
        Edge jitter error (maybe fixed)      : 0
        Atom jitter error (maybe fixed)      : 0
        Drift error (maybe fixed)            : 0
        Dropped bytes error (maybe fixed)    : 0
        Duplicated bytes error (maybe fixed) : 0

Track 05
    Pre-gap length : 00:01:37

    CRC32 hash             : D1986ED4
    CRC32 hash (skip zero) : 29EBA239
    AccurateRip signature  : 550A4E3C
        ->Accurately ripped! (confidence 2)
    Statistics
        Read error                           : 0
        Skipped (treated as error)           : 0
        Edge jitter error (maybe fixed)      : 0
        Atom jitter error (maybe fixed)      : 0
        Drift error (maybe fixed)            : 0
        Dropped bytes error (maybe fixed)    : 0
        Duplicated bytes error (maybe fixed) : 0

Track 06
    Pre-gap length : 00:01:17

    CRC32 hash             : 2E2A9B4F
    CRC32 hash (skip zero) : B3142AA2
    AccurateRip signature  : CF7DE897
        ->Accurately ripped! (confidence 2)
    Statistics
        Read error                           : 0
        Skipped (treated as error)           : 0
        Edge jitter error (maybe fixed)      : 0
        Atom jitter error (maybe fixed)      : 0
        Drift error (maybe fixed)            : 0
        Dropped bytes error (maybe fixed)    : 0
        Duplicated bytes error (maybe fixed) : 0

Track 07

    CRC32 hash             : 043D74AE
    CRC32 hash (skip zero) : AE73303C
    AccurateRip signature  : D3880E7D
        ->Accurately ripped! (confidence 2)
    Statistics
        Read error                           : 0
        Skipped (treated as error)           : 0
        Edge jitter error (maybe fixed)      : 0
        Atom jitter error (maybe fixed)      : 0
        Drift error (maybe fixed)            : 0
        Dropped bytes error (maybe fixed)    : 0
        Duplicated bytes error (maybe fixed) : 0

Track 08
    Pre-gap length : 00:00:40

    CRC32 hash             : 3DFB6DD6
    CRC32 hash (skip zero) : 62D86B25
    AccurateRip signature  : 683D2F3B
        ->Accurately ripped! (confidence 3)
    Statistics
        Read error                           : 0
        Skipped (treated as error)           : 0
        Edge jitter error (maybe fixed)      : 0
        Atom jitter error (maybe fixed)      : 0
        Drift error (maybe fixed)            : 0
        Dropped bytes error (maybe fixed)    : 0
        Duplicated bytes error (maybe fixed) : 0

Track 09
    Pre-gap length : 00:01:22

    CRC32 hash             : 24483513
    CRC32 hash (skip zero) : 6D39A946
    AccurateRip signature  : 9AD8C244
        ->Accurately ripped! (confidence 3)
    Statistics
        Read error                           : 0
        Skipped (treated as error)           : 0
        Edge jitter error (maybe fixed)      : 0
        Atom jitter error (maybe fixed)      : 0
        Drift error (maybe fixed)            : 0
        Dropped bytes error (maybe fixed)    : 0
        Duplicated bytes error (maybe fixed) : 0

Track 10
    Pre-gap length : 00:00:67

    CRC32 hash             : 9158AE52
    CRC32 hash (skip zero) : 70A9796F
    AccurateRip signature  : CDE23926
        ->Accurately ripped! (confidence 2)
    Statistics
        Read error                           : 0
        Skipped (treated as error)           : 0
        Edge jitter error (maybe fixed)      : 0
        Atom jitter error (maybe fixed)      : 0
        Drift error (maybe fixed)            : 0
        Dropped bytes error (maybe fixed)    : 0
        Duplicated bytes error (maybe fixed) : 0

Track 11
    Pre-gap length : 00:01:47

    CRC32 hash             : 71A8574A
    CRC32 hash (skip zero) : 367DD861
    AccurateRip signature  : 39C52094
        ->Accurately ripped! (confidence 3)
    Statistics
        Read error                           : 0
        Skipped (treated as error)           : 0
        Edge jitter error (maybe fixed)      : 0
        Atom jitter error (maybe fixed)      : 0
        Drift error (maybe fixed)            : 0
        Dropped bytes error (maybe fixed)    : 0
        Duplicated bytes error (maybe fixed) : 0

Track 12

    CRC32 hash             : 84DE529C
    CRC32 hash (skip zero) : 42A772E1
    AccurateRip signature  : 466A69FA
        ->Accurately ripped! (confidence 3)
    Statistics
        Read error                           : 0
        Skipped (treated as error)           : 0
        Edge jitter error (maybe fixed)      : 0
        Atom jitter error (maybe fixed)      : 0
        Drift error (maybe fixed)            : 0
        Dropped bytes error (maybe fixed)    : 0
        Duplicated bytes error (maybe fixed) : 0

Track 13
    Pre-gap length : 00:01:69

    CRC32 hash             : E70A720A
    CRC32 hash (skip zero) : A117541C
    AccurateRip signature  : 458BFC43
        ->Accurately ripped! (confidence 3)
    Statistics
        Read error                           : 0
        Skipped (treated as error)           : 0
        Edge jitter error (maybe fixed)      : 0
        Atom jitter error (maybe fixed)      : 0
        Drift error (maybe fixed)            : 0
        Dropped bytes error (maybe fixed)    : 0
        Duplicated bytes error (maybe fixed) : 0

Track 14
    Pre-gap length : 00:00:70

    CRC32 hash             : F28A7249
    CRC32 hash (skip zero) : 3FD5812A
    AccurateRip signature  : CC26DED8
        ->Rip may not be accurate.
    Statistics
        Read error                           : 0
        Skipped (treated as error)           : 0
        Edge jitter error (maybe fixed)      : 2
        Atom jitter error (maybe fixed)      : 0
        Drift error (maybe fixed)            : 0
        Dropped bytes error (maybe fixed)    : 2
        Duplicated bytes error (maybe fixed) : 2

Track 15
    Pre-gap length : 00:01:15

    CRC32 hash             : 610239CE
    CRC32 hash (skip zero) : F37886CC
    AccurateRip signature  : 06168119
        ->Accurately ripped! (confidence 3)
    Statistics
        Read error                           : 0
        Skipped (treated as error)           : 0
        Edge jitter error (maybe fixed)      : 0
        Atom jitter error (maybe fixed)      : 0
        Drift error (maybe fixed)            : 0
        Dropped bytes error (maybe fixed)    : 0
        Duplicated bytes error (maybe fixed) : 0

No errors occurred

End of status report
