X Lossless Decoder version 20110502 (132.0)

XLD extraction logfile from 2011-05-03 14:19:21 +0900

Squeeze / Cool For Cats

Used drive : MATSHITA DVD-R   UJ-868 (revision KB19)

Ripper mode             : CDParanoia III 10.2
Disable audio cache     : OK for the drive with a cache less than 2750KiB
Make use of C2 pointers : NO
Read offset correction  : 102
Max retry count         : 100
Gap status              : Analyzed, Appended

TOC of the extracted CD
     Track |   Start  |  Length  | Start sector | End sector 
    ---------------------------------------------------------
        1  | 00:00:00 | 04:01:32 |         0    |    18106   
        2  | 04:01:32 | 02:30:18 |     18107    |    29374   
        3  | 06:31:50 | 02:26:10 |     29375    |    40334   
        4  | 08:57:60 | 02:35:35 |     40335    |    51994   
        5  | 11:33:20 | 03:12:02 |     51995    |    66396   
        6  | 14:45:22 | 04:35:03 |     66397    |    87024   
        7  | 19:20:25 | 02:47:25 |     87025    |    99574   
        8  | 22:07:50 | 03:11:50 |     99575    |   113949   
        9  | 25:19:25 | 03:38:07 |    113950    |   130306   
       10  | 28:57:32 | 02:41:65 |    130307    |   142446   
       11  | 31:39:22 | 02:59:30 |    142447    |   155901   
       12  | 34:38:52 | 03:40:03 |    155902    |   172404   

AccurateRip Summary
    Disc not found in AccurateRip DB.

All Tracks
    Filename : /Users/m4c/Public/flac/Cool For Cats.flac
    CRC32 hash             : ADBA09EE
    CRC32 hash (skip zero) : 42FFA657
    Statistics
        Read error                           : 0
        Skipped (treated as error)           : 0
        Edge jitter error (maybe fixed)      : 0
        Atom jitter error (maybe fixed)      : 0
        Drift error (maybe fixed)            : 0
        Dropped bytes error (maybe fixed)    : 0
        Duplicated bytes error (maybe fixed) : 0

Track 01
    Pre-gap length : 00:02:00

    CRC32 hash             : 3523269B
    CRC32 hash (skip zero) : D726E2A6
    AccurateRip signature  : 0BE148DC
        ->Track not present in AccurateRip database.
    Statistics
        Read error                           : 0
        Skipped (treated as error)           : 0
        Edge jitter error (maybe fixed)      : 0
        Atom jitter error (maybe fixed)      : 0
        Drift error (maybe fixed)            : 0
        Dropped bytes error (maybe fixed)    : 0
        Duplicated bytes error (maybe fixed) : 0

Track 02
    Pre-gap length : 00:00:25

    CRC32 hash             : 0D19460F
    CRC32 hash (skip zero) : 273CFE89
    AccurateRip signature  : EC765CA8
        ->Track not present in AccurateRip database.
    Statistics
        Read error                           : 0
        Skipped (treated as error)           : 0
        Edge jitter error (maybe fixed)      : 0
        Atom jitter error (maybe fixed)      : 0
        Drift error (maybe fixed)            : 0
        Dropped bytes error (maybe fixed)    : 0
        Duplicated bytes error (maybe fixed) : 0

Track 03

    CRC32 hash             : 5559AC51
    CRC32 hash (skip zero) : 624753DD
    AccurateRip signature  : 5B1921A0
        ->Track not present in AccurateRip database.
    Statistics
        Read error                           : 0
        Skipped (treated as error)           : 0
        Edge jitter error (maybe fixed)      : 0
        Atom jitter error (maybe fixed)      : 0
        Drift error (maybe fixed)            : 0
        Dropped bytes error (maybe fixed)    : 0
        Duplicated bytes error (maybe fixed) : 0

Track 04
    Pre-gap length : 00:00:55

    CRC32 hash             : 97D84C2B
    CRC32 hash (skip zero) : A8B0C24E
    AccurateRip signature  : BF4E3940
        ->Track not present in AccurateRip database.
    Statistics
        Read error                           : 0
        Skipped (treated as error)           : 0
        Edge jitter error (maybe fixed)      : 0
        Atom jitter error (maybe fixed)      : 0
        Drift error (maybe fixed)            : 0
        Dropped bytes error (maybe fixed)    : 0
        Duplicated bytes error (maybe fixed) : 0

Track 05

    CRC32 hash             : 3C4238B1
    CRC32 hash (skip zero) : 91786818
    AccurateRip signature  : DC352064
        ->Track not present in AccurateRip database.
    Statistics
        Read error                           : 0
        Skipped (treated as error)           : 0
        Edge jitter error (maybe fixed)      : 0
        Atom jitter error (maybe fixed)      : 0
        Drift error (maybe fixed)            : 0
        Dropped bytes error (maybe fixed)    : 0
        Duplicated bytes error (maybe fixed) : 0

Track 06
    Pre-gap length : 00:01:42

    CRC32 hash             : DF3DA90A
    CRC32 hash (skip zero) : 74DC1BB5
    AccurateRip signature  : BE5F8B63
        ->Track not present in AccurateRip database.
    Statistics
        Read error                           : 0
        Skipped (treated as error)           : 0
        Edge jitter error (maybe fixed)      : 0
        Atom jitter error (maybe fixed)      : 0
        Drift error (maybe fixed)            : 0
        Dropped bytes error (maybe fixed)    : 0
        Duplicated bytes error (maybe fixed) : 0

Track 07
    Pre-gap length : 00:02:28

    CRC32 hash             : 6A29E80A
    CRC32 hash (skip zero) : 918C607F
    AccurateRip signature  : FD5B31C7
        ->Track not present in AccurateRip database.
    Statistics
        Read error                           : 0
        Skipped (treated as error)           : 0
        Edge jitter error (maybe fixed)      : 0
        Atom jitter error (maybe fixed)      : 0
        Drift error (maybe fixed)            : 0
        Dropped bytes error (maybe fixed)    : 0
        Duplicated bytes error (maybe fixed) : 0

Track 08

    CRC32 hash             : 4E1F7E66
    CRC32 hash (skip zero) : 8DEE09DA
    AccurateRip signature  : 13467B14
        ->Track not present in AccurateRip database.
    Statistics
        Read error                           : 0
        Skipped (treated as error)           : 0
        Edge jitter error (maybe fixed)      : 0
        Atom jitter error (maybe fixed)      : 0
        Drift error (maybe fixed)            : 0
        Dropped bytes error (maybe fixed)    : 0
        Duplicated bytes error (maybe fixed) : 0

Track 09

    CRC32 hash             : 91041031
    CRC32 hash (skip zero) : 80ED7DBF
    AccurateRip signature  : 4DFB2AE1
        ->Track not present in AccurateRip database.
    Statistics
        Read error                           : 0
        Skipped (treated as error)           : 0
        Edge jitter error (maybe fixed)      : 0
        Atom jitter error (maybe fixed)      : 0
        Drift error (maybe fixed)            : 0
        Dropped bytes error (maybe fixed)    : 0
        Duplicated bytes error (maybe fixed) : 0

Track 10
    Pre-gap length : 00:01:07

    CRC32 hash             : 4287DEC5
    CRC32 hash (skip zero) : 477AFD00
    AccurateRip signature  : 253FFB75
        ->Track not present in AccurateRip database.
    Statistics
        Read error                           : 0
        Skipped (treated as error)           : 0
        Edge jitter error (maybe fixed)      : 0
        Atom jitter error (maybe fixed)      : 0
        Drift error (maybe fixed)            : 0
        Dropped bytes error (maybe fixed)    : 0
        Duplicated bytes error (maybe fixed) : 0

Track 11

    CRC32 hash             : 4C2757A3
    CRC32 hash (skip zero) : 1C315496
    AccurateRip signature  : 3C105937
        ->Track not present in AccurateRip database.
    Statistics
        Read error                           : 0
        Skipped (treated as error)           : 0
        Edge jitter error (maybe fixed)      : 0
        Atom jitter error (maybe fixed)      : 0
        Drift error (maybe fixed)            : 0
        Dropped bytes error (maybe fixed)    : 0
        Duplicated bytes error (maybe fixed) : 0

Track 12
    Pre-gap length : 00:01:10

    CRC32 hash             : 35D55EBF
    CRC32 hash (skip zero) : AFED7BEC
    AccurateRip signature  : D4091147
        ->Track not present in AccurateRip database.
    Statistics
        Read error                           : 0
        Skipped (treated as error)           : 0
        Edge jitter error (maybe fixed)      : 0
        Atom jitter error (maybe fixed)      : 0
        Drift error (maybe fixed)            : 0
        Dropped bytes error (maybe fixed)    : 0
        Duplicated bytes error (maybe fixed) : 0

No errors occurred

End of status report
