X Lossless Decoder version 20110502 (132.0)

XLD extraction logfile from 2011-05-05 23:22:50 +0900

Squeeze / Cosi Fan Tutti Frutti (remastered in 1997)

Used drive : HL-DT-ST BD-RE  BH10NS30 (revision EL00)

Ripper mode             : CDParanoia III 10.2
Disable audio cache     : OK for the drive with a cache less than 2750KiB
Make use of C2 pointers : NO
Read offset correction  : 667
Max retry count         : 100
Gap status              : Analyzed, Appended

TOC of the extracted CD
     Track |   Start  |  Length  | Start sector | End sector 
    ---------------------------------------------------------
        1  | 00:00:00 | 04:02:67 |         0    |    18216   
        2  | 04:02:67 | 04:24:25 |     18217    |    38041   
        3  | 08:27:17 | 03:48:00 |     38042    |    55141   
        4  | 12:15:17 | 04:24:07 |     55142    |    74948   
        5  | 16:39:24 | 05:41:13 |     74949    |   100536   
        6  | 22:20:37 | 04:26:45 |    100537    |   120531   
        7  | 26:47:07 | 05:07:00 |    120532    |   143556   
        8  | 31:54:07 | 03:03:20 |    143557    |   157301   
        9  | 34:57:27 | 04:33:50 |    157302    |   177826   
       10  | 39:31:02 | 04:41:54 |    177827    |   198955   
       11  | 44:12:56 | 04:10:14 |    198956    |   217719   

AccurateRip Summary
    Disc not found in AccurateRip DB.

All Tracks
    Filename : /Users/angelicalbite/Music/flac/Cosi Fan Tutti Frutti (remastered in 1997).flac
    CRC32 hash             : C6038F1D
    CRC32 hash (skip zero) : 7E4004DC
    Statistics
        Read error                           : 0
        Skipped (treated as error)           : 0
        Edge jitter error (maybe fixed)      : 0
        Atom jitter error (maybe fixed)      : 0
        Drift error (maybe fixed)            : 0
        Dropped bytes error (maybe fixed)    : 0
        Duplicated bytes error (maybe fixed) : 0

Track 01
    Pre-gap length : 00:02:00

    CRC32 hash             : 2632C0DC
    CRC32 hash (skip zero) : 0545890E
    AccurateRip signature  : AAE4FA69
        ->Track not present in AccurateRip database.
    Statistics
        Read error                           : 0
        Skipped (treated as error)           : 0
        Edge jitter error (maybe fixed)      : 0
        Atom jitter error (maybe fixed)      : 0
        Drift error (maybe fixed)            : 0
        Dropped bytes error (maybe fixed)    : 0
        Duplicated bytes error (maybe fixed) : 0

Track 02

    CRC32 hash             : A70E45F1
    CRC32 hash (skip zero) : AC1A9321
    AccurateRip signature  : D7AE5C6E
        ->Track not present in AccurateRip database.
    Statistics
        Read error                           : 0
        Skipped (treated as error)           : 0
        Edge jitter error (maybe fixed)      : 0
        Atom jitter error (maybe fixed)      : 0
        Drift error (maybe fixed)            : 0
        Dropped bytes error (maybe fixed)    : 0
        Duplicated bytes error (maybe fixed) : 0

Track 03

    CRC32 hash             : 13CAB36B
    CRC32 hash (skip zero) : 19C9A7F2
    AccurateRip signature  : B8F9DD86
        ->Track not present in AccurateRip database.
    Statistics
        Read error                           : 0
        Skipped (treated as error)           : 0
        Edge jitter error (maybe fixed)      : 0
        Atom jitter error (maybe fixed)      : 0
        Drift error (maybe fixed)            : 0
        Dropped bytes error (maybe fixed)    : 0
        Duplicated bytes error (maybe fixed) : 0

Track 04

    CRC32 hash             : 7E688E92
    CRC32 hash (skip zero) : 6D09E962
    AccurateRip signature  : 9C202C36
        ->Track not present in AccurateRip database.
    Statistics
        Read error                           : 0
        Skipped (treated as error)           : 0
        Edge jitter error (maybe fixed)      : 0
        Atom jitter error (maybe fixed)      : 0
        Drift error (maybe fixed)            : 0
        Dropped bytes error (maybe fixed)    : 0
        Duplicated bytes error (maybe fixed) : 0

Track 05

    CRC32 hash             : 1D9E5C74
    CRC32 hash (skip zero) : D561229E
    AccurateRip signature  : 7378A8A3
        ->Track not present in AccurateRip database.
    Statistics
        Read error                           : 0
        Skipped (treated as error)           : 0
        Edge jitter error (maybe fixed)      : 0
        Atom jitter error (maybe fixed)      : 0
        Drift error (maybe fixed)            : 0
        Dropped bytes error (maybe fixed)    : 0
        Duplicated bytes error (maybe fixed) : 0

Track 06
    Pre-gap length : 00:01:29

    CRC32 hash             : B8F6EA9D
    CRC32 hash (skip zero) : 9FFED4C1
    AccurateRip signature  : B1A3BC21
        ->Track not present in AccurateRip database.
    Statistics
        Read error                           : 0
        Skipped (treated as error)           : 0
        Edge jitter error (maybe fixed)      : 0
        Atom jitter error (maybe fixed)      : 0
        Drift error (maybe fixed)            : 0
        Dropped bytes error (maybe fixed)    : 0
        Duplicated bytes error (maybe fixed) : 0

Track 07

    CRC32 hash             : 73EFC3FF
    CRC32 hash (skip zero) : 06639D1C
    AccurateRip signature  : 35CB492F
        ->Track not present in AccurateRip database.
    Statistics
        Read error                           : 0
        Skipped (treated as error)           : 0
        Edge jitter error (maybe fixed)      : 0
        Atom jitter error (maybe fixed)      : 0
        Drift error (maybe fixed)            : 0
        Dropped bytes error (maybe fixed)    : 0
        Duplicated bytes error (maybe fixed) : 0

Track 08

    CRC32 hash             : 7711ACB2
    CRC32 hash (skip zero) : C715AD96
    AccurateRip signature  : E4BF73B7
        ->Track not present in AccurateRip database.
    Statistics
        Read error                           : 0
        Skipped (treated as error)           : 0
        Edge jitter error (maybe fixed)      : 0
        Atom jitter error (maybe fixed)      : 0
        Drift error (maybe fixed)            : 0
        Dropped bytes error (maybe fixed)    : 0
        Duplicated bytes error (maybe fixed) : 0

Track 09

    CRC32 hash             : B056A0F2
    CRC32 hash (skip zero) : D90C05BC
    AccurateRip signature  : 98558EF0
        ->Track not present in AccurateRip database.
    Statistics
        Read error                           : 0
        Skipped (treated as error)           : 0
        Edge jitter error (maybe fixed)      : 0
        Atom jitter error (maybe fixed)      : 0
        Drift error (maybe fixed)            : 0
        Dropped bytes error (maybe fixed)    : 0
        Duplicated bytes error (maybe fixed) : 0

Track 10
    Pre-gap length : 00:00:37

    CRC32 hash             : 75C02167
    CRC32 hash (skip zero) : 45717E99
    AccurateRip signature  : CA1276D5
        ->Track not present in AccurateRip database.
    Statistics
        Read error                           : 0
        Skipped (treated as error)           : 0
        Edge jitter error (maybe fixed)      : 0
        Atom jitter error (maybe fixed)      : 0
        Drift error (maybe fixed)            : 0
        Dropped bytes error (maybe fixed)    : 0
        Duplicated bytes error (maybe fixed) : 0

Track 11
    Pre-gap length : 00:04:74

    CRC32 hash             : CCF4FFA9
    CRC32 hash (skip zero) : FD6B1CE3
    AccurateRip signature  : 0C3DAA66
        ->Track not present in AccurateRip database.
    Statistics
        Read error                           : 0
        Skipped (treated as error)           : 0
        Edge jitter error (maybe fixed)      : 0
        Atom jitter error (maybe fixed)      : 0
        Drift error (maybe fixed)            : 0
        Dropped bytes error (maybe fixed)    : 0
        Duplicated bytes error (maybe fixed) : 0

No errors occurred

End of status report
