X Lossless Decoder version 20110502 (132.0)

XLD extraction logfile from 2011-05-03 14:46:18 +0900

Squeeze / Excess Moderation (CD 2)

Used drive : MATSHITA DVD-R   UJ-868 (revision KB19)

Ripper mode             : CDParanoia III 10.2
Disable audio cache     : OK for the drive with a cache less than 2750KiB
Make use of C2 pointers : NO
Read offset correction  : 102
Max retry count         : 100
Gap status              : Analyzed, Appended

TOC of the extracted CD
     Track |   Start  |  Length  | Start sector | End sector 
    ---------------------------------------------------------
        1  | 00:00:00 | 02:59:55 |         0    |    13479   
        2  | 02:59:55 | 04:01:10 |     13480    |    31564   
        3  | 07:00:65 | 04:22:25 |     31565    |    51239   
        4  | 11:23:15 | 04:28:47 |     51240    |    71386   
        5  | 15:51:62 | 03:38:35 |     71387    |    87771   
        6  | 19:30:22 | 03:09:23 |     87772    |   101969   
        7  | 22:39:45 | 03:03:05 |    101970    |   115699   
        8  | 25:42:50 | 04:10:22 |    115700    |   134471   
        9  | 29:52:72 | 04:07:05 |    134472    |   153001   
       10  | 34:00:02 | 03:54:18 |    153002    |   170569   
       11  | 37:54:20 | 04:39:52 |    170570    |   191546   
       12  | 42:33:72 | 03:35:50 |    191547    |   207721   
       13  | 46:09:47 | 03:25:55 |    207722    |   223151   
       14  | 49:35:27 | 04:14:10 |    223152    |   242211   
       15  | 53:49:37 | 05:02:20 |    242212    |   264881   
       16  | 58:51:57 | 03:47:73 |    264882    |   281979   
       17  | 62:39:55 | 04:51:12 |    281980    |   303816   
       18  | 67:30:67 | 05:49:63 |    303817    |   330054   
       19  | 73:20:55 | 04:33:17 |    330055    |   350546   

AccurateRip Summary
    Track 01 : OK (confidence 7)
    Track 02 : OK (confidence 7)
    Track 03 : OK (confidence 7)
    Track 04 : OK (confidence 7)
    Track 05 : OK (confidence 7)
    Track 06 : OK (confidence 7)
    Track 07 : OK (confidence 7)
    Track 08 : NG
    Track 09 : OK (confidence 7)
    Track 10 : OK (confidence 7)
    Track 11 : OK (confidence 7)
    Track 12 : OK (confidence 7)
    Track 13 : OK (confidence 7)
    Track 14 : OK (confidence 7)
    Track 15 : OK (confidence 7)
    Track 16 : OK (confidence 7)
    Track 17 : OK (confidence 7)
    Track 18 : OK (confidence 7)
    Track 19 : OK (confidence 7)
        ->18 track(s) accurately ripped, 1 track(s) not, 0 track(s) not found

All Tracks
    Filename : /Users/m4c/Public/flac/Excess Moderation (CD 2).flac
    CRC32 hash             : 82C87EFA
    CRC32 hash (skip zero) : C389F420
    Statistics
        Read error                           : 0
        Skipped (treated as error)           : 0
        Edge jitter error (maybe fixed)      : 2
        Atom jitter error (maybe fixed)      : 1
        Drift error (maybe fixed)            : 0
        Dropped bytes error (maybe fixed)    : 1
        Duplicated bytes error (maybe fixed) : 1

Track 01
    Pre-gap length : 00:02:00

    CRC32 hash             : 24B6E68E
    CRC32 hash (skip zero) : 7833A0F8
    AccurateRip signature  : 36F0F19B
        ->Accurately ripped! (confidence 7)
    Statistics
        Read error                           : 0
        Skipped (treated as error)           : 0
        Edge jitter error (maybe fixed)      : 0
        Atom jitter error (maybe fixed)      : 0
        Drift error (maybe fixed)            : 0
        Dropped bytes error (maybe fixed)    : 0
        Duplicated bytes error (maybe fixed) : 0

Track 02
    Pre-gap length : 00:02:60

    CRC32 hash             : C4A38D1F
    CRC32 hash (skip zero) : C0409E1A
    AccurateRip signature  : EBA310D0
        ->Accurately ripped! (confidence 7)
    Statistics
        Read error                           : 0
        Skipped (treated as error)           : 0
        Edge jitter error (maybe fixed)      : 0
        Atom jitter error (maybe fixed)      : 0
        Drift error (maybe fixed)            : 0
        Dropped bytes error (maybe fixed)    : 0
        Duplicated bytes error (maybe fixed) : 0

Track 03
    Pre-gap length : 00:02:00

    CRC32 hash             : 16503759
    CRC32 hash (skip zero) : B5B33B84
    AccurateRip signature  : 1FB1F9F5
        ->Accurately ripped! (confidence 7)
    Statistics
        Read error                           : 0
        Skipped (treated as error)           : 0
        Edge jitter error (maybe fixed)      : 0
        Atom jitter error (maybe fixed)      : 0
        Drift error (maybe fixed)            : 0
        Dropped bytes error (maybe fixed)    : 0
        Duplicated bytes error (maybe fixed) : 0

Track 04
    Pre-gap length : 00:02:45

    CRC32 hash             : 13C472F7
    CRC32 hash (skip zero) : D754FBAC
    AccurateRip signature  : F1453BA1
        ->Accurately ripped! (confidence 7)
    Statistics
        Read error                           : 0
        Skipped (treated as error)           : 0
        Edge jitter error (maybe fixed)      : 0
        Atom jitter error (maybe fixed)      : 0
        Drift error (maybe fixed)            : 0
        Dropped bytes error (maybe fixed)    : 0
        Duplicated bytes error (maybe fixed) : 0

Track 05
    Pre-gap length : 00:02:15

    CRC32 hash             : A12B1643
    CRC32 hash (skip zero) : A70EF588
    AccurateRip signature  : B2C15C21
        ->Accurately ripped! (confidence 7)
    Statistics
        Read error                           : 0
        Skipped (treated as error)           : 0
        Edge jitter error (maybe fixed)      : 0
        Atom jitter error (maybe fixed)      : 0
        Drift error (maybe fixed)            : 0
        Dropped bytes error (maybe fixed)    : 0
        Duplicated bytes error (maybe fixed) : 0

Track 06
    Pre-gap length : 00:01:45

    CRC32 hash             : 6F115F4B
    CRC32 hash (skip zero) : BF2D8534
    AccurateRip signature  : 9A81B8C6
        ->Accurately ripped! (confidence 7)
    Statistics
        Read error                           : 0
        Skipped (treated as error)           : 0
        Edge jitter error (maybe fixed)      : 0
        Atom jitter error (maybe fixed)      : 0
        Drift error (maybe fixed)            : 0
        Dropped bytes error (maybe fixed)    : 0
        Duplicated bytes error (maybe fixed) : 0

Track 07
    Pre-gap length : 00:02:43

    CRC32 hash             : 5F5310E9
    CRC32 hash (skip zero) : 1088F239
    AccurateRip signature  : AA5C62B6
        ->Accurately ripped! (confidence 7)
    Statistics
        Read error                           : 0
        Skipped (treated as error)           : 0
        Edge jitter error (maybe fixed)      : 0
        Atom jitter error (maybe fixed)      : 0
        Drift error (maybe fixed)            : 0
        Dropped bytes error (maybe fixed)    : 0
        Duplicated bytes error (maybe fixed) : 0

Track 08
    Pre-gap length : 00:02:43

    CRC32 hash             : CC710ED0
    CRC32 hash (skip zero) : E8D2CFE5
    AccurateRip signature  : 7D3C25B4
        ->Rip may not be accurate.
    Statistics
        Read error                           : 0
        Skipped (treated as error)           : 0
        Edge jitter error (maybe fixed)      : 2
        Atom jitter error (maybe fixed)      : 1
        Drift error (maybe fixed)            : 0
        Dropped bytes error (maybe fixed)    : 1
        Duplicated bytes error (maybe fixed) : 1

Track 09
    Pre-gap length : 00:02:25

    CRC32 hash             : 198E32AB
    CRC32 hash (skip zero) : 4E9BF23D
    AccurateRip signature  : B3870CEC
        ->Accurately ripped! (confidence 7)
    Statistics
        Read error                           : 0
        Skipped (treated as error)           : 0
        Edge jitter error (maybe fixed)      : 0
        Atom jitter error (maybe fixed)      : 0
        Drift error (maybe fixed)            : 0
        Dropped bytes error (maybe fixed)    : 0
        Duplicated bytes error (maybe fixed) : 0

Track 10
    Pre-gap length : 00:02:50

    CRC32 hash             : 200EE846
    CRC32 hash (skip zero) : E2D86268
    AccurateRip signature  : 367B9070
        ->Accurately ripped! (confidence 7)
    Statistics
        Read error                           : 0
        Skipped (treated as error)           : 0
        Edge jitter error (maybe fixed)      : 0
        Atom jitter error (maybe fixed)      : 0
        Drift error (maybe fixed)            : 0
        Dropped bytes error (maybe fixed)    : 0
        Duplicated bytes error (maybe fixed) : 0

Track 11
    Pre-gap length : 00:02:40

    CRC32 hash             : 6B26A0E7
    CRC32 hash (skip zero) : 8CD0EDC5
    AccurateRip signature  : 23B9CEC5
        ->Accurately ripped! (confidence 7)
    Statistics
        Read error                           : 0
        Skipped (treated as error)           : 0
        Edge jitter error (maybe fixed)      : 0
        Atom jitter error (maybe fixed)      : 0
        Drift error (maybe fixed)            : 0
        Dropped bytes error (maybe fixed)    : 0
        Duplicated bytes error (maybe fixed) : 0

Track 12
    Pre-gap length : 00:02:42

    CRC32 hash             : 13F3C304
    CRC32 hash (skip zero) : 18184A8A
    AccurateRip signature  : 2C42D08A
        ->Accurately ripped! (confidence 7)
    Statistics
        Read error                           : 0
        Skipped (treated as error)           : 0
        Edge jitter error (maybe fixed)      : 0
        Atom jitter error (maybe fixed)      : 0
        Drift error (maybe fixed)            : 0
        Dropped bytes error (maybe fixed)    : 0
        Duplicated bytes error (maybe fixed) : 0

Track 13
    Pre-gap length : 00:02:42

    CRC32 hash             : 7B762585
    CRC32 hash (skip zero) : DB412A3B
    AccurateRip signature  : EC1C439D
        ->Accurately ripped! (confidence 7)
    Statistics
        Read error                           : 0
        Skipped (treated as error)           : 0
        Edge jitter error (maybe fixed)      : 0
        Atom jitter error (maybe fixed)      : 0
        Drift error (maybe fixed)            : 0
        Dropped bytes error (maybe fixed)    : 0
        Duplicated bytes error (maybe fixed) : 0

Track 14
    Pre-gap length : 00:02:35

    CRC32 hash             : 4125E1FF
    CRC32 hash (skip zero) : B5BF002E
    AccurateRip signature  : 0F73681A
        ->Accurately ripped! (confidence 7)
    Statistics
        Read error                           : 0
        Skipped (treated as error)           : 0
        Edge jitter error (maybe fixed)      : 0
        Atom jitter error (maybe fixed)      : 0
        Drift error (maybe fixed)            : 0
        Dropped bytes error (maybe fixed)    : 0
        Duplicated bytes error (maybe fixed) : 0

Track 15
    Pre-gap length : 00:02:42

    CRC32 hash             : 2CB0D59E
    CRC32 hash (skip zero) : 970D0080
    AccurateRip signature  : B7E93B27
        ->Accurately ripped! (confidence 7)
    Statistics
        Read error                           : 0
        Skipped (treated as error)           : 0
        Edge jitter error (maybe fixed)      : 0
        Atom jitter error (maybe fixed)      : 0
        Drift error (maybe fixed)            : 0
        Dropped bytes error (maybe fixed)    : 0
        Duplicated bytes error (maybe fixed) : 0

Track 16
    Pre-gap length : 00:02:15

    CRC32 hash             : 5E1545E1
    CRC32 hash (skip zero) : C60CA493
    AccurateRip signature  : 0F364167
        ->Accurately ripped! (confidence 7)
    Statistics
        Read error                           : 0
        Skipped (treated as error)           : 0
        Edge jitter error (maybe fixed)      : 0
        Atom jitter error (maybe fixed)      : 0
        Drift error (maybe fixed)            : 0
        Dropped bytes error (maybe fixed)    : 0
        Duplicated bytes error (maybe fixed) : 0

Track 17
    Pre-gap length : 00:02:43

    CRC32 hash             : 3DB766FB
    CRC32 hash (skip zero) : BC8AAD7E
    AccurateRip signature  : 1DD0CCD0
        ->Accurately ripped! (confidence 7)
    Statistics
        Read error                           : 0
        Skipped (treated as error)           : 0
        Edge jitter error (maybe fixed)      : 0
        Atom jitter error (maybe fixed)      : 0
        Drift error (maybe fixed)            : 0
        Dropped bytes error (maybe fixed)    : 0
        Duplicated bytes error (maybe fixed) : 0

Track 18
    Pre-gap length : 00:02:42

    CRC32 hash             : 98D25023
    CRC32 hash (skip zero) : F6C50452
    AccurateRip signature  : DDEE90CC
        ->Accurately ripped! (confidence 7)
    Statistics
        Read error                           : 0
        Skipped (treated as error)           : 0
        Edge jitter error (maybe fixed)      : 0
        Atom jitter error (maybe fixed)      : 0
        Drift error (maybe fixed)            : 0
        Dropped bytes error (maybe fixed)    : 0
        Duplicated bytes error (maybe fixed) : 0

Track 19
    Pre-gap length : 00:02:43

    CRC32 hash             : EFAE2179
    CRC32 hash (skip zero) : 21D49B05
    AccurateRip signature  : 8ADAB0F7
        ->Accurately ripped! (confidence 7)
    Statistics
        Read error                           : 0
        Skipped (treated as error)           : 0
        Edge jitter error (maybe fixed)      : 0
        Atom jitter error (maybe fixed)      : 0
        Drift error (maybe fixed)            : 0
        Dropped bytes error (maybe fixed)    : 0
        Duplicated bytes error (maybe fixed) : 0

No errors occurred

End of status report
