X Lossless Decoder version 20110502 (132.0)

XLD extraction logfile from 2011-05-05 21:09:34 +0900

坂本龍一 / B-2 UNIT (remastered in 2005)

Used drive : HL-DT-ST BD-RE  BH10NS30 (revision EL00)

Ripper mode             : CDParanoia III 10.2
Disable audio cache     : OK for the drive with a cache less than 2750KiB
Make use of C2 pointers : NO
Read offset correction  : 667
Max retry count         : 100
Gap status              : Analyzed, Appended

TOC of the extracted CD
     Track |   Start  |  Length  | Start sector | End sector 
    ---------------------------------------------------------
        1  | 00:00:00 | 02:06:22 |         0    |     9471   
        2  | 02:06:22 | 03:27:15 |      9472    |    25011   
        3  | 05:33:37 | 06:40:40 |     25012    |    55051   
        4  | 12:14:02 | 04:46:10 |     55052    |    76511   
        5  | 17:00:12 | 04:43:28 |     76512    |    97764   
        6  | 21:43:40 | 05:39:57 |     97765    |   123246   
        7  | 27:23:22 | 05:04:23 |    123247    |   146069   
        8  | 32:27:45 | 04:56:22 |    146070    |   168291   

AccurateRip Summary
    Track 01 : OK (confidence 7)
    Track 02 : OK (confidence 8)
    Track 03 : OK (confidence 8)
    Track 04 : OK (confidence 8)
    Track 05 : OK (confidence 8)
    Track 06 : OK (confidence 8)
    Track 07 : OK (confidence 8)
    Track 08 : OK (confidence 8)
        ->All tracks accurately ripped.

All Tracks
    Filename : /Users/angelicalbite/Music/flac/B-2 UNIT (remastered in 2005).flac
    CRC32 hash             : 546C2291
    CRC32 hash (skip zero) : F58DB0B3
    Statistics
        Read error                           : 0
        Skipped (treated as error)           : 0
        Edge jitter error (maybe fixed)      : 0
        Atom jitter error (maybe fixed)      : 0
        Drift error (maybe fixed)            : 0
        Dropped bytes error (maybe fixed)    : 0
        Duplicated bytes error (maybe fixed) : 0

Track 01
    Pre-gap length : 00:02:00

    CRC32 hash             : 3450EF1B
    CRC32 hash (skip zero) : E19F31C9
    AccurateRip signature  : 56CD3754
        ->Accurately ripped! (confidence 7)
    Statistics
        Read error                           : 0
        Skipped (treated as error)           : 0
        Edge jitter error (maybe fixed)      : 0
        Atom jitter error (maybe fixed)      : 0
        Drift error (maybe fixed)            : 0
        Dropped bytes error (maybe fixed)    : 0
        Duplicated bytes error (maybe fixed) : 0

Track 02

    CRC32 hash             : 42AE7B67
    CRC32 hash (skip zero) : C178C3F1
    AccurateRip signature  : DEAA26A5
        ->Accurately ripped! (confidence 8)
    Statistics
        Read error                           : 0
        Skipped (treated as error)           : 0
        Edge jitter error (maybe fixed)      : 0
        Atom jitter error (maybe fixed)      : 0
        Drift error (maybe fixed)            : 0
        Dropped bytes error (maybe fixed)    : 0
        Duplicated bytes error (maybe fixed) : 0

Track 03

    CRC32 hash             : 90852C30
    CRC32 hash (skip zero) : 16681DC4
    AccurateRip signature  : ECA3B4EB
        ->Accurately ripped! (confidence 8)
    Statistics
        Read error                           : 0
        Skipped (treated as error)           : 0
        Edge jitter error (maybe fixed)      : 0
        Atom jitter error (maybe fixed)      : 0
        Drift error (maybe fixed)            : 0
        Dropped bytes error (maybe fixed)    : 0
        Duplicated bytes error (maybe fixed) : 0

Track 04

    CRC32 hash             : B6C06D1F
    CRC32 hash (skip zero) : 2ABA4F32
    AccurateRip signature  : EC526115
        ->Accurately ripped! (confidence 8)
    Statistics
        Read error                           : 0
        Skipped (treated as error)           : 0
        Edge jitter error (maybe fixed)      : 0
        Atom jitter error (maybe fixed)      : 0
        Drift error (maybe fixed)            : 0
        Dropped bytes error (maybe fixed)    : 0
        Duplicated bytes error (maybe fixed) : 0

Track 05

    CRC32 hash             : E9A8E511
    CRC32 hash (skip zero) : B8D23521
    AccurateRip signature  : 863FA0F8
        ->Accurately ripped! (confidence 8)
    Statistics
        Read error                           : 0
        Skipped (treated as error)           : 0
        Edge jitter error (maybe fixed)      : 0
        Atom jitter error (maybe fixed)      : 0
        Drift error (maybe fixed)            : 0
        Dropped bytes error (maybe fixed)    : 0
        Duplicated bytes error (maybe fixed) : 0

Track 06

    CRC32 hash             : 4035D2CE
    CRC32 hash (skip zero) : E0B08755
    AccurateRip signature  : 964F7980
        ->Accurately ripped! (confidence 8)
    Statistics
        Read error                           : 0
        Skipped (treated as error)           : 0
        Edge jitter error (maybe fixed)      : 0
        Atom jitter error (maybe fixed)      : 0
        Drift error (maybe fixed)            : 0
        Dropped bytes error (maybe fixed)    : 0
        Duplicated bytes error (maybe fixed) : 0

Track 07

    CRC32 hash             : 8CFEA99D
    CRC32 hash (skip zero) : 6DEB2102
    AccurateRip signature  : 684679EC
        ->Accurately ripped! (confidence 8)
    Statistics
        Read error                           : 0
        Skipped (treated as error)           : 0
        Edge jitter error (maybe fixed)      : 0
        Atom jitter error (maybe fixed)      : 0
        Drift error (maybe fixed)            : 0
        Dropped bytes error (maybe fixed)    : 0
        Duplicated bytes error (maybe fixed) : 0

Track 08

    CRC32 hash             : 6826EC14
    CRC32 hash (skip zero) : 5EC5F28B
    AccurateRip signature  : A752181C
        ->Accurately ripped! (confidence 8)
    Statistics
        Read error                           : 0
        Skipped (treated as error)           : 0
        Edge jitter error (maybe fixed)      : 0
        Atom jitter error (maybe fixed)      : 0
        Drift error (maybe fixed)            : 0
        Dropped bytes error (maybe fixed)    : 0
        Duplicated bytes error (maybe fixed) : 0

No errors occurred

End of status report
