X Lossless Decoder version 20110502 (132.0)

XLD extraction logfile from 2011-05-05 21:12:30 +0900

Barbee Boys / 1st OPTION (remastered in 2006)

Used drive : MATSHITA DVD-R   UJ-868 (revision KB19)

Ripper mode             : CDParanoia III 10.2
Disable audio cache     : OK for the drive with a cache less than 2750KiB
Make use of C2 pointers : NO
Read offset correction  : 102
Max retry count         : 100
Gap status              : Analyzed, Appended

TOC of the extracted CD
     Track |   Start  |  Length  | Start sector | End sector 
    ---------------------------------------------------------
        1  | 00:00:00 | 04:32:34 |         0    |    20433   
        2  | 04:32:34 | 04:03:11 |     20434    |    38669   
        3  | 08:35:45 | 03:34:35 |     38670    |    54754   
        4  | 12:10:05 | 03:29:32 |     54755    |    70461   
        5  | 15:39:37 | 05:25:22 |     70462    |    94858   
        6  | 21:04:59 | 03:56:63 |     94859    |   112621   
        7  | 25:01:47 | 03:11:36 |    112622    |   126982   
        8  | 28:13:08 | 04:04:72 |    126983    |   145354   
        9  | 32:18:05 | 03:07:31 |    145355    |   159410   
       10  | 35:25:36 | 05:43:63 |    159411    |   185198   

AccurateRip Summary
    Disc not found in AccurateRip DB.

All Tracks
    Filename : /Users/m4c/Public/flac/1st OPTION (remastered in 2006).flac
    CRC32 hash             : FCDB1406
    CRC32 hash (skip zero) : F20C58EB
    Statistics
        Read error                           : 0
        Skipped (treated as error)           : 0
        Edge jitter error (maybe fixed)      : 0
        Atom jitter error (maybe fixed)      : 0
        Drift error (maybe fixed)            : 0
        Dropped bytes error (maybe fixed)    : 0
        Duplicated bytes error (maybe fixed) : 0

Track 01
    Pre-gap length : 00:02:00

    CRC32 hash             : A9C99CC9
    CRC32 hash (skip zero) : F2FD9FB3
    AccurateRip signature  : C5F7E1D9
        ->Track not present in AccurateRip database.
    Statistics
        Read error                           : 0
        Skipped (treated as error)           : 0
        Edge jitter error (maybe fixed)      : 0
        Atom jitter error (maybe fixed)      : 0
        Drift error (maybe fixed)            : 0
        Dropped bytes error (maybe fixed)    : 0
        Duplicated bytes error (maybe fixed) : 0

Track 02

    CRC32 hash             : 1D9E53DD
    CRC32 hash (skip zero) : 13F90DB2
    AccurateRip signature  : 8BEC3186
        ->Track not present in AccurateRip database.
    Statistics
        Read error                           : 0
        Skipped (treated as error)           : 0
        Edge jitter error (maybe fixed)      : 0
        Atom jitter error (maybe fixed)      : 0
        Drift error (maybe fixed)            : 0
        Dropped bytes error (maybe fixed)    : 0
        Duplicated bytes error (maybe fixed) : 0

Track 03

    CRC32 hash             : A76BF746
    CRC32 hash (skip zero) : 30F76334
    AccurateRip signature  : 272183AA
        ->Track not present in AccurateRip database.
    Statistics
        Read error                           : 0
        Skipped (treated as error)           : 0
        Edge jitter error (maybe fixed)      : 0
        Atom jitter error (maybe fixed)      : 0
        Drift error (maybe fixed)            : 0
        Dropped bytes error (maybe fixed)    : 0
        Duplicated bytes error (maybe fixed) : 0

Track 04

    CRC32 hash             : F8832349
    CRC32 hash (skip zero) : A4E74158
    AccurateRip signature  : 27D91BCA
        ->Track not present in AccurateRip database.
    Statistics
        Read error                           : 0
        Skipped (treated as error)           : 0
        Edge jitter error (maybe fixed)      : 0
        Atom jitter error (maybe fixed)      : 0
        Drift error (maybe fixed)            : 0
        Dropped bytes error (maybe fixed)    : 0
        Duplicated bytes error (maybe fixed) : 0

Track 05

    CRC32 hash             : 6838515E
    CRC32 hash (skip zero) : 2381A925
    AccurateRip signature  : 507620AE
        ->Track not present in AccurateRip database.
    Statistics
        Read error                           : 0
        Skipped (treated as error)           : 0
        Edge jitter error (maybe fixed)      : 0
        Atom jitter error (maybe fixed)      : 0
        Drift error (maybe fixed)            : 0
        Dropped bytes error (maybe fixed)    : 0
        Duplicated bytes error (maybe fixed) : 0

Track 06
    Pre-gap length : 00:07:41

    CRC32 hash             : 42EAB8F8
    CRC32 hash (skip zero) : 025762B0
    AccurateRip signature  : 0432ECB8
        ->Track not present in AccurateRip database.
    Statistics
        Read error                           : 0
        Skipped (treated as error)           : 0
        Edge jitter error (maybe fixed)      : 0
        Atom jitter error (maybe fixed)      : 0
        Drift error (maybe fixed)            : 0
        Dropped bytes error (maybe fixed)    : 0
        Duplicated bytes error (maybe fixed) : 0

Track 07

    CRC32 hash             : EFA1A789
    CRC32 hash (skip zero) : 34DCE6C9
    AccurateRip signature  : FC6F9607
        ->Track not present in AccurateRip database.
    Statistics
        Read error                           : 0
        Skipped (treated as error)           : 0
        Edge jitter error (maybe fixed)      : 0
        Atom jitter error (maybe fixed)      : 0
        Drift error (maybe fixed)            : 0
        Dropped bytes error (maybe fixed)    : 0
        Duplicated bytes error (maybe fixed) : 0

Track 08

    CRC32 hash             : 1DF1C1AB
    CRC32 hash (skip zero) : 9293B66C
    AccurateRip signature  : 40C62EF4
        ->Track not present in AccurateRip database.
    Statistics
        Read error                           : 0
        Skipped (treated as error)           : 0
        Edge jitter error (maybe fixed)      : 0
        Atom jitter error (maybe fixed)      : 0
        Drift error (maybe fixed)            : 0
        Dropped bytes error (maybe fixed)    : 0
        Duplicated bytes error (maybe fixed) : 0

Track 09

    CRC32 hash             : 156FD437
    CRC32 hash (skip zero) : 6D4D092F
    AccurateRip signature  : 8F64BD12
        ->Track not present in AccurateRip database.
    Statistics
        Read error                           : 0
        Skipped (treated as error)           : 0
        Edge jitter error (maybe fixed)      : 0
        Atom jitter error (maybe fixed)      : 0
        Drift error (maybe fixed)            : 0
        Dropped bytes error (maybe fixed)    : 0
        Duplicated bytes error (maybe fixed) : 0

Track 10

    CRC32 hash             : FCD95776
    CRC32 hash (skip zero) : BD6EBAC0
    AccurateRip signature  : DA0D3DCA
        ->Track not present in AccurateRip database.
    Statistics
        Read error                           : 0
        Skipped (treated as error)           : 0
        Edge jitter error (maybe fixed)      : 0
        Atom jitter error (maybe fixed)      : 0
        Drift error (maybe fixed)            : 0
        Dropped bytes error (maybe fixed)    : 0
        Duplicated bytes error (maybe fixed) : 0

No errors occurred

End of status report
