X Lossless Decoder version 20110417 (131.0)

XLD extraction logfile from 2011-04-26 03:18:25 +0900

Barbee Boys / 3rd. BREAK

Used drive : MATSHITA DVD-R   UJ-868 (revision KB19)

Ripper mode             : CDParanoia III 10.2
Disable audio cache     : OK for the drive with a cache less than 2750KiB
Make use of C2 pointers : NO
Read offset correction  : 102
Max retry count         : 100
Gap status              : Analyzed, Appended

TOC of the extracted CD
     Track |   Start  |  Length  | Start sector | End sector 
    ---------------------------------------------------------
        1  | 00:00:00 | 03:38:50 |         0    |    16399   
        2  | 03:38:50 | 04:14:15 |     16400    |    35464   
        3  | 07:52:65 | 04:33:40 |     35465    |    55979   
        4  | 12:26:30 | 04:04:15 |     55980    |    74294   
        5  | 16:30:45 | 04:01:15 |     74295    |    92384   
        6  | 20:31:60 | 05:06:72 |     92385    |   115406   
        7  | 25:38:57 | 03:47:30 |    115407    |   132461   
        8  | 29:26:12 | 03:39:50 |    132462    |   148936   
        9  | 33:05:62 | 05:22:65 |    148937    |   173151   

List of alternate offset correction values
        #  | Absolute | Relative | Confidence 
    ------------------------------------------
        1  |    132   |     30   |      1     

AccurateRip Summary
    Track 01 : OK (confidence 1, with different offset)
    Track 02 : OK (confidence 1, with different offset)
    Track 03 : OK (confidence 1, with different offset)
    Track 04 : OK (confidence 1, with different offset)
    Track 05 : OK (confidence 1, with different offset)
    Track 06 : OK (confidence 1, with different offset)
    Track 07 : OK (confidence 1, with different offset)
    Track 08 : OK (confidence 1, with different offset)
    Track 09 : OK (confidence 1, with different offset)
        ->All tracks accurately ripped.

All Tracks
    Filename : /Users/m4c/Public/flac/3rd. BREAK.flac
    CRC32 hash             : F907F337
    CRC32 hash (skip zero) : E4644745
    Statistics
        Read error                           : 0
        Skipped (treated as error)           : 0
        Edge jitter error (maybe fixed)      : 0
        Atom jitter error (maybe fixed)      : 0
        Drift error (maybe fixed)            : 0
        Dropped bytes error (maybe fixed)    : 0
        Duplicated bytes error (maybe fixed) : 0

Track 01
    Pre-gap length : 00:02:00

    CRC32 hash             : 55E98B91
    CRC32 hash (skip zero) : D9511F21
    AccurateRip signature  : 86DA070E
        ->Accurately ripped! (confidence 1)
          (matched with the different offset correction value;
           calculated using an additional offset of 30;
           the signature after correction is: 8ABB4477)
    Statistics
        Read error                           : 0
        Skipped (treated as error)           : 0
        Edge jitter error (maybe fixed)      : 0
        Atom jitter error (maybe fixed)      : 0
        Drift error (maybe fixed)            : 0
        Dropped bytes error (maybe fixed)    : 0
        Duplicated bytes error (maybe fixed) : 0

Track 02

    CRC32 hash             : 93C6D6C0
    CRC32 hash (skip zero) : 54AF668B
    AccurateRip signature  : BDC7FF76
        ->Accurately ripped! (confidence 1)
          (matched with the different offset correction value;
           calculated using an additional offset of 30;
           the signature after correction is: DA1B4403)
    Statistics
        Read error                           : 0
        Skipped (treated as error)           : 0
        Edge jitter error (maybe fixed)      : 0
        Atom jitter error (maybe fixed)      : 0
        Drift error (maybe fixed)            : 0
        Dropped bytes error (maybe fixed)    : 0
        Duplicated bytes error (maybe fixed) : 0

Track 03

    CRC32 hash             : D8E3D08C
    CRC32 hash (skip zero) : 209EB528
    AccurateRip signature  : 22CC1411
        ->Accurately ripped! (confidence 1)
          (matched with the different offset correction value;
           calculated using an additional offset of 30;
           the signature after correction is: EF93C9AD)
    Statistics
        Read error                           : 0
        Skipped (treated as error)           : 0
        Edge jitter error (maybe fixed)      : 0
        Atom jitter error (maybe fixed)      : 0
        Drift error (maybe fixed)            : 0
        Dropped bytes error (maybe fixed)    : 0
        Duplicated bytes error (maybe fixed) : 0

Track 04

    CRC32 hash             : 9EC0229B
    CRC32 hash (skip zero) : 60443FBF
    AccurateRip signature  : E2A4B3BD
        ->Accurately ripped! (confidence 1)
          (matched with the different offset correction value;
           calculated using an additional offset of 30;
           the signature after correction is: 690D5B6B)
    Statistics
        Read error                           : 0
        Skipped (treated as error)           : 0
        Edge jitter error (maybe fixed)      : 0
        Atom jitter error (maybe fixed)      : 0
        Drift error (maybe fixed)            : 0
        Dropped bytes error (maybe fixed)    : 0
        Duplicated bytes error (maybe fixed) : 0

Track 05

    CRC32 hash             : FDCBD6FB
    CRC32 hash (skip zero) : 9C583667
    AccurateRip signature  : 46C1F19F
        ->Accurately ripped! (confidence 1)
          (matched with the different offset correction value;
           calculated using an additional offset of 30;
           the signature after correction is: CC97B483)
    Statistics
        Read error                           : 0
        Skipped (treated as error)           : 0
        Edge jitter error (maybe fixed)      : 0
        Atom jitter error (maybe fixed)      : 0
        Drift error (maybe fixed)            : 0
        Dropped bytes error (maybe fixed)    : 0
        Duplicated bytes error (maybe fixed) : 0

Track 06

    CRC32 hash             : 67EF1780
    CRC32 hash (skip zero) : D2A74C18
    AccurateRip signature  : A22F15FC
        ->Accurately ripped! (confidence 1)
          (matched with the different offset correction value;
           calculated using an additional offset of 30;
           the signature after correction is: 1119937B)
    Statistics
        Read error                           : 0
        Skipped (treated as error)           : 0
        Edge jitter error (maybe fixed)      : 0
        Atom jitter error (maybe fixed)      : 0
        Drift error (maybe fixed)            : 0
        Dropped bytes error (maybe fixed)    : 0
        Duplicated bytes error (maybe fixed) : 0

Track 07

    CRC32 hash             : 7B0A6932
    CRC32 hash (skip zero) : 95F4528A
    AccurateRip signature  : C72EAA13
        ->Accurately ripped! (confidence 1)
          (matched with the different offset correction value;
           calculated using an additional offset of 30;
           the signature after correction is: 37781382)
    Statistics
        Read error                           : 0
        Skipped (treated as error)           : 0
        Edge jitter error (maybe fixed)      : 0
        Atom jitter error (maybe fixed)      : 0
        Drift error (maybe fixed)            : 0
        Dropped bytes error (maybe fixed)    : 0
        Duplicated bytes error (maybe fixed) : 0

Track 08

    CRC32 hash             : 5706749D
    CRC32 hash (skip zero) : 340A8315
    AccurateRip signature  : 6D90652A
        ->Accurately ripped! (confidence 1)
          (matched with the different offset correction value;
           calculated using an additional offset of 30;
           the signature after correction is: F88314D6)
    Statistics
        Read error                           : 0
        Skipped (treated as error)           : 0
        Edge jitter error (maybe fixed)      : 0
        Atom jitter error (maybe fixed)      : 0
        Drift error (maybe fixed)            : 0
        Dropped bytes error (maybe fixed)    : 0
        Duplicated bytes error (maybe fixed) : 0

Track 09
    Pre-gap length : 00:02:62

    CRC32 hash             : 6761AA8A
    CRC32 hash (skip zero) : 5BCECDE0
    AccurateRip signature  : 0E6EE550
        ->Accurately ripped! (confidence 1)
          (matched with the different offset correction value;
           calculated using an additional offset of 30;
           the signature after correction is: BDF35F30)
    Statistics
        Read error                           : 0
        Skipped (treated as error)           : 0
        Edge jitter error (maybe fixed)      : 0
        Atom jitter error (maybe fixed)      : 0
        Drift error (maybe fixed)            : 0
        Dropped bytes error (maybe fixed)    : 0
        Duplicated bytes error (maybe fixed) : 0

No errors occurred

End of status report
