X Lossless Decoder version 20110417 (131.0)

XLD extraction logfile from 2011-04-30 15:46:53 +0900

Emiri Miyamoto / break

Used drive : MATSHITA DVD-R   UJ-868 (revision KB19)

Ripper mode             : CDParanoia III 10.2
Disable audio cache     : OK for the drive with a cache less than 2750KiB
Make use of C2 pointers : NO
Read offset correction  : 102
Max retry count         : 100
Gap status              : Analyzed, Appended

TOC of the extracted CD
     Track |   Start  |  Length  | Start sector | End sector 
    ---------------------------------------------------------
        1  | 00:00:00 | 04:11:65 |         0    |    18889   
        2  | 04:11:65 | 04:23:31 |     18890    |    38645   
        3  | 08:35:21 | 04:24:70 |     38646    |    58515   
        4  | 13:00:16 | 04:48:04 |     58516    |    80119   
        5  | 17:48:20 | 03:22:71 |     80120    |    95340   
        6  | 21:11:16 | 04:47:54 |     95341    |   116919   

AccurateRip Summary
    Track 01 : OK (confidence 3)
    Track 02 : OK (confidence 3)
    Track 03 : OK (confidence 3)
    Track 04 : OK (confidence 3)
    Track 05 : OK (confidence 3)
    Track 06 : OK (confidence 3)
        ->All tracks accurately ripped.

All Tracks
    Filename : /Users/m4c/Public/flac/break.flac
    CRC32 hash             : B1AB31D7
    CRC32 hash (skip zero) : A275F441
    Statistics
        Read error                           : 0
        Skipped (treated as error)           : 0
        Edge jitter error (maybe fixed)      : 0
        Atom jitter error (maybe fixed)      : 0
        Drift error (maybe fixed)            : 0
        Dropped bytes error (maybe fixed)    : 0
        Duplicated bytes error (maybe fixed) : 0

Track 01
    Pre-gap length : 00:02:00

    CRC32 hash             : 906B9B79
    CRC32 hash (skip zero) : 0089F5A6
    AccurateRip signature  : BC0AD348
        ->Accurately ripped! (confidence 3)
    Statistics
        Read error                           : 0
        Skipped (treated as error)           : 0
        Edge jitter error (maybe fixed)      : 0
        Atom jitter error (maybe fixed)      : 0
        Drift error (maybe fixed)            : 0
        Dropped bytes error (maybe fixed)    : 0
        Duplicated bytes error (maybe fixed) : 0

Track 02
    Pre-gap length : 00:02:31

    CRC32 hash             : 3E450782
    CRC32 hash (skip zero) : C17CCE62
    AccurateRip signature  : CA2A18DD
        ->Accurately ripped! (confidence 3)
    Statistics
        Read error                           : 0
        Skipped (treated as error)           : 0
        Edge jitter error (maybe fixed)      : 0
        Atom jitter error (maybe fixed)      : 0
        Drift error (maybe fixed)            : 0
        Dropped bytes error (maybe fixed)    : 0
        Duplicated bytes error (maybe fixed) : 0

Track 03
    Pre-gap length : 00:03:09

    CRC32 hash             : 6108A00E
    CRC32 hash (skip zero) : 4BA5E4A9
    AccurateRip signature  : CBEFCCDB
        ->Accurately ripped! (confidence 3)
    Statistics
        Read error                           : 0
        Skipped (treated as error)           : 0
        Edge jitter error (maybe fixed)      : 0
        Atom jitter error (maybe fixed)      : 0
        Drift error (maybe fixed)            : 0
        Dropped bytes error (maybe fixed)    : 0
        Duplicated bytes error (maybe fixed) : 0

Track 04
    Pre-gap length : 00:01:33

    CRC32 hash             : 9E3B1C9E
    CRC32 hash (skip zero) : E38875D4
    AccurateRip signature  : CE54EFB4
        ->Accurately ripped! (confidence 3)
    Statistics
        Read error                           : 0
        Skipped (treated as error)           : 0
        Edge jitter error (maybe fixed)      : 0
        Atom jitter error (maybe fixed)      : 0
        Drift error (maybe fixed)            : 0
        Dropped bytes error (maybe fixed)    : 0
        Duplicated bytes error (maybe fixed) : 0

Track 05
    Pre-gap length : 00:02:32

    CRC32 hash             : F466DB64
    CRC32 hash (skip zero) : 3363EC1F
    AccurateRip signature  : A8C50391
        ->Accurately ripped! (confidence 3)
    Statistics
        Read error                           : 0
        Skipped (treated as error)           : 0
        Edge jitter error (maybe fixed)      : 0
        Atom jitter error (maybe fixed)      : 0
        Drift error (maybe fixed)            : 0
        Dropped bytes error (maybe fixed)    : 0
        Duplicated bytes error (maybe fixed) : 0

Track 06
    Pre-gap length : 00:04:23

    CRC32 hash             : D32E8F84
    CRC32 hash (skip zero) : 5F981B0E
    AccurateRip signature  : E5390055
        ->Accurately ripped! (confidence 3)
    Statistics
        Read error                           : 0
        Skipped (treated as error)           : 0
        Edge jitter error (maybe fixed)      : 0
        Atom jitter error (maybe fixed)      : 0
        Drift error (maybe fixed)            : 0
        Dropped bytes error (maybe fixed)    : 0
        Duplicated bytes error (maybe fixed) : 0

No errors occurred

End of status report
