X Lossless Decoder version 20110417 (131.0)

XLD extraction logfile from 2011-04-19 00:25:58 +0900

PUFFY AMIYUMI / Hi Hi Puffy AmiYumi Music From The Series

Used drive : MATSHITA DVD-R   UJ-868 (revision KB19)

Ripper mode             : CDParanoia III 10.2
Disable audio cache     : OK for the drive with a cache less than 2750KiB
Make use of C2 pointers : NO
Read offset correction  : 102
Max retry count         : 100
Gap status              : Analyzed, Appended

TOC of the extracted CD
     Track |   Start  |  Length  | Start sector | End sector 
    ---------------------------------------------------------
        1  | 00:00:00 | 02:54:72 |         0    |    13121   
        2  | 02:54:72 | 04:03:40 |     13122    |    31386   
        3  | 06:58:37 | 03:50:48 |     31387    |    48684   
        4  | 10:49:10 | 03:58:27 |     48685    |    66561   
        5  | 14:47:37 | 02:29:40 |     66562    |    77776   
        6  | 17:17:02 | 03:30:05 |     77777    |    93531   
        7  | 20:47:07 | 03:57:65 |     93532    |   111371   
        8  | 24:44:72 | 04:40:08 |    111372    |   132379   
        9  | 29:25:05 | 04:10:60 |    132380    |   151189   
       10  | 33:35:65 | 03:19:25 |    151190    |   166139   
       11  | 36:55:15 | 03:56:20 |    166140    |   183859   
       12  | 40:51:35 | 03:12:65 |    183860    |   198324   
       13  | 44:04:25 | 04:20:57 |    198325    |   217881   
       14  | 48:25:07 | 03:06:34 |    217882    |   231865   
       15  | 51:31:41 | 04:05:56 |    231866    |   250296   
       16  | 55:37:22 | 02:11:15 |    250297    |   260136   
       17  | 57:48:37 | 04:12:28 |    260137    |   279064   

AccurateRip Summary
    Disc not found in AccurateRip DB.

All Tracks
    Filename : /Users/m4c/Public/flac/Hi Hi Puffy AmiYumi Music From The Series.flac
    CRC32 hash             : AE54B69E
    CRC32 hash (skip zero) : E4F54DE3
    Statistics
        Read error                           : 0
        Skipped (treated as error)           : 0
        Edge jitter error (maybe fixed)      : 0
        Atom jitter error (maybe fixed)      : 0
        Drift error (maybe fixed)            : 0
        Dropped bytes error (maybe fixed)    : 0
        Duplicated bytes error (maybe fixed) : 0

Track 01
    Pre-gap length : 00:02:00

    CRC32 hash             : 19931A23
    CRC32 hash (skip zero) : 94FAE5EC
    AccurateRip signature  : 259A91FB
        ->Track not present in AccurateRip database.
    Statistics
        Read error                           : 0
        Skipped (treated as error)           : 0
        Edge jitter error (maybe fixed)      : 0
        Atom jitter error (maybe fixed)      : 0
        Drift error (maybe fixed)            : 0
        Dropped bytes error (maybe fixed)    : 0
        Duplicated bytes error (maybe fixed) : 0

Track 02

    CRC32 hash             : FE7578E0
    CRC32 hash (skip zero) : E3D401D1
    AccurateRip signature  : 0EADBA8A
        ->Track not present in AccurateRip database.
    Statistics
        Read error                           : 0
        Skipped (treated as error)           : 0
        Edge jitter error (maybe fixed)      : 0
        Atom jitter error (maybe fixed)      : 0
        Drift error (maybe fixed)            : 0
        Dropped bytes error (maybe fixed)    : 0
        Duplicated bytes error (maybe fixed) : 0

Track 03

    CRC32 hash             : 73BC9A41
    CRC32 hash (skip zero) : 3ECD348A
    AccurateRip signature  : 2B902DF4
        ->Track not present in AccurateRip database.
    Statistics
        Read error                           : 0
        Skipped (treated as error)           : 0
        Edge jitter error (maybe fixed)      : 0
        Atom jitter error (maybe fixed)      : 0
        Drift error (maybe fixed)            : 0
        Dropped bytes error (maybe fixed)    : 0
        Duplicated bytes error (maybe fixed) : 0

Track 04

    CRC32 hash             : 2F70AA1B
    CRC32 hash (skip zero) : 88B560A4
    AccurateRip signature  : 4A1D4852
        ->Track not present in AccurateRip database.
    Statistics
        Read error                           : 0
        Skipped (treated as error)           : 0
        Edge jitter error (maybe fixed)      : 0
        Atom jitter error (maybe fixed)      : 0
        Drift error (maybe fixed)            : 0
        Dropped bytes error (maybe fixed)    : 0
        Duplicated bytes error (maybe fixed) : 0

Track 05

    CRC32 hash             : 8C49F2E4
    CRC32 hash (skip zero) : A7093229
    AccurateRip signature  : C375B042
        ->Track not present in AccurateRip database.
    Statistics
        Read error                           : 0
        Skipped (treated as error)           : 0
        Edge jitter error (maybe fixed)      : 0
        Atom jitter error (maybe fixed)      : 0
        Drift error (maybe fixed)            : 0
        Dropped bytes error (maybe fixed)    : 0
        Duplicated bytes error (maybe fixed) : 0

Track 06

    CRC32 hash             : B36CA8F0
    CRC32 hash (skip zero) : 6B323EFC
    AccurateRip signature  : 620D5B54
        ->Track not present in AccurateRip database.
    Statistics
        Read error                           : 0
        Skipped (treated as error)           : 0
        Edge jitter error (maybe fixed)      : 0
        Atom jitter error (maybe fixed)      : 0
        Drift error (maybe fixed)            : 0
        Dropped bytes error (maybe fixed)    : 0
        Duplicated bytes error (maybe fixed) : 0

Track 07

    CRC32 hash             : 318B8C51
    CRC32 hash (skip zero) : 4E7ECFCB
    AccurateRip signature  : F1726B7F
        ->Track not present in AccurateRip database.
    Statistics
        Read error                           : 0
        Skipped (treated as error)           : 0
        Edge jitter error (maybe fixed)      : 0
        Atom jitter error (maybe fixed)      : 0
        Drift error (maybe fixed)            : 0
        Dropped bytes error (maybe fixed)    : 0
        Duplicated bytes error (maybe fixed) : 0

Track 08

    CRC32 hash             : 63CF4828
    CRC32 hash (skip zero) : C3C5FEB7
    AccurateRip signature  : 66A674E0
        ->Track not present in AccurateRip database.
    Statistics
        Read error                           : 0
        Skipped (treated as error)           : 0
        Edge jitter error (maybe fixed)      : 0
        Atom jitter error (maybe fixed)      : 0
        Drift error (maybe fixed)            : 0
        Dropped bytes error (maybe fixed)    : 0
        Duplicated bytes error (maybe fixed) : 0

Track 09

    CRC32 hash             : 525C73A9
    CRC32 hash (skip zero) : BE9A0EF2
    AccurateRip signature  : 26B912A5
        ->Track not present in AccurateRip database.
    Statistics
        Read error                           : 0
        Skipped (treated as error)           : 0
        Edge jitter error (maybe fixed)      : 0
        Atom jitter error (maybe fixed)      : 0
        Drift error (maybe fixed)            : 0
        Dropped bytes error (maybe fixed)    : 0
        Duplicated bytes error (maybe fixed) : 0

Track 10

    CRC32 hash             : 6A74F49B
    CRC32 hash (skip zero) : 2E910E7F
    AccurateRip signature  : 8F9E6F24
        ->Track not present in AccurateRip database.
    Statistics
        Read error                           : 0
        Skipped (treated as error)           : 0
        Edge jitter error (maybe fixed)      : 0
        Atom jitter error (maybe fixed)      : 0
        Drift error (maybe fixed)            : 0
        Dropped bytes error (maybe fixed)    : 0
        Duplicated bytes error (maybe fixed) : 0

Track 11

    CRC32 hash             : 00631A17
    CRC32 hash (skip zero) : 101F6898
    AccurateRip signature  : 45C09E69
        ->Track not present in AccurateRip database.
    Statistics
        Read error                           : 0
        Skipped (treated as error)           : 0
        Edge jitter error (maybe fixed)      : 0
        Atom jitter error (maybe fixed)      : 0
        Drift error (maybe fixed)            : 0
        Dropped bytes error (maybe fixed)    : 0
        Duplicated bytes error (maybe fixed) : 0

Track 12

    CRC32 hash             : FAB44C54
    CRC32 hash (skip zero) : 96B3CC41
    AccurateRip signature  : C14CF91E
        ->Track not present in AccurateRip database.
    Statistics
        Read error                           : 0
        Skipped (treated as error)           : 0
        Edge jitter error (maybe fixed)      : 0
        Atom jitter error (maybe fixed)      : 0
        Drift error (maybe fixed)            : 0
        Dropped bytes error (maybe fixed)    : 0
        Duplicated bytes error (maybe fixed) : 0

Track 13

    CRC32 hash             : 6DBFB6ED
    CRC32 hash (skip zero) : E570A15D
    AccurateRip signature  : 49A1A58B
        ->Track not present in AccurateRip database.
    Statistics
        Read error                           : 0
        Skipped (treated as error)           : 0
        Edge jitter error (maybe fixed)      : 0
        Atom jitter error (maybe fixed)      : 0
        Drift error (maybe fixed)            : 0
        Dropped bytes error (maybe fixed)    : 0
        Duplicated bytes error (maybe fixed) : 0

Track 14

    CRC32 hash             : 951FA753
    CRC32 hash (skip zero) : 30E47F21
    AccurateRip signature  : BF75C532
        ->Track not present in AccurateRip database.
    Statistics
        Read error                           : 0
        Skipped (treated as error)           : 0
        Edge jitter error (maybe fixed)      : 0
        Atom jitter error (maybe fixed)      : 0
        Drift error (maybe fixed)            : 0
        Dropped bytes error (maybe fixed)    : 0
        Duplicated bytes error (maybe fixed) : 0

Track 15

    CRC32 hash             : 55B9B93D
    CRC32 hash (skip zero) : 376DC2A5
    AccurateRip signature  : 5CFA4109
        ->Track not present in AccurateRip database.
    Statistics
        Read error                           : 0
        Skipped (treated as error)           : 0
        Edge jitter error (maybe fixed)      : 0
        Atom jitter error (maybe fixed)      : 0
        Drift error (maybe fixed)            : 0
        Dropped bytes error (maybe fixed)    : 0
        Duplicated bytes error (maybe fixed) : 0

Track 16

    CRC32 hash             : FD7B0552
    CRC32 hash (skip zero) : 3281BA58
    AccurateRip signature  : 5637472C
        ->Track not present in AccurateRip database.
    Statistics
        Read error                           : 0
        Skipped (treated as error)           : 0
        Edge jitter error (maybe fixed)      : 0
        Atom jitter error (maybe fixed)      : 0
        Drift error (maybe fixed)            : 0
        Dropped bytes error (maybe fixed)    : 0
        Duplicated bytes error (maybe fixed) : 0

Track 17

    CRC32 hash             : CAB39354
    CRC32 hash (skip zero) : 2C246C9E
    AccurateRip signature  : 712430E9
        ->Track not present in AccurateRip database.
    Statistics
        Read error                           : 0
        Skipped (treated as error)           : 0
        Edge jitter error (maybe fixed)      : 0
        Atom jitter error (maybe fixed)      : 0
        Drift error (maybe fixed)            : 0
        Dropped bytes error (maybe fixed)    : 0
        Duplicated bytes error (maybe fixed) : 0

No errors occurred

End of status report
