X Lossless Decoder version 20110417 (131.0)

XLD extraction logfile from 2011-04-30 22:50:46 +0900

Hotlegs / Thinks: School Stinks

Used drive : MATSHITA DVD-R   UJ-868 (revision KB19)

Ripper mode             : CDParanoia III 10.2
Disable audio cache     : OK for the drive with a cache less than 2750KiB
Make use of C2 pointers : NO
Read offset correction  : 102
Max retry count         : 100
Gap status              : Analyzed, Appended

TOC of the extracted CD
     Track |   Start  |  Length  | Start sector | End sector 
    ---------------------------------------------------------
        1  | 00:00:32 | 04:14:65 |        32    |    19146   
        2  | 04:15:22 | 03:50:10 |     19147    |    36406   
        3  | 08:05:32 | 02:14:23 |     36407    |    46479   
        4  | 10:19:55 | 05:03:10 |     46480    |    69214   
        5  | 15:22:65 | 05:36:05 |     69215    |    94419   
        6  | 20:58:70 | 12:43:45 |     94420    |   151689   
        7  | 33:42:40 | 02:45:35 |    151690    |   164099   
        8  | 36:28:00 | 02:52:52 |    164100    |   177051   
        9  | 39:20:52 | 03:50:68 |    177052    |   194369   

AccurateRip Summary
    Track 01 : OK (confidence 3)
    Track 02 : OK (confidence 3)
    Track 03 : NG
    Track 04 : OK (confidence 3)
    Track 05 : OK (confidence 3)
    Track 06 : OK (confidence 2)
    Track 07 : OK (confidence 2)
    Track 08 : OK (confidence 2)
    Track 09 : OK (confidence 2)
        ->8 track(s) accurately ripped, 1 track(s) not, 0 track(s) not found

All Tracks
    Filename : /Users/m4c/Public/flac/Thinks: School Stinks.flac
    CRC32 hash             : E5A1D555
    CRC32 hash (skip zero) : EFA9213D
    Statistics
        Read error                           : 0
        Skipped (treated as error)           : 0
        Edge jitter error (maybe fixed)      : 1
        Atom jitter error (maybe fixed)      : 0
        Drift error (maybe fixed)            : 0
        Dropped bytes error (maybe fixed)    : 1
        Duplicated bytes error (maybe fixed) : 1

Track 01
    Pre-gap length : 00:02:32

    CRC32 hash             : A23CE8CD
    CRC32 hash (skip zero) : F7E10E93
    AccurateRip signature  : 5244DDCF
        ->Accurately ripped! (confidence 3)
    Statistics
        Read error                           : 0
        Skipped (treated as error)           : 0
        Edge jitter error (maybe fixed)      : 0
        Atom jitter error (maybe fixed)      : 0
        Drift error (maybe fixed)            : 0
        Dropped bytes error (maybe fixed)    : 0
        Duplicated bytes error (maybe fixed) : 0

Track 02
    Pre-gap length : 00:01:67

    CRC32 hash             : 600F099D
    CRC32 hash (skip zero) : 30960F1B
    AccurateRip signature  : AA0D088E
        ->Accurately ripped! (confidence 3)
    Statistics
        Read error                           : 0
        Skipped (treated as error)           : 0
        Edge jitter error (maybe fixed)      : 0
        Atom jitter error (maybe fixed)      : 0
        Drift error (maybe fixed)            : 0
        Dropped bytes error (maybe fixed)    : 0
        Duplicated bytes error (maybe fixed) : 0

Track 03
    Pre-gap length : 00:01:47

    CRC32 hash             : 312BCD60
    CRC32 hash (skip zero) : 648ECF02
    AccurateRip signature  : 70B178D0
        ->Rip may not be accurate.
    Statistics
        Read error                           : 0
        Skipped (treated as error)           : 0
        Edge jitter error (maybe fixed)      : 1
        Atom jitter error (maybe fixed)      : 0
        Drift error (maybe fixed)            : 0
        Dropped bytes error (maybe fixed)    : 1
        Duplicated bytes error (maybe fixed) : 1

Track 04
    Pre-gap length : 00:01:45

    CRC32 hash             : 66AD662F
    CRC32 hash (skip zero) : 54F7FE12
    AccurateRip signature  : 8E78D776
        ->Accurately ripped! (confidence 3)
    Statistics
        Read error                           : 0
        Skipped (treated as error)           : 0
        Edge jitter error (maybe fixed)      : 0
        Atom jitter error (maybe fixed)      : 0
        Drift error (maybe fixed)            : 0
        Dropped bytes error (maybe fixed)    : 0
        Duplicated bytes error (maybe fixed) : 0

Track 05
    Pre-gap length : 00:01:40

    CRC32 hash             : ECC966F8
    CRC32 hash (skip zero) : F3157CC8
    AccurateRip signature  : B7F06092
        ->Accurately ripped! (confidence 3)
    Statistics
        Read error                           : 0
        Skipped (treated as error)           : 0
        Edge jitter error (maybe fixed)      : 0
        Atom jitter error (maybe fixed)      : 0
        Drift error (maybe fixed)            : 0
        Dropped bytes error (maybe fixed)    : 0
        Duplicated bytes error (maybe fixed) : 0

Track 06
    Pre-gap length : 00:01:63

    CRC32 hash             : 20728BBB
    CRC32 hash (skip zero) : A994C46B
    AccurateRip signature  : 3693213A
        ->Accurately ripped! (confidence 2)
    Statistics
        Read error                           : 0
        Skipped (treated as error)           : 0
        Edge jitter error (maybe fixed)      : 0
        Atom jitter error (maybe fixed)      : 0
        Drift error (maybe fixed)            : 0
        Dropped bytes error (maybe fixed)    : 0
        Duplicated bytes error (maybe fixed) : 0

Track 07
    Pre-gap length : 00:01:40

    CRC32 hash             : 8BECD717
    CRC32 hash (skip zero) : 3382C372
    AccurateRip signature  : A41EC6B8
        ->Accurately ripped! (confidence 2)
    Statistics
        Read error                           : 0
        Skipped (treated as error)           : 0
        Edge jitter error (maybe fixed)      : 0
        Atom jitter error (maybe fixed)      : 0
        Drift error (maybe fixed)            : 0
        Dropped bytes error (maybe fixed)    : 0
        Duplicated bytes error (maybe fixed) : 0

Track 08
    Pre-gap length : 00:01:63

    CRC32 hash             : 8B403A58
    CRC32 hash (skip zero) : 5ED6135F
    AccurateRip signature  : 592C8539
        ->Accurately ripped! (confidence 2)
    Statistics
        Read error                           : 0
        Skipped (treated as error)           : 0
        Edge jitter error (maybe fixed)      : 0
        Atom jitter error (maybe fixed)      : 0
        Drift error (maybe fixed)            : 0
        Dropped bytes error (maybe fixed)    : 0
        Duplicated bytes error (maybe fixed) : 0

Track 09
    Pre-gap length : 00:01:62

    CRC32 hash             : 4223FA9C
    CRC32 hash (skip zero) : 92687ECF
    AccurateRip signature  : E44905EA
        ->Accurately ripped! (confidence 2)
    Statistics
        Read error                           : 0
        Skipped (treated as error)           : 0
        Edge jitter error (maybe fixed)      : 0
        Atom jitter error (maybe fixed)      : 0
        Drift error (maybe fixed)            : 0
        Dropped bytes error (maybe fixed)    : 0
        Duplicated bytes error (maybe fixed) : 0

No errors occurred

End of status report
