X Lossless Decoder version 20230627 (156.1)

XLD extraction logfile from 2023-10-25 21:49:42 +0900

Godley and Creme / Frabjous Days: The Secret World of Godley and Creme 1967-1969

Used drive : PIONEER BD-RW   BDR-X12U (revision 1.03)
Media type : Pressed CD

Ripper mode             : XLD Secure Ripper
Disable audio cache     : OK for the drive with a cache less than 1375KiB
Make use of C2 pointers : NO
Read offset correction  : 667
Max retry count         : 20
Gap status              : Analyzed, Appended

TOC of the extracted CD
     Track |   Start  |  Length  | Start sector | End sector 
    ---------------------------------------------------------
        1  | 00:00:00 | 03:08:29 |         0    |    14128   
        2  | 03:08:29 | 03:23:48 |     14129    |    29401   
        3  | 06:32:02 | 03:22:24 |     29402    |    44575   
        4  | 09:54:26 | 02:46:04 |     44576    |    57029   
        5  | 12:40:30 | 02:57:30 |     57030    |    70334   
        6  | 15:37:60 | 05:51:49 |     70335    |    96708   
        7  | 21:29:34 | 03:57:59 |     96709    |   114542   
        8  | 25:27:18 | 02:30:00 |    114543    |   125792   
        9  | 27:57:18 | 03:27:08 |    125793    |   141325   
       10  | 31:24:26 | 02:34:00 |    141326    |   152875   
       11  | 33:58:26 | 02:47:03 |    152876    |   165403   
       12  | 36:45:29 | 02:52:53 |    165404    |   178356   
       13  | 39:38:07 | 02:21:09 |    178357    |   188940   
       14  | 41:59:16 | 02:25:66 |    188941    |   199881   
       15  | 44:25:07 | 03:07:74 |    199882    |   213980   
       16  | 47:33:06 | 03:05:55 |    213981    |   227910   
       17  | 50:38:61 | 02:51:74 |    227911    |   240809   
       18  | 53:30:60 | 02:20:00 |    240810    |   251309   
       19  | 55:50:60 | 01:57:30 |    251310    |   260114   

AccurateRip Summary (DiscID: 002a51b6-02499e6b-0e0d8c13)
    Track 01 : OK (v2, confidence 9/9)
    Track 02 : OK (v2, confidence 9/9)
    Track 03 : OK (v2, confidence 9/9)
    Track 04 : OK (v2, confidence 9/9)
    Track 05 : OK (v2, confidence 9/9)
    Track 06 : OK (v2, confidence 9/9)
    Track 07 : OK (v2, confidence 9/9)
    Track 08 : OK (v2, confidence 9/9)
    Track 09 : OK (v2, confidence 9/9)
    Track 10 : OK (v2, confidence 9/9)
    Track 11 : OK (v2, confidence 9/9)
    Track 12 : OK (v2, confidence 9/9)
    Track 13 : OK (v2, confidence 9/9)
    Track 14 : OK (v2, confidence 9/9)
    Track 15 : OK (v2, confidence 9/9)
    Track 16 : OK (v2, confidence 9/9)
    Track 17 : OK (v2, confidence 9/9)
    Track 18 : OK (v2, confidence 9/9)
    Track 19 : OK (v2, confidence 9/9)
        ->All tracks accurately ripped.

All Tracks
    Filename : /Users/m4c/Music/Godley and Creme - Frabjous Days： The Secret World of Godley and Creme 1967-1969.flac
    CRC32 hash               : E03AFAE3
    CRC32 hash (skip zero)   : 8172098F
    Statistics
        Read error                           : 0
        Jitter error (maybe fixed)           : 0
        Retry sector count                   : 0
        Damaged sector count                 : 0

Track 01
    Pre-gap length : 00:02:00

    CRC32 hash               : EC3F4808
    CRC32 hash (skip zero)   : 83A0464E
    AccurateRip v1 signature : 68F8C1F5
    AccurateRip v2 signature : 8BD77A9B
        ->Accurately ripped (v2, confidence 9/9)
    Statistics
        Read error                           : 0
        Jitter error (maybe fixed)           : 0
        Retry sector count                   : 0
        Damaged sector count                 : 0

Track 02
    Pre-gap length : 00:01:00

    CRC32 hash               : 741A13F9
    CRC32 hash (skip zero)   : F342D8F3
    AccurateRip v1 signature : CEB035AC
    AccurateRip v2 signature : 9615544E
        ->Accurately ripped (v2, confidence 9/9)
    Statistics
        Read error                           : 0
        Jitter error (maybe fixed)           : 0
        Retry sector count                   : 0
        Damaged sector count                 : 0

Track 03
    Pre-gap length : 00:01:00

    CRC32 hash               : 59319BA0
    CRC32 hash (skip zero)   : B3994572
    AccurateRip v1 signature : 4DC304A4
    AccurateRip v2 signature : F1BD04A9
        ->Accurately ripped (v2, confidence 9/9)
    Statistics
        Read error                           : 0
        Jitter error (maybe fixed)           : 0
        Retry sector count                   : 0
        Damaged sector count                 : 0

Track 04
    Pre-gap length : 00:01:00

    CRC32 hash               : 8AA6EE7E
    CRC32 hash (skip zero)   : 347F5503
    AccurateRip v1 signature : 020B3964
    AccurateRip v2 signature : 3B2AFF84
        ->Accurately ripped (v2, confidence 9/9)
    Statistics
        Read error                           : 0
        Jitter error (maybe fixed)           : 0
        Retry sector count                   : 0
        Damaged sector count                 : 0

Track 05
    Pre-gap length : 00:01:00

    CRC32 hash               : CE07D1A9
    CRC32 hash (skip zero)   : 830C29F3
    AccurateRip v1 signature : 9E1F35AD
    AccurateRip v2 signature : FD496144
        ->Accurately ripped (v2, confidence 9/9)
    Statistics
        Read error                           : 0
        Jitter error (maybe fixed)           : 0
        Retry sector count                   : 0
        Damaged sector count                 : 0

Track 06
    Pre-gap length : 00:01:00

    CRC32 hash               : 441D0C17
    CRC32 hash (skip zero)   : B56D6924
    AccurateRip v1 signature : B7834CD5
    AccurateRip v2 signature : 3F123ACD
        ->Accurately ripped (v2, confidence 9/9)
    Statistics
        Read error                           : 0
        Jitter error (maybe fixed)           : 0
        Retry sector count                   : 0
        Damaged sector count                 : 0

Track 07
    Pre-gap length : 00:01:00

    CRC32 hash               : A909D06F
    CRC32 hash (skip zero)   : 24FDE399
    AccurateRip v1 signature : 1F9AFDA6
    AccurateRip v2 signature : 554D3343
        ->Accurately ripped (v2, confidence 9/9)
    Statistics
        Read error                           : 0
        Jitter error (maybe fixed)           : 0
        Retry sector count                   : 0
        Damaged sector count                 : 0

Track 08
    Pre-gap length : 00:01:00

    CRC32 hash               : 1162BDCA
    CRC32 hash (skip zero)   : D8DC56CB
    AccurateRip v1 signature : EADA0B27
    AccurateRip v2 signature : 6AF85773
        ->Accurately ripped (v2, confidence 9/9)
    Statistics
        Read error                           : 0
        Jitter error (maybe fixed)           : 0
        Retry sector count                   : 0
        Damaged sector count                 : 0

Track 09
    Pre-gap length : 00:01:00

    CRC32 hash               : 2C1CD73D
    CRC32 hash (skip zero)   : 2D8A62A5
    AccurateRip v1 signature : A719E42A
    AccurateRip v2 signature : 5DC067FF
        ->Accurately ripped (v2, confidence 9/9)
    Statistics
        Read error                           : 0
        Jitter error (maybe fixed)           : 0
        Retry sector count                   : 0
        Damaged sector count                 : 0

Track 10
    Pre-gap length : 00:01:00

    CRC32 hash               : 1E8E54CE
    CRC32 hash (skip zero)   : 870FBD31
    AccurateRip v1 signature : A64D4784
    AccurateRip v2 signature : 5C8D36D8
        ->Accurately ripped (v2, confidence 9/9)
    Statistics
        Read error                           : 0
        Jitter error (maybe fixed)           : 0
        Retry sector count                   : 0
        Damaged sector count                 : 0

Track 11
    Pre-gap length : 00:01:00

    CRC32 hash               : 6F22021A
    CRC32 hash (skip zero)   : 62DEFD6F
    AccurateRip v1 signature : 74BF5891
    AccurateRip v2 signature : 24C60039
        ->Accurately ripped (v2, confidence 9/9)
    Statistics
        Read error                           : 0
        Jitter error (maybe fixed)           : 0
        Retry sector count                   : 0
        Damaged sector count                 : 0

Track 12
    Pre-gap length : 00:01:00

    CRC32 hash               : AD03F6AA
    CRC32 hash (skip zero)   : 7DB379BA
    AccurateRip v1 signature : BF87C6FE
    AccurateRip v2 signature : A48B6B33
        ->Accurately ripped (v2, confidence 9/9)
    Statistics
        Read error                           : 0
        Jitter error (maybe fixed)           : 0
        Retry sector count                   : 0
        Damaged sector count                 : 0

Track 13
    Pre-gap length : 00:02:00

    CRC32 hash               : B13104CD
    CRC32 hash (skip zero)   : 8DE7E566
    AccurateRip v1 signature : 71B4B215
    AccurateRip v2 signature : 80CE0D86
        ->Accurately ripped (v2, confidence 9/9)
    Statistics
        Read error                           : 0
        Jitter error (maybe fixed)           : 0
        Retry sector count                   : 0
        Damaged sector count                 : 0

Track 14
    Pre-gap length : 00:01:00

    CRC32 hash               : EF05CEE8
    CRC32 hash (skip zero)   : 622ED2CE
    AccurateRip v1 signature : 52A0C642
    AccurateRip v2 signature : 98F16DB5
        ->Accurately ripped (v2, confidence 9/9)
    Statistics
        Read error                           : 0
        Jitter error (maybe fixed)           : 0
        Retry sector count                   : 0
        Damaged sector count                 : 0

Track 15
    Pre-gap length : 00:01:00

    CRC32 hash               : 41445158
    CRC32 hash (skip zero)   : 965639B5
    AccurateRip v1 signature : CA226876
    AccurateRip v2 signature : E54B90A3
        ->Accurately ripped (v2, confidence 9/9)
    Statistics
        Read error                           : 0
        Jitter error (maybe fixed)           : 0
        Retry sector count                   : 0
        Damaged sector count                 : 0

Track 16
    Pre-gap length : 00:01:00

    CRC32 hash               : B551CCD7
    CRC32 hash (skip zero)   : 3D3410BC
    AccurateRip v1 signature : E55B17A5
    AccurateRip v2 signature : EB114326
        ->Accurately ripped (v2, confidence 9/9)
    Statistics
        Read error                           : 0
        Jitter error (maybe fixed)           : 0
        Retry sector count                   : 0
        Damaged sector count                 : 0

Track 17
    Pre-gap length : 00:01:00

    CRC32 hash               : 9C16B239
    CRC32 hash (skip zero)   : D77C5410
    AccurateRip v1 signature : 801F9169
    AccurateRip v2 signature : 44D95683
        ->Accurately ripped (v2, confidence 9/9)
    Statistics
        Read error                           : 0
        Jitter error (maybe fixed)           : 0
        Retry sector count                   : 0
        Damaged sector count                 : 0

Track 18
    Pre-gap length : 00:01:00

    CRC32 hash               : 78696E84
    CRC32 hash (skip zero)   : B6C64330
    AccurateRip v1 signature : 9ECD9AAC
    AccurateRip v2 signature : D3E0D8A4
        ->Accurately ripped (v2, confidence 9/9)
    Statistics
        Read error                           : 0
        Jitter error (maybe fixed)           : 0
        Retry sector count                   : 0
        Damaged sector count                 : 0

Track 19
    Pre-gap length : 00:01:00

    CRC32 hash               : E0B82AD9
    CRC32 hash (skip zero)   : F0E0C720
    AccurateRip v1 signature : E2DF51F0
    AccurateRip v2 signature : A5BDB291
        ->Accurately ripped (v2, confidence 9/9)
    Statistics
        Read error                           : 0
        Jitter error (maybe fixed)           : 0
        Retry sector count                   : 0
        Damaged sector count                 : 0

No errors occurred

End of status report
