X Lossless Decoder version 20110502 (132.0)

XLD extraction logfile from 2011-05-05 20:45:28 +0900

Godley & Creme / Ismism + 3 (remastered in 2006)

Used drive : MATSHITA DVD-R   UJ-868 (revision KB19)

Ripper mode             : CDParanoia III 10.2
Disable audio cache     : OK for the drive with a cache less than 2750KiB
Make use of C2 pointers : NO
Read offset correction  : 102
Max retry count         : 100
Gap status              : Analyzed, Appended

TOC of the extracted CD
     Track |   Start  |  Length  | Start sector | End sector 
    ---------------------------------------------------------
        1  | 00:00:00 | 07:16:15 |         0    |    32714   
        2  | 07:16:15 | 04:46:29 |     32715    |    54193   
        3  | 12:02:44 | 05:29:06 |     54194    |    78874   
        4  | 17:31:50 | 04:06:23 |     78875    |    97347   
        5  | 21:37:73 | 02:23:60 |     97348    |   108132   
        6  | 24:01:58 | 03:25:44 |    108133    |   123551   
        7  | 27:27:27 | 04:50:66 |    123552    |   145367   
        8  | 32:18:18 | 04:27:40 |    145368    |   165432   
        9  | 36:45:58 | 08:09:60 |    165433    |   202167   
       10  | 44:55:43 | 03:39:40 |    202168    |   218632   
       11  | 48:35:08 | 04:42:35 |    218633    |   239817   
       12  | 53:17:43 | 06:47:56 |    239818    |   270398   

AccurateRip Summary
    Disc not found in AccurateRip DB.

All Tracks
    Filename : /Users/m4c/Public/flac/Ismism + 3 (remastered in 2006).flac
    CRC32 hash             : ECD7451B
    CRC32 hash (skip zero) : DA1C12F3
    Statistics
        Read error                           : 0
        Skipped (treated as error)           : 0
        Edge jitter error (maybe fixed)      : 0
        Atom jitter error (maybe fixed)      : 0
        Drift error (maybe fixed)            : 0
        Dropped bytes error (maybe fixed)    : 0
        Duplicated bytes error (maybe fixed) : 0

Track 01
    Pre-gap length : 00:02:00

    CRC32 hash             : E7F36429
    CRC32 hash (skip zero) : 81E537D7
    AccurateRip signature  : 23172422
        ->Track not present in AccurateRip database.
    Statistics
        Read error                           : 0
        Skipped (treated as error)           : 0
        Edge jitter error (maybe fixed)      : 0
        Atom jitter error (maybe fixed)      : 0
        Drift error (maybe fixed)            : 0
        Dropped bytes error (maybe fixed)    : 0
        Duplicated bytes error (maybe fixed) : 0

Track 02

    CRC32 hash             : 1B43FF8A
    CRC32 hash (skip zero) : 5169C06A
    AccurateRip signature  : F1E0A811
        ->Track not present in AccurateRip database.
    Statistics
        Read error                           : 0
        Skipped (treated as error)           : 0
        Edge jitter error (maybe fixed)      : 0
        Atom jitter error (maybe fixed)      : 0
        Drift error (maybe fixed)            : 0
        Dropped bytes error (maybe fixed)    : 0
        Duplicated bytes error (maybe fixed) : 0

Track 03

    CRC32 hash             : 62A51E96
    CRC32 hash (skip zero) : 7BEC358B
    AccurateRip signature  : B6FCD95F
        ->Track not present in AccurateRip database.
    Statistics
        Read error                           : 0
        Skipped (treated as error)           : 0
        Edge jitter error (maybe fixed)      : 0
        Atom jitter error (maybe fixed)      : 0
        Drift error (maybe fixed)            : 0
        Dropped bytes error (maybe fixed)    : 0
        Duplicated bytes error (maybe fixed) : 0

Track 04

    CRC32 hash             : EB979FFF
    CRC32 hash (skip zero) : 50A335A2
    AccurateRip signature  : 3F054F7D
        ->Track not present in AccurateRip database.
    Statistics
        Read error                           : 0
        Skipped (treated as error)           : 0
        Edge jitter error (maybe fixed)      : 0
        Atom jitter error (maybe fixed)      : 0
        Drift error (maybe fixed)            : 0
        Dropped bytes error (maybe fixed)    : 0
        Duplicated bytes error (maybe fixed) : 0

Track 05

    CRC32 hash             : A30EB0B2
    CRC32 hash (skip zero) : 0C9AB3E5
    AccurateRip signature  : F415362C
        ->Track not present in AccurateRip database.
    Statistics
        Read error                           : 0
        Skipped (treated as error)           : 0
        Edge jitter error (maybe fixed)      : 0
        Atom jitter error (maybe fixed)      : 0
        Drift error (maybe fixed)            : 0
        Dropped bytes error (maybe fixed)    : 0
        Duplicated bytes error (maybe fixed) : 0

Track 06

    CRC32 hash             : B2F85328
    CRC32 hash (skip zero) : FED361B3
    AccurateRip signature  : 2AFF056D
        ->Track not present in AccurateRip database.
    Statistics
        Read error                           : 0
        Skipped (treated as error)           : 0
        Edge jitter error (maybe fixed)      : 0
        Atom jitter error (maybe fixed)      : 0
        Drift error (maybe fixed)            : 0
        Dropped bytes error (maybe fixed)    : 0
        Duplicated bytes error (maybe fixed) : 0

Track 07

    CRC32 hash             : 3AAFB3D8
    CRC32 hash (skip zero) : 9847B760
    AccurateRip signature  : 12E2D1E0
        ->Track not present in AccurateRip database.
    Statistics
        Read error                           : 0
        Skipped (treated as error)           : 0
        Edge jitter error (maybe fixed)      : 0
        Atom jitter error (maybe fixed)      : 0
        Drift error (maybe fixed)            : 0
        Dropped bytes error (maybe fixed)    : 0
        Duplicated bytes error (maybe fixed) : 0

Track 08

    CRC32 hash             : 16D6E164
    CRC32 hash (skip zero) : A90D3643
    AccurateRip signature  : 8AAB6C61
        ->Track not present in AccurateRip database.
    Statistics
        Read error                           : 0
        Skipped (treated as error)           : 0
        Edge jitter error (maybe fixed)      : 0
        Atom jitter error (maybe fixed)      : 0
        Drift error (maybe fixed)            : 0
        Dropped bytes error (maybe fixed)    : 0
        Duplicated bytes error (maybe fixed) : 0

Track 09
    Pre-gap length : 00:03:06

    CRC32 hash             : 05FBCC0C
    CRC32 hash (skip zero) : 8F57F0E8
    AccurateRip signature  : 5D6DC703
        ->Track not present in AccurateRip database.
    Statistics
        Read error                           : 0
        Skipped (treated as error)           : 0
        Edge jitter error (maybe fixed)      : 0
        Atom jitter error (maybe fixed)      : 0
        Drift error (maybe fixed)            : 0
        Dropped bytes error (maybe fixed)    : 0
        Duplicated bytes error (maybe fixed) : 0

Track 10
    Pre-gap length : 00:00:62

    CRC32 hash             : 993E6C07
    CRC32 hash (skip zero) : AC2F8A50
    AccurateRip signature  : B2F81722
        ->Track not present in AccurateRip database.
    Statistics
        Read error                           : 0
        Skipped (treated as error)           : 0
        Edge jitter error (maybe fixed)      : 0
        Atom jitter error (maybe fixed)      : 0
        Drift error (maybe fixed)            : 0
        Dropped bytes error (maybe fixed)    : 0
        Duplicated bytes error (maybe fixed) : 0

Track 11
    Pre-gap length : 00:00:62

    CRC32 hash             : EEC7A6EE
    CRC32 hash (skip zero) : 4907BC82
    AccurateRip signature  : E7A196CD
        ->Track not present in AccurateRip database.
    Statistics
        Read error                           : 0
        Skipped (treated as error)           : 0
        Edge jitter error (maybe fixed)      : 0
        Atom jitter error (maybe fixed)      : 0
        Drift error (maybe fixed)            : 0
        Dropped bytes error (maybe fixed)    : 0
        Duplicated bytes error (maybe fixed) : 0

Track 12
    Pre-gap length : 00:00:62

    CRC32 hash             : EBB938FA
    CRC32 hash (skip zero) : D568A0DA
    AccurateRip signature  : 699FD834
        ->Track not present in AccurateRip database.
    Statistics
        Read error                           : 0
        Skipped (treated as error)           : 0
        Edge jitter error (maybe fixed)      : 0
        Atom jitter error (maybe fixed)      : 0
        Drift error (maybe fixed)            : 0
        Dropped bytes error (maybe fixed)    : 0
        Duplicated bytes error (maybe fixed) : 0

No errors occurred

End of status report
