X Lossless Decoder version 20110502 (132.0)

XLD extraction logfile from 2011-05-04 08:41:59 +0900

Ultravox / Systems Of Romance

Used drive : MATSHITA DVD-R   UJ-868 (revision KB19)

Ripper mode             : CDParanoia III 10.2
Disable audio cache     : OK for the drive with a cache less than 2750KiB
Make use of C2 pointers : NO
Read offset correction  : 102
Max retry count         : 100
Gap status              : Analyzed, Appended

TOC of the extracted CD
     Track |   Start  |  Length  | Start sector | End sector 
    ---------------------------------------------------------
        1  | 00:00:00 | 03:32:40 |         0    |    15939   
        2  | 03:32:40 | 04:19:42 |     15940    |    35406   
        3  | 07:52:07 | 04:28:08 |     35407    |    55514   
        4  | 12:20:15 | 03:11:70 |     55515    |    69909   
        5  | 15:32:10 | 02:32:42 |     69910    |    81351   
        6  | 18:04:52 | 04:11:53 |     81352    |   100229   
        7  | 22:16:30 | 02:58:25 |    100230    |   113604   
        8  | 25:14:55 | 03:56:05 |    113605    |   131309   
        9  | 29:10:60 | 04:18:70 |    131310    |   150729   
       10  | 33:29:55 | 03:10:30 |    150730    |   165009   

AccurateRip Summary
    Track 01 : OK (confidence 6)
    Track 02 : OK (confidence 5)
    Track 03 : OK (confidence 6)
    Track 04 : OK (confidence 5)
    Track 05 : OK (confidence 5)
    Track 06 : OK (confidence 6)
    Track 07 : OK (confidence 5)
    Track 08 : OK (confidence 5)
    Track 09 : OK (confidence 5)
    Track 10 : OK (confidence 6)
        ->All tracks accurately ripped.

All Tracks
    Filename : /Users/m4c/Public/flac/Systems Of Romance.flac
    CRC32 hash             : 2C00622F
    CRC32 hash (skip zero) : 11D2984B
    Statistics
        Read error                           : 0
        Skipped (treated as error)           : 0
        Edge jitter error (maybe fixed)      : 0
        Atom jitter error (maybe fixed)      : 0
        Drift error (maybe fixed)            : 0
        Dropped bytes error (maybe fixed)    : 0
        Duplicated bytes error (maybe fixed) : 0

Track 01
    Pre-gap length : 00:02:00

    CRC32 hash             : 73066999
    CRC32 hash (skip zero) : A2AD4683
    AccurateRip signature  : BEF22355
        ->Accurately ripped! (confidence 6)
    Statistics
        Read error                           : 0
        Skipped (treated as error)           : 0
        Edge jitter error (maybe fixed)      : 0
        Atom jitter error (maybe fixed)      : 0
        Drift error (maybe fixed)            : 0
        Dropped bytes error (maybe fixed)    : 0
        Duplicated bytes error (maybe fixed) : 0

Track 02
    Pre-gap length : 00:02:68

    CRC32 hash             : C2B2D3F4
    CRC32 hash (skip zero) : 6372C237
    AccurateRip signature  : 85590B1C
        ->Accurately ripped! (confidence 5)
    Statistics
        Read error                           : 0
        Skipped (treated as error)           : 0
        Edge jitter error (maybe fixed)      : 0
        Atom jitter error (maybe fixed)      : 0
        Drift error (maybe fixed)            : 0
        Dropped bytes error (maybe fixed)    : 0
        Duplicated bytes error (maybe fixed) : 0

Track 03
    Pre-gap length : 00:03:25

    CRC32 hash             : 8174CC9C
    CRC32 hash (skip zero) : 5889E682
    AccurateRip signature  : 2035BF74
        ->Accurately ripped! (confidence 6)
    Statistics
        Read error                           : 0
        Skipped (treated as error)           : 0
        Edge jitter error (maybe fixed)      : 0
        Atom jitter error (maybe fixed)      : 0
        Drift error (maybe fixed)            : 0
        Dropped bytes error (maybe fixed)    : 0
        Duplicated bytes error (maybe fixed) : 0

Track 04
    Pre-gap length : 00:02:63

    CRC32 hash             : A440137A
    CRC32 hash (skip zero) : 2440463A
    AccurateRip signature  : A36538FE
        ->Accurately ripped! (confidence 5)
    Statistics
        Read error                           : 0
        Skipped (treated as error)           : 0
        Edge jitter error (maybe fixed)      : 0
        Atom jitter error (maybe fixed)      : 0
        Drift error (maybe fixed)            : 0
        Dropped bytes error (maybe fixed)    : 0
        Duplicated bytes error (maybe fixed) : 0

Track 05
    Pre-gap length : 00:02:30

    CRC32 hash             : 0F32D79D
    CRC32 hash (skip zero) : E69DC1F1
    AccurateRip signature  : 845E569F
        ->Accurately ripped! (confidence 5)
    Statistics
        Read error                           : 0
        Skipped (treated as error)           : 0
        Edge jitter error (maybe fixed)      : 0
        Atom jitter error (maybe fixed)      : 0
        Drift error (maybe fixed)            : 0
        Dropped bytes error (maybe fixed)    : 0
        Duplicated bytes error (maybe fixed) : 0

Track 06
    Pre-gap length : 00:02:35

    CRC32 hash             : D65FB9A9
    CRC32 hash (skip zero) : B4E63F2F
    AccurateRip signature  : 983D7DE6
        ->Accurately ripped! (confidence 6)
    Statistics
        Read error                           : 0
        Skipped (treated as error)           : 0
        Edge jitter error (maybe fixed)      : 0
        Atom jitter error (maybe fixed)      : 0
        Drift error (maybe fixed)            : 0
        Dropped bytes error (maybe fixed)    : 0
        Duplicated bytes error (maybe fixed) : 0

Track 07
    Pre-gap length : 00:03:03

    CRC32 hash             : 007E22D3
    CRC32 hash (skip zero) : 8319AAA3
    AccurateRip signature  : DBDAF1C6
        ->Accurately ripped! (confidence 5)
    Statistics
        Read error                           : 0
        Skipped (treated as error)           : 0
        Edge jitter error (maybe fixed)      : 0
        Atom jitter error (maybe fixed)      : 0
        Drift error (maybe fixed)            : 0
        Dropped bytes error (maybe fixed)    : 0
        Duplicated bytes error (maybe fixed) : 0

Track 08
    Pre-gap length : 00:03:05

    CRC32 hash             : 023DFFD1
    CRC32 hash (skip zero) : 314D4270
    AccurateRip signature  : 7B307459
        ->Accurately ripped! (confidence 5)
    Statistics
        Read error                           : 0
        Skipped (treated as error)           : 0
        Edge jitter error (maybe fixed)      : 0
        Atom jitter error (maybe fixed)      : 0
        Drift error (maybe fixed)            : 0
        Dropped bytes error (maybe fixed)    : 0
        Duplicated bytes error (maybe fixed) : 0

Track 09
    Pre-gap length : 00:02:00

    CRC32 hash             : B0F7939F
    CRC32 hash (skip zero) : 402CBE54
    AccurateRip signature  : C61A218B
        ->Accurately ripped! (confidence 5)
    Statistics
        Read error                           : 0
        Skipped (treated as error)           : 0
        Edge jitter error (maybe fixed)      : 0
        Atom jitter error (maybe fixed)      : 0
        Drift error (maybe fixed)            : 0
        Dropped bytes error (maybe fixed)    : 0
        Duplicated bytes error (maybe fixed) : 0

Track 10
    Pre-gap length : 00:03:25

    CRC32 hash             : E046BCE4
    CRC32 hash (skip zero) : 769F14C0
    AccurateRip signature  : AFBF3582
        ->Accurately ripped! (confidence 6)
    Statistics
        Read error                           : 0
        Skipped (treated as error)           : 0
        Edge jitter error (maybe fixed)      : 0
        Atom jitter error (maybe fixed)      : 0
        Drift error (maybe fixed)            : 0
        Dropped bytes error (maybe fixed)    : 0
        Duplicated bytes error (maybe fixed) : 0

No errors occurred

End of status report
