X Lossless Decoder version 20110417 (131.0)

XLD extraction logfile from 2011-05-02 20:29:25 +0900

Pilot / Blue Yonder

Used drive : HL-DT-ST BD-RE  BH10NS30 (revision EL00)

Ripper mode             : CDParanoia III 10.2
Disable audio cache     : OK for the drive with a cache less than 2750KiB
Make use of C2 pointers : NO
Read offset correction  : 667
Max retry count         : 100
Gap status              : Analyzed, Appended

TOC of the extracted CD
     Track |   Start  |  Length  | Start sector | End sector 
    ---------------------------------------------------------
        1  | 00:00:00 | 03:54:65 |         0    |    17614   
        2  | 03:54:65 | 03:48:47 |     17615    |    34761   
        3  | 07:43:37 | 03:15:12 |     34762    |    49398   
        4  | 10:58:49 | 03:52:11 |     49399    |    66809   
        5  | 14:50:60 | 03:56:55 |     66810    |    84564   
        6  | 18:47:40 | 03:57:46 |     84565    |   102385   
        7  | 22:45:11 | 03:57:67 |    102386    |   120227   
        8  | 26:43:03 | 04:07:01 |    120228    |   138753   
        9  | 30:50:04 | 04:11:07 |    138754    |   157585   
       10  | 35:01:11 | 03:50:69 |    157586    |   174904   
       11  | 38:52:05 | 04:11:49 |    174905    |   193778   
       12  | 43:03:54 | 07:06:15 |    193779    |   225743   

List of alternate offset correction values
        #  | Absolute | Relative | Confidence 
    ------------------------------------------
        1  |   -131   |   -798   |      1     

AccurateRip Summary
    Track 01 : OK (confidence 1, with different offset)
    Track 02 : OK (confidence 1, with different offset)
    Track 03 : OK (confidence 1, with different offset)
    Track 04 : OK (confidence 1, with different offset)
    Track 05 : OK (confidence 1, with different offset)
    Track 06 : OK (confidence 1, with different offset)
    Track 07 : OK (confidence 1, with different offset)
    Track 08 : OK (confidence 1, with different offset)
    Track 09 : OK (confidence 1, with different offset)
    Track 10 : OK (confidence 1, with different offset)
    Track 11 : OK (confidence 1, with different offset)
    Track 12 : OK (confidence 1, with different offset)
        ->All tracks accurately ripped.

All Tracks
    Filename : /Users/angelicalbite/Music/flac/Blue Yonder.flac
    CRC32 hash             : 22410945
    CRC32 hash (skip zero) : 8D15BBCB
    Statistics
        Read error                           : 0
        Skipped (treated as error)           : 0
        Edge jitter error (maybe fixed)      : 0
        Atom jitter error (maybe fixed)      : 0
        Drift error (maybe fixed)            : 0
        Dropped bytes error (maybe fixed)    : 0
        Duplicated bytes error (maybe fixed) : 0

Track 01
    Pre-gap length : 00:02:00

    CRC32 hash             : 90ADC998
    CRC32 hash (skip zero) : FACC3289
    AccurateRip signature  : 4C186705
        ->Accurately ripped! (confidence 1)
          (matched with the different offset correction value;
           calculated using an additional offset of -798;
           the signature after correction is: 15615797)
    Statistics
        Read error                           : 0
        Skipped (treated as error)           : 0
        Edge jitter error (maybe fixed)      : 0
        Atom jitter error (maybe fixed)      : 0
        Drift error (maybe fixed)            : 0
        Dropped bytes error (maybe fixed)    : 0
        Duplicated bytes error (maybe fixed) : 0

Track 02
    Pre-gap length : 00:02:00

    CRC32 hash             : 0EF26422
    CRC32 hash (skip zero) : 2473F7B0
    AccurateRip signature  : BF481A9F
        ->Accurately ripped! (confidence 1)
          (matched with the different offset correction value;
           calculated using an additional offset of -798;
           the signature after correction is: 81FBFD2B)
    Statistics
        Read error                           : 0
        Skipped (treated as error)           : 0
        Edge jitter error (maybe fixed)      : 0
        Atom jitter error (maybe fixed)      : 0
        Drift error (maybe fixed)            : 0
        Dropped bytes error (maybe fixed)    : 0
        Duplicated bytes error (maybe fixed) : 0

Track 03
    Pre-gap length : 00:02:00

    CRC32 hash             : C7C9EEC0
    CRC32 hash (skip zero) : CE3330BF
    AccurateRip signature  : 0291D3B4
        ->Accurately ripped! (confidence 1)
          (matched with the different offset correction value;
           calculated using an additional offset of -798;
           the signature after correction is: 95E9F12A)
    Statistics
        Read error                           : 0
        Skipped (treated as error)           : 0
        Edge jitter error (maybe fixed)      : 0
        Atom jitter error (maybe fixed)      : 0
        Drift error (maybe fixed)            : 0
        Dropped bytes error (maybe fixed)    : 0
        Duplicated bytes error (maybe fixed) : 0

Track 04
    Pre-gap length : 00:02:00

    CRC32 hash             : 72309D64
    CRC32 hash (skip zero) : 62C21598
    AccurateRip signature  : D4479172
        ->Accurately ripped! (confidence 1)
          (matched with the different offset correction value;
           calculated using an additional offset of -798;
           the signature after correction is: 4CFB2A9C)
    Statistics
        Read error                           : 0
        Skipped (treated as error)           : 0
        Edge jitter error (maybe fixed)      : 0
        Atom jitter error (maybe fixed)      : 0
        Drift error (maybe fixed)            : 0
        Dropped bytes error (maybe fixed)    : 0
        Duplicated bytes error (maybe fixed) : 0

Track 05
    Pre-gap length : 00:02:00

    CRC32 hash             : 0051C792
    CRC32 hash (skip zero) : F24AE635
    AccurateRip signature  : 6860B7C0
        ->Accurately ripped! (confidence 1)
          (matched with the different offset correction value;
           calculated using an additional offset of -798;
           the signature after correction is: 5A9D4B28)
    Statistics
        Read error                           : 0
        Skipped (treated as error)           : 0
        Edge jitter error (maybe fixed)      : 0
        Atom jitter error (maybe fixed)      : 0
        Drift error (maybe fixed)            : 0
        Dropped bytes error (maybe fixed)    : 0
        Duplicated bytes error (maybe fixed) : 0

Track 06
    Pre-gap length : 00:02:00

    CRC32 hash             : 29053A9A
    CRC32 hash (skip zero) : 1042F8B1
    AccurateRip signature  : 01BA891D
        ->Accurately ripped! (confidence 1)
          (matched with the different offset correction value;
           calculated using an additional offset of -798;
           the signature after correction is: 5355B9AD)
    Statistics
        Read error                           : 0
        Skipped (treated as error)           : 0
        Edge jitter error (maybe fixed)      : 0
        Atom jitter error (maybe fixed)      : 0
        Drift error (maybe fixed)            : 0
        Dropped bytes error (maybe fixed)    : 0
        Duplicated bytes error (maybe fixed) : 0

Track 07
    Pre-gap length : 00:02:00

    CRC32 hash             : 011C31A2
    CRC32 hash (skip zero) : FCDD4AAD
    AccurateRip signature  : 9585280D
        ->Accurately ripped! (confidence 1)
          (matched with the different offset correction value;
           calculated using an additional offset of -798;
           the signature after correction is: B72ACC33)
    Statistics
        Read error                           : 0
        Skipped (treated as error)           : 0
        Edge jitter error (maybe fixed)      : 0
        Atom jitter error (maybe fixed)      : 0
        Drift error (maybe fixed)            : 0
        Dropped bytes error (maybe fixed)    : 0
        Duplicated bytes error (maybe fixed) : 0

Track 08
    Pre-gap length : 00:02:00

    CRC32 hash             : 9660E257
    CRC32 hash (skip zero) : 5AE3E743
    AccurateRip signature  : F6E9A308
        ->Accurately ripped! (confidence 1)
          (matched with the different offset correction value;
           calculated using an additional offset of -798;
           the signature after correction is: FEE1356E)
    Statistics
        Read error                           : 0
        Skipped (treated as error)           : 0
        Edge jitter error (maybe fixed)      : 0
        Atom jitter error (maybe fixed)      : 0
        Drift error (maybe fixed)            : 0
        Dropped bytes error (maybe fixed)    : 0
        Duplicated bytes error (maybe fixed) : 0

Track 09
    Pre-gap length : 00:02:00

    CRC32 hash             : CFB45CF6
    CRC32 hash (skip zero) : E9C60F44
    AccurateRip signature  : 12342507
        ->Accurately ripped! (confidence 1)
          (matched with the different offset correction value;
           calculated using an additional offset of -798;
           the signature after correction is: 935FCD11)
    Statistics
        Read error                           : 0
        Skipped (treated as error)           : 0
        Edge jitter error (maybe fixed)      : 0
        Atom jitter error (maybe fixed)      : 0
        Drift error (maybe fixed)            : 0
        Dropped bytes error (maybe fixed)    : 0
        Duplicated bytes error (maybe fixed) : 0

Track 10
    Pre-gap length : 00:02:00

    CRC32 hash             : 5B6CC291
    CRC32 hash (skip zero) : 64ACB391
    AccurateRip signature  : D88B448B
        ->Accurately ripped! (confidence 1)
          (matched with the different offset correction value;
           calculated using an additional offset of -798;
           the signature after correction is: 8E1CBE35)
    Statistics
        Read error                           : 0
        Skipped (treated as error)           : 0
        Edge jitter error (maybe fixed)      : 0
        Atom jitter error (maybe fixed)      : 0
        Drift error (maybe fixed)            : 0
        Dropped bytes error (maybe fixed)    : 0
        Duplicated bytes error (maybe fixed) : 0

Track 11
    Pre-gap length : 00:02:00

    CRC32 hash             : C007B8B5
    CRC32 hash (skip zero) : 2DBAD6D5
    AccurateRip signature  : 915A75A6
        ->Accurately ripped! (confidence 1)
          (matched with the different offset correction value;
           calculated using an additional offset of -798;
           the signature after correction is: 3BEA8696)
    Statistics
        Read error                           : 0
        Skipped (treated as error)           : 0
        Edge jitter error (maybe fixed)      : 0
        Atom jitter error (maybe fixed)      : 0
        Drift error (maybe fixed)            : 0
        Dropped bytes error (maybe fixed)    : 0
        Duplicated bytes error (maybe fixed) : 0

Track 12
    Pre-gap length : 00:02:00

    CRC32 hash             : 93CA7A2B
    CRC32 hash (skip zero) : 415B0D9A
    AccurateRip signature  : 7793A10B
        ->Accurately ripped! (confidence 1)
          (matched with the different offset correction value;
           calculated using an additional offset of -798;
           the signature after correction is: F2FCD187)
    Statistics
        Read error                           : 0
        Skipped (treated as error)           : 0
        Edge jitter error (maybe fixed)      : 0
        Atom jitter error (maybe fixed)      : 0
        Drift error (maybe fixed)            : 0
        Dropped bytes error (maybe fixed)    : 0
        Duplicated bytes error (maybe fixed) : 0

No errors occurred

End of status report
