X Lossless Decoder version 20110502 (132.0)

XLD extraction logfile from 2011-05-05 22:24:38 +0900

Pilot / The Craighall Demos 71:76

Used drive : MATSHITA DVD-R   UJ-868 (revision KB19)

Ripper mode             : CDParanoia III 10.2
Disable audio cache     : OK for the drive with a cache less than 2750KiB
Make use of C2 pointers : NO
Read offset correction  : 102
Max retry count         : 100
Gap status              : Analyzed, Appended

TOC of the extracted CD
     Track |   Start  |  Length  | Start sector | End sector 
    ---------------------------------------------------------
        1  | 00:00:00 | 03:24:16 |         0    |    15315   
        2  | 03:24:16 | 03:54:31 |     15316    |    32896   
        3  | 07:18:47 | 02:46:18 |     32897    |    45364   
        4  | 10:04:65 | 03:20:44 |     45365    |    60408   
        5  | 13:25:34 | 02:49:52 |     60409    |    73135   
        6  | 16:15:11 | 04:12:55 |     73136    |    92090   
        7  | 20:27:66 | 03:17:37 |     92091    |   106902   
        8  | 23:45:28 | 03:44:35 |    106903    |   123737   
        9  | 27:29:63 | 04:13:22 |    123738    |   142734   
       10  | 31:43:10 | 02:20:00 |    142735    |   153234   
       11  | 34:03:10 | 02:54:56 |    153235    |   166340   
       12  | 36:57:66 | 02:03:23 |    166341    |   175588   
       13  | 39:01:14 | 04:03:04 |    175589    |   193817   
       14  | 43:04:18 | 03:27:30 |    193818    |   209372   
       15  | 46:31:48 | 03:14:67 |    209373    |   223989   
       16  | 49:46:40 | 02:38:65 |    223990    |   235904   
       17  | 52:25:30 | 03:23:29 |    235905    |   251158   
       18  | 55:48:59 | 02:50:08 |    251159    |   263916   
       19  | 58:38:67 | 02:48:71 |    263917    |   276587   
       20  | 61:27:63 | 01:31:01 |    276588    |   283413   

AccurateRip Summary
    Track 01 : OK (confidence 1)
    Track 02 : OK (confidence 1)
    Track 03 : OK (confidence 1)
    Track 04 : OK (confidence 1)
    Track 05 : OK (confidence 1)
    Track 06 : OK (confidence 1)
    Track 07 : OK (confidence 1)
    Track 08 : OK (confidence 1)
    Track 09 : OK (confidence 1)
    Track 10 : OK (confidence 1)
    Track 11 : OK (confidence 1)
    Track 12 : OK (confidence 1)
    Track 13 : OK (confidence 1)
    Track 14 : OK (confidence 1)
    Track 15 : OK (confidence 1)
    Track 16 : NG
    Track 17 : OK (confidence 1)
    Track 18 : OK (confidence 1)
    Track 19 : NG
    Track 20 : NG
        ->17 track(s) accurately ripped, 3 track(s) not, 0 track(s) not found

All Tracks
    Filename : /Users/m4c/Public/flac/The Craighall Demos 71:76.flac
    CRC32 hash             : 0EB4B45F
    CRC32 hash (skip zero) : 5A55A92F
    Statistics
        Read error                           : 0
        Skipped (treated as error)           : 0
        Edge jitter error (maybe fixed)      : 0
        Atom jitter error (maybe fixed)      : 0
        Drift error (maybe fixed)            : 0
        Dropped bytes error (maybe fixed)    : 0
        Duplicated bytes error (maybe fixed) : 0

Track 01
    Pre-gap length : 00:02:00

    CRC32 hash             : 8F880FF6
    CRC32 hash (skip zero) : FDD89895
    AccurateRip signature  : 596CEADD
        ->Accurately ripped! (confidence 1)
    Statistics
        Read error                           : 0
        Skipped (treated as error)           : 0
        Edge jitter error (maybe fixed)      : 0
        Atom jitter error (maybe fixed)      : 0
        Drift error (maybe fixed)            : 0
        Dropped bytes error (maybe fixed)    : 0
        Duplicated bytes error (maybe fixed) : 0

Track 02
    Pre-gap length : 00:02:00

    CRC32 hash             : C0011293
    CRC32 hash (skip zero) : 18F53503
    AccurateRip signature  : D6F77971
        ->Accurately ripped! (confidence 1)
    Statistics
        Read error                           : 0
        Skipped (treated as error)           : 0
        Edge jitter error (maybe fixed)      : 0
        Atom jitter error (maybe fixed)      : 0
        Drift error (maybe fixed)            : 0
        Dropped bytes error (maybe fixed)    : 0
        Duplicated bytes error (maybe fixed) : 0

Track 03
    Pre-gap length : 00:02:00

    CRC32 hash             : 86AE6FFB
    CRC32 hash (skip zero) : 339DA759
    AccurateRip signature  : 9D0968D1
        ->Accurately ripped! (confidence 1)
    Statistics
        Read error                           : 0
        Skipped (treated as error)           : 0
        Edge jitter error (maybe fixed)      : 0
        Atom jitter error (maybe fixed)      : 0
        Drift error (maybe fixed)            : 0
        Dropped bytes error (maybe fixed)    : 0
        Duplicated bytes error (maybe fixed) : 0

Track 04
    Pre-gap length : 00:02:00

    CRC32 hash             : 5651045A
    CRC32 hash (skip zero) : BD1DCD23
    AccurateRip signature  : 093C8130
        ->Accurately ripped! (confidence 1)
    Statistics
        Read error                           : 0
        Skipped (treated as error)           : 0
        Edge jitter error (maybe fixed)      : 0
        Atom jitter error (maybe fixed)      : 0
        Drift error (maybe fixed)            : 0
        Dropped bytes error (maybe fixed)    : 0
        Duplicated bytes error (maybe fixed) : 0

Track 05
    Pre-gap length : 00:02:00

    CRC32 hash             : 85BD90F3
    CRC32 hash (skip zero) : A034A37B
    AccurateRip signature  : 4B73EDB5
        ->Accurately ripped! (confidence 1)
    Statistics
        Read error                           : 0
        Skipped (treated as error)           : 0
        Edge jitter error (maybe fixed)      : 0
        Atom jitter error (maybe fixed)      : 0
        Drift error (maybe fixed)            : 0
        Dropped bytes error (maybe fixed)    : 0
        Duplicated bytes error (maybe fixed) : 0

Track 06
    Pre-gap length : 00:02:00

    CRC32 hash             : 8FC608DD
    CRC32 hash (skip zero) : 73B8C61A
    AccurateRip signature  : 2F33939A
        ->Accurately ripped! (confidence 1)
    Statistics
        Read error                           : 0
        Skipped (treated as error)           : 0
        Edge jitter error (maybe fixed)      : 0
        Atom jitter error (maybe fixed)      : 0
        Drift error (maybe fixed)            : 0
        Dropped bytes error (maybe fixed)    : 0
        Duplicated bytes error (maybe fixed) : 0

Track 07
    Pre-gap length : 00:02:00

    CRC32 hash             : 14ACC26A
    CRC32 hash (skip zero) : ACF22D6C
    AccurateRip signature  : 3A621AF5
        ->Accurately ripped! (confidence 1)
    Statistics
        Read error                           : 0
        Skipped (treated as error)           : 0
        Edge jitter error (maybe fixed)      : 0
        Atom jitter error (maybe fixed)      : 0
        Drift error (maybe fixed)            : 0
        Dropped bytes error (maybe fixed)    : 0
        Duplicated bytes error (maybe fixed) : 0

Track 08
    Pre-gap length : 00:02:00

    CRC32 hash             : BC8B4E09
    CRC32 hash (skip zero) : 196C6815
    AccurateRip signature  : 6E9A330B
        ->Accurately ripped! (confidence 1)
    Statistics
        Read error                           : 0
        Skipped (treated as error)           : 0
        Edge jitter error (maybe fixed)      : 0
        Atom jitter error (maybe fixed)      : 0
        Drift error (maybe fixed)            : 0
        Dropped bytes error (maybe fixed)    : 0
        Duplicated bytes error (maybe fixed) : 0

Track 09
    Pre-gap length : 00:02:00

    CRC32 hash             : 28B9AB85
    CRC32 hash (skip zero) : 1EBCCC9D
    AccurateRip signature  : 9E7F8233
        ->Accurately ripped! (confidence 1)
    Statistics
        Read error                           : 0
        Skipped (treated as error)           : 0
        Edge jitter error (maybe fixed)      : 0
        Atom jitter error (maybe fixed)      : 0
        Drift error (maybe fixed)            : 0
        Dropped bytes error (maybe fixed)    : 0
        Duplicated bytes error (maybe fixed) : 0

Track 10
    Pre-gap length : 00:02:00

    CRC32 hash             : 8D432046
    CRC32 hash (skip zero) : 1BEDF9C9
    AccurateRip signature  : 48E1EC22
        ->Accurately ripped! (confidence 1)
    Statistics
        Read error                           : 0
        Skipped (treated as error)           : 0
        Edge jitter error (maybe fixed)      : 0
        Atom jitter error (maybe fixed)      : 0
        Drift error (maybe fixed)            : 0
        Dropped bytes error (maybe fixed)    : 0
        Duplicated bytes error (maybe fixed) : 0

Track 11
    Pre-gap length : 00:02:00

    CRC32 hash             : DFF1E86B
    CRC32 hash (skip zero) : 6F461596
    AccurateRip signature  : FE77724F
        ->Accurately ripped! (confidence 1)
    Statistics
        Read error                           : 0
        Skipped (treated as error)           : 0
        Edge jitter error (maybe fixed)      : 0
        Atom jitter error (maybe fixed)      : 0
        Drift error (maybe fixed)            : 0
        Dropped bytes error (maybe fixed)    : 0
        Duplicated bytes error (maybe fixed) : 0

Track 12
    Pre-gap length : 00:02:00

    CRC32 hash             : 7D4B07FA
    CRC32 hash (skip zero) : D4766536
    AccurateRip signature  : 633D42E7
        ->Accurately ripped! (confidence 1)
    Statistics
        Read error                           : 0
        Skipped (treated as error)           : 0
        Edge jitter error (maybe fixed)      : 0
        Atom jitter error (maybe fixed)      : 0
        Drift error (maybe fixed)            : 0
        Dropped bytes error (maybe fixed)    : 0
        Duplicated bytes error (maybe fixed) : 0

Track 13
    Pre-gap length : 00:02:00

    CRC32 hash             : CEA67D05
    CRC32 hash (skip zero) : 578CC9F9
    AccurateRip signature  : 08FD8147
        ->Accurately ripped! (confidence 1)
    Statistics
        Read error                           : 0
        Skipped (treated as error)           : 0
        Edge jitter error (maybe fixed)      : 0
        Atom jitter error (maybe fixed)      : 0
        Drift error (maybe fixed)            : 0
        Dropped bytes error (maybe fixed)    : 0
        Duplicated bytes error (maybe fixed) : 0

Track 14
    Pre-gap length : 00:02:00

    CRC32 hash             : E4B5BB63
    CRC32 hash (skip zero) : 41504C6F
    AccurateRip signature  : 7FECD1D1
        ->Accurately ripped! (confidence 1)
    Statistics
        Read error                           : 0
        Skipped (treated as error)           : 0
        Edge jitter error (maybe fixed)      : 0
        Atom jitter error (maybe fixed)      : 0
        Drift error (maybe fixed)            : 0
        Dropped bytes error (maybe fixed)    : 0
        Duplicated bytes error (maybe fixed) : 0

Track 15
    Pre-gap length : 00:02:00

    CRC32 hash             : 415A2A89
    CRC32 hash (skip zero) : FDC8F7F0
    AccurateRip signature  : 403023EB
        ->Accurately ripped! (confidence 1)
    Statistics
        Read error                           : 0
        Skipped (treated as error)           : 0
        Edge jitter error (maybe fixed)      : 0
        Atom jitter error (maybe fixed)      : 0
        Drift error (maybe fixed)            : 0
        Dropped bytes error (maybe fixed)    : 0
        Duplicated bytes error (maybe fixed) : 0

Track 16
    Pre-gap length : 00:02:00

    CRC32 hash             : FD408EAD
    CRC32 hash (skip zero) : 9F695F34
    AccurateRip signature  : 6BD8E156
        ->Rip may not be accurate.
    Statistics
        Read error                           : 0
        Skipped (treated as error)           : 0
        Edge jitter error (maybe fixed)      : 0
        Atom jitter error (maybe fixed)      : 0
        Drift error (maybe fixed)            : 0
        Dropped bytes error (maybe fixed)    : 0
        Duplicated bytes error (maybe fixed) : 0

Track 17
    Pre-gap length : 00:02:00

    CRC32 hash             : C8AEBD17
    CRC32 hash (skip zero) : E6134B5A
    AccurateRip signature  : 52AFD0EA
        ->Accurately ripped! (confidence 1)
    Statistics
        Read error                           : 0
        Skipped (treated as error)           : 0
        Edge jitter error (maybe fixed)      : 0
        Atom jitter error (maybe fixed)      : 0
        Drift error (maybe fixed)            : 0
        Dropped bytes error (maybe fixed)    : 0
        Duplicated bytes error (maybe fixed) : 0

Track 18
    Pre-gap length : 00:02:00

    CRC32 hash             : D9451B56
    CRC32 hash (skip zero) : 1523E5CE
    AccurateRip signature  : 6CA06DAC
        ->Accurately ripped! (confidence 1)
    Statistics
        Read error                           : 0
        Skipped (treated as error)           : 0
        Edge jitter error (maybe fixed)      : 0
        Atom jitter error (maybe fixed)      : 0
        Drift error (maybe fixed)            : 0
        Dropped bytes error (maybe fixed)    : 0
        Duplicated bytes error (maybe fixed) : 0

Track 19
    Pre-gap length : 00:02:00

    CRC32 hash             : 82C76D84
    CRC32 hash (skip zero) : F4C96ED4
    AccurateRip signature  : 2B09DE0E
        ->Rip may not be accurate.
    Statistics
        Read error                           : 0
        Skipped (treated as error)           : 0
        Edge jitter error (maybe fixed)      : 0
        Atom jitter error (maybe fixed)      : 0
        Drift error (maybe fixed)            : 0
        Dropped bytes error (maybe fixed)    : 0
        Duplicated bytes error (maybe fixed) : 0

Track 20
    Pre-gap length : 00:15:00

    CRC32 hash             : 703262E1
    CRC32 hash (skip zero) : D0E53D1C
    AccurateRip signature  : F30153B3
        ->Rip may not be accurate.
    Statistics
        Read error                           : 0
        Skipped (treated as error)           : 0
        Edge jitter error (maybe fixed)      : 0
        Atom jitter error (maybe fixed)      : 0
        Drift error (maybe fixed)            : 0
        Dropped bytes error (maybe fixed)    : 0
        Duplicated bytes error (maybe fixed) : 0

No errors occurred

End of status report
