X Lossless Decoder version 20110417 (131.0)

XLD extraction logfile from 2011-04-30 20:47:00 +0900

Godiego / CM Song Graffity Vol. 2

Used drive : HL-DT-ST BD-RE  BH10NS30 (revision EL00)

Ripper mode             : CDParanoia III 10.2
Disable audio cache     : OK for the drive with a cache less than 2750KiB
Make use of C2 pointers : NO
Read offset correction  : 667
Max retry count         : 100
Gap status              : Analyzed, Appended

TOC of the extracted CD
     Track |   Start  |  Length  | Start sector | End sector 
    ---------------------------------------------------------
        1  | 00:00:00 | 02:51:70 |         0    |    12894   
        2  | 02:51:70 | 03:20:05 |     12895    |    27899   
        3  | 06:12:00 | 01:42:68 |     27900    |    35617   
        4  | 07:54:68 | 03:26:47 |     35618    |    51114   
        5  | 11:21:40 | 04:23:48 |     51115    |    70887   
        6  | 15:45:13 | 04:15:00 |     70888    |    90012   
        7  | 20:00:13 | 03:09:32 |     90013    |   104219   
        8  | 23:09:45 | 02:39:53 |    104220    |   116197   
        9  | 25:49:23 | 03:59:52 |    116198    |   134174   
       10  | 29:49:00 | 03:25:08 |    134175    |   149557   
       11  | 33:14:08 | 04:48:12 |    149558    |   171169   

AccurateRip Summary
    Disc not found in AccurateRip DB.

All Tracks
    Filename : /Users/angelicalbite/Music/flac/CM Song Graffity Vol. 2.flac
    CRC32 hash             : D903E65A
    CRC32 hash (skip zero) : C636483E
    Statistics
        Read error                           : 0
        Skipped (treated as error)           : 0
        Edge jitter error (maybe fixed)      : 0
        Atom jitter error (maybe fixed)      : 0
        Drift error (maybe fixed)            : 0
        Dropped bytes error (maybe fixed)    : 0
        Duplicated bytes error (maybe fixed) : 0

Track 01
    Pre-gap length : 00:02:00

    CRC32 hash             : A320CE89
    CRC32 hash (skip zero) : 55196BBD
    AccurateRip signature  : ABBEBE47
        ->Track not present in AccurateRip database.
    Statistics
        Read error                           : 0
        Skipped (treated as error)           : 0
        Edge jitter error (maybe fixed)      : 0
        Atom jitter error (maybe fixed)      : 0
        Drift error (maybe fixed)            : 0
        Dropped bytes error (maybe fixed)    : 0
        Duplicated bytes error (maybe fixed) : 0

Track 02
    Pre-gap length : 00:01:70

    CRC32 hash             : 3AE56679
    CRC32 hash (skip zero) : 3FD79285
    AccurateRip signature  : C0B18AC1
        ->Track not present in AccurateRip database.
    Statistics
        Read error                           : 0
        Skipped (treated as error)           : 0
        Edge jitter error (maybe fixed)      : 0
        Atom jitter error (maybe fixed)      : 0
        Drift error (maybe fixed)            : 0
        Dropped bytes error (maybe fixed)    : 0
        Duplicated bytes error (maybe fixed) : 0

Track 03
    Pre-gap length : 00:02:57

    CRC32 hash             : 91C0D60D
    CRC32 hash (skip zero) : EE6ACCD7
    AccurateRip signature  : 6B0CBD82
        ->Track not present in AccurateRip database.
    Statistics
        Read error                           : 0
        Skipped (treated as error)           : 0
        Edge jitter error (maybe fixed)      : 0
        Atom jitter error (maybe fixed)      : 0
        Drift error (maybe fixed)            : 0
        Dropped bytes error (maybe fixed)    : 0
        Duplicated bytes error (maybe fixed) : 0

Track 04
    Pre-gap length : 00:02:43

    CRC32 hash             : 59BEFBB1
    CRC32 hash (skip zero) : 44E346B1
    AccurateRip signature  : 36AE3816
        ->Track not present in AccurateRip database.
    Statistics
        Read error                           : 0
        Skipped (treated as error)           : 0
        Edge jitter error (maybe fixed)      : 0
        Atom jitter error (maybe fixed)      : 0
        Drift error (maybe fixed)            : 0
        Dropped bytes error (maybe fixed)    : 0
        Duplicated bytes error (maybe fixed) : 0

Track 05
    Pre-gap length : 00:02:70

    CRC32 hash             : F254C175
    CRC32 hash (skip zero) : 40900C28
    AccurateRip signature  : F1CFF0C8
        ->Track not present in AccurateRip database.
    Statistics
        Read error                           : 0
        Skipped (treated as error)           : 0
        Edge jitter error (maybe fixed)      : 0
        Atom jitter error (maybe fixed)      : 0
        Drift error (maybe fixed)            : 0
        Dropped bytes error (maybe fixed)    : 0
        Duplicated bytes error (maybe fixed) : 0

Track 06
    Pre-gap length : 00:02:43

    CRC32 hash             : 608E3C39
    CRC32 hash (skip zero) : 6F07750E
    AccurateRip signature  : 39097064
        ->Track not present in AccurateRip database.
    Statistics
        Read error                           : 0
        Skipped (treated as error)           : 0
        Edge jitter error (maybe fixed)      : 0
        Atom jitter error (maybe fixed)      : 0
        Drift error (maybe fixed)            : 0
        Dropped bytes error (maybe fixed)    : 0
        Duplicated bytes error (maybe fixed) : 0

Track 07
    Pre-gap length : 00:02:55

    CRC32 hash             : BEC8C48F
    CRC32 hash (skip zero) : CF525B8D
    AccurateRip signature  : 46A115AA
        ->Track not present in AccurateRip database.
    Statistics
        Read error                           : 0
        Skipped (treated as error)           : 0
        Edge jitter error (maybe fixed)      : 0
        Atom jitter error (maybe fixed)      : 0
        Drift error (maybe fixed)            : 0
        Dropped bytes error (maybe fixed)    : 0
        Duplicated bytes error (maybe fixed) : 0

Track 08
    Pre-gap length : 00:02:57

    CRC32 hash             : 86F1C304
    CRC32 hash (skip zero) : AAB05A53
    AccurateRip signature  : 3BA05243
        ->Track not present in AccurateRip database.
    Statistics
        Read error                           : 0
        Skipped (treated as error)           : 0
        Edge jitter error (maybe fixed)      : 0
        Atom jitter error (maybe fixed)      : 0
        Drift error (maybe fixed)            : 0
        Dropped bytes error (maybe fixed)    : 0
        Duplicated bytes error (maybe fixed) : 0

Track 09
    Pre-gap length : 00:02:40

    CRC32 hash             : BCDDE548
    CRC32 hash (skip zero) : F1B5373A
    AccurateRip signature  : 5FB0B325
        ->Track not present in AccurateRip database.
    Statistics
        Read error                           : 0
        Skipped (treated as error)           : 0
        Edge jitter error (maybe fixed)      : 0
        Atom jitter error (maybe fixed)      : 0
        Drift error (maybe fixed)            : 0
        Dropped bytes error (maybe fixed)    : 0
        Duplicated bytes error (maybe fixed) : 0

Track 10
    Pre-gap length : 00:02:27

    CRC32 hash             : 9EBB4B28
    CRC32 hash (skip zero) : 67DE205B
    AccurateRip signature  : FD25A0D8
        ->Track not present in AccurateRip database.
    Statistics
        Read error                           : 0
        Skipped (treated as error)           : 0
        Edge jitter error (maybe fixed)      : 0
        Atom jitter error (maybe fixed)      : 0
        Drift error (maybe fixed)            : 0
        Dropped bytes error (maybe fixed)    : 0
        Duplicated bytes error (maybe fixed) : 0

Track 11
    Pre-gap length : 00:03:55

    CRC32 hash             : 4E622AB7
    CRC32 hash (skip zero) : 4579420D
    AccurateRip signature  : 30DCB989
        ->Track not present in AccurateRip database.
    Statistics
        Read error                           : 0
        Skipped (treated as error)           : 0
        Edge jitter error (maybe fixed)      : 0
        Atom jitter error (maybe fixed)      : 0
        Drift error (maybe fixed)            : 0
        Dropped bytes error (maybe fixed)    : 0
        Duplicated bytes error (maybe fixed) : 0

No errors occurred

End of status report
