X Lossless Decoder version 20110417 (131.0)

XLD extraction logfile from 2011-04-30 19:33:45 +0900

Godiego / Flower

Used drive : MATSHITA DVD-R   UJ-868 (revision KB19)

Ripper mode             : CDParanoia III 10.2
Disable audio cache     : OK for the drive with a cache less than 2750KiB
Make use of C2 pointers : NO
Read offset correction  : 102
Max retry count         : 100
Gap status              : Analyzed, Appended

TOC of the extracted CD
     Track |   Start  |  Length  | Start sector | End sector 
    ---------------------------------------------------------
        1  | 00:00:00 | 04:06:65 |         0    |    18514   
        2  | 04:06:65 | 03:33:15 |     18515    |    34504   
        3  | 07:40:05 | 03:56:67 |     34505    |    52271   
        4  | 11:36:72 | 03:30:03 |     52272    |    68024   
        5  | 15:07:00 | 04:28:25 |     68025    |    88149   
        6  | 19:35:25 | 03:36:00 |     88150    |   104349   
        7  | 23:11:25 | 04:48:45 |    104350    |   125994   
        8  | 27:59:70 | 03:57:30 |    125995    |   143799   
        9  | 31:57:25 | 05:00:72 |    143800    |   166371   

AccurateRip Summary
    Disc not found in AccurateRip DB.

All Tracks
    Filename : /Users/m4c/Public/flac/Flower.flac
    CRC32 hash             : FB148757
    CRC32 hash (skip zero) : EE6D8C1E
    Statistics
        Read error                           : 0
        Skipped (treated as error)           : 0
        Edge jitter error (maybe fixed)      : 0
        Atom jitter error (maybe fixed)      : 0
        Drift error (maybe fixed)            : 0
        Dropped bytes error (maybe fixed)    : 0
        Duplicated bytes error (maybe fixed) : 0

Track 01
    Pre-gap length : 00:02:00

    CRC32 hash             : 868666B9
    CRC32 hash (skip zero) : 0EF6182B
    AccurateRip signature  : A7AEEE44
        ->Track not present in AccurateRip database.
    Statistics
        Read error                           : 0
        Skipped (treated as error)           : 0
        Edge jitter error (maybe fixed)      : 0
        Atom jitter error (maybe fixed)      : 0
        Drift error (maybe fixed)            : 0
        Dropped bytes error (maybe fixed)    : 0
        Duplicated bytes error (maybe fixed) : 0

Track 02
    Pre-gap length : 00:03:22

    CRC32 hash             : E2A5AAC2
    CRC32 hash (skip zero) : 63EDC362
    AccurateRip signature  : 9660E6BD
        ->Track not present in AccurateRip database.
    Statistics
        Read error                           : 0
        Skipped (treated as error)           : 0
        Edge jitter error (maybe fixed)      : 0
        Atom jitter error (maybe fixed)      : 0
        Drift error (maybe fixed)            : 0
        Dropped bytes error (maybe fixed)    : 0
        Duplicated bytes error (maybe fixed) : 0

Track 03

    CRC32 hash             : FB77F333
    CRC32 hash (skip zero) : 50EC8A12
    AccurateRip signature  : 594DEB96
        ->Track not present in AccurateRip database.
    Statistics
        Read error                           : 0
        Skipped (treated as error)           : 0
        Edge jitter error (maybe fixed)      : 0
        Atom jitter error (maybe fixed)      : 0
        Drift error (maybe fixed)            : 0
        Dropped bytes error (maybe fixed)    : 0
        Duplicated bytes error (maybe fixed) : 0

Track 04
    Pre-gap length : 00:00:45

    CRC32 hash             : C682725B
    CRC32 hash (skip zero) : B555193A
    AccurateRip signature  : 88467CCE
        ->Track not present in AccurateRip database.
    Statistics
        Read error                           : 0
        Skipped (treated as error)           : 0
        Edge jitter error (maybe fixed)      : 0
        Atom jitter error (maybe fixed)      : 0
        Drift error (maybe fixed)            : 0
        Dropped bytes error (maybe fixed)    : 0
        Duplicated bytes error (maybe fixed) : 0

Track 05
    Pre-gap length : 00:00:30

    CRC32 hash             : 63E365A6
    CRC32 hash (skip zero) : CE476493
    AccurateRip signature  : A82ABE52
        ->Track not present in AccurateRip database.
    Statistics
        Read error                           : 0
        Skipped (treated as error)           : 0
        Edge jitter error (maybe fixed)      : 0
        Atom jitter error (maybe fixed)      : 0
        Drift error (maybe fixed)            : 0
        Dropped bytes error (maybe fixed)    : 0
        Duplicated bytes error (maybe fixed) : 0

Track 06
    Pre-gap length : 00:00:70

    CRC32 hash             : EB40D437
    CRC32 hash (skip zero) : 8A133ABF
    AccurateRip signature  : FD74EE0C
        ->Track not present in AccurateRip database.
    Statistics
        Read error                           : 0
        Skipped (treated as error)           : 0
        Edge jitter error (maybe fixed)      : 0
        Atom jitter error (maybe fixed)      : 0
        Drift error (maybe fixed)            : 0
        Dropped bytes error (maybe fixed)    : 0
        Duplicated bytes error (maybe fixed) : 0

Track 07
    Pre-gap length : 00:03:55

    CRC32 hash             : FBB61B63
    CRC32 hash (skip zero) : 1D9CFFC0
    AccurateRip signature  : F26AB033
        ->Track not present in AccurateRip database.
    Statistics
        Read error                           : 0
        Skipped (treated as error)           : 0
        Edge jitter error (maybe fixed)      : 0
        Atom jitter error (maybe fixed)      : 0
        Drift error (maybe fixed)            : 0
        Dropped bytes error (maybe fixed)    : 0
        Duplicated bytes error (maybe fixed) : 0

Track 08
    Pre-gap length : 00:01:05

    CRC32 hash             : A5BC9841
    CRC32 hash (skip zero) : 505C4EA6
    AccurateRip signature  : 4CAFF72A
        ->Track not present in AccurateRip database.
    Statistics
        Read error                           : 0
        Skipped (treated as error)           : 0
        Edge jitter error (maybe fixed)      : 0
        Atom jitter error (maybe fixed)      : 0
        Drift error (maybe fixed)            : 0
        Dropped bytes error (maybe fixed)    : 0
        Duplicated bytes error (maybe fixed) : 0

Track 09

    CRC32 hash             : BD03CDAF
    CRC32 hash (skip zero) : FC7B9BAC
    AccurateRip signature  : 548329CF
        ->Track not present in AccurateRip database.
    Statistics
        Read error                           : 0
        Skipped (treated as error)           : 0
        Edge jitter error (maybe fixed)      : 0
        Atom jitter error (maybe fixed)      : 0
        Drift error (maybe fixed)            : 0
        Dropped bytes error (maybe fixed)    : 0
        Duplicated bytes error (maybe fixed) : 0

No errors occurred

End of status report
