X Lossless Decoder version 20110417 (131.0)

XLD extraction logfile from 2011-04-30 20:21:16 +0900

Godiego / M.O.R

Used drive : HL-DT-ST BD-RE  BH10NS30 (revision EL00)

Ripper mode             : CDParanoia III 10.2
Disable audio cache     : OK for the drive with a cache less than 2750KiB
Make use of C2 pointers : NO
Read offset correction  : 667
Max retry count         : 100
Gap status              : Analyzed, Appended

TOC of the extracted CD
     Track |   Start  |  Length  | Start sector | End sector 
    ---------------------------------------------------------
        1  | 00:00:00 | 04:31:30 |         0    |    20354   
        2  | 04:31:30 | 04:54:08 |     20355    |    42412   
        3  | 09:25:38 | 03:25:60 |     42413    |    57847   
        4  | 12:51:23 | 04:24:55 |     57848    |    77702   
        5  | 17:16:03 | 03:58:67 |     77703    |    95619   
        6  | 21:14:70 | 04:23:40 |     95620    |   115384   
        7  | 25:38:35 | 04:25:60 |    115385    |   135319   
        8  | 30:04:20 | 03:38:00 |    135320    |   151669   
        9  | 33:42:20 | 02:56:20 |    151670    |   164889   
       10  | 36:38:40 | 02:56:50 |    164890    |   178139   
       11  | 39:35:15 | 03:36:00 |    178140    |   194339   

AccurateRip Summary
    Disc not found in AccurateRip DB.

All Tracks
    Filename : /Users/angelicalbite/Music/flac/M.O.R.flac
    CRC32 hash             : 4B3DAAFD
    CRC32 hash (skip zero) : ECE1CECE
    Statistics
        Read error                           : 0
        Skipped (treated as error)           : 0
        Edge jitter error (maybe fixed)      : 0
        Atom jitter error (maybe fixed)      : 0
        Drift error (maybe fixed)            : 0
        Dropped bytes error (maybe fixed)    : 0
        Duplicated bytes error (maybe fixed) : 0

Track 01
    Pre-gap length : 00:02:00

    CRC32 hash             : 1B94B2B3
    CRC32 hash (skip zero) : 7D16DE30
    AccurateRip signature  : 9EAFB2AC
        ->Track not present in AccurateRip database.
    Statistics
        Read error                           : 0
        Skipped (treated as error)           : 0
        Edge jitter error (maybe fixed)      : 0
        Atom jitter error (maybe fixed)      : 0
        Drift error (maybe fixed)            : 0
        Dropped bytes error (maybe fixed)    : 0
        Duplicated bytes error (maybe fixed) : 0

Track 02
    Pre-gap length : 00:01:32

    CRC32 hash             : A6F2C567
    CRC32 hash (skip zero) : 0C7B34C3
    AccurateRip signature  : 778B80C0
        ->Track not present in AccurateRip database.
    Statistics
        Read error                           : 0
        Skipped (treated as error)           : 0
        Edge jitter error (maybe fixed)      : 0
        Atom jitter error (maybe fixed)      : 0
        Drift error (maybe fixed)            : 0
        Dropped bytes error (maybe fixed)    : 0
        Duplicated bytes error (maybe fixed) : 0

Track 03

    CRC32 hash             : D909E719
    CRC32 hash (skip zero) : 89EA751F
    AccurateRip signature  : ECB6F965
        ->Track not present in AccurateRip database.
    Statistics
        Read error                           : 0
        Skipped (treated as error)           : 0
        Edge jitter error (maybe fixed)      : 0
        Atom jitter error (maybe fixed)      : 0
        Drift error (maybe fixed)            : 0
        Dropped bytes error (maybe fixed)    : 0
        Duplicated bytes error (maybe fixed) : 0

Track 04
    Pre-gap length : 00:02:40

    CRC32 hash             : 252F2658
    CRC32 hash (skip zero) : 3438A943
    AccurateRip signature  : 9D2BD7E0
        ->Track not present in AccurateRip database.
    Statistics
        Read error                           : 0
        Skipped (treated as error)           : 0
        Edge jitter error (maybe fixed)      : 0
        Atom jitter error (maybe fixed)      : 0
        Drift error (maybe fixed)            : 0
        Dropped bytes error (maybe fixed)    : 0
        Duplicated bytes error (maybe fixed) : 0

Track 05
    Pre-gap length : 00:01:03

    CRC32 hash             : 4761ACD1
    CRC32 hash (skip zero) : D4FAC654
    AccurateRip signature  : 3AE82FBF
        ->Track not present in AccurateRip database.
    Statistics
        Read error                           : 0
        Skipped (treated as error)           : 0
        Edge jitter error (maybe fixed)      : 0
        Atom jitter error (maybe fixed)      : 0
        Drift error (maybe fixed)            : 0
        Dropped bytes error (maybe fixed)    : 0
        Duplicated bytes error (maybe fixed) : 0

Track 06
    Pre-gap length : 00:01:47

    CRC32 hash             : B9B1AA4D
    CRC32 hash (skip zero) : 0A7E75D9
    AccurateRip signature  : 793C75B3
        ->Track not present in AccurateRip database.
    Statistics
        Read error                           : 0
        Skipped (treated as error)           : 0
        Edge jitter error (maybe fixed)      : 0
        Atom jitter error (maybe fixed)      : 0
        Drift error (maybe fixed)            : 0
        Dropped bytes error (maybe fixed)    : 0
        Duplicated bytes error (maybe fixed) : 0

Track 07
    Pre-gap length : 00:00:25

    CRC32 hash             : 4F803B8C
    CRC32 hash (skip zero) : 037C0B97
    AccurateRip signature  : 6B3F6BBD
        ->Track not present in AccurateRip database.
    Statistics
        Read error                           : 0
        Skipped (treated as error)           : 0
        Edge jitter error (maybe fixed)      : 0
        Atom jitter error (maybe fixed)      : 0
        Drift error (maybe fixed)            : 0
        Dropped bytes error (maybe fixed)    : 0
        Duplicated bytes error (maybe fixed) : 0

Track 08
    Pre-gap length : 00:02:07

    CRC32 hash             : 5E65CA93
    CRC32 hash (skip zero) : F0FFBD6F
    AccurateRip signature  : 85FB7D33
        ->Track not present in AccurateRip database.
    Statistics
        Read error                           : 0
        Skipped (treated as error)           : 0
        Edge jitter error (maybe fixed)      : 0
        Atom jitter error (maybe fixed)      : 0
        Drift error (maybe fixed)            : 0
        Dropped bytes error (maybe fixed)    : 0
        Duplicated bytes error (maybe fixed) : 0

Track 09
    Pre-gap length : 00:02:50

    CRC32 hash             : 4A3AEC72
    CRC32 hash (skip zero) : C04BAFFD
    AccurateRip signature  : 05FCFAEC
        ->Track not present in AccurateRip database.
    Statistics
        Read error                           : 0
        Skipped (treated as error)           : 0
        Edge jitter error (maybe fixed)      : 0
        Atom jitter error (maybe fixed)      : 0
        Drift error (maybe fixed)            : 0
        Dropped bytes error (maybe fixed)    : 0
        Duplicated bytes error (maybe fixed) : 0

Track 10

    CRC32 hash             : F5EF9DD6
    CRC32 hash (skip zero) : 7874401D
    AccurateRip signature  : 6910C2D0
        ->Track not present in AccurateRip database.
    Statistics
        Read error                           : 0
        Skipped (treated as error)           : 0
        Edge jitter error (maybe fixed)      : 0
        Atom jitter error (maybe fixed)      : 0
        Drift error (maybe fixed)            : 0
        Dropped bytes error (maybe fixed)    : 0
        Duplicated bytes error (maybe fixed) : 0

Track 11
    Pre-gap length : 00:02:00

    CRC32 hash             : 3146C5D4
    CRC32 hash (skip zero) : 573954D2
    AccurateRip signature  : 695C103C
        ->Track not present in AccurateRip database.
    Statistics
        Read error                           : 0
        Skipped (treated as error)           : 0
        Edge jitter error (maybe fixed)      : 0
        Atom jitter error (maybe fixed)      : 0
        Drift error (maybe fixed)            : 0
        Dropped bytes error (maybe fixed)    : 0
        Duplicated bytes error (maybe fixed) : 0

No errors occurred

End of status report
