X Lossless Decoder version 20110417 (131.0)

XLD extraction logfile from 2011-04-30 19:09:35 +0900

Godiego / Magic Capsule (Godiego Live) disc1

Used drive : HL-DT-ST BD-RE  BH10NS30 (revision EL00)

Ripper mode             : CDParanoia III 10.2
Disable audio cache     : OK for the drive with a cache less than 2750KiB
Make use of C2 pointers : NO
Read offset correction  : 667
Max retry count         : 100
Gap status              : Analyzed, Appended

TOC of the extracted CD
     Track |   Start  |  Length  | Start sector | End sector 
    ---------------------------------------------------------
        1  | 00:00:00 | 04:42:30 |         0    |    21179   
        2  | 04:42:30 | 01:01:35 |     21180    |    25789   
        3  | 05:43:65 | 04:55:63 |     25790    |    47977   
        4  | 10:39:53 | 02:03:10 |     47978    |    57212   
        5  | 12:42:63 | 02:53:47 |     57213    |    70234   
        6  | 15:36:35 | 05:03:08 |     70235    |    92967   
        7  | 20:39:43 | 04:26:52 |     92968    |   112969   
        8  | 25:06:20 | 16:30:70 |    112970    |   187289   
        9  | 41:37:15 | 04:26:50 |    187290    |   207289   

AccurateRip Summary
    Track 01 : OK (confidence 1)
    Track 02 : OK (confidence 1)
    Track 03 : OK (confidence 1)
    Track 04 : OK (confidence 1)
    Track 05 : OK (confidence 1)
    Track 06 : OK (confidence 1)
    Track 07 : OK (confidence 1)
    Track 08 : OK (confidence 1)
    Track 09 : OK (confidence 1)
        ->All tracks accurately ripped.

All Tracks
    Filename : /Users/angelicalbite/Music/flac/Magic Capsule (Godiego Live) disc1.flac
    CRC32 hash             : 05F470C7
    CRC32 hash (skip zero) : F38688FE
    Statistics
        Read error                           : 0
        Skipped (treated as error)           : 0
        Edge jitter error (maybe fixed)      : 0
        Atom jitter error (maybe fixed)      : 0
        Drift error (maybe fixed)            : 0
        Dropped bytes error (maybe fixed)    : 0
        Duplicated bytes error (maybe fixed) : 0

Track 01
    Pre-gap length : 00:02:00

    CRC32 hash             : DFC1A603
    CRC32 hash (skip zero) : DF4A8F29
    AccurateRip signature  : 023E35F1
        ->Accurately ripped! (confidence 1)
    Statistics
        Read error                           : 0
        Skipped (treated as error)           : 0
        Edge jitter error (maybe fixed)      : 0
        Atom jitter error (maybe fixed)      : 0
        Drift error (maybe fixed)            : 0
        Dropped bytes error (maybe fixed)    : 0
        Duplicated bytes error (maybe fixed) : 0

Track 02

    CRC32 hash             : 243295C9
    CRC32 hash (skip zero) : 71DA42A8
    AccurateRip signature  : 6824FBC6
        ->Accurately ripped! (confidence 1)
    Statistics
        Read error                           : 0
        Skipped (treated as error)           : 0
        Edge jitter error (maybe fixed)      : 0
        Atom jitter error (maybe fixed)      : 0
        Drift error (maybe fixed)            : 0
        Dropped bytes error (maybe fixed)    : 0
        Duplicated bytes error (maybe fixed) : 0

Track 03

    CRC32 hash             : 9F880BB6
    CRC32 hash (skip zero) : 2F0A2AD2
    AccurateRip signature  : C965DC0F
        ->Accurately ripped! (confidence 1)
    Statistics
        Read error                           : 0
        Skipped (treated as error)           : 0
        Edge jitter error (maybe fixed)      : 0
        Atom jitter error (maybe fixed)      : 0
        Drift error (maybe fixed)            : 0
        Dropped bytes error (maybe fixed)    : 0
        Duplicated bytes error (maybe fixed) : 0

Track 04

    CRC32 hash             : 18228FA6
    CRC32 hash (skip zero) : 87994096
    AccurateRip signature  : 6FC43A7F
        ->Accurately ripped! (confidence 1)
    Statistics
        Read error                           : 0
        Skipped (treated as error)           : 0
        Edge jitter error (maybe fixed)      : 0
        Atom jitter error (maybe fixed)      : 0
        Drift error (maybe fixed)            : 0
        Dropped bytes error (maybe fixed)    : 0
        Duplicated bytes error (maybe fixed) : 0

Track 05

    CRC32 hash             : E908CC64
    CRC32 hash (skip zero) : ABAF4F9D
    AccurateRip signature  : 909BF55F
        ->Accurately ripped! (confidence 1)
    Statistics
        Read error                           : 0
        Skipped (treated as error)           : 0
        Edge jitter error (maybe fixed)      : 0
        Atom jitter error (maybe fixed)      : 0
        Drift error (maybe fixed)            : 0
        Dropped bytes error (maybe fixed)    : 0
        Duplicated bytes error (maybe fixed) : 0

Track 06

    CRC32 hash             : 7E03B454
    CRC32 hash (skip zero) : 3B0778E0
    AccurateRip signature  : 4D78485E
        ->Accurately ripped! (confidence 1)
    Statistics
        Read error                           : 0
        Skipped (treated as error)           : 0
        Edge jitter error (maybe fixed)      : 0
        Atom jitter error (maybe fixed)      : 0
        Drift error (maybe fixed)            : 0
        Dropped bytes error (maybe fixed)    : 0
        Duplicated bytes error (maybe fixed) : 0

Track 07

    CRC32 hash             : 98F6335C
    CRC32 hash (skip zero) : CE659587
    AccurateRip signature  : E1CD8621
        ->Accurately ripped! (confidence 1)
    Statistics
        Read error                           : 0
        Skipped (treated as error)           : 0
        Edge jitter error (maybe fixed)      : 0
        Atom jitter error (maybe fixed)      : 0
        Drift error (maybe fixed)            : 0
        Dropped bytes error (maybe fixed)    : 0
        Duplicated bytes error (maybe fixed) : 0

Track 08
    Pre-gap length : 00:02:22

    CRC32 hash             : 72DD9109
    CRC32 hash (skip zero) : FAEDC92E
    AccurateRip signature  : 40380F4D
        ->Accurately ripped! (confidence 1)
    Statistics
        Read error                           : 0
        Skipped (treated as error)           : 0
        Edge jitter error (maybe fixed)      : 0
        Atom jitter error (maybe fixed)      : 0
        Drift error (maybe fixed)            : 0
        Dropped bytes error (maybe fixed)    : 0
        Duplicated bytes error (maybe fixed) : 0

Track 09

    CRC32 hash             : 59B70CC7
    CRC32 hash (skip zero) : 944558A5
    AccurateRip signature  : 056173A8
        ->Accurately ripped! (confidence 1)
    Statistics
        Read error                           : 0
        Skipped (treated as error)           : 0
        Edge jitter error (maybe fixed)      : 0
        Atom jitter error (maybe fixed)      : 0
        Drift error (maybe fixed)            : 0
        Dropped bytes error (maybe fixed)    : 0
        Duplicated bytes error (maybe fixed) : 0

No errors occurred

End of status report
