X Lossless Decoder version 20110417 (131.0)

XLD extraction logfile from 2011-04-30 18:50:20 +0900

Godiego / Magic Monkey

Used drive : MATSHITA DVD-R   UJ-868 (revision KB19)

Ripper mode             : CDParanoia III 10.2
Disable audio cache     : OK for the drive with a cache less than 2750KiB
Make use of C2 pointers : NO
Read offset correction  : 102
Max retry count         : 100
Gap status              : Analyzed, Appended

TOC of the extracted CD
     Track |   Start  |  Length  | Start sector | End sector 
    ---------------------------------------------------------
        1  | 00:00:00 | 04:59:12 |         0    |    22436   
        2  | 04:59:12 | 05:22:38 |     22437    |    46624   
        3  | 10:21:50 | 03:52:00 |     46625    |    64024   
        4  | 14:13:50 | 04:40:05 |     64025    |    85029   
        5  | 18:53:55 | 01:56:22 |     85030    |    93751   
        6  | 20:50:02 | 04:03:28 |     93752    |   112004   
        7  | 24:53:30 | 03:34:50 |    112005    |   128104   
        8  | 28:28:05 | 03:16:22 |    128105    |   142826   
        9  | 31:44:27 | 03:26:15 |    142827    |   158291   
       10  | 35:10:42 | 02:38:08 |    158292    |   170149   
       11  | 37:48:50 | 04:55:25 |    170150    |   192299   

AccurateRip Summary
    Disc not found in AccurateRip DB.

All Tracks
    Filename : /Users/m4c/Public/flac/Magic Monkey.flac
    CRC32 hash             : 90635BBF
    CRC32 hash (skip zero) : D9863AC7
    Statistics
        Read error                           : 0
        Skipped (treated as error)           : 0
        Edge jitter error (maybe fixed)      : 0
        Atom jitter error (maybe fixed)      : 0
        Drift error (maybe fixed)            : 0
        Dropped bytes error (maybe fixed)    : 0
        Duplicated bytes error (maybe fixed) : 0

Track 01
    Pre-gap length : 00:02:00

    CRC32 hash             : 643C37DA
    CRC32 hash (skip zero) : 50EC853C
    AccurateRip signature  : 28C7A234
        ->Track not present in AccurateRip database.
    Statistics
        Read error                           : 0
        Skipped (treated as error)           : 0
        Edge jitter error (maybe fixed)      : 0
        Atom jitter error (maybe fixed)      : 0
        Drift error (maybe fixed)            : 0
        Dropped bytes error (maybe fixed)    : 0
        Duplicated bytes error (maybe fixed) : 0

Track 02
    Pre-gap length : 00:03:60

    CRC32 hash             : 83C5B8DD
    CRC32 hash (skip zero) : 1EA4B806
    AccurateRip signature  : 08BD0086
        ->Track not present in AccurateRip database.
    Statistics
        Read error                           : 0
        Skipped (treated as error)           : 0
        Edge jitter error (maybe fixed)      : 0
        Atom jitter error (maybe fixed)      : 0
        Drift error (maybe fixed)            : 0
        Dropped bytes error (maybe fixed)    : 0
        Duplicated bytes error (maybe fixed) : 0

Track 03

    CRC32 hash             : 9E612A38
    CRC32 hash (skip zero) : 7834D676
    AccurateRip signature  : C7F03525
        ->Track not present in AccurateRip database.
    Statistics
        Read error                           : 0
        Skipped (treated as error)           : 0
        Edge jitter error (maybe fixed)      : 0
        Atom jitter error (maybe fixed)      : 0
        Drift error (maybe fixed)            : 0
        Dropped bytes error (maybe fixed)    : 0
        Duplicated bytes error (maybe fixed) : 0

Track 04
    Pre-gap length : 00:02:60

    CRC32 hash             : 9F7D3A76
    CRC32 hash (skip zero) : 0F6CD3AC
    AccurateRip signature  : 849FE718
        ->Track not present in AccurateRip database.
    Statistics
        Read error                           : 0
        Skipped (treated as error)           : 0
        Edge jitter error (maybe fixed)      : 0
        Atom jitter error (maybe fixed)      : 0
        Drift error (maybe fixed)            : 0
        Dropped bytes error (maybe fixed)    : 0
        Duplicated bytes error (maybe fixed) : 0

Track 05

    CRC32 hash             : 5CA244AD
    CRC32 hash (skip zero) : E901F1D8
    AccurateRip signature  : 1B621956
        ->Track not present in AccurateRip database.
    Statistics
        Read error                           : 0
        Skipped (treated as error)           : 0
        Edge jitter error (maybe fixed)      : 0
        Atom jitter error (maybe fixed)      : 0
        Drift error (maybe fixed)            : 0
        Dropped bytes error (maybe fixed)    : 0
        Duplicated bytes error (maybe fixed) : 0

Track 06
    Pre-gap length : 00:01:62

    CRC32 hash             : 7A5F93BB
    CRC32 hash (skip zero) : 397E3498
    AccurateRip signature  : 1A1732CF
        ->Track not present in AccurateRip database.
    Statistics
        Read error                           : 0
        Skipped (treated as error)           : 0
        Edge jitter error (maybe fixed)      : 0
        Atom jitter error (maybe fixed)      : 0
        Drift error (maybe fixed)            : 0
        Dropped bytes error (maybe fixed)    : 0
        Duplicated bytes error (maybe fixed) : 0

Track 07
    Pre-gap length : 00:00:20

    CRC32 hash             : CFD8815A
    CRC32 hash (skip zero) : A84C3E61
    AccurateRip signature  : 0D539BA5
        ->Track not present in AccurateRip database.
    Statistics
        Read error                           : 0
        Skipped (treated as error)           : 0
        Edge jitter error (maybe fixed)      : 0
        Atom jitter error (maybe fixed)      : 0
        Drift error (maybe fixed)            : 0
        Dropped bytes error (maybe fixed)    : 0
        Duplicated bytes error (maybe fixed) : 0

Track 08
    Pre-gap length : 00:01:47

    CRC32 hash             : A682E456
    CRC32 hash (skip zero) : 855B7C46
    AccurateRip signature  : 470BAD25
        ->Track not present in AccurateRip database.
    Statistics
        Read error                           : 0
        Skipped (treated as error)           : 0
        Edge jitter error (maybe fixed)      : 0
        Atom jitter error (maybe fixed)      : 0
        Drift error (maybe fixed)            : 0
        Dropped bytes error (maybe fixed)    : 0
        Duplicated bytes error (maybe fixed) : 0

Track 09
    Pre-gap length : 00:02:12

    CRC32 hash             : A1F7EF59
    CRC32 hash (skip zero) : A0F3D10A
    AccurateRip signature  : 56DA2A8D
        ->Track not present in AccurateRip database.
    Statistics
        Read error                           : 0
        Skipped (treated as error)           : 0
        Edge jitter error (maybe fixed)      : 0
        Atom jitter error (maybe fixed)      : 0
        Drift error (maybe fixed)            : 0
        Dropped bytes error (maybe fixed)    : 0
        Duplicated bytes error (maybe fixed) : 0

Track 10
    Pre-gap length : 00:02:70

    CRC32 hash             : DD493EE5
    CRC32 hash (skip zero) : D0287DFC
    AccurateRip signature  : 388100E9
        ->Track not present in AccurateRip database.
    Statistics
        Read error                           : 0
        Skipped (treated as error)           : 0
        Edge jitter error (maybe fixed)      : 0
        Atom jitter error (maybe fixed)      : 0
        Drift error (maybe fixed)            : 0
        Dropped bytes error (maybe fixed)    : 0
        Duplicated bytes error (maybe fixed) : 0

Track 11

    CRC32 hash             : 40DD1B09
    CRC32 hash (skip zero) : 0F397B5F
    AccurateRip signature  : 97253461
        ->Track not present in AccurateRip database.
    Statistics
        Read error                           : 0
        Skipped (treated as error)           : 0
        Edge jitter error (maybe fixed)      : 0
        Atom jitter error (maybe fixed)      : 0
        Drift error (maybe fixed)            : 0
        Dropped bytes error (maybe fixed)    : 0
        Duplicated bytes error (maybe fixed) : 0

No errors occurred

End of status report
