X Lossless Decoder version 20110417 (131.0)

XLD extraction logfile from 2011-05-02 11:48:03 +0900

Mickey Yoshino / Pop Art Music

Used drive : MATSHITA DVD-R   UJ-868 (revision KB19)

Ripper mode             : CDParanoia III 10.2
Disable audio cache     : OK for the drive with a cache less than 2750KiB
Make use of C2 pointers : NO
Read offset correction  : 102
Max retry count         : 100
Gap status              : Analyzed, Appended

TOC of the extracted CD
     Track |   Start  |  Length  | Start sector | End sector 
    ---------------------------------------------------------
        1  | 00:00:00 | 06:45:22 |         0    |    30396   
        2  | 06:45:22 | 05:29:20 |     30397    |    55091   
        3  | 12:14:42 | 06:48:40 |     55092    |    85731   
        4  | 19:03:07 | 04:37:30 |     85732    |   106536   
        5  | 23:40:37 | 03:11:70 |    106537    |   120931   
        6  | 26:52:32 | 05:16:68 |    120932    |   144699   
        7  | 32:09:25 | 06:38:50 |    144700    |   174599   
        8  | 38:48:00 | 06:25:72 |    174600    |   203546   

AccurateRip Summary
    Disc not found in AccurateRip DB.

All Tracks
    Filename : /Users/m4c/Public/flac/Pop Art Music.flac
    CRC32 hash             : 2F9F75C8
    CRC32 hash (skip zero) : D872235D
    Statistics
        Read error                           : 0
        Skipped (treated as error)           : 0
        Edge jitter error (maybe fixed)      : 0
        Atom jitter error (maybe fixed)      : 0
        Drift error (maybe fixed)            : 0
        Dropped bytes error (maybe fixed)    : 0
        Duplicated bytes error (maybe fixed) : 0

Track 01
    Pre-gap length : 00:02:00

    CRC32 hash             : C34DC973
    CRC32 hash (skip zero) : 64B6DE89
    AccurateRip signature  : DA260B69
        ->Track not present in AccurateRip database.
    Statistics
        Read error                           : 0
        Skipped (treated as error)           : 0
        Edge jitter error (maybe fixed)      : 0
        Atom jitter error (maybe fixed)      : 0
        Drift error (maybe fixed)            : 0
        Dropped bytes error (maybe fixed)    : 0
        Duplicated bytes error (maybe fixed) : 0

Track 02
    Pre-gap length : 00:02:67

    CRC32 hash             : FDA520BC
    CRC32 hash (skip zero) : 077C4317
    AccurateRip signature  : FE6AADBC
        ->Track not present in AccurateRip database.
    Statistics
        Read error                           : 0
        Skipped (treated as error)           : 0
        Edge jitter error (maybe fixed)      : 0
        Atom jitter error (maybe fixed)      : 0
        Drift error (maybe fixed)            : 0
        Dropped bytes error (maybe fixed)    : 0
        Duplicated bytes error (maybe fixed) : 0

Track 03
    Pre-gap length : 00:02:30

    CRC32 hash             : E078F045
    CRC32 hash (skip zero) : 8FDCF25B
    AccurateRip signature  : 7BFAF793
        ->Track not present in AccurateRip database.
    Statistics
        Read error                           : 0
        Skipped (treated as error)           : 0
        Edge jitter error (maybe fixed)      : 0
        Atom jitter error (maybe fixed)      : 0
        Drift error (maybe fixed)            : 0
        Dropped bytes error (maybe fixed)    : 0
        Duplicated bytes error (maybe fixed) : 0

Track 04
    Pre-gap length : 00:04:30

    CRC32 hash             : 90B02CB4
    CRC32 hash (skip zero) : 0FB356C5
    AccurateRip signature  : 4C356C19
        ->Track not present in AccurateRip database.
    Statistics
        Read error                           : 0
        Skipped (treated as error)           : 0
        Edge jitter error (maybe fixed)      : 0
        Atom jitter error (maybe fixed)      : 0
        Drift error (maybe fixed)            : 0
        Dropped bytes error (maybe fixed)    : 0
        Duplicated bytes error (maybe fixed) : 0

Track 05
    Pre-gap length : 00:03:62

    CRC32 hash             : 123B05E0
    CRC32 hash (skip zero) : EE9AAD4E
    AccurateRip signature  : 2F02B6A6
        ->Track not present in AccurateRip database.
    Statistics
        Read error                           : 0
        Skipped (treated as error)           : 0
        Edge jitter error (maybe fixed)      : 0
        Atom jitter error (maybe fixed)      : 0
        Drift error (maybe fixed)            : 0
        Dropped bytes error (maybe fixed)    : 0
        Duplicated bytes error (maybe fixed) : 0

Track 06
    Pre-gap length : 00:03:45

    CRC32 hash             : E99AFC40
    CRC32 hash (skip zero) : 6FAC0A3C
    AccurateRip signature  : 1CEB853D
        ->Track not present in AccurateRip database.
    Statistics
        Read error                           : 0
        Skipped (treated as error)           : 0
        Edge jitter error (maybe fixed)      : 0
        Atom jitter error (maybe fixed)      : 0
        Drift error (maybe fixed)            : 0
        Dropped bytes error (maybe fixed)    : 0
        Duplicated bytes error (maybe fixed) : 0

Track 07
    Pre-gap length : 00:05:23

    CRC32 hash             : B64144A4
    CRC32 hash (skip zero) : 51778ECC
    AccurateRip signature  : F229BCF0
        ->Track not present in AccurateRip database.
    Statistics
        Read error                           : 0
        Skipped (treated as error)           : 0
        Edge jitter error (maybe fixed)      : 0
        Atom jitter error (maybe fixed)      : 0
        Drift error (maybe fixed)            : 0
        Dropped bytes error (maybe fixed)    : 0
        Duplicated bytes error (maybe fixed) : 0

Track 08
    Pre-gap length : 00:04:30

    CRC32 hash             : 1F55722C
    CRC32 hash (skip zero) : 20EAC310
    AccurateRip signature  : 5A7A0BF3
        ->Track not present in AccurateRip database.
    Statistics
        Read error                           : 0
        Skipped (treated as error)           : 0
        Edge jitter error (maybe fixed)      : 0
        Atom jitter error (maybe fixed)      : 0
        Drift error (maybe fixed)            : 0
        Dropped bytes error (maybe fixed)    : 0
        Duplicated bytes error (maybe fixed) : 0

No errors occurred

End of status report
