X Lossless Decoder version 20110502 (132.0)

XLD extraction logfile from 2011-05-03 07:40:06 +0900

Roxy Music / For Your Pleasure

Used drive : HL-DT-ST BD-RE  BH10NS30 (revision EL00)

Ripper mode             : CDParanoia III 10.2
Disable audio cache     : OK for the drive with a cache less than 2750KiB
Make use of C2 pointers : NO
Read offset correction  : 667
Max retry count         : 100
Gap status              : Analyzed, Appended

TOC of the extracted CD
     Track |   Start  |  Length  | Start sector | End sector 
    ---------------------------------------------------------
        1  | 00:00:33 | 04:04:05 |        33    |    18337   
        2  | 04:04:38 | 04:39:00 |     18338    |    39262   
        3  | 08:43:38 | 03:47:37 |     39263    |    56324   
        4  | 12:31:00 | 03:49:13 |     56325    |    73512   
        5  | 16:20:13 | 05:26:20 |     73513    |    97982   
        6  | 21:46:33 | 09:19:40 |     97983    |   139947   
        7  | 31:05:73 | 04:12:60 |    139948    |   158907   
        8  | 35:18:58 | 06:50:65 |    158908    |   189722   

List of alternate offset correction values
        #  | Absolute | Relative | Confidence 
    ------------------------------------------
        1  |    976   |    309   |     12     

AccurateRip Summary
    Track 01 : OK (confidence 8)
    Track 02 : OK (confidence 8)
    Track 03 : OK (confidence 8)
    Track 04 : OK (confidence 8)
    Track 05 : OK (confidence 8)
    Track 06 : OK (confidence 8)
    Track 07 : OK (confidence 8)
    Track 08 : OK (confidence 6)
        ->All tracks accurately ripped.

All Tracks
    Filename : /Users/angelicalbite/Music/flac/For Your Pleasure.flac
    CRC32 hash             : 68C296DA
    CRC32 hash (skip zero) : DE9FFEA6
    Statistics
        Read error                           : 0
        Skipped (treated as error)           : 0
        Edge jitter error (maybe fixed)      : 0
        Atom jitter error (maybe fixed)      : 0
        Drift error (maybe fixed)            : 0
        Dropped bytes error (maybe fixed)    : 0
        Duplicated bytes error (maybe fixed) : 0

Track 01
    Pre-gap length : 00:02:33

    CRC32 hash             : D133134C
    CRC32 hash (skip zero) : 19E74259
    AccurateRip signature  : C1E3E4D4
        ->Accurately ripped! (confidence 8)
    Statistics
        Read error                           : 0
        Skipped (treated as error)           : 0
        Edge jitter error (maybe fixed)      : 0
        Atom jitter error (maybe fixed)      : 0
        Drift error (maybe fixed)            : 0
        Dropped bytes error (maybe fixed)    : 0
        Duplicated bytes error (maybe fixed) : 0

Track 02
    Pre-gap length : 00:04:38

    CRC32 hash             : 6B4B593C
    CRC32 hash (skip zero) : 747E2CA7
    AccurateRip signature  : E391C3B5
        ->Accurately ripped! (confidence 8)
    Statistics
        Read error                           : 0
        Skipped (treated as error)           : 0
        Edge jitter error (maybe fixed)      : 0
        Atom jitter error (maybe fixed)      : 0
        Drift error (maybe fixed)            : 0
        Dropped bytes error (maybe fixed)    : 0
        Duplicated bytes error (maybe fixed) : 0

Track 03
    Pre-gap length : 00:03:20

    CRC32 hash             : 844ADA3D
    CRC32 hash (skip zero) : CD272C94
    AccurateRip signature  : 6B0D4862
        ->Accurately ripped! (confidence 8)
    Statistics
        Read error                           : 0
        Skipped (treated as error)           : 0
        Edge jitter error (maybe fixed)      : 0
        Atom jitter error (maybe fixed)      : 0
        Drift error (maybe fixed)            : 0
        Dropped bytes error (maybe fixed)    : 0
        Duplicated bytes error (maybe fixed) : 0

Track 04
    Pre-gap length : 00:03:27

    CRC32 hash             : A0850FE9
    CRC32 hash (skip zero) : 2E6FE8EC
    AccurateRip signature  : BCA743CC
        ->Accurately ripped! (confidence 8)
    Statistics
        Read error                           : 0
        Skipped (treated as error)           : 0
        Edge jitter error (maybe fixed)      : 0
        Atom jitter error (maybe fixed)      : 0
        Drift error (maybe fixed)            : 0
        Dropped bytes error (maybe fixed)    : 0
        Duplicated bytes error (maybe fixed) : 0

Track 05
    Pre-gap length : 00:04:15

    CRC32 hash             : 69CABF7C
    CRC32 hash (skip zero) : E7AAADCD
    AccurateRip signature  : C518731A
        ->Accurately ripped! (confidence 8)
    Statistics
        Read error                           : 0
        Skipped (treated as error)           : 0
        Edge jitter error (maybe fixed)      : 0
        Atom jitter error (maybe fixed)      : 0
        Drift error (maybe fixed)            : 0
        Dropped bytes error (maybe fixed)    : 0
        Duplicated bytes error (maybe fixed) : 0

Track 06
    Pre-gap length : 00:00:73

    CRC32 hash             : 5EBECE71
    CRC32 hash (skip zero) : 64286078
    AccurateRip signature  : C79C699D
        ->Accurately ripped! (confidence 8)
    Statistics
        Read error                           : 0
        Skipped (treated as error)           : 0
        Edge jitter error (maybe fixed)      : 0
        Atom jitter error (maybe fixed)      : 0
        Drift error (maybe fixed)            : 0
        Dropped bytes error (maybe fixed)    : 0
        Duplicated bytes error (maybe fixed) : 0

Track 07

    CRC32 hash             : 8E2C3A4A
    CRC32 hash (skip zero) : F87E1D8A
    AccurateRip signature  : B095E7D7
        ->Accurately ripped! (confidence 8)
    Statistics
        Read error                           : 0
        Skipped (treated as error)           : 0
        Edge jitter error (maybe fixed)      : 0
        Atom jitter error (maybe fixed)      : 0
        Drift error (maybe fixed)            : 0
        Dropped bytes error (maybe fixed)    : 0
        Duplicated bytes error (maybe fixed) : 0

Track 08
    Pre-gap length : 00:03:10

    CRC32 hash             : 43914812
    CRC32 hash (skip zero) : ADE6D203
    AccurateRip signature  : 404058AF
        ->Accurately ripped! (confidence 6)
    Statistics
        Read error                           : 0
        Skipped (treated as error)           : 0
        Edge jitter error (maybe fixed)      : 0
        Atom jitter error (maybe fixed)      : 0
        Drift error (maybe fixed)            : 0
        Dropped bytes error (maybe fixed)    : 0
        Duplicated bytes error (maybe fixed) : 0

No errors occurred

End of status report
