X Lossless Decoder version 20110502 (132.0)

XLD extraction logfile from 2011-05-03 23:35:27 +0900

布袋寅泰 / Beautiful Noise

Used drive : HL-DT-ST BD-RE  BH10NS30 (revision EL00)

Ripper mode             : CDParanoia III 10.2
Disable audio cache     : OK for the drive with a cache less than 2750KiB
Make use of C2 pointers : NO
Read offset correction  : 667
Max retry count         : 100
Gap status              : Analyzed, Appended

TOC of the extracted CD
     Track |   Start  |  Length  | Start sector | End sector 
    ---------------------------------------------------------
        1  | 00:00:00 | 06:22:55 |         0    |    28704   
        2  | 06:22:55 | 04:01:00 |     28705    |    46779   
        3  | 10:23:55 | 05:26:62 |     46780    |    71291   
        4  | 15:50:42 | 05:40:28 |     71292    |    96819   
        5  | 21:30:70 | 02:48:20 |     96820    |   109439   
        6  | 24:19:15 | 05:43:70 |    109440    |   135234   
        7  | 30:03:10 | 04:00:40 |    135235    |   153274   
        8  | 34:03:50 | 01:54:17 |    153275    |   161841   

AccurateRip Summary
    Disc not found in AccurateRip DB.

All Tracks
    Filename : /Users/angelicalbite/Music/flac/Beautiful Noise.flac
    CRC32 hash             : 6AF3CABB
    CRC32 hash (skip zero) : CDAE4CD9
    Statistics
        Read error                           : 0
        Skipped (treated as error)           : 0
        Edge jitter error (maybe fixed)      : 1
        Atom jitter error (maybe fixed)      : 1
        Drift error (maybe fixed)            : 0
        Dropped bytes error (maybe fixed)    : 0
        Duplicated bytes error (maybe fixed) : 0

Track 01
    Pre-gap length : 00:02:00

    CRC32 hash             : 92E324F2
    CRC32 hash (skip zero) : B6E37180
    AccurateRip signature  : 023F7CB9
        ->Track not present in AccurateRip database.
    Statistics
        Read error                           : 0
        Skipped (treated as error)           : 0
        Edge jitter error (maybe fixed)      : 0
        Atom jitter error (maybe fixed)      : 0
        Drift error (maybe fixed)            : 0
        Dropped bytes error (maybe fixed)    : 0
        Duplicated bytes error (maybe fixed) : 0

Track 02

    CRC32 hash             : AF1F1F3C
    CRC32 hash (skip zero) : 97E40CE6
    AccurateRip signature  : 1D0CDE7A
        ->Track not present in AccurateRip database.
    Statistics
        Read error                           : 0
        Skipped (treated as error)           : 0
        Edge jitter error (maybe fixed)      : 0
        Atom jitter error (maybe fixed)      : 0
        Drift error (maybe fixed)            : 0
        Dropped bytes error (maybe fixed)    : 0
        Duplicated bytes error (maybe fixed) : 0

Track 03
    Pre-gap length : 00:01:03

    CRC32 hash             : CCB82794
    CRC32 hash (skip zero) : EAA3C6E5
    AccurateRip signature  : FCDE6869
        ->Track not present in AccurateRip database.
    Statistics
        Read error                           : 0
        Skipped (treated as error)           : 0
        Edge jitter error (maybe fixed)      : 0
        Atom jitter error (maybe fixed)      : 0
        Drift error (maybe fixed)            : 0
        Dropped bytes error (maybe fixed)    : 0
        Duplicated bytes error (maybe fixed) : 0

Track 04
    Pre-gap length : 00:02:42

    CRC32 hash             : 512303EA
    CRC32 hash (skip zero) : 5D174A43
    AccurateRip signature  : 6F66F689
        ->Track not present in AccurateRip database.
    Statistics
        Read error                           : 0
        Skipped (treated as error)           : 0
        Edge jitter error (maybe fixed)      : 0
        Atom jitter error (maybe fixed)      : 0
        Drift error (maybe fixed)            : 0
        Dropped bytes error (maybe fixed)    : 0
        Duplicated bytes error (maybe fixed) : 0

Track 05
    Pre-gap length : 00:01:40

    CRC32 hash             : FFA320C8
    CRC32 hash (skip zero) : 0059690B
    AccurateRip signature  : 757A1455
        ->Track not present in AccurateRip database.
    Statistics
        Read error                           : 0
        Skipped (treated as error)           : 0
        Edge jitter error (maybe fixed)      : 0
        Atom jitter error (maybe fixed)      : 0
        Drift error (maybe fixed)            : 0
        Dropped bytes error (maybe fixed)    : 0
        Duplicated bytes error (maybe fixed) : 0

Track 06
    Pre-gap length : 00:00:58

    CRC32 hash             : 7C202A8C
    CRC32 hash (skip zero) : 65C4FA91
    AccurateRip signature  : 39BF766D
        ->Track not present in AccurateRip database.
    Statistics
        Read error                           : 0
        Skipped (treated as error)           : 0
        Edge jitter error (maybe fixed)      : 0
        Atom jitter error (maybe fixed)      : 0
        Drift error (maybe fixed)            : 0
        Dropped bytes error (maybe fixed)    : 0
        Duplicated bytes error (maybe fixed) : 0

Track 07
    Pre-gap length : 00:01:43

    CRC32 hash             : A65E0F40
    CRC32 hash (skip zero) : 99A59F71
    AccurateRip signature  : 7633D35D
        ->Track not present in AccurateRip database.
    Statistics
        Read error                           : 0
        Skipped (treated as error)           : 0
        Edge jitter error (maybe fixed)      : 1
        Atom jitter error (maybe fixed)      : 1
        Drift error (maybe fixed)            : 0
        Dropped bytes error (maybe fixed)    : 0
        Duplicated bytes error (maybe fixed) : 0

Track 08
    Pre-gap length : 00:01:08

    CRC32 hash             : 27562FED
    CRC32 hash (skip zero) : A78D402E
    AccurateRip signature  : AF749944
        ->Track not present in AccurateRip database.
    Statistics
        Read error                           : 0
        Skipped (treated as error)           : 0
        Edge jitter error (maybe fixed)      : 0
        Atom jitter error (maybe fixed)      : 0
        Drift error (maybe fixed)            : 0
        Dropped bytes error (maybe fixed)    : 0
        Duplicated bytes error (maybe fixed) : 0

No errors occurred

End of status report
