X Lossless Decoder version 20110502 (132.0)

XLD extraction logfile from 2011-05-03 23:27:05 +0900

Tom Petty & The Heartbreakers / Into The Great Wide Open

Used drive : MATSHITA DVD-R   UJ-868 (revision KB19)

Ripper mode             : CDParanoia III 10.2
Disable audio cache     : OK for the drive with a cache less than 2750KiB
Make use of C2 pointers : NO
Read offset correction  : 102
Max retry count         : 100
Gap status              : Analyzed, Appended

TOC of the extracted CD
     Track |   Start  |  Length  | Start sector | End sector 
    ---------------------------------------------------------
        1  | 00:00:32 | 04:02:53 |        32    |    18234   
        2  | 04:03:10 | 03:08:12 |     18235    |    32346   
        3  | 07:11:22 | 03:43:33 |     32347    |    49104   
        4  | 10:54:55 | 03:09:50 |     49105    |    63329   
        5  | 14:04:30 | 03:23:67 |     63330    |    78621   
        6  | 17:28:22 | 04:07:50 |     78622    |    97196   
        7  | 21:35:72 | 03:46:13 |     97197    |   114159   
        8  | 25:22:10 | 03:59:35 |    114160    |   132119   
        9  | 29:21:45 | 03:41:12 |    132120    |   148706   
       10  | 33:02:57 | 03:42:30 |    148707    |   165386   
       11  | 36:45:12 | 03:27:18 |    165387    |   180929   
       12  | 40:12:30 | 03:58:10 |    180930    |   198789   

AccurateRip Summary
    Track 01 : OK (AR2, confidence 3)
    Track 02 : OK (AR2, confidence 3)
    Track 03 : OK (AR2, confidence 3)
    Track 04 : OK (AR2, confidence 3)
    Track 05 : OK (AR2, confidence 3)
    Track 06 : OK (AR2, confidence 3)
    Track 07 : OK (AR2, confidence 3)
    Track 08 : OK (AR2, confidence 3)
    Track 09 : OK (AR2, confidence 3)
    Track 10 : OK (AR2, confidence 3)
    Track 11 : OK (AR2, confidence 3)
    Track 12 : OK (AR2, confidence 3)
        ->All tracks accurately ripped.

All Tracks
    Filename : /Users/m4c/Public/flac/Into The Great Wide Open.flac
    CRC32 hash             : F6397965
    CRC32 hash (skip zero) : 940B398C
    Statistics
        Read error                           : 0
        Skipped (treated as error)           : 0
        Edge jitter error (maybe fixed)      : 0
        Atom jitter error (maybe fixed)      : 0
        Drift error (maybe fixed)            : 0
        Dropped bytes error (maybe fixed)    : 0
        Duplicated bytes error (maybe fixed) : 0

Track 01
    Pre-gap length : 00:02:32

    CRC32 hash             : 61886B5C
    CRC32 hash (skip zero) : 42671492
    AccurateRip signature  : 3B824436
        ->Accurately ripped! (AR2, confidence 3)
    Statistics
        Read error                           : 0
        Skipped (treated as error)           : 0
        Edge jitter error (maybe fixed)      : 0
        Atom jitter error (maybe fixed)      : 0
        Drift error (maybe fixed)            : 0
        Dropped bytes error (maybe fixed)    : 0
        Duplicated bytes error (maybe fixed) : 0

Track 02
    Pre-gap length : 00:00:40

    CRC32 hash             : 1A300357
    CRC32 hash (skip zero) : D15BE993
    AccurateRip signature  : 36B9D435
        ->Accurately ripped! (AR2, confidence 3)
    Statistics
        Read error                           : 0
        Skipped (treated as error)           : 0
        Edge jitter error (maybe fixed)      : 0
        Atom jitter error (maybe fixed)      : 0
        Drift error (maybe fixed)            : 0
        Dropped bytes error (maybe fixed)    : 0
        Duplicated bytes error (maybe fixed) : 0

Track 03
    Pre-gap length : 00:01:10

    CRC32 hash             : 75FCB508
    CRC32 hash (skip zero) : 7C9FEA1E
    AccurateRip signature  : A6660992
        ->Accurately ripped! (AR2, confidence 3)
    Statistics
        Read error                           : 0
        Skipped (treated as error)           : 0
        Edge jitter error (maybe fixed)      : 0
        Atom jitter error (maybe fixed)      : 0
        Drift error (maybe fixed)            : 0
        Dropped bytes error (maybe fixed)    : 0
        Duplicated bytes error (maybe fixed) : 0

Track 04
    Pre-gap length : 00:00:35

    CRC32 hash             : 814BB8BB
    CRC32 hash (skip zero) : 2FD8D6B0
    AccurateRip signature  : CE00BA4A
        ->Accurately ripped! (AR2, confidence 3)
    Statistics
        Read error                           : 0
        Skipped (treated as error)           : 0
        Edge jitter error (maybe fixed)      : 0
        Atom jitter error (maybe fixed)      : 0
        Drift error (maybe fixed)            : 0
        Dropped bytes error (maybe fixed)    : 0
        Duplicated bytes error (maybe fixed) : 0

Track 05
    Pre-gap length : 00:00:13

    CRC32 hash             : D649ADDB
    CRC32 hash (skip zero) : 105EF82B
    AccurateRip signature  : B7F08737
        ->Accurately ripped! (AR2, confidence 3)
    Statistics
        Read error                           : 0
        Skipped (treated as error)           : 0
        Edge jitter error (maybe fixed)      : 0
        Atom jitter error (maybe fixed)      : 0
        Drift error (maybe fixed)            : 0
        Dropped bytes error (maybe fixed)    : 0
        Duplicated bytes error (maybe fixed) : 0

Track 06
    Pre-gap length : 00:00:60

    CRC32 hash             : C04DFE63
    CRC32 hash (skip zero) : 7680BAB3
    AccurateRip signature  : 54AC3025
        ->Accurately ripped! (AR2, confidence 3)
    Statistics
        Read error                           : 0
        Skipped (treated as error)           : 0
        Edge jitter error (maybe fixed)      : 0
        Atom jitter error (maybe fixed)      : 0
        Drift error (maybe fixed)            : 0
        Dropped bytes error (maybe fixed)    : 0
        Duplicated bytes error (maybe fixed) : 0

Track 07
    Pre-gap length : 00:02:30

    CRC32 hash             : 07F6E0B6
    CRC32 hash (skip zero) : A0FA74D8
    AccurateRip signature  : C41954B2
        ->Accurately ripped! (AR2, confidence 3)
    Statistics
        Read error                           : 0
        Skipped (treated as error)           : 0
        Edge jitter error (maybe fixed)      : 0
        Atom jitter error (maybe fixed)      : 0
        Drift error (maybe fixed)            : 0
        Dropped bytes error (maybe fixed)    : 0
        Duplicated bytes error (maybe fixed) : 0

Track 08
    Pre-gap length : 00:00:53

    CRC32 hash             : DB7B0445
    CRC32 hash (skip zero) : 6938CAA2
    AccurateRip signature  : 9B699F61
        ->Accurately ripped! (AR2, confidence 3)
    Statistics
        Read error                           : 0
        Skipped (treated as error)           : 0
        Edge jitter error (maybe fixed)      : 0
        Atom jitter error (maybe fixed)      : 0
        Drift error (maybe fixed)            : 0
        Dropped bytes error (maybe fixed)    : 0
        Duplicated bytes error (maybe fixed) : 0

Track 09
    Pre-gap length : 00:00:08

    CRC32 hash             : A1FC912B
    CRC32 hash (skip zero) : D0273694
    AccurateRip signature  : E6D3982A
        ->Accurately ripped! (AR2, confidence 3)
    Statistics
        Read error                           : 0
        Skipped (treated as error)           : 0
        Edge jitter error (maybe fixed)      : 0
        Atom jitter error (maybe fixed)      : 0
        Drift error (maybe fixed)            : 0
        Dropped bytes error (maybe fixed)    : 0
        Duplicated bytes error (maybe fixed) : 0

Track 10

    CRC32 hash             : 251882BD
    CRC32 hash (skip zero) : DF782188
    AccurateRip signature  : 77D5FF97
        ->Accurately ripped! (AR2, confidence 3)
    Statistics
        Read error                           : 0
        Skipped (treated as error)           : 0
        Edge jitter error (maybe fixed)      : 0
        Atom jitter error (maybe fixed)      : 0
        Drift error (maybe fixed)            : 0
        Dropped bytes error (maybe fixed)    : 0
        Duplicated bytes error (maybe fixed) : 0

Track 11
    Pre-gap length : 00:01:02

    CRC32 hash             : 5786BC20
    CRC32 hash (skip zero) : BA77EE2A
    AccurateRip signature  : 6D8D88EE
        ->Accurately ripped! (AR2, confidence 3)
    Statistics
        Read error                           : 0
        Skipped (treated as error)           : 0
        Edge jitter error (maybe fixed)      : 0
        Atom jitter error (maybe fixed)      : 0
        Drift error (maybe fixed)            : 0
        Dropped bytes error (maybe fixed)    : 0
        Duplicated bytes error (maybe fixed) : 0

Track 12
    Pre-gap length : 00:01:00

    CRC32 hash             : B48454F0
    CRC32 hash (skip zero) : 8E2086E7
    AccurateRip signature  : 97018D65
        ->Accurately ripped! (AR2, confidence 3)
    Statistics
        Read error                           : 0
        Skipped (treated as error)           : 0
        Edge jitter error (maybe fixed)      : 0
        Atom jitter error (maybe fixed)      : 0
        Drift error (maybe fixed)            : 0
        Dropped bytes error (maybe fixed)    : 0
        Duplicated bytes error (maybe fixed) : 0

No errors occurred

End of status report
