X Lossless Decoder version 20110417 (131.0)

XLD extraction logfile from 2011-04-30 10:46:14 +0900

Electric Light Orchestra / A New World Record

Used drive : HL-DT-ST BD-RE  BH10NS30 (revision EL00)

Ripper mode             : CDParanoia III 10.2
Disable audio cache     : OK for the drive with a cache less than 2750KiB
Make use of C2 pointers : NO
Read offset correction  : 667
Max retry count         : 100
Gap status              : Analyzed, Appended

TOC of the extracted CD
     Track |   Start  |  Length  | Start sector | End sector 
    ---------------------------------------------------------
        1  | 00:00:00 | 05:03:02 |         0    |    22726   
        2  | 05:03:02 | 04:38:38 |     22727    |    43614   
        3  | 09:41:40 | 03:12:22 |     43615    |    58036   
        4  | 12:53:62 | 04:25:70 |     58037    |    77981   
        5  | 17:19:57 | 03:54:40 |     77982    |    95571   
        6  | 21:14:22 | 03:31:25 |     95572    |   111421   
        7  | 24:45:47 | 02:16:35 |    111422    |   121656   
        8  | 27:02:07 | 03:43:73 |    121657    |   138454   
        9  | 30:46:05 | 05:34:12 |    138455    |   163516   

List of alternate offset correction values
        #  | Absolute | Relative | Confidence 
    ------------------------------------------
        1  |   2654   |   1987   |     10     
        2  |   2421   |   1754   |      9     
        3  |    705   |     38   |      8     
        4  |   2557   |   1890   |      6     
        5  |   1644   |    977   |      4     
        6  |   1260   |    593   |      4     
        7  |   1433   |    766   |      3     
        8  |   1846   |   1179   |      2     

AccurateRip Summary
    Track 01 : OK (confidence 5)
    Track 02 : OK (confidence 5)
    Track 03 : OK (confidence 5)
    Track 04 : OK (confidence 5)
    Track 05 : OK (confidence 4)
    Track 06 : OK (confidence 5)
    Track 07 : OK (confidence 5)
    Track 08 : OK (confidence 5)
    Track 09 : OK (confidence 5)
        ->All tracks accurately ripped.

All Tracks
    Filename : /Users/angelicalbite/Music/flac/A New World Record.flac
    CRC32 hash             : 483AF096
    CRC32 hash (skip zero) : 41456701
    Statistics
        Read error                           : 0
        Skipped (treated as error)           : 0
        Edge jitter error (maybe fixed)      : 0
        Atom jitter error (maybe fixed)      : 0
        Drift error (maybe fixed)            : 0
        Dropped bytes error (maybe fixed)    : 0
        Duplicated bytes error (maybe fixed) : 0

Track 01
    Pre-gap length : 00:02:00

    CRC32 hash             : 092F22E7
    CRC32 hash (skip zero) : 8F29EFE4
    AccurateRip signature  : 141C7D54
        ->Accurately ripped! (confidence 5)
    Statistics
        Read error                           : 0
        Skipped (treated as error)           : 0
        Edge jitter error (maybe fixed)      : 0
        Atom jitter error (maybe fixed)      : 0
        Drift error (maybe fixed)            : 0
        Dropped bytes error (maybe fixed)    : 0
        Duplicated bytes error (maybe fixed) : 0

Track 02

    CRC32 hash             : A3E1343D
    CRC32 hash (skip zero) : 458AA2BE
    AccurateRip signature  : 94FEEFBB
        ->Accurately ripped! (confidence 5)
    Statistics
        Read error                           : 0
        Skipped (treated as error)           : 0
        Edge jitter error (maybe fixed)      : 0
        Atom jitter error (maybe fixed)      : 0
        Drift error (maybe fixed)            : 0
        Dropped bytes error (maybe fixed)    : 0
        Duplicated bytes error (maybe fixed) : 0

Track 03

    CRC32 hash             : E5CB30C6
    CRC32 hash (skip zero) : E76743D2
    AccurateRip signature  : 884A16E2
        ->Accurately ripped! (confidence 5)
    Statistics
        Read error                           : 0
        Skipped (treated as error)           : 0
        Edge jitter error (maybe fixed)      : 0
        Atom jitter error (maybe fixed)      : 0
        Drift error (maybe fixed)            : 0
        Dropped bytes error (maybe fixed)    : 0
        Duplicated bytes error (maybe fixed) : 0

Track 04
    Pre-gap length : 00:00:15

    CRC32 hash             : D6330D93
    CRC32 hash (skip zero) : ECBC5A31
    AccurateRip signature  : D59CBD7D
        ->Accurately ripped! (confidence 5)
    Statistics
        Read error                           : 0
        Skipped (treated as error)           : 0
        Edge jitter error (maybe fixed)      : 0
        Atom jitter error (maybe fixed)      : 0
        Drift error (maybe fixed)            : 0
        Dropped bytes error (maybe fixed)    : 0
        Duplicated bytes error (maybe fixed) : 0

Track 05
    Pre-gap length : 00:02:12

    CRC32 hash             : D2CACD72
    CRC32 hash (skip zero) : 622E4F56
    AccurateRip signature  : CBD10969
        ->Accurately ripped! (confidence 4)
    Statistics
        Read error                           : 0
        Skipped (treated as error)           : 0
        Edge jitter error (maybe fixed)      : 0
        Atom jitter error (maybe fixed)      : 0
        Drift error (maybe fixed)            : 0
        Dropped bytes error (maybe fixed)    : 0
        Duplicated bytes error (maybe fixed) : 0

Track 06

    CRC32 hash             : 15EA12A4
    CRC32 hash (skip zero) : 4A5A13F8
    AccurateRip signature  : 6305117C
        ->Accurately ripped! (confidence 5)
    Statistics
        Read error                           : 0
        Skipped (treated as error)           : 0
        Edge jitter error (maybe fixed)      : 0
        Atom jitter error (maybe fixed)      : 0
        Drift error (maybe fixed)            : 0
        Dropped bytes error (maybe fixed)    : 0
        Duplicated bytes error (maybe fixed) : 0

Track 07

    CRC32 hash             : 752FAD5D
    CRC32 hash (skip zero) : 062849F5
    AccurateRip signature  : 7C3EB3DD
        ->Accurately ripped! (confidence 5)
    Statistics
        Read error                           : 0
        Skipped (treated as error)           : 0
        Edge jitter error (maybe fixed)      : 0
        Atom jitter error (maybe fixed)      : 0
        Drift error (maybe fixed)            : 0
        Dropped bytes error (maybe fixed)    : 0
        Duplicated bytes error (maybe fixed) : 0

Track 08

    CRC32 hash             : 8EC9E6FB
    CRC32 hash (skip zero) : E0E6D3D9
    AccurateRip signature  : E9AFFEA8
        ->Accurately ripped! (confidence 5)
    Statistics
        Read error                           : 0
        Skipped (treated as error)           : 0
        Edge jitter error (maybe fixed)      : 0
        Atom jitter error (maybe fixed)      : 0
        Drift error (maybe fixed)            : 0
        Dropped bytes error (maybe fixed)    : 0
        Duplicated bytes error (maybe fixed) : 0

Track 09

    CRC32 hash             : 693E4E92
    CRC32 hash (skip zero) : 4D07F695
    AccurateRip signature  : A9A0D62C
        ->Accurately ripped! (confidence 5)
    Statistics
        Read error                           : 0
        Skipped (treated as error)           : 0
        Edge jitter error (maybe fixed)      : 0
        Atom jitter error (maybe fixed)      : 0
        Drift error (maybe fixed)            : 0
        Dropped bytes error (maybe fixed)    : 0
        Duplicated bytes error (maybe fixed) : 0

No errors occurred

End of status report
