X Lossless Decoder version 20110417 (131.0)

XLD extraction logfile from 2011-04-30 12:41:46 +0900

Electric Light Orchestra Part Two / Electric Light Orchestra Part Two

Used drive : MATSHITA DVD-R   UJ-868 (revision KB19)

Ripper mode             : CDParanoia III 10.2
Disable audio cache     : OK for the drive with a cache less than 2750KiB
Make use of C2 pointers : NO
Read offset correction  : 102
Max retry count         : 100
Gap status              : Analyzed, Appended

TOC of the extracted CD
     Track |   Start  |  Length  | Start sector | End sector 
    ---------------------------------------------------------
        1  | 00:00:00 | 01:17:35 |         0    |     5809   
        2  | 01:17:35 | 06:13:20 |      5810    |    33804   
        3  | 07:30:55 | 03:14:50 |     33805    |    48404   
        4  | 10:45:30 | 04:21:30 |     48405    |    68009   
        5  | 15:06:60 | 04:55:35 |     68010    |    90169   
        6  | 20:02:20 | 04:49:15 |     90170    |   111859   
        7  | 24:51:35 | 04:02:03 |    111860    |   130012   
        8  | 28:53:38 | 04:03:37 |    130013    |   148274   
        9  | 32:57:00 | 04:19:03 |    148275    |   167702   
       10  | 37:16:03 | 04:56:02 |    167703    |   189904   

AccurateRip Summary
    Track 01 : OK (AR2, confidence 2)
    Track 02 : OK (AR2, confidence 2)
    Track 03 : OK (AR2, confidence 2)
    Track 04 : OK (AR2, confidence 2)
    Track 05 : OK (AR2, confidence 2)
    Track 06 : OK (AR2, confidence 2)
    Track 07 : OK (AR2, confidence 2)
    Track 08 : OK (AR2, confidence 2)
    Track 09 : OK (AR2, confidence 2)
    Track 10 : OK (AR2, confidence 2)
        ->All tracks accurately ripped.

All Tracks
    Filename : /Users/m4c/Public/flac/Electric Light Orchestra Part Two.flac
    CRC32 hash             : B0B77F84
    CRC32 hash (skip zero) : B4DC78E7
    Statistics
        Read error                           : 0
        Skipped (treated as error)           : 0
        Edge jitter error (maybe fixed)      : 1
        Atom jitter error (maybe fixed)      : 1
        Drift error (maybe fixed)            : 0
        Dropped bytes error (maybe fixed)    : 0
        Duplicated bytes error (maybe fixed) : 0

Track 01
    Pre-gap length : 00:02:00

    CRC32 hash             : EDC16FBA
    CRC32 hash (skip zero) : 71A7D17E
    AccurateRip signature  : 657E8ED0
        ->Accurately ripped! (AR2, confidence 2)
    Statistics
        Read error                           : 0
        Skipped (treated as error)           : 0
        Edge jitter error (maybe fixed)      : 0
        Atom jitter error (maybe fixed)      : 1
        Drift error (maybe fixed)            : 0
        Dropped bytes error (maybe fixed)    : 0
        Duplicated bytes error (maybe fixed) : 0

Track 02
    Pre-gap length : 00:00:05

    CRC32 hash             : 5C45158C
    CRC32 hash (skip zero) : 8C932B66
    AccurateRip signature  : CAC07B2F
        ->Accurately ripped! (AR2, confidence 2)
    Statistics
        Read error                           : 0
        Skipped (treated as error)           : 0
        Edge jitter error (maybe fixed)      : 0
        Atom jitter error (maybe fixed)      : 0
        Drift error (maybe fixed)            : 0
        Dropped bytes error (maybe fixed)    : 0
        Duplicated bytes error (maybe fixed) : 0

Track 03
    Pre-gap length : 00:00:05

    CRC32 hash             : FFC85797
    CRC32 hash (skip zero) : FF27B3A9
    AccurateRip signature  : 93975752
        ->Accurately ripped! (AR2, confidence 2)
    Statistics
        Read error                           : 0
        Skipped (treated as error)           : 0
        Edge jitter error (maybe fixed)      : 0
        Atom jitter error (maybe fixed)      : 0
        Drift error (maybe fixed)            : 0
        Dropped bytes error (maybe fixed)    : 0
        Duplicated bytes error (maybe fixed) : 0

Track 04

    CRC32 hash             : 4F995C5F
    CRC32 hash (skip zero) : AEF3DFEC
    AccurateRip signature  : B248F233
        ->Accurately ripped! (AR2, confidence 2)
    Statistics
        Read error                           : 0
        Skipped (treated as error)           : 0
        Edge jitter error (maybe fixed)      : 1
        Atom jitter error (maybe fixed)      : 0
        Drift error (maybe fixed)            : 0
        Dropped bytes error (maybe fixed)    : 0
        Duplicated bytes error (maybe fixed) : 0

Track 05
    Pre-gap length : 00:01:65

    CRC32 hash             : 6EDF812E
    CRC32 hash (skip zero) : D8F90EBA
    AccurateRip signature  : 45A0902F
        ->Accurately ripped! (AR2, confidence 2)
    Statistics
        Read error                           : 0
        Skipped (treated as error)           : 0
        Edge jitter error (maybe fixed)      : 0
        Atom jitter error (maybe fixed)      : 0
        Drift error (maybe fixed)            : 0
        Dropped bytes error (maybe fixed)    : 0
        Duplicated bytes error (maybe fixed) : 0

Track 06

    CRC32 hash             : 91CCC1A9
    CRC32 hash (skip zero) : 51E9FE84
    AccurateRip signature  : F2B02AF1
        ->Accurately ripped! (AR2, confidence 2)
    Statistics
        Read error                           : 0
        Skipped (treated as error)           : 0
        Edge jitter error (maybe fixed)      : 0
        Atom jitter error (maybe fixed)      : 0
        Drift error (maybe fixed)            : 0
        Dropped bytes error (maybe fixed)    : 0
        Duplicated bytes error (maybe fixed) : 0

Track 07
    Pre-gap length : 00:00:02

    CRC32 hash             : 1518625F
    CRC32 hash (skip zero) : 18067C43
    AccurateRip signature  : D45A62BE
        ->Accurately ripped! (AR2, confidence 2)
    Statistics
        Read error                           : 0
        Skipped (treated as error)           : 0
        Edge jitter error (maybe fixed)      : 0
        Atom jitter error (maybe fixed)      : 0
        Drift error (maybe fixed)            : 0
        Dropped bytes error (maybe fixed)    : 0
        Duplicated bytes error (maybe fixed) : 0

Track 08
    Pre-gap length : 00:00:45

    CRC32 hash             : 36B92F3D
    CRC32 hash (skip zero) : 71B13691
    AccurateRip signature  : 2CD46625
        ->Accurately ripped! (AR2, confidence 2)
    Statistics
        Read error                           : 0
        Skipped (treated as error)           : 0
        Edge jitter error (maybe fixed)      : 0
        Atom jitter error (maybe fixed)      : 0
        Drift error (maybe fixed)            : 0
        Dropped bytes error (maybe fixed)    : 0
        Duplicated bytes error (maybe fixed) : 0

Track 09
    Pre-gap length : 00:01:25

    CRC32 hash             : C73D99DA
    CRC32 hash (skip zero) : EB1F974E
    AccurateRip signature  : 4BBCE9EC
        ->Accurately ripped! (AR2, confidence 2)
    Statistics
        Read error                           : 0
        Skipped (treated as error)           : 0
        Edge jitter error (maybe fixed)      : 0
        Atom jitter error (maybe fixed)      : 0
        Drift error (maybe fixed)            : 0
        Dropped bytes error (maybe fixed)    : 0
        Duplicated bytes error (maybe fixed) : 0

Track 10

    CRC32 hash             : 8E7251FD
    CRC32 hash (skip zero) : 948ABD11
    AccurateRip signature  : B5E164D0
        ->Accurately ripped! (AR2, confidence 2)
    Statistics
        Read error                           : 0
        Skipped (treated as error)           : 0
        Edge jitter error (maybe fixed)      : 0
        Atom jitter error (maybe fixed)      : 0
        Drift error (maybe fixed)            : 0
        Dropped bytes error (maybe fixed)    : 0
        Duplicated bytes error (maybe fixed) : 0

No errors occurred

End of status report
