X Lossless Decoder version 20110502 (132.0)

XLD extraction logfile from 2011-05-05 23:25:56 +0900

Electric Light Orchestra / Out Of The Blue (remastered in 2007) (disc 2)

Used drive : MATSHITA DVD-R   UJ-868 (revision KB19)

Ripper mode             : CDParanoia III 10.2
Disable audio cache     : OK for the drive with a cache less than 2750KiB
Make use of C2 pointers : NO
Read offset correction  : 102
Max retry count         : 100
Gap status              : Analyzed, Appended

TOC of the extracted CD
     Track |   Start  |  Length  | Start sector | End sector 
    ---------------------------------------------------------
        1  | 00:00:00 | 03:59:65 |         0    |    17989   
        2  | 03:59:65 | 05:32:16 |     17990    |    42905   
        3  | 09:32:06 | 04:14:71 |     42906    |    62026   
        4  | 13:47:02 | 05:03:14 |     62027    |    84765   
        5  | 18:50:16 | 03:28:06 |     84766    |   100371   
        6  | 22:18:22 | 05:07:31 |    100372    |   123427   
        7  | 27:25:53 | 04:23:49 |    123428    |   143201   
        8  | 31:49:27 | 04:45:38 |    143202    |   164614   
        9  | 36:34:65 | 00:26:14 |    164615    |   166578   
       10  | 37:01:04 | 01:49:71 |    166579    |   174824   
       11  | 38:51:00 | 03:24:18 |    174825    |   190142   

AccurateRip Summary
    Track 01 : OK (AR2, confidence 3)
    Track 02 : OK (AR2, confidence 3)
    Track 03 : OK (AR2, confidence 3)
    Track 04 : OK (AR2, confidence 3)
    Track 05 : OK (AR2, confidence 3)
    Track 06 : OK (AR2, confidence 3)
    Track 07 : OK (AR2, confidence 3)
    Track 08 : OK (AR2, confidence 3)
    Track 09 : OK (AR2, confidence 3)
    Track 10 : OK (AR2, confidence 3)
    Track 11 : OK (AR2, confidence 3)
        ->All tracks accurately ripped.

All Tracks
    Filename : /Users/m4c/Public/flac/Out Of The Blue (remastered in 2007) (disc 2).flac
    CRC32 hash             : 50CFDE6E
    CRC32 hash (skip zero) : D0F43FEF
    Statistics
        Read error                           : 0
        Skipped (treated as error)           : 0
        Edge jitter error (maybe fixed)      : 0
        Atom jitter error (maybe fixed)      : 0
        Drift error (maybe fixed)            : 0
        Dropped bytes error (maybe fixed)    : 0
        Duplicated bytes error (maybe fixed) : 0

Track 01
    Pre-gap length : 00:02:00

    CRC32 hash             : 0C27118F
    CRC32 hash (skip zero) : BC2F5804
    AccurateRip signature  : C5D6F2D4
        ->Accurately ripped! (AR2, confidence 3)
    Statistics
        Read error                           : 0
        Skipped (treated as error)           : 0
        Edge jitter error (maybe fixed)      : 0
        Atom jitter error (maybe fixed)      : 0
        Drift error (maybe fixed)            : 0
        Dropped bytes error (maybe fixed)    : 0
        Duplicated bytes error (maybe fixed) : 0

Track 02

    CRC32 hash             : 39F09241
    CRC32 hash (skip zero) : 4CBA9F9F
    AccurateRip signature  : FD822D0F
        ->Accurately ripped! (AR2, confidence 3)
    Statistics
        Read error                           : 0
        Skipped (treated as error)           : 0
        Edge jitter error (maybe fixed)      : 0
        Atom jitter error (maybe fixed)      : 0
        Drift error (maybe fixed)            : 0
        Dropped bytes error (maybe fixed)    : 0
        Duplicated bytes error (maybe fixed) : 0

Track 03

    CRC32 hash             : 89FE1AE9
    CRC32 hash (skip zero) : BE526598
    AccurateRip signature  : EF9065E8
        ->Accurately ripped! (AR2, confidence 3)
    Statistics
        Read error                           : 0
        Skipped (treated as error)           : 0
        Edge jitter error (maybe fixed)      : 0
        Atom jitter error (maybe fixed)      : 0
        Drift error (maybe fixed)            : 0
        Dropped bytes error (maybe fixed)    : 0
        Duplicated bytes error (maybe fixed) : 0

Track 04

    CRC32 hash             : 98428EE1
    CRC32 hash (skip zero) : 722F1E8D
    AccurateRip signature  : D30B28F6
        ->Accurately ripped! (AR2, confidence 3)
    Statistics
        Read error                           : 0
        Skipped (treated as error)           : 0
        Edge jitter error (maybe fixed)      : 0
        Atom jitter error (maybe fixed)      : 0
        Drift error (maybe fixed)            : 0
        Dropped bytes error (maybe fixed)    : 0
        Duplicated bytes error (maybe fixed) : 0

Track 05

    CRC32 hash             : ECF89611
    CRC32 hash (skip zero) : 6A49EDF9
    AccurateRip signature  : A9EA0942
        ->Accurately ripped! (AR2, confidence 3)
    Statistics
        Read error                           : 0
        Skipped (treated as error)           : 0
        Edge jitter error (maybe fixed)      : 0
        Atom jitter error (maybe fixed)      : 0
        Drift error (maybe fixed)            : 0
        Dropped bytes error (maybe fixed)    : 0
        Duplicated bytes error (maybe fixed) : 0

Track 06

    CRC32 hash             : F0EDDCAA
    CRC32 hash (skip zero) : BB8CC759
    AccurateRip signature  : 4A9AEFE4
        ->Accurately ripped! (AR2, confidence 3)
    Statistics
        Read error                           : 0
        Skipped (treated as error)           : 0
        Edge jitter error (maybe fixed)      : 0
        Atom jitter error (maybe fixed)      : 0
        Drift error (maybe fixed)            : 0
        Dropped bytes error (maybe fixed)    : 0
        Duplicated bytes error (maybe fixed) : 0

Track 07

    CRC32 hash             : 73A012B2
    CRC32 hash (skip zero) : 4538CDB9
    AccurateRip signature  : E9D7EE77
        ->Accurately ripped! (AR2, confidence 3)
    Statistics
        Read error                           : 0
        Skipped (treated as error)           : 0
        Edge jitter error (maybe fixed)      : 0
        Atom jitter error (maybe fixed)      : 0
        Drift error (maybe fixed)            : 0
        Dropped bytes error (maybe fixed)    : 0
        Duplicated bytes error (maybe fixed) : 0

Track 08

    CRC32 hash             : 40B22897
    CRC32 hash (skip zero) : 25AF8F7D
    AccurateRip signature  : 9EC5644A
        ->Accurately ripped! (AR2, confidence 3)
    Statistics
        Read error                           : 0
        Skipped (treated as error)           : 0
        Edge jitter error (maybe fixed)      : 0
        Atom jitter error (maybe fixed)      : 0
        Drift error (maybe fixed)            : 0
        Dropped bytes error (maybe fixed)    : 0
        Duplicated bytes error (maybe fixed) : 0

Track 09
    Pre-gap length : 00:04:57

    CRC32 hash             : 722A76C2
    CRC32 hash (skip zero) : 6B978E02
    AccurateRip signature  : 22C2EFDE
        ->Accurately ripped! (AR2, confidence 3)
    Statistics
        Read error                           : 0
        Skipped (treated as error)           : 0
        Edge jitter error (maybe fixed)      : 0
        Atom jitter error (maybe fixed)      : 0
        Drift error (maybe fixed)            : 0
        Dropped bytes error (maybe fixed)    : 0
        Duplicated bytes error (maybe fixed) : 0

Track 10
    Pre-gap length : 00:01:57

    CRC32 hash             : E94D64EC
    CRC32 hash (skip zero) : 37F67703
    AccurateRip signature  : F4089346
        ->Accurately ripped! (AR2, confidence 3)
    Statistics
        Read error                           : 0
        Skipped (treated as error)           : 0
        Edge jitter error (maybe fixed)      : 0
        Atom jitter error (maybe fixed)      : 0
        Drift error (maybe fixed)            : 0
        Dropped bytes error (maybe fixed)    : 0
        Duplicated bytes error (maybe fixed) : 0

Track 11
    Pre-gap length : 00:01:03

    CRC32 hash             : 51B2E9A2
    CRC32 hash (skip zero) : 402C4383
    AccurateRip signature  : DA3A0BAC
        ->Accurately ripped! (AR2, confidence 3)
    Statistics
        Read error                           : 0
        Skipped (treated as error)           : 0
        Edge jitter error (maybe fixed)      : 0
        Atom jitter error (maybe fixed)      : 0
        Drift error (maybe fixed)            : 0
        Dropped bytes error (maybe fixed)    : 0
        Duplicated bytes error (maybe fixed) : 0

No errors occurred

End of status report
