X Lossless Decoder version 20110417 (131.0)

XLD extraction logfile from 2011-04-30 11:34:54 +0900

Electric Light Orchestra / Secret Messages (reissued in 2001)

Used drive : MATSHITA DVD-R   UJ-868 (revision KB19)

Ripper mode             : CDParanoia III 10.2
Disable audio cache     : OK for the drive with a cache less than 2750KiB
Make use of C2 pointers : NO
Read offset correction  : 102
Max retry count         : 100
Gap status              : Analyzed, Appended

TOC of the extracted CD
     Track |   Start  |  Length  | Start sector | End sector 
    ---------------------------------------------------------
        1  | 00:00:00 | 04:44:05 |         0    |    21304   
        2  | 04:44:05 | 05:27:15 |     21305    |    45844   
        3  | 10:11:20 | 04:13:12 |     45845    |    64831   
        4  | 14:24:32 | 04:57:65 |     64832    |    87171   
        5  | 19:22:22 | 04:01:15 |     87172    |   105261   
        6  | 23:23:37 | 04:05:18 |    105262    |   123654   
        7  | 27:28:55 | 04:27:25 |    123655    |   143704   
        8  | 31:56:05 | 03:52:17 |    143705    |   161121   
        9  | 35:48:22 | 02:51:28 |    161122    |   173974   
       10  | 38:39:50 | 04:20:55 |    173975    |   193529   
       11  | 43:00:30 | 03:49:25 |    193530    |   210729   
       12  | 46:49:55 | 03:28:15 |    210730    |   226344   
       13  | 50:17:70 | 03:26:40 |    226345    |   241834   
       14  | 53:44:35 | 02:23:47 |    241835    |   252606   

List of alternate offset correction values
        #  | Absolute | Relative | Confidence 
    ------------------------------------------
        1  |   -633   |   -735   |     45     
        2  |   -188   |   -290   |      2     

AccurateRip Summary
    Track 01 : OK (confidence 14)
    Track 02 : OK (confidence 15)
    Track 03 : OK (confidence 15)
    Track 04 : OK (confidence 15)
    Track 05 : OK (confidence 14)
    Track 06 : OK (confidence 13)
    Track 07 : OK (confidence 14)
    Track 08 : OK (confidence 14)
    Track 09 : OK (confidence 14)
    Track 10 : OK (confidence 13)
    Track 11 : OK (confidence 13)
    Track 12 : OK (confidence 12)
    Track 13 : OK (confidence 14)
    Track 14 : OK (confidence 13)
        ->All tracks accurately ripped.

All Tracks
    Filename : /Users/m4c/Public/flac/Secret Messages (reissued in 2001).flac
    CRC32 hash             : A85F158D
    CRC32 hash (skip zero) : 7B9D5D3B
    Statistics
        Read error                           : 0
        Skipped (treated as error)           : 0
        Edge jitter error (maybe fixed)      : 0
        Atom jitter error (maybe fixed)      : 0
        Drift error (maybe fixed)            : 0
        Dropped bytes error (maybe fixed)    : 0
        Duplicated bytes error (maybe fixed) : 0

Track 01
    Pre-gap length : 00:02:00

    CRC32 hash             : B92317B2
    CRC32 hash (skip zero) : 2E359206
    AccurateRip signature  : D3C06BE2
        ->Accurately ripped! (confidence 14)
    Statistics
        Read error                           : 0
        Skipped (treated as error)           : 0
        Edge jitter error (maybe fixed)      : 0
        Atom jitter error (maybe fixed)      : 0
        Drift error (maybe fixed)            : 0
        Dropped bytes error (maybe fixed)    : 0
        Duplicated bytes error (maybe fixed) : 0

Track 02

    CRC32 hash             : 7EAAA106
    CRC32 hash (skip zero) : B371810D
    AccurateRip signature  : 61B250DD
        ->Accurately ripped! (confidence 15)
    Statistics
        Read error                           : 0
        Skipped (treated as error)           : 0
        Edge jitter error (maybe fixed)      : 0
        Atom jitter error (maybe fixed)      : 0
        Drift error (maybe fixed)            : 0
        Dropped bytes error (maybe fixed)    : 0
        Duplicated bytes error (maybe fixed) : 0

Track 03

    CRC32 hash             : C8B964D4
    CRC32 hash (skip zero) : F99C3634
    AccurateRip signature  : AD8E8D1C
        ->Accurately ripped! (confidence 15)
    Statistics
        Read error                           : 0
        Skipped (treated as error)           : 0
        Edge jitter error (maybe fixed)      : 0
        Atom jitter error (maybe fixed)      : 0
        Drift error (maybe fixed)            : 0
        Dropped bytes error (maybe fixed)    : 0
        Duplicated bytes error (maybe fixed) : 0

Track 04

    CRC32 hash             : 17196D92
    CRC32 hash (skip zero) : 38DA2E34
    AccurateRip signature  : 47E29312
        ->Accurately ripped! (confidence 15)
    Statistics
        Read error                           : 0
        Skipped (treated as error)           : 0
        Edge jitter error (maybe fixed)      : 0
        Atom jitter error (maybe fixed)      : 0
        Drift error (maybe fixed)            : 0
        Dropped bytes error (maybe fixed)    : 0
        Duplicated bytes error (maybe fixed) : 0

Track 05

    CRC32 hash             : DF4633EB
    CRC32 hash (skip zero) : 98F7CA9A
    AccurateRip signature  : EB83D844
        ->Accurately ripped! (confidence 14)
    Statistics
        Read error                           : 0
        Skipped (treated as error)           : 0
        Edge jitter error (maybe fixed)      : 0
        Atom jitter error (maybe fixed)      : 0
        Drift error (maybe fixed)            : 0
        Dropped bytes error (maybe fixed)    : 0
        Duplicated bytes error (maybe fixed) : 0

Track 06

    CRC32 hash             : 23017AB4
    CRC32 hash (skip zero) : 160079B5
    AccurateRip signature  : 5E335446
        ->Accurately ripped! (confidence 13)
    Statistics
        Read error                           : 0
        Skipped (treated as error)           : 0
        Edge jitter error (maybe fixed)      : 0
        Atom jitter error (maybe fixed)      : 0
        Drift error (maybe fixed)            : 0
        Dropped bytes error (maybe fixed)    : 0
        Duplicated bytes error (maybe fixed) : 0

Track 07

    CRC32 hash             : 2255AD67
    CRC32 hash (skip zero) : 64BEDE42
    AccurateRip signature  : DA0A9D5F
        ->Accurately ripped! (confidence 14)
    Statistics
        Read error                           : 0
        Skipped (treated as error)           : 0
        Edge jitter error (maybe fixed)      : 0
        Atom jitter error (maybe fixed)      : 0
        Drift error (maybe fixed)            : 0
        Dropped bytes error (maybe fixed)    : 0
        Duplicated bytes error (maybe fixed) : 0

Track 08

    CRC32 hash             : EE21BEB0
    CRC32 hash (skip zero) : ABB5E0AB
    AccurateRip signature  : F92B831C
        ->Accurately ripped! (confidence 14)
    Statistics
        Read error                           : 0
        Skipped (treated as error)           : 0
        Edge jitter error (maybe fixed)      : 0
        Atom jitter error (maybe fixed)      : 0
        Drift error (maybe fixed)            : 0
        Dropped bytes error (maybe fixed)    : 0
        Duplicated bytes error (maybe fixed) : 0

Track 09

    CRC32 hash             : 5A01CB6E
    CRC32 hash (skip zero) : AF30C1A5
    AccurateRip signature  : 9B1E81CB
        ->Accurately ripped! (confidence 14)
    Statistics
        Read error                           : 0
        Skipped (treated as error)           : 0
        Edge jitter error (maybe fixed)      : 0
        Atom jitter error (maybe fixed)      : 0
        Drift error (maybe fixed)            : 0
        Dropped bytes error (maybe fixed)    : 0
        Duplicated bytes error (maybe fixed) : 0

Track 10

    CRC32 hash             : 6BE62716
    CRC32 hash (skip zero) : 31F23297
    AccurateRip signature  : 7A7AA4D7
        ->Accurately ripped! (confidence 13)
    Statistics
        Read error                           : 0
        Skipped (treated as error)           : 0
        Edge jitter error (maybe fixed)      : 0
        Atom jitter error (maybe fixed)      : 0
        Drift error (maybe fixed)            : 0
        Dropped bytes error (maybe fixed)    : 0
        Duplicated bytes error (maybe fixed) : 0

Track 11

    CRC32 hash             : CA0179DE
    CRC32 hash (skip zero) : F159B203
    AccurateRip signature  : 13F024E0
        ->Accurately ripped! (confidence 13)
    Statistics
        Read error                           : 0
        Skipped (treated as error)           : 0
        Edge jitter error (maybe fixed)      : 0
        Atom jitter error (maybe fixed)      : 0
        Drift error (maybe fixed)            : 0
        Dropped bytes error (maybe fixed)    : 0
        Duplicated bytes error (maybe fixed) : 0

Track 12
    Pre-gap length : 00:03:55

    CRC32 hash             : AC9F6D56
    CRC32 hash (skip zero) : 223B0990
    AccurateRip signature  : 436E5555
        ->Accurately ripped! (confidence 12)
    Statistics
        Read error                           : 0
        Skipped (treated as error)           : 0
        Edge jitter error (maybe fixed)      : 0
        Atom jitter error (maybe fixed)      : 0
        Drift error (maybe fixed)            : 0
        Dropped bytes error (maybe fixed)    : 0
        Duplicated bytes error (maybe fixed) : 0

Track 13
    Pre-gap length : 00:01:53

    CRC32 hash             : 2F75BF56
    CRC32 hash (skip zero) : B211831B
    AccurateRip signature  : A31F5D0F
        ->Accurately ripped! (confidence 14)
    Statistics
        Read error                           : 0
        Skipped (treated as error)           : 0
        Edge jitter error (maybe fixed)      : 0
        Atom jitter error (maybe fixed)      : 0
        Drift error (maybe fixed)            : 0
        Dropped bytes error (maybe fixed)    : 0
        Duplicated bytes error (maybe fixed) : 0

Track 14
    Pre-gap length : 00:01:53

    CRC32 hash             : 6F1812DF
    CRC32 hash (skip zero) : 46B80C5D
    AccurateRip signature  : 56BC7D16
        ->Accurately ripped! (confidence 13)
    Statistics
        Read error                           : 0
        Skipped (treated as error)           : 0
        Edge jitter error (maybe fixed)      : 0
        Atom jitter error (maybe fixed)      : 0
        Drift error (maybe fixed)            : 0
        Dropped bytes error (maybe fixed)    : 0
        Duplicated bytes error (maybe fixed) : 0

No errors occurred

End of status report
