X Lossless Decoder version 20110417 (131.0)

XLD extraction logfile from 2011-04-30 09:42:56 +0900

Electric Light Orchestra / The Gold Collection

Used drive : MATSHITA DVD-R   UJ-868 (revision KB19)

Ripper mode             : CDParanoia III 10.2
Disable audio cache     : OK for the drive with a cache less than 2750KiB
Make use of C2 pointers : NO
Read offset correction  : 102
Max retry count         : 100
Gap status              : Analyzed, Appended

TOC of the extracted CD
     Track |   Start  |  Length  | Start sector | End sector 
    ---------------------------------------------------------
        1  | 00:00:33 | 05:32:17 |        33    |    24949   
        2  | 05:32:50 | 05:04:55 |     24950    |    47804   
        3  | 10:37:30 | 04:06:40 |     47805    |    66294   
        4  | 14:43:70 | 03:18:15 |     66295    |    81159   
        5  | 18:02:10 | 04:23:30 |     81160    |   100914   
        6  | 22:25:40 | 06:53:20 |    100915    |   131909   
        7  | 29:18:60 | 03:57:13 |    131910    |   149697   
        8  | 33:15:73 | 06:45:72 |    149698    |   180144   
        9  | 40:01:70 | 06:04:00 |    180145    |   207444   
       10  | 46:05:70 | 03:23:35 |    207445    |   222704   
       11  | 49:29:30 | 04:11:38 |    222705    |   241567   
       12  | 53:40:68 | 03:01:07 |    241568    |   255149   
       13  | 56:42:00 | 04:49:05 |    255150    |   276829   
       14  | 61:31:05 | 07:17:70 |    276830    |   309674   

List of alternate offset correction values
        #  | Absolute | Relative | Confidence 
    ------------------------------------------
        1  |   -169   |   -271   |     41     
        2  |   -863   |   -965   |      2     
        3  |    108   |      6   |      2     

AccurateRip Summary
    Track 01 : OK (confidence 22)
    Track 02 : OK (confidence 22)
    Track 03 : OK (confidence 22)
    Track 04 : OK (confidence 22)
    Track 05 : OK (confidence 22)
    Track 06 : OK (confidence 22)
    Track 07 : OK (confidence 22)
    Track 08 : OK (confidence 22)
    Track 09 : OK (confidence 21)
    Track 10 : OK (confidence 20)
    Track 11 : OK (confidence 21)
    Track 12 : OK (confidence 19)
    Track 13 : OK (confidence 20)
    Track 14 : NG
        ->13 track(s) accurately ripped, 1 track(s) not, 0 track(s) not found

All Tracks
    Filename : /Users/m4c/Public/flac/The Gold Collection.flac
    CRC32 hash             : 3024677E
    CRC32 hash (skip zero) : ED53A150
    Statistics
        Read error                           : 0
        Skipped (treated as error)           : 0
        Edge jitter error (maybe fixed)      : 2
        Atom jitter error (maybe fixed)      : 0
        Drift error (maybe fixed)            : 0
        Dropped bytes error (maybe fixed)    : 2
        Duplicated bytes error (maybe fixed) : 1

Track 01
    Pre-gap length : 00:02:33

    CRC32 hash             : 7F3EB859
    CRC32 hash (skip zero) : 11C763F2
    AccurateRip signature  : D7206EF8
        ->Accurately ripped! (confidence 22)
    Statistics
        Read error                           : 0
        Skipped (treated as error)           : 0
        Edge jitter error (maybe fixed)      : 0
        Atom jitter error (maybe fixed)      : 0
        Drift error (maybe fixed)            : 0
        Dropped bytes error (maybe fixed)    : 0
        Duplicated bytes error (maybe fixed) : 0

Track 02
    Pre-gap length : 00:01:30

    CRC32 hash             : 1A60658B
    CRC32 hash (skip zero) : 4424ECA3
    AccurateRip signature  : E6410367
        ->Accurately ripped! (confidence 22)
    Statistics
        Read error                           : 0
        Skipped (treated as error)           : 0
        Edge jitter error (maybe fixed)      : 0
        Atom jitter error (maybe fixed)      : 0
        Drift error (maybe fixed)            : 0
        Dropped bytes error (maybe fixed)    : 0
        Duplicated bytes error (maybe fixed) : 0

Track 03
    Pre-gap length : 00:01:45

    CRC32 hash             : 5D2415F9
    CRC32 hash (skip zero) : 83591E3A
    AccurateRip signature  : 0AABEED6
        ->Accurately ripped! (confidence 22)
    Statistics
        Read error                           : 0
        Skipped (treated as error)           : 0
        Edge jitter error (maybe fixed)      : 0
        Atom jitter error (maybe fixed)      : 0
        Drift error (maybe fixed)            : 0
        Dropped bytes error (maybe fixed)    : 0
        Duplicated bytes error (maybe fixed) : 0

Track 04
    Pre-gap length : 00:00:40

    CRC32 hash             : 34B1EC32
    CRC32 hash (skip zero) : 8770FDD5
    AccurateRip signature  : 6FF42D6D
        ->Accurately ripped! (confidence 22)
    Statistics
        Read error                           : 0
        Skipped (treated as error)           : 0
        Edge jitter error (maybe fixed)      : 0
        Atom jitter error (maybe fixed)      : 0
        Drift error (maybe fixed)            : 0
        Dropped bytes error (maybe fixed)    : 0
        Duplicated bytes error (maybe fixed) : 0

Track 05
    Pre-gap length : 00:01:52

    CRC32 hash             : C6311A0C
    CRC32 hash (skip zero) : 0CEF5F84
    AccurateRip signature  : B3D03E0C
        ->Accurately ripped! (confidence 22)
    Statistics
        Read error                           : 0
        Skipped (treated as error)           : 0
        Edge jitter error (maybe fixed)      : 0
        Atom jitter error (maybe fixed)      : 0
        Drift error (maybe fixed)            : 0
        Dropped bytes error (maybe fixed)    : 0
        Duplicated bytes error (maybe fixed) : 0

Track 06
    Pre-gap length : 00:01:37

    CRC32 hash             : A419372E
    CRC32 hash (skip zero) : 4F786244
    AccurateRip signature  : D1238BF9
        ->Accurately ripped! (confidence 22)
    Statistics
        Read error                           : 0
        Skipped (treated as error)           : 0
        Edge jitter error (maybe fixed)      : 0
        Atom jitter error (maybe fixed)      : 0
        Drift error (maybe fixed)            : 0
        Dropped bytes error (maybe fixed)    : 0
        Duplicated bytes error (maybe fixed) : 0

Track 07
    Pre-gap length : 00:01:57

    CRC32 hash             : 33E70225
    CRC32 hash (skip zero) : 6F818A3E
    AccurateRip signature  : C54E05BF
        ->Accurately ripped! (confidence 22)
    Statistics
        Read error                           : 0
        Skipped (treated as error)           : 0
        Edge jitter error (maybe fixed)      : 0
        Atom jitter error (maybe fixed)      : 0
        Drift error (maybe fixed)            : 0
        Dropped bytes error (maybe fixed)    : 0
        Duplicated bytes error (maybe fixed) : 0

Track 08
    Pre-gap length : 00:00:48

    CRC32 hash             : 1346FA08
    CRC32 hash (skip zero) : 85947205
    AccurateRip signature  : D951A697
        ->Accurately ripped! (confidence 22)
    Statistics
        Read error                           : 0
        Skipped (treated as error)           : 0
        Edge jitter error (maybe fixed)      : 0
        Atom jitter error (maybe fixed)      : 0
        Drift error (maybe fixed)            : 0
        Dropped bytes error (maybe fixed)    : 0
        Duplicated bytes error (maybe fixed) : 0

Track 09
    Pre-gap length : 00:01:65

    CRC32 hash             : 87032D43
    CRC32 hash (skip zero) : 6E96CA91
    AccurateRip signature  : 318F6087
        ->Accurately ripped! (confidence 21)
    Statistics
        Read error                           : 0
        Skipped (treated as error)           : 0
        Edge jitter error (maybe fixed)      : 0
        Atom jitter error (maybe fixed)      : 0
        Drift error (maybe fixed)            : 0
        Dropped bytes error (maybe fixed)    : 0
        Duplicated bytes error (maybe fixed) : 0

Track 10
    Pre-gap length : 00:02:00

    CRC32 hash             : F87CCEB5
    CRC32 hash (skip zero) : 93A778D7
    AccurateRip signature  : 91B64EDC
        ->Accurately ripped! (confidence 20)
    Statistics
        Read error                           : 0
        Skipped (treated as error)           : 0
        Edge jitter error (maybe fixed)      : 0
        Atom jitter error (maybe fixed)      : 0
        Drift error (maybe fixed)            : 0
        Dropped bytes error (maybe fixed)    : 0
        Duplicated bytes error (maybe fixed) : 0

Track 11
    Pre-gap length : 00:02:10

    CRC32 hash             : F90D7068
    CRC32 hash (skip zero) : 29222FD1
    AccurateRip signature  : E26CE022
        ->Accurately ripped! (confidence 21)
    Statistics
        Read error                           : 0
        Skipped (treated as error)           : 0
        Edge jitter error (maybe fixed)      : 0
        Atom jitter error (maybe fixed)      : 0
        Drift error (maybe fixed)            : 0
        Dropped bytes error (maybe fixed)    : 0
        Duplicated bytes error (maybe fixed) : 0

Track 12
    Pre-gap length : 00:01:45

    CRC32 hash             : 74243D8C
    CRC32 hash (skip zero) : 592C1EE3
    AccurateRip signature  : 2F9E62E7
        ->Accurately ripped! (confidence 19)
    Statistics
        Read error                           : 0
        Skipped (treated as error)           : 0
        Edge jitter error (maybe fixed)      : 0
        Atom jitter error (maybe fixed)      : 0
        Drift error (maybe fixed)            : 0
        Dropped bytes error (maybe fixed)    : 0
        Duplicated bytes error (maybe fixed) : 0

Track 13
    Pre-gap length : 00:01:32

    CRC32 hash             : 509CC36A
    CRC32 hash (skip zero) : A92A6093
    AccurateRip signature  : D98B5749
        ->Accurately ripped! (confidence 20)
    Statistics
        Read error                           : 0
        Skipped (treated as error)           : 0
        Edge jitter error (maybe fixed)      : 1
        Atom jitter error (maybe fixed)      : 0
        Drift error (maybe fixed)            : 0
        Dropped bytes error (maybe fixed)    : 1
        Duplicated bytes error (maybe fixed) : 1

Track 14
    Pre-gap length : 00:02:12

    CRC32 hash             : 4865CED5
    CRC32 hash (skip zero) : 9D93E754
    AccurateRip signature  : 5C58E98D
        ->Rip may not be accurate.
    Statistics
        Read error                           : 0
        Skipped (treated as error)           : 0
        Edge jitter error (maybe fixed)      : 1
        Atom jitter error (maybe fixed)      : 0
        Drift error (maybe fixed)            : 0
        Dropped bytes error (maybe fixed)    : 1
        Duplicated bytes error (maybe fixed) : 0

No errors occurred

End of status report
