X Lossless Decoder version 20110417 (131.0)

XLD extraction logfile from 2011-04-20 22:16:02 +0900

10cc / 10cc

Used drive : HL-DT-ST BD-RE  BH10NS30 (revision EL00)

Ripper mode             : CDParanoia III 10.2
Disable audio cache     : OK for the drive with a cache less than 2750KiB
Make use of C2 pointers : NO
Read offset correction  : 667
Max retry count         : 100
Gap status              : Analyzed, Appended

TOC of the extracted CD
     Track |   Start  |  Length  | Start sector | End sector 
    ---------------------------------------------------------
        1  | 00:00:33 | 05:16:70 |        33    |    23802   
        2  | 05:17:28 | 02:55:07 |     23803    |    36934   
        3  | 08:12:35 | 03:39:35 |     36935    |    53394   
        4  | 11:51:70 | 03:38:53 |     53395    |    69797   
        5  | 15:30:48 | 03:50:02 |     69798    |    87049   
        6  | 19:20:50 | 03:04:15 |     87050    |   100864   
        7  | 22:24:65 | 03:05:53 |    100865    |   114792   
        8  | 25:30:43 | 02:43:30 |    114793    |   127047   
        9  | 28:13:73 | 03:05:67 |    127048    |   140989   
       10  | 31:19:65 | 03:32:08 |    140990    |   156897   

AccurateRip Summary
    Track 01 : OK (confidence 7)
    Track 02 : OK (confidence 7)
    Track 03 : OK (confidence 7)
    Track 04 : OK (confidence 7)
    Track 05 : OK (confidence 7)
    Track 06 : OK (confidence 7)
    Track 07 : OK (confidence 7)
    Track 08 : OK (confidence 7)
    Track 09 : OK (confidence 7)
    Track 10 : OK (confidence 5)
        ->All tracks accurately ripped.

All Tracks
    Filename : /Users/angelicalbite/Music/flac/10cc.flac
    CRC32 hash             : 9A46BF61
    CRC32 hash (skip zero) : 4D11AA26
    Statistics
        Read error                           : 0
        Skipped (treated as error)           : 0
        Edge jitter error (maybe fixed)      : 0
        Atom jitter error (maybe fixed)      : 0
        Drift error (maybe fixed)            : 0
        Dropped bytes error (maybe fixed)    : 0
        Duplicated bytes error (maybe fixed) : 0

Track 01
    Pre-gap length : 00:02:33

    CRC32 hash             : 6B83D746
    CRC32 hash (skip zero) : 9234A27F
    AccurateRip signature  : 83AC214C
        ->Accurately ripped! (confidence 7)
    Statistics
        Read error                           : 0
        Skipped (treated as error)           : 0
        Edge jitter error (maybe fixed)      : 0
        Atom jitter error (maybe fixed)      : 0
        Drift error (maybe fixed)            : 0
        Dropped bytes error (maybe fixed)    : 0
        Duplicated bytes error (maybe fixed) : 0

Track 02
    Pre-gap length : 00:00:40

    CRC32 hash             : 46344BA7
    CRC32 hash (skip zero) : 848CF409
    AccurateRip signature  : 6E2F112E
        ->Accurately ripped! (confidence 7)
    Statistics
        Read error                           : 0
        Skipped (treated as error)           : 0
        Edge jitter error (maybe fixed)      : 0
        Atom jitter error (maybe fixed)      : 0
        Drift error (maybe fixed)            : 0
        Dropped bytes error (maybe fixed)    : 0
        Duplicated bytes error (maybe fixed) : 0

Track 03
    Pre-gap length : 00:00:65

    CRC32 hash             : 378F8C08
    CRC32 hash (skip zero) : 35B50D0B
    AccurateRip signature  : F626BBDC
        ->Accurately ripped! (confidence 7)
    Statistics
        Read error                           : 0
        Skipped (treated as error)           : 0
        Edge jitter error (maybe fixed)      : 0
        Atom jitter error (maybe fixed)      : 0
        Drift error (maybe fixed)            : 0
        Dropped bytes error (maybe fixed)    : 0
        Duplicated bytes error (maybe fixed) : 0

Track 04
    Pre-gap length : 00:02:32

    CRC32 hash             : 5A4B71A7
    CRC32 hash (skip zero) : EB96B6F4
    AccurateRip signature  : 7CA3B4E9
        ->Accurately ripped! (confidence 7)
    Statistics
        Read error                           : 0
        Skipped (treated as error)           : 0
        Edge jitter error (maybe fixed)      : 0
        Atom jitter error (maybe fixed)      : 0
        Drift error (maybe fixed)            : 0
        Dropped bytes error (maybe fixed)    : 0
        Duplicated bytes error (maybe fixed) : 0

Track 05
    Pre-gap length : 00:00:28

    CRC32 hash             : D4565100
    CRC32 hash (skip zero) : 86CEADD8
    AccurateRip signature  : D76B9CC5
        ->Accurately ripped! (confidence 7)
    Statistics
        Read error                           : 0
        Skipped (treated as error)           : 0
        Edge jitter error (maybe fixed)      : 0
        Atom jitter error (maybe fixed)      : 0
        Drift error (maybe fixed)            : 0
        Dropped bytes error (maybe fixed)    : 0
        Duplicated bytes error (maybe fixed) : 0

Track 06
    Pre-gap length : 00:00:37

    CRC32 hash             : D89D24A7
    CRC32 hash (skip zero) : 47C318DA
    AccurateRip signature  : 2433D360
        ->Accurately ripped! (confidence 7)
    Statistics
        Read error                           : 0
        Skipped (treated as error)           : 0
        Edge jitter error (maybe fixed)      : 0
        Atom jitter error (maybe fixed)      : 0
        Drift error (maybe fixed)            : 0
        Dropped bytes error (maybe fixed)    : 0
        Duplicated bytes error (maybe fixed) : 0

Track 07
    Pre-gap length : 00:01:02

    CRC32 hash             : 882BEB87
    CRC32 hash (skip zero) : 2C77243E
    AccurateRip signature  : A0E2F820
        ->Accurately ripped! (confidence 7)
    Statistics
        Read error                           : 0
        Skipped (treated as error)           : 0
        Edge jitter error (maybe fixed)      : 0
        Atom jitter error (maybe fixed)      : 0
        Drift error (maybe fixed)            : 0
        Dropped bytes error (maybe fixed)    : 0
        Duplicated bytes error (maybe fixed) : 0

Track 08
    Pre-gap length : 00:00:53

    CRC32 hash             : 993D1BD6
    CRC32 hash (skip zero) : A8E443A9
    AccurateRip signature  : B9214106
        ->Accurately ripped! (confidence 7)
    Statistics
        Read error                           : 0
        Skipped (treated as error)           : 0
        Edge jitter error (maybe fixed)      : 0
        Atom jitter error (maybe fixed)      : 0
        Drift error (maybe fixed)            : 0
        Dropped bytes error (maybe fixed)    : 0
        Duplicated bytes error (maybe fixed) : 0

Track 09
    Pre-gap length : 00:00:48

    CRC32 hash             : A4572E76
    CRC32 hash (skip zero) : C876199B
    AccurateRip signature  : 32753827
        ->Accurately ripped! (confidence 7)
    Statistics
        Read error                           : 0
        Skipped (treated as error)           : 0
        Edge jitter error (maybe fixed)      : 0
        Atom jitter error (maybe fixed)      : 0
        Drift error (maybe fixed)            : 0
        Dropped bytes error (maybe fixed)    : 0
        Duplicated bytes error (maybe fixed) : 0

Track 10
    Pre-gap length : 00:01:67

    CRC32 hash             : FC35A344
    CRC32 hash (skip zero) : 4B932458
    AccurateRip signature  : 2A6CE31B
        ->Accurately ripped! (confidence 5)
    Statistics
        Read error                           : 0
        Skipped (treated as error)           : 0
        Edge jitter error (maybe fixed)      : 0
        Atom jitter error (maybe fixed)      : 0
        Drift error (maybe fixed)            : 0
        Dropped bytes error (maybe fixed)    : 0
        Duplicated bytes error (maybe fixed) : 0

No errors occurred

End of status report
