X Lossless Decoder version 20110417 (131.0)

XLD extraction logfile from 2011-04-21 08:01:22 +0900

10cc / Deceptive Bends

Used drive : MATSHITA DVD-R   UJ-868 (revision KB19)

Ripper mode             : CDParanoia III 10.2
Disable audio cache     : OK for the drive with a cache less than 2750KiB
Make use of C2 pointers : NO
Read offset correction  : 102
Max retry count         : 100
Gap status              : Analyzed, Appended

TOC of the extracted CD
     Track |   Start  |  Length  | Start sector | End sector 
    ---------------------------------------------------------
        1  | 00:00:33 | 02:56:00 |        33    |    13232   
        2  | 02:56:33 | 03:32:00 |     13233    |    29132   
        3  | 06:28:33 | 04:06:00 |     29133    |    47582   
        4  | 10:34:33 | 03:48:00 |     47583    |    64682   
        5  | 14:22:33 | 05:37:00 |     64683    |    89957   
        6  | 19:59:33 | 02:50:00 |     89958    |   102707   
        7  | 22:49:33 | 01:48:00 |    102708    |   110807   
        8  | 24:37:33 | 03:40:00 |    110808    |   127307   
        9  | 28:17:33 | 11:29:37 |    127308    |   179019   

List of alternate offset correction values
        #  | Absolute | Relative | Confidence 
    ------------------------------------------
        1  |    706   |    604   |     21     

AccurateRip Summary
    Track 01 : OK (confidence 14)
    Track 02 : OK (confidence 14)
    Track 03 : OK (confidence 15)
    Track 04 : OK (confidence 14)
    Track 05 : OK (confidence 14)
    Track 06 : OK (confidence 14)
    Track 07 : OK (confidence 14)
    Track 08 : OK (confidence 14)
    Track 09 : OK (confidence 15)
        ->All tracks accurately ripped.

All Tracks
    Filename : /Users/m4c/Public/flac/Deceptive Bends.flac
    CRC32 hash             : 14FB4DBB
    CRC32 hash (skip zero) : F62E3049
    Statistics
        Read error                           : 0
        Skipped (treated as error)           : 0
        Edge jitter error (maybe fixed)      : 0
        Atom jitter error (maybe fixed)      : 0
        Drift error (maybe fixed)            : 0
        Dropped bytes error (maybe fixed)    : 0
        Duplicated bytes error (maybe fixed) : 0

Track 01
    Pre-gap length : 00:02:33

    CRC32 hash             : BB668395
    CRC32 hash (skip zero) : C800624A
    AccurateRip signature  : B1F846BE
        ->Accurately ripped! (confidence 14)
    Statistics
        Read error                           : 0
        Skipped (treated as error)           : 0
        Edge jitter error (maybe fixed)      : 0
        Atom jitter error (maybe fixed)      : 0
        Drift error (maybe fixed)            : 0
        Dropped bytes error (maybe fixed)    : 0
        Duplicated bytes error (maybe fixed) : 0

Track 02
    Pre-gap length : 00:02:63

    CRC32 hash             : 64793B28
    CRC32 hash (skip zero) : 02C3EA6A
    AccurateRip signature  : 9658ACF5
        ->Accurately ripped! (confidence 14)
    Statistics
        Read error                           : 0
        Skipped (treated as error)           : 0
        Edge jitter error (maybe fixed)      : 0
        Atom jitter error (maybe fixed)      : 0
        Drift error (maybe fixed)            : 0
        Dropped bytes error (maybe fixed)    : 0
        Duplicated bytes error (maybe fixed) : 0

Track 03
    Pre-gap length : 00:01:50

    CRC32 hash             : 37CEA477
    CRC32 hash (skip zero) : B813BCC1
    AccurateRip signature  : 4A9B9C8F
        ->Accurately ripped! (confidence 15)
    Statistics
        Read error                           : 0
        Skipped (treated as error)           : 0
        Edge jitter error (maybe fixed)      : 0
        Atom jitter error (maybe fixed)      : 0
        Drift error (maybe fixed)            : 0
        Dropped bytes error (maybe fixed)    : 0
        Duplicated bytes error (maybe fixed) : 0

Track 04
    Pre-gap length : 00:02:63

    CRC32 hash             : BE4985FC
    CRC32 hash (skip zero) : F5A53B36
    AccurateRip signature  : 7C4EB2F1
        ->Accurately ripped! (confidence 14)
    Statistics
        Read error                           : 0
        Skipped (treated as error)           : 0
        Edge jitter error (maybe fixed)      : 0
        Atom jitter error (maybe fixed)      : 0
        Drift error (maybe fixed)            : 0
        Dropped bytes error (maybe fixed)    : 0
        Duplicated bytes error (maybe fixed) : 0

Track 05
    Pre-gap length : 00:02:63

    CRC32 hash             : 778B926D
    CRC32 hash (skip zero) : BDF6EA63
    AccurateRip signature  : 06EB0D56
        ->Accurately ripped! (confidence 14)
    Statistics
        Read error                           : 0
        Skipped (treated as error)           : 0
        Edge jitter error (maybe fixed)      : 0
        Atom jitter error (maybe fixed)      : 0
        Drift error (maybe fixed)            : 0
        Dropped bytes error (maybe fixed)    : 0
        Duplicated bytes error (maybe fixed) : 0

Track 06
    Pre-gap length : 00:01:38

    CRC32 hash             : 5853EA5B
    CRC32 hash (skip zero) : E2CA32C7
    AccurateRip signature  : 8843C472
        ->Accurately ripped! (confidence 14)
    Statistics
        Read error                           : 0
        Skipped (treated as error)           : 0
        Edge jitter error (maybe fixed)      : 0
        Atom jitter error (maybe fixed)      : 0
        Drift error (maybe fixed)            : 0
        Dropped bytes error (maybe fixed)    : 0
        Duplicated bytes error (maybe fixed) : 0

Track 07
    Pre-gap length : 00:02:38

    CRC32 hash             : B8AC5CE9
    CRC32 hash (skip zero) : 6A9F9C56
    AccurateRip signature  : 61AA4F9B
        ->Accurately ripped! (confidence 14)
    Statistics
        Read error                           : 0
        Skipped (treated as error)           : 0
        Edge jitter error (maybe fixed)      : 0
        Atom jitter error (maybe fixed)      : 0
        Drift error (maybe fixed)            : 0
        Dropped bytes error (maybe fixed)    : 0
        Duplicated bytes error (maybe fixed) : 0

Track 08
    Pre-gap length : 00:01:63

    CRC32 hash             : 60E628AB
    CRC32 hash (skip zero) : A3C6143D
    AccurateRip signature  : 076BE808
        ->Accurately ripped! (confidence 14)
    Statistics
        Read error                           : 0
        Skipped (treated as error)           : 0
        Edge jitter error (maybe fixed)      : 0
        Atom jitter error (maybe fixed)      : 0
        Drift error (maybe fixed)            : 0
        Dropped bytes error (maybe fixed)    : 0
        Duplicated bytes error (maybe fixed) : 0

Track 09
    Pre-gap length : 00:03:38

    CRC32 hash             : A2526B0B
    CRC32 hash (skip zero) : 1F062E65
    AccurateRip signature  : 3B4A261E
        ->Accurately ripped! (confidence 15)
    Statistics
        Read error                           : 0
        Skipped (treated as error)           : 0
        Edge jitter error (maybe fixed)      : 0
        Atom jitter error (maybe fixed)      : 0
        Drift error (maybe fixed)            : 0
        Dropped bytes error (maybe fixed)    : 0
        Duplicated bytes error (maybe fixed) : 0

No errors occurred

End of status report
