X Lossless Decoder version 20110502 (132.0)

XLD extraction logfile from 2011-05-05 19:40:05 +0900

10cc / Look Hear? + 2 (remastered in 2006)

Used drive : HL-DT-ST BD-RE  BH10NS30 (revision EL00)

Ripper mode             : CDParanoia III 10.2
Disable audio cache     : OK for the drive with a cache less than 2750KiB
Make use of C2 pointers : NO
Read offset correction  : 667
Max retry count         : 100
Gap status              : Analyzed, Appended

TOC of the extracted CD
     Track |   Start  |  Length  | Start sector | End sector 
    ---------------------------------------------------------
        1  | 00:00:00 | 05:16:25 |         0    |    23724   
        2  | 05:16:25 | 03:43:21 |     23725    |    40470   
        3  | 08:59:46 | 03:39:08 |     40471    |    56903   
        4  | 12:38:54 | 03:19:42 |     56904    |    71870   
        5  | 15:58:21 | 05:15:13 |     71871    |    95508   
        6  | 21:13:34 | 04:03:13 |     95509    |   113746   
        7  | 25:16:47 | 03:30:25 |    113747    |   129521   
        8  | 28:46:72 | 05:09:29 |    129522    |   152725   
        9  | 33:56:26 | 02:56:01 |    152726    |   165926   
       10  | 36:52:27 | 03:42:64 |    165927    |   182640   
       11  | 40:35:16 | 04:34:65 |    182641    |   203255   
       12  | 45:10:06 | 04:06:02 |    203256    |   221707   
       13  | 49:16:08 | 03:14:33 |    221708    |   236290   

AccurateRip Summary
    Disc not found in AccurateRip DB.

All Tracks
    Filename : /Users/angelicalbite/Music/flac/Look Hear? + 2 (remastered in 2006).flac
    CRC32 hash             : AFD2570B
    CRC32 hash (skip zero) : E066FF46
    Statistics
        Read error                           : 0
        Skipped (treated as error)           : 0
        Edge jitter error (maybe fixed)      : 0
        Atom jitter error (maybe fixed)      : 0
        Drift error (maybe fixed)            : 0
        Dropped bytes error (maybe fixed)    : 0
        Duplicated bytes error (maybe fixed) : 0

Track 01
    Pre-gap length : 00:02:00

    CRC32 hash             : 05108B69
    CRC32 hash (skip zero) : 7E4AC99C
    AccurateRip signature  : 0A2640D9
        ->Track not present in AccurateRip database.
    Statistics
        Read error                           : 0
        Skipped (treated as error)           : 0
        Edge jitter error (maybe fixed)      : 0
        Atom jitter error (maybe fixed)      : 0
        Drift error (maybe fixed)            : 0
        Dropped bytes error (maybe fixed)    : 0
        Duplicated bytes error (maybe fixed) : 0

Track 02
    Pre-gap length : 00:03:65

    CRC32 hash             : F65FAB47
    CRC32 hash (skip zero) : 2475EACF
    AccurateRip signature  : 70BB8C6F
        ->Track not present in AccurateRip database.
    Statistics
        Read error                           : 0
        Skipped (treated as error)           : 0
        Edge jitter error (maybe fixed)      : 0
        Atom jitter error (maybe fixed)      : 0
        Drift error (maybe fixed)            : 0
        Dropped bytes error (maybe fixed)    : 0
        Duplicated bytes error (maybe fixed) : 0

Track 03
    Pre-gap length : 00:01:21

    CRC32 hash             : 77E8C9BE
    CRC32 hash (skip zero) : 65896AD4
    AccurateRip signature  : 6512CEB2
        ->Track not present in AccurateRip database.
    Statistics
        Read error                           : 0
        Skipped (treated as error)           : 0
        Edge jitter error (maybe fixed)      : 0
        Atom jitter error (maybe fixed)      : 0
        Drift error (maybe fixed)            : 0
        Dropped bytes error (maybe fixed)    : 0
        Duplicated bytes error (maybe fixed) : 0

Track 04
    Pre-gap length : 00:01:16

    CRC32 hash             : 9903FEAE
    CRC32 hash (skip zero) : 49F70FD4
    AccurateRip signature  : D84783E0
        ->Track not present in AccurateRip database.
    Statistics
        Read error                           : 0
        Skipped (treated as error)           : 0
        Edge jitter error (maybe fixed)      : 0
        Atom jitter error (maybe fixed)      : 0
        Drift error (maybe fixed)            : 0
        Dropped bytes error (maybe fixed)    : 0
        Duplicated bytes error (maybe fixed) : 0

Track 05
    Pre-gap length : 00:02:39

    CRC32 hash             : D5B57E3B
    CRC32 hash (skip zero) : 83387053
    AccurateRip signature  : 5FB06032
        ->Track not present in AccurateRip database.
    Statistics
        Read error                           : 0
        Skipped (treated as error)           : 0
        Edge jitter error (maybe fixed)      : 0
        Atom jitter error (maybe fixed)      : 0
        Drift error (maybe fixed)            : 0
        Dropped bytes error (maybe fixed)    : 0
        Duplicated bytes error (maybe fixed) : 0

Track 06
    Pre-gap length : 00:01:61

    CRC32 hash             : 61BD4DEF
    CRC32 hash (skip zero) : 820E5A2F
    AccurateRip signature  : 840DE561
        ->Track not present in AccurateRip database.
    Statistics
        Read error                           : 0
        Skipped (treated as error)           : 0
        Edge jitter error (maybe fixed)      : 0
        Atom jitter error (maybe fixed)      : 0
        Drift error (maybe fixed)            : 0
        Dropped bytes error (maybe fixed)    : 0
        Duplicated bytes error (maybe fixed) : 0

Track 07
    Pre-gap length : 00:01:51

    CRC32 hash             : CCAEEBBE
    CRC32 hash (skip zero) : 99A9EF7A
    AccurateRip signature  : 9242AEE2
        ->Track not present in AccurateRip database.
    Statistics
        Read error                           : 0
        Skipped (treated as error)           : 0
        Edge jitter error (maybe fixed)      : 0
        Atom jitter error (maybe fixed)      : 0
        Drift error (maybe fixed)            : 0
        Dropped bytes error (maybe fixed)    : 0
        Duplicated bytes error (maybe fixed) : 0

Track 08
    Pre-gap length : 00:04:17

    CRC32 hash             : 5A0F2ECE
    CRC32 hash (skip zero) : 395E5660
    AccurateRip signature  : F2E40B66
        ->Track not present in AccurateRip database.
    Statistics
        Read error                           : 0
        Skipped (treated as error)           : 0
        Edge jitter error (maybe fixed)      : 0
        Atom jitter error (maybe fixed)      : 0
        Drift error (maybe fixed)            : 0
        Dropped bytes error (maybe fixed)    : 0
        Duplicated bytes error (maybe fixed) : 0

Track 09
    Pre-gap length : 00:03:25

    CRC32 hash             : 789479BD
    CRC32 hash (skip zero) : 60EF5EE4
    AccurateRip signature  : F25A3C4C
        ->Track not present in AccurateRip database.
    Statistics
        Read error                           : 0
        Skipped (treated as error)           : 0
        Edge jitter error (maybe fixed)      : 0
        Atom jitter error (maybe fixed)      : 0
        Drift error (maybe fixed)            : 0
        Dropped bytes error (maybe fixed)    : 0
        Duplicated bytes error (maybe fixed) : 0

Track 10
    Pre-gap length : 00:01:15

    CRC32 hash             : 55E64276
    CRC32 hash (skip zero) : AF5EB04F
    AccurateRip signature  : EDC3B33F
        ->Track not present in AccurateRip database.
    Statistics
        Read error                           : 0
        Skipped (treated as error)           : 0
        Edge jitter error (maybe fixed)      : 0
        Atom jitter error (maybe fixed)      : 0
        Drift error (maybe fixed)            : 0
        Dropped bytes error (maybe fixed)    : 0
        Duplicated bytes error (maybe fixed) : 0

Track 11
    Pre-gap length : 00:00:54

    CRC32 hash             : 3D33E3E4
    CRC32 hash (skip zero) : BC4F0B6A
    AccurateRip signature  : B9D803BE
        ->Track not present in AccurateRip database.
    Statistics
        Read error                           : 0
        Skipped (treated as error)           : 0
        Edge jitter error (maybe fixed)      : 0
        Atom jitter error (maybe fixed)      : 0
        Drift error (maybe fixed)            : 0
        Dropped bytes error (maybe fixed)    : 0
        Duplicated bytes error (maybe fixed) : 0

Track 12
    Pre-gap length : 00:01:62

    CRC32 hash             : E74DD1B5
    CRC32 hash (skip zero) : 6DE69264
    AccurateRip signature  : 6FC0ACF2
        ->Track not present in AccurateRip database.
    Statistics
        Read error                           : 0
        Skipped (treated as error)           : 0
        Edge jitter error (maybe fixed)      : 0
        Atom jitter error (maybe fixed)      : 0
        Drift error (maybe fixed)            : 0
        Dropped bytes error (maybe fixed)    : 0
        Duplicated bytes error (maybe fixed) : 0

Track 13
    Pre-gap length : 00:01:62

    CRC32 hash             : E1C2F0F6
    CRC32 hash (skip zero) : C0C11AE8
    AccurateRip signature  : FB3E25DD
        ->Track not present in AccurateRip database.
    Statistics
        Read error                           : 0
        Skipped (treated as error)           : 0
        Edge jitter error (maybe fixed)      : 0
        Atom jitter error (maybe fixed)      : 0
        Drift error (maybe fixed)            : 0
        Dropped bytes error (maybe fixed)    : 0
        Duplicated bytes error (maybe fixed) : 0

No errors occurred

End of status report
