X Lossless Decoder version 20110417 (131.0)

XLD extraction logfile from 2011-04-20 22:34:40 +0900

10CC / Sheet Music (remastered in 2000)

Used drive : HL-DT-ST BD-RE  BH10NS30 (revision EL00)

Ripper mode             : CDParanoia III 10.2
Disable audio cache     : OK for the drive with a cache less than 2750KiB
Make use of C2 pointers : NO
Read offset correction  : 667
Max retry count         : 100
Gap status              : Analyzed, Appended

TOC of the extracted CD
     Track |   Start  |  Length  | Start sector | End sector 
    ---------------------------------------------------------
        1  | 00:00:00 | 03:54:28 |         0    |    17577   
        2  | 03:54:28 | 02:48:03 |     17578    |    30180   
        3  | 06:42:31 | 04:56:05 |     30181    |    52385   
        4  | 11:38:36 | 03:19:60 |     52386    |    67370   
        5  | 14:58:21 | 02:44:73 |     67371    |    79743   
        6  | 17:43:19 | 04:00:02 |     79744    |    97745   
        7  | 21:43:21 | 06:38:53 |     97746    |   127648   
        8  | 28:21:74 | 03:44:56 |    127649    |   144504   
        9  | 32:06:55 | 02:32:16 |    144505    |   155920   
       10  | 34:38:71 | 02:50:42 |    155921    |   168712   
       11  | 37:29:38 | 03:28:02 |    168713    |   184314   
       12  | 40:57:40 | 03:43:05 |    184315    |   201044   

AccurateRip Summary
    Track 01 : OK (AR2, confidence 2)
    Track 02 : OK (AR2, confidence 2)
    Track 03 : OK (AR2, confidence 2)
    Track 04 : OK (AR2, confidence 2)
    Track 05 : OK (AR2, confidence 2)
    Track 06 : OK (AR2, confidence 2)
    Track 07 : OK (AR2, confidence 2)
    Track 08 : OK (AR2, confidence 2)
    Track 09 : OK (AR2, confidence 2)
    Track 10 : OK (AR2, confidence 2)
    Track 11 : OK (AR2, confidence 2)
    Track 12 : OK (confidence 15)
        ->All tracks accurately ripped.

All Tracks
    Filename : /Users/angelicalbite/Music/flac/Sheet Music (remastered in 2000).flac
    CRC32 hash             : A717E1F2
    CRC32 hash (skip zero) : B91F1527
    Statistics
        Read error                           : 0
        Skipped (treated as error)           : 0
        Edge jitter error (maybe fixed)      : 0
        Atom jitter error (maybe fixed)      : 0
        Drift error (maybe fixed)            : 0
        Dropped bytes error (maybe fixed)    : 0
        Duplicated bytes error (maybe fixed) : 0

Track 01
    Pre-gap length : 00:02:00

    CRC32 hash             : C784328B
    CRC32 hash (skip zero) : 38E8B719
    AccurateRip signature  : DD3E8A55
        ->Accurately ripped! (AR2, confidence 2)
    Statistics
        Read error                           : 0
        Skipped (treated as error)           : 0
        Edge jitter error (maybe fixed)      : 0
        Atom jitter error (maybe fixed)      : 0
        Drift error (maybe fixed)            : 0
        Dropped bytes error (maybe fixed)    : 0
        Duplicated bytes error (maybe fixed) : 0

Track 02
    Pre-gap length : 00:02:00

    CRC32 hash             : F6B986DC
    CRC32 hash (skip zero) : 4B5AAFD5
    AccurateRip signature  : 9C53C4FC
        ->Accurately ripped! (AR2, confidence 2)
    Statistics
        Read error                           : 0
        Skipped (treated as error)           : 0
        Edge jitter error (maybe fixed)      : 0
        Atom jitter error (maybe fixed)      : 0
        Drift error (maybe fixed)            : 0
        Dropped bytes error (maybe fixed)    : 0
        Duplicated bytes error (maybe fixed) : 0

Track 03
    Pre-gap length : 00:02:00

    CRC32 hash             : 9AF5BF9C
    CRC32 hash (skip zero) : 50E89122
    AccurateRip signature  : 5750E31F
        ->Accurately ripped! (AR2, confidence 2)
    Statistics
        Read error                           : 0
        Skipped (treated as error)           : 0
        Edge jitter error (maybe fixed)      : 0
        Atom jitter error (maybe fixed)      : 0
        Drift error (maybe fixed)            : 0
        Dropped bytes error (maybe fixed)    : 0
        Duplicated bytes error (maybe fixed) : 0

Track 04
    Pre-gap length : 00:02:00

    CRC32 hash             : C8B4F694
    CRC32 hash (skip zero) : DB5C9E0A
    AccurateRip signature  : 91E2C3B1
        ->Accurately ripped! (AR2, confidence 2)
    Statistics
        Read error                           : 0
        Skipped (treated as error)           : 0
        Edge jitter error (maybe fixed)      : 0
        Atom jitter error (maybe fixed)      : 0
        Drift error (maybe fixed)            : 0
        Dropped bytes error (maybe fixed)    : 0
        Duplicated bytes error (maybe fixed) : 0

Track 05
    Pre-gap length : 00:02:00

    CRC32 hash             : 278031CA
    CRC32 hash (skip zero) : A5709A97
    AccurateRip signature  : D2951C02
        ->Accurately ripped! (AR2, confidence 2)
    Statistics
        Read error                           : 0
        Skipped (treated as error)           : 0
        Edge jitter error (maybe fixed)      : 0
        Atom jitter error (maybe fixed)      : 0
        Drift error (maybe fixed)            : 0
        Dropped bytes error (maybe fixed)    : 0
        Duplicated bytes error (maybe fixed) : 0

Track 06
    Pre-gap length : 00:02:00

    CRC32 hash             : 6EAB5DF7
    CRC32 hash (skip zero) : 02BDFF68
    AccurateRip signature  : 6EB40679
        ->Accurately ripped! (AR2, confidence 2)
    Statistics
        Read error                           : 0
        Skipped (treated as error)           : 0
        Edge jitter error (maybe fixed)      : 0
        Atom jitter error (maybe fixed)      : 0
        Drift error (maybe fixed)            : 0
        Dropped bytes error (maybe fixed)    : 0
        Duplicated bytes error (maybe fixed) : 0

Track 07
    Pre-gap length : 00:02:00

    CRC32 hash             : CB4B1AFF
    CRC32 hash (skip zero) : F8F89E08
    AccurateRip signature  : A27360F2
        ->Accurately ripped! (AR2, confidence 2)
    Statistics
        Read error                           : 0
        Skipped (treated as error)           : 0
        Edge jitter error (maybe fixed)      : 0
        Atom jitter error (maybe fixed)      : 0
        Drift error (maybe fixed)            : 0
        Dropped bytes error (maybe fixed)    : 0
        Duplicated bytes error (maybe fixed) : 0

Track 08
    Pre-gap length : 00:02:00

    CRC32 hash             : E7B0BD52
    CRC32 hash (skip zero) : D375AEF6
    AccurateRip signature  : 8BC26E51
        ->Accurately ripped! (AR2, confidence 2)
    Statistics
        Read error                           : 0
        Skipped (treated as error)           : 0
        Edge jitter error (maybe fixed)      : 0
        Atom jitter error (maybe fixed)      : 0
        Drift error (maybe fixed)            : 0
        Dropped bytes error (maybe fixed)    : 0
        Duplicated bytes error (maybe fixed) : 0

Track 09
    Pre-gap length : 00:02:00

    CRC32 hash             : BDC1A9DE
    CRC32 hash (skip zero) : 2F33D748
    AccurateRip signature  : 6DD9773D
        ->Accurately ripped! (AR2, confidence 2)
    Statistics
        Read error                           : 0
        Skipped (treated as error)           : 0
        Edge jitter error (maybe fixed)      : 0
        Atom jitter error (maybe fixed)      : 0
        Drift error (maybe fixed)            : 0
        Dropped bytes error (maybe fixed)    : 0
        Duplicated bytes error (maybe fixed) : 0

Track 10
    Pre-gap length : 00:02:00

    CRC32 hash             : B290A413
    CRC32 hash (skip zero) : 7C3A4E27
    AccurateRip signature  : 1C86E1FF
        ->Accurately ripped! (AR2, confidence 2)
    Statistics
        Read error                           : 0
        Skipped (treated as error)           : 0
        Edge jitter error (maybe fixed)      : 0
        Atom jitter error (maybe fixed)      : 0
        Drift error (maybe fixed)            : 0
        Dropped bytes error (maybe fixed)    : 0
        Duplicated bytes error (maybe fixed) : 0

Track 11
    Pre-gap length : 00:02:00

    CRC32 hash             : E6E78042
    CRC32 hash (skip zero) : B3B0C476
    AccurateRip signature  : 55C52B1B
        ->Accurately ripped! (AR2, confidence 2)
    Statistics
        Read error                           : 0
        Skipped (treated as error)           : 0
        Edge jitter error (maybe fixed)      : 0
        Atom jitter error (maybe fixed)      : 0
        Drift error (maybe fixed)            : 0
        Dropped bytes error (maybe fixed)    : 0
        Duplicated bytes error (maybe fixed) : 0

Track 12
    Pre-gap length : 00:02:00

    CRC32 hash             : 2D53A265
    CRC32 hash (skip zero) : F00D32D7
    AccurateRip signature  : 86F1BC7E
        ->Accurately ripped! (confidence 15)
    Statistics
        Read error                           : 0
        Skipped (treated as error)           : 0
        Edge jitter error (maybe fixed)      : 0
        Atom jitter error (maybe fixed)      : 0
        Drift error (maybe fixed)            : 0
        Dropped bytes error (maybe fixed)    : 0
        Duplicated bytes error (maybe fixed) : 0

No errors occurred

End of status report
