X Lossless Decoder version 20110417 (131.0)

XLD extraction logfile from 2011-04-20 22:56:58 +0900

10cc / Sheet Music

Used drive : HL-DT-ST BD-RE  BH10NS30 (revision EL00)

Ripper mode             : CDParanoia III 10.2
Disable audio cache     : OK for the drive with a cache less than 2750KiB
Make use of C2 pointers : NO
Read offset correction  : 667
Max retry count         : 100
Gap status              : Analyzed, Appended

TOC of the extracted CD
     Track |   Start  |  Length  | Start sector | End sector 
    ---------------------------------------------------------
        1  | 00:00:33 | 03:55:25 |        33    |    17682   
        2  | 03:55:58 | 02:48:17 |     17683    |    30299   
        3  | 06:44:00 | 04:57:35 |     30300    |    52609   
        4  | 11:41:35 | 03:23:10 |     52610    |    67844   
        5  | 15:04:45 | 02:46:33 |     67845    |    80327   
        6  | 17:51:03 | 04:02:12 |     80328    |    98489   
        7  | 21:53:15 | 06:41:00 |     98490    |   128564   
        8  | 28:34:15 | 03:48:58 |    128565    |   145722   
        9  | 32:22:73 | 02:34:60 |    145723    |   157332   
       10  | 34:57:58 | 02:50:17 |    157333    |   170099   

AccurateRip Summary
    Track 01 : OK (confidence 10)
    Track 02 : OK (confidence 9)
    Track 03 : OK (confidence 10)
    Track 04 : OK (confidence 10)
    Track 05 : OK (confidence 10)
    Track 06 : OK (confidence 10)
    Track 07 : OK (confidence 10)
    Track 08 : OK (confidence 9)
    Track 09 : OK (confidence 10)
    Track 10 : OK (confidence 9)
        ->All tracks accurately ripped.

All Tracks
    Filename : /Users/angelicalbite/Music/flac/Sheet Music.flac
    CRC32 hash             : C6ED2C65
    CRC32 hash (skip zero) : 5E53E93D
    Statistics
        Read error                           : 0
        Skipped (treated as error)           : 0
        Edge jitter error (maybe fixed)      : 0
        Atom jitter error (maybe fixed)      : 0
        Drift error (maybe fixed)            : 0
        Dropped bytes error (maybe fixed)    : 0
        Duplicated bytes error (maybe fixed) : 0

Track 01
    Pre-gap length : 00:02:33

    CRC32 hash             : 4F9B8772
    CRC32 hash (skip zero) : EF5BAE8D
    AccurateRip signature  : AE1E7D81
        ->Accurately ripped! (confidence 10)
    Statistics
        Read error                           : 0
        Skipped (treated as error)           : 0
        Edge jitter error (maybe fixed)      : 0
        Atom jitter error (maybe fixed)      : 0
        Drift error (maybe fixed)            : 0
        Dropped bytes error (maybe fixed)    : 0
        Duplicated bytes error (maybe fixed) : 0

Track 02
    Pre-gap length : 00:02:55

    CRC32 hash             : 91924B47
    CRC32 hash (skip zero) : 0053C1B7
    AccurateRip signature  : 22796EB4
        ->Accurately ripped! (confidence 9)
    Statistics
        Read error                           : 0
        Skipped (treated as error)           : 0
        Edge jitter error (maybe fixed)      : 0
        Atom jitter error (maybe fixed)      : 0
        Drift error (maybe fixed)            : 0
        Dropped bytes error (maybe fixed)    : 0
        Duplicated bytes error (maybe fixed) : 0

Track 03
    Pre-gap length : 00:01:37

    CRC32 hash             : 61A34109
    CRC32 hash (skip zero) : 409C4A1C
    AccurateRip signature  : BDE62F55
        ->Accurately ripped! (confidence 10)
    Statistics
        Read error                           : 0
        Skipped (treated as error)           : 0
        Edge jitter error (maybe fixed)      : 0
        Atom jitter error (maybe fixed)      : 0
        Drift error (maybe fixed)            : 0
        Dropped bytes error (maybe fixed)    : 0
        Duplicated bytes error (maybe fixed) : 0

Track 04
    Pre-gap length : 00:02:40

    CRC32 hash             : 750C1FB3
    CRC32 hash (skip zero) : FF671E78
    AccurateRip signature  : C8BF9F54
        ->Accurately ripped! (confidence 10)
    Statistics
        Read error                           : 0
        Skipped (treated as error)           : 0
        Edge jitter error (maybe fixed)      : 0
        Atom jitter error (maybe fixed)      : 0
        Drift error (maybe fixed)            : 0
        Dropped bytes error (maybe fixed)    : 0
        Duplicated bytes error (maybe fixed) : 0

Track 05
    Pre-gap length : 00:03:60

    CRC32 hash             : 27F39202
    CRC32 hash (skip zero) : FE4693D0
    AccurateRip signature  : 4504E387
        ->Accurately ripped! (confidence 10)
    Statistics
        Read error                           : 0
        Skipped (treated as error)           : 0
        Edge jitter error (maybe fixed)      : 0
        Atom jitter error (maybe fixed)      : 0
        Drift error (maybe fixed)            : 0
        Dropped bytes error (maybe fixed)    : 0
        Duplicated bytes error (maybe fixed) : 0

Track 06
    Pre-gap length : 00:03:03

    CRC32 hash             : 60E83717
    CRC32 hash (skip zero) : 927E3A57
    AccurateRip signature  : 9AE9E7E5
        ->Accurately ripped! (confidence 10)
    Statistics
        Read error                           : 0
        Skipped (treated as error)           : 0
        Edge jitter error (maybe fixed)      : 0
        Atom jitter error (maybe fixed)      : 0
        Drift error (maybe fixed)            : 0
        Dropped bytes error (maybe fixed)    : 0
        Duplicated bytes error (maybe fixed) : 0

Track 07
    Pre-gap length : 00:03:00

    CRC32 hash             : 4B3AB123
    CRC32 hash (skip zero) : 76BE5243
    AccurateRip signature  : 4BDA1C20
        ->Accurately ripped! (confidence 10)
    Statistics
        Read error                           : 0
        Skipped (treated as error)           : 0
        Edge jitter error (maybe fixed)      : 0
        Atom jitter error (maybe fixed)      : 0
        Drift error (maybe fixed)            : 0
        Dropped bytes error (maybe fixed)    : 0
        Duplicated bytes error (maybe fixed) : 0

Track 08
    Pre-gap length : 00:03:70

    CRC32 hash             : 0CD113BD
    CRC32 hash (skip zero) : 8C995A7A
    AccurateRip signature  : DC6C0262
        ->Accurately ripped! (confidence 9)
    Statistics
        Read error                           : 0
        Skipped (treated as error)           : 0
        Edge jitter error (maybe fixed)      : 0
        Atom jitter error (maybe fixed)      : 0
        Drift error (maybe fixed)            : 0
        Dropped bytes error (maybe fixed)    : 0
        Duplicated bytes error (maybe fixed) : 0

Track 09
    Pre-gap length : 00:05:15

    CRC32 hash             : E860E8D6
    CRC32 hash (skip zero) : 56926AAA
    AccurateRip signature  : 180442C9
        ->Accurately ripped! (confidence 10)
    Statistics
        Read error                           : 0
        Skipped (treated as error)           : 0
        Edge jitter error (maybe fixed)      : 0
        Atom jitter error (maybe fixed)      : 0
        Drift error (maybe fixed)            : 0
        Dropped bytes error (maybe fixed)    : 0
        Duplicated bytes error (maybe fixed) : 0

Track 10
    Pre-gap length : 00:03:68

    CRC32 hash             : 8D9F101D
    CRC32 hash (skip zero) : 368109DA
    AccurateRip signature  : DA93FF27
        ->Accurately ripped! (confidence 9)
    Statistics
        Read error                           : 0
        Skipped (treated as error)           : 0
        Edge jitter error (maybe fixed)      : 0
        Atom jitter error (maybe fixed)      : 0
        Drift error (maybe fixed)            : 0
        Dropped bytes error (maybe fixed)    : 0
        Duplicated bytes error (maybe fixed) : 0

No errors occurred

End of status report
