X Lossless Decoder version 20151214 (149.1)

XLD extraction logfile from 2016-01-02 14:30:45 +0900

Blur / Leisure [Disc 02][BLUR 21 BOX]

Used drive : HL-DT-ST BD-RE  BH10NS30 (revision EL00)
Media type : Pressed CD

Ripper mode             : XLD Secure Ripper
Disable audio cache     : OK for the drive with a cache less than 1375KiB
Make use of C2 pointers : NO
Read offset correction  : 667
Max retry count         : 20
Gap status              : Analyzed, Appended

TOC of the extracted CD
     Track |   Start  |  Length  | Start sector | End sector 
    ---------------------------------------------------------
        1  | 00:00:00 | 06:31:19 |         0    |    29343   
        2  | 06:31:19 | 05:58:47 |     29344    |    56240   
        3  | 12:29:66 | 03:58:38 |     56241    |    74128   
        4  | 16:28:29 | 03:49:33 |     74129    |    91336   
        5  | 20:17:62 | 03:58:60 |     91337    |   109246   
        6  | 24:16:47 | 02:00:18 |    109247    |   118264   
        7  | 26:16:65 | 03:20:14 |    118265    |   133278   
        8  | 29:37:04 | 04:13:74 |    133279    |   152327   
        9  | 33:51:03 | 04:56:65 |    152328    |   174592   
       10  | 38:47:68 | 04:25:64 |    174593    |   194531   
       11  | 43:13:57 | 02:45:21 |    194532    |   206927   
       12  | 45:59:03 | 03:14:02 |    206928    |   221479   
       13  | 49:13:05 | 06:43:27 |    221480    |   251731   
       14  | 55:56:32 | 02:31:24 |    251732    |   263080   
       15  | 58:27:56 | 03:36:33 |    263081    |   279313   
       16  | 62:04:14 | 03:02:66 |    279314    |   293029   

AccurateRip Summary (DiscID: 00286b1c-01da1851-050f4310)
    Track 01 : OK (v1+v2, confidence 51/51)
    Track 02 : OK (v1+v2, confidence 51/51)
    Track 03 : OK (v1+v2, confidence 51/51)
    Track 04 : OK (v1+v2, confidence 51/51)
    Track 05 : OK (v1+v2, confidence 51/51)
    Track 06 : OK (v1+v2, confidence 51/51)
    Track 07 : OK (v1+v2, confidence 51/51)
    Track 08 : OK (v1+v2, confidence 51/51)
    Track 09 : OK (v1+v2, confidence 51/51)
    Track 10 : OK (v1+v2, confidence 51/51)
    Track 11 : OK (v1+v2, confidence 51/51)
    Track 12 : OK (v1+v2, confidence 50/50)
    Track 13 : OK (v1+v2, confidence 51/51)
    Track 14 : OK (v1+v2, confidence 50/50)
    Track 15 : OK (v1+v2, confidence 50/50)
    Track 16 : OK (v1+v2, confidence 48/48)
        ->All tracks accurately ripped.

All Tracks
    Filename : /Volumes/CanvioConnect/tmp/flac/Blur - Leisure [Disc 02][BLUR 21 BOX].flac
    CRC32 hash               : 9B7D6047
    CRC32 hash (skip zero)   : ECA04771
    Statistics
        Read error                           : 0
        Jitter error (maybe fixed)           : 0
        Retry sector count                   : 0
        Damaged sector count                 : 0

Track 01
    Pre-gap length : 00:02:00

    CRC32 hash               : 9B99C73C
    CRC32 hash (skip zero)   : 20B65A4E
    AccurateRip v1 signature : 61378D55
    AccurateRip v2 signature : 30139E7C
        ->Accurately ripped (v1+v2, confidence 6+45/51)
    Statistics
        Read error                           : 0
        Jitter error (maybe fixed)           : 0
        Retry sector count                   : 0
        Damaged sector count                 : 0

Track 02
    Pre-gap length : 00:01:09

    CRC32 hash               : ACC2EC23
    CRC32 hash (skip zero)   : E1AF1B45
    AccurateRip v1 signature : 5A919418
    AccurateRip v2 signature : 292832AD
        ->Accurately ripped (v1+v2, confidence 6+45/51)
    Statistics
        Read error                           : 0
        Jitter error (maybe fixed)           : 0
        Retry sector count                   : 0
        Damaged sector count                 : 0

Track 03
    Pre-gap length : 00:00:73

    CRC32 hash               : 1E32DB5B
    CRC32 hash (skip zero)   : F0F01D90
    AccurateRip v1 signature : DEEB0D41
    AccurateRip v2 signature : DB7A37F0
        ->Accurately ripped (v1+v2, confidence 6+45/51)
    Statistics
        Read error                           : 0
        Jitter error (maybe fixed)           : 0
        Retry sector count                   : 0
        Damaged sector count                 : 0

Track 04
    Pre-gap length : 00:01:00

    CRC32 hash               : 48EED7D5
    CRC32 hash (skip zero)   : 8163101E
    AccurateRip v1 signature : 53364DC9
    AccurateRip v2 signature : 0511E10E
        ->Accurately ripped (v1+v2, confidence 6+45/51)
    Statistics
        Read error                           : 0
        Jitter error (maybe fixed)           : 0
        Retry sector count                   : 0
        Damaged sector count                 : 0

Track 05
    Pre-gap length : 00:00:37

    CRC32 hash               : 87112D65
    CRC32 hash (skip zero)   : 6604A127
    AccurateRip v1 signature : 9ADDE50B
    AccurateRip v2 signature : D2213B35
        ->Accurately ripped (v1+v2, confidence 6+45/51)
    Statistics
        Read error                           : 0
        Jitter error (maybe fixed)           : 0
        Retry sector count                   : 0
        Damaged sector count                 : 0

Track 06
    Pre-gap length : 00:00:74

    CRC32 hash               : 36192E07
    CRC32 hash (skip zero)   : 3D8F671F
    AccurateRip v1 signature : F342D9A0
    AccurateRip v2 signature : 6411D7A7
        ->Accurately ripped (v1+v2, confidence 6+45/51)
    Statistics
        Read error                           : 0
        Jitter error (maybe fixed)           : 0
        Retry sector count                   : 0
        Damaged sector count                 : 0

Track 07
    Pre-gap length : 00:01:00

    CRC32 hash               : 0015A81C
    CRC32 hash (skip zero)   : 1D1E9B7A
    AccurateRip v1 signature : 40DB8349
    AccurateRip v2 signature : C3503CA7
        ->Accurately ripped (v1+v2, confidence 6+45/51)
    Statistics
        Read error                           : 0
        Jitter error (maybe fixed)           : 0
        Retry sector count                   : 0
        Damaged sector count                 : 0

Track 08
    Pre-gap length : 00:01:00

    CRC32 hash               : 6F86BC49
    CRC32 hash (skip zero)   : 90557832
    AccurateRip v1 signature : C9B94A14
    AccurateRip v2 signature : 222C3F24
        ->Accurately ripped (v1+v2, confidence 6+45/51)
    Statistics
        Read error                           : 0
        Jitter error (maybe fixed)           : 0
        Retry sector count                   : 0
        Damaged sector count                 : 0

Track 09
    Pre-gap length : 00:01:00

    CRC32 hash               : 1B90760C
    CRC32 hash (skip zero)   : 3111F68A
    AccurateRip v1 signature : 60A28702
    AccurateRip v2 signature : 30273CA4
        ->Accurately ripped (v1+v2, confidence 6+45/51)
    Statistics
        Read error                           : 0
        Jitter error (maybe fixed)           : 0
        Retry sector count                   : 0
        Damaged sector count                 : 0

Track 10
    Pre-gap length : 00:00:48

    CRC32 hash               : 2F380421
    CRC32 hash (skip zero)   : 331C45DA
    AccurateRip v1 signature : CA28AD60
    AccurateRip v2 signature : 9D19552C
        ->Accurately ripped (v1+v2, confidence 6+45/51)
    Statistics
        Read error                           : 0
        Jitter error (maybe fixed)           : 0
        Retry sector count                   : 0
        Damaged sector count                 : 0

Track 11
    Pre-gap length : 00:01:00

    CRC32 hash               : F8918B25
    CRC32 hash (skip zero)   : AC87A600
    AccurateRip v1 signature : 2B73B862
    AccurateRip v2 signature : CE01537D
        ->Accurately ripped (v1+v2, confidence 6+45/51)
    Statistics
        Read error                           : 0
        Jitter error (maybe fixed)           : 0
        Retry sector count                   : 0
        Damaged sector count                 : 0

Track 12
    Pre-gap length : 00:01:00

    CRC32 hash               : 2C45CF14
    CRC32 hash (skip zero)   : 3C07CAB6
    AccurateRip v1 signature : 6E2163F4
    AccurateRip v2 signature : 0923201B
        ->Accurately ripped (v1+v2, confidence 6+44/50)
    Statistics
        Read error                           : 0
        Jitter error (maybe fixed)           : 0
        Retry sector count                   : 0
        Damaged sector count                 : 0

Track 13
    Pre-gap length : 00:00:43

    CRC32 hash               : BA4E7F79
    CRC32 hash (skip zero)   : C403C826
    AccurateRip v1 signature : 9F880BE6
    AccurateRip v2 signature : 14C9A869
        ->Accurately ripped (v1+v2, confidence 6+45/51)
    Statistics
        Read error                           : 0
        Jitter error (maybe fixed)           : 0
        Retry sector count                   : 0
        Damaged sector count                 : 0

Track 14
    Pre-gap length : 00:00:74

    CRC32 hash               : F3A367B4
    CRC32 hash (skip zero)   : 5465D135
    AccurateRip v1 signature : 3A5EFE6E
    AccurateRip v2 signature : BC9F179A
        ->Accurately ripped (v1+v2, confidence 6+44/50)
    Statistics
        Read error                           : 0
        Jitter error (maybe fixed)           : 0
        Retry sector count                   : 0
        Damaged sector count                 : 0

Track 15
    Pre-gap length : 00:01:00

    CRC32 hash               : 0560544B
    CRC32 hash (skip zero)   : 70FD6E6D
    AccurateRip v1 signature : BAE5833C
    AccurateRip v2 signature : 7275BFC8
        ->Accurately ripped (v1+v2, confidence 6+44/50)
    Statistics
        Read error                           : 0
        Jitter error (maybe fixed)           : 0
        Retry sector count                   : 0
        Damaged sector count                 : 0

Track 16
    Pre-gap length : 00:01:47

    CRC32 hash               : 67AAF55A
    CRC32 hash (skip zero)   : 016B8DE3
    AccurateRip v1 signature : 7E245F0B
    AccurateRip v2 signature : 909E9270
        ->Accurately ripped (v1+v2, confidence 6+42/48)
    Statistics
        Read error                           : 0
        Jitter error (maybe fixed)           : 0
        Retry sector count                   : 0
        Damaged sector count                 : 0

No errors occurred

End of status report
