X Lossless Decoder version 20151214 (149.1)

XLD extraction logfile from 2016-01-02 16:25:19 +0900

Blur / Parklife [Disc 02][BLUR 21 BOX]

Used drive : HL-DT-ST BD-RE  BH10NS30 (revision EL00)
Media type : Pressed CD

Ripper mode             : XLD Secure Ripper
Disable audio cache     : OK for the drive with a cache less than 1375KiB
Make use of C2 pointers : NO
Read offset correction  : 667
Max retry count         : 20
Gap status              : Analyzed, Appended

TOC of the extracted CD
     Track |   Start  |  Length  | Start sector | End sector 
    ---------------------------------------------------------
        1  | 00:00:00 | 04:16:29 |         0    |    19228   
        2  | 04:16:29 | 01:22:63 |     19229    |    25441   
        3  | 05:39:17 | 03:28:36 |     25442    |    41077   
        4  | 09:07:53 | 04:21:61 |     41078    |    60713   
        5  | 13:29:39 | 07:16:41 |     60714    |    93454   
        6  | 20:46:05 | 03:18:08 |     93455    |   108312   
        7  | 24:04:13 | 01:48:12 |    108313    |   116424   
        8  | 25:52:25 | 01:44:66 |    116425    |   124290   
        9  | 27:37:16 | 04:05:64 |    124291    |   142729   
       10  | 31:43:05 | 03:02:05 |    142730    |   156384   
       11  | 34:45:10 | 03:34:39 |    156385    |   172473   
       12  | 38:19:49 | 02:53:50 |    172474    |   185498   
       13  | 41:13:24 | 02:45:07 |    185499    |   197880   
       14  | 43:58:31 | 02:32:64 |    197881    |   209344   
       15  | 46:31:20 | 02:59:67 |    209345    |   222836   
       16  | 49:31:12 | 02:44:15 |    222837    |   235151   

AccurateRip Summary (DiscID: 00203712-017e4a6a-e50c3f10)
    Track 01 : OK (v1+v2, confidence 58/58)
    Track 02 : OK (v1+v2, confidence 58/58)
    Track 03 : OK (v1+v2, confidence 58/58)
    Track 04 : OK (v1+v2, confidence 58/58)
    Track 05 : OK (v1+v2, confidence 58/58)
    Track 06 : OK (v1+v2, confidence 57/57)
    Track 07 : OK (v1+v2, confidence 57/57)
    Track 08 : OK (v1+v2, confidence 57/57)
    Track 09 : OK (v1+v2, confidence 57/57)
    Track 10 : OK (v1+v2, confidence 57/57)
    Track 11 : OK (v1+v2, confidence 58/58)
    Track 12 : OK (v1+v2, confidence 58/58)
    Track 13 : OK (v1+v2, confidence 57/57)
    Track 14 : OK (v1+v2, confidence 57/57)
    Track 15 : OK (v1+v2, confidence 53/53)
    Track 16 : OK (v1+v2, confidence 55/55)
        ->All tracks accurately ripped.

All Tracks
    Filename : /Volumes/CanvioConnect/tmp/flac/Blur - Parklife [Disc 02][BLUR 21 BOX].flac
    CRC32 hash               : 9DC39D11
    CRC32 hash (skip zero)   : 86307120
    Statistics
        Read error                           : 0
        Jitter error (maybe fixed)           : 0
        Retry sector count                   : 0
        Damaged sector count                 : 0

Track 01
    Pre-gap length : 00:02:00

    CRC32 hash               : 4E043180
    CRC32 hash (skip zero)   : D40ABDA5
    AccurateRip v1 signature : FFB12583
    AccurateRip v2 signature : E8C51499
        ->Accurately ripped (v1+v2, confidence 8+50/58)
    Statistics
        Read error                           : 0
        Jitter error (maybe fixed)           : 0
        Retry sector count                   : 0
        Damaged sector count                 : 0

Track 02
    Pre-gap length : 00:00:28

    CRC32 hash               : 29EB145C
    CRC32 hash (skip zero)   : FA816214
    AccurateRip v1 signature : AE54DB9F
    AccurateRip v2 signature : CFEF8DBB
        ->Accurately ripped (v1+v2, confidence 8+50/58)
    Statistics
        Read error                           : 0
        Jitter error (maybe fixed)           : 0
        Retry sector count                   : 0
        Damaged sector count                 : 0

Track 03
    Pre-gap length : 00:00:09

    CRC32 hash               : 860D5DF8
    CRC32 hash (skip zero)   : 8FCEA50B
    AccurateRip v1 signature : 64A7F2CD
    AccurateRip v2 signature : 9317F2EB
        ->Accurately ripped (v1+v2, confidence 8+50/58)
    Statistics
        Read error                           : 0
        Jitter error (maybe fixed)           : 0
        Retry sector count                   : 0
        Damaged sector count                 : 0

Track 04
    Pre-gap length : 00:00:21

    CRC32 hash               : 99888FE5
    CRC32 hash (skip zero)   : E82B9536
    AccurateRip v1 signature : 79A7E1D1
    AccurateRip v2 signature : 40A7CD6B
        ->Accurately ripped (v1+v2, confidence 8+50/58)
    Statistics
        Read error                           : 0
        Jitter error (maybe fixed)           : 0
        Retry sector count                   : 0
        Damaged sector count                 : 0

Track 05
    Pre-gap length : 00:01:00

    CRC32 hash               : 13829E44
    CRC32 hash (skip zero)   : D155C337
    AccurateRip v1 signature : DCDF94E7
    AccurateRip v2 signature : E83DEC51
        ->Accurately ripped (v1+v2, confidence 8+50/58)
    Statistics
        Read error                           : 0
        Jitter error (maybe fixed)           : 0
        Retry sector count                   : 0
        Damaged sector count                 : 0

Track 06
    Pre-gap length : 00:00:56

    CRC32 hash               : 06F63EAF
    CRC32 hash (skip zero)   : 02CF4A1A
    AccurateRip v1 signature : 9DE61B3C
    AccurateRip v2 signature : 7C5DEF85
        ->Accurately ripped (v1+v2, confidence 7+50/57)
    Statistics
        Read error                           : 0
        Jitter error (maybe fixed)           : 0
        Retry sector count                   : 0
        Damaged sector count                 : 0

Track 07
    Pre-gap length : 00:00:74

    CRC32 hash               : A695E3CF
    CRC32 hash (skip zero)   : 6DE1808B
    AccurateRip v1 signature : 32879AB9
    AccurateRip v2 signature : 0EA82D85
        ->Accurately ripped (v1+v2, confidence 7+50/57)
    Statistics
        Read error                           : 0
        Jitter error (maybe fixed)           : 0
        Retry sector count                   : 0
        Damaged sector count                 : 0

Track 08
    Pre-gap length : 00:00:74

    CRC32 hash               : 13082799
    CRC32 hash (skip zero)   : A035995A
    AccurateRip v1 signature : F7717A77
    AccurateRip v2 signature : 4C6CBCF8
        ->Accurately ripped (v1+v2, confidence 7+50/57)
    Statistics
        Read error                           : 0
        Jitter error (maybe fixed)           : 0
        Retry sector count                   : 0
        Damaged sector count                 : 0

Track 09
    Pre-gap length : 00:01:00

    CRC32 hash               : 261C6DB2
    CRC32 hash (skip zero)   : 6F17BC7E
    AccurateRip v1 signature : 9BF19619
    AccurateRip v2 signature : 9AB5A494
        ->Accurately ripped (v1+v2, confidence 7+50/57)
    Statistics
        Read error                           : 0
        Jitter error (maybe fixed)           : 0
        Retry sector count                   : 0
        Damaged sector count                 : 0

Track 10
    Pre-gap length : 00:01:06

    CRC32 hash               : F70E3E33
    CRC32 hash (skip zero)   : A58E667B
    AccurateRip v1 signature : 7DE373CD
    AccurateRip v2 signature : 7AE36D7C
        ->Accurately ripped (v1+v2, confidence 7+50/57)
    Statistics
        Read error                           : 0
        Jitter error (maybe fixed)           : 0
        Retry sector count                   : 0
        Damaged sector count                 : 0

Track 11
    Pre-gap length : 00:00:51

    CRC32 hash               : 4D7DC75C
    CRC32 hash (skip zero)   : 1FBFAE1F
    AccurateRip v1 signature : 7893F3D9
    AccurateRip v2 signature : 8E6255B5
        ->Accurately ripped (v1+v2, confidence 8+50/58)
    Statistics
        Read error                           : 0
        Jitter error (maybe fixed)           : 0
        Retry sector count                   : 0
        Damaged sector count                 : 0

Track 12

    CRC32 hash               : 56B3699E
    CRC32 hash (skip zero)   : 62BDE1A9
    AccurateRip v1 signature : 96AF8BB9
    AccurateRip v2 signature : D58F170E
        ->Accurately ripped (v1+v2, confidence 8+50/58)
    Statistics
        Read error                           : 0
        Jitter error (maybe fixed)           : 0
        Retry sector count                   : 0
        Damaged sector count                 : 0

Track 13
    Pre-gap length : 00:01:00

    CRC32 hash               : 9DBD2ADA
    CRC32 hash (skip zero)   : DB98DA42
    AccurateRip v1 signature : 5219983B
    AccurateRip v2 signature : 4459B437
        ->Accurately ripped (v1+v2, confidence 8+49/57)
    Statistics
        Read error                           : 0
        Jitter error (maybe fixed)           : 0
        Retry sector count                   : 0
        Damaged sector count                 : 0

Track 14
    Pre-gap length : 00:01:27

    CRC32 hash               : EBAAC2F6
    CRC32 hash (skip zero)   : 9889978A
    AccurateRip v1 signature : 545CB8C7
    AccurateRip v2 signature : BBA2D075
        ->Accurately ripped (v1+v2, confidence 8+49/57)
    Statistics
        Read error                           : 0
        Jitter error (maybe fixed)           : 0
        Retry sector count                   : 0
        Damaged sector count                 : 0

Track 15
    Pre-gap length : 00:01:25

    CRC32 hash               : CB3A695C
    CRC32 hash (skip zero)   : 59FE1AFF
    AccurateRip v1 signature : 2A4581CD
    AccurateRip v2 signature : F797818A
        ->Accurately ripped (v1+v2, confidence 7+46/53)
    Statistics
        Read error                           : 0
        Jitter error (maybe fixed)           : 0
        Retry sector count                   : 0
        Damaged sector count                 : 0

Track 16
    Pre-gap length : 00:01:61

    CRC32 hash               : 0D7B73D5
    CRC32 hash (skip zero)   : 94D1E464
    AccurateRip v1 signature : C8D59AFF
    AccurateRip v2 signature : F94B1F6C
        ->Accurately ripped (v1+v2, confidence 7+48/55)
    Statistics
        Read error                           : 0
        Jitter error (maybe fixed)           : 0
        Retry sector count                   : 0
        Damaged sector count                 : 0

No errors occurred

End of status report
