X Lossless Decoder version 20151214 (149.1)

XLD extraction logfile from 2016-01-02 22:41:15 +0900

Blur / Rarities Two [Disc 01: Parklife & The Great Escape Era Rarities][BLUR 21 BOX]

Used drive : HL-DT-ST BD-RE  BH10NS30 (revision EL00)
Media type : Pressed CD

Ripper mode             : XLD Secure Ripper
Disable audio cache     : OK for the drive with a cache less than 1375KiB
Make use of C2 pointers : NO
Read offset correction  : 667
Max retry count         : 20
Gap status              : Analyzed, Appended

TOC of the extracted CD
     Track |   Start  |  Length  | Start sector | End sector 
    ---------------------------------------------------------
        1  | 00:00:00 | 03:08:50 |         0    |    14149   
        2  | 03:08:50 | 02:54:54 |     14150    |    27253   
        3  | 06:03:29 | 02:51:20 |     27254    |    40098   
        4  | 08:54:49 | 02:13:66 |     40099    |    50139   
        5  | 11:08:40 | 03:07:06 |     50140    |    64170   
        6  | 14:15:46 | 03:16:74 |     64171    |    78944   
        7  | 17:32:45 | 02:11:38 |     78945    |    88807   
        8  | 19:44:08 | 03:37:21 |     88808    |   105103   
        9  | 23:21:29 | 02:46:23 |    105104    |   117576   
       10  | 26:07:52 | 00:59:62 |    117577    |   122063   
       11  | 27:07:39 | 03:09:66 |    122064    |   136304   
       12  | 30:17:30 | 03:16:49 |    136305    |   151053   
       13  | 33:34:04 | 01:20:24 |    151054    |   157077   
       14  | 34:54:28 | 04:33:15 |    157078    |   177567   
       15  | 39:27:43 | 04:13:21 |    177568    |   196563   
       16  | 43:40:64 | 05:08:12 |    196564    |   219675   
       17  | 48:49:01 | 04:57:04 |    219676    |   241954   

AccurateRip Summary (DiscID: 001e57a0-018282b2-ee0c9a11)
    Track 01 : OK (v1+v2, confidence 34/34)
    Track 02 : OK (v1+v2, confidence 34/34)
    Track 03 : OK (v1+v2, confidence 34/34)
    Track 04 : OK (v1+v2, confidence 34/34)
    Track 05 : OK (v1+v2, confidence 34/34)
    Track 06 : OK (v1+v2, confidence 34/34)
    Track 07 : OK (v1+v2, confidence 34/34)
    Track 08 : OK (v1+v2, confidence 34/34)
    Track 09 : OK (v1+v2, confidence 34/34)
    Track 10 : OK (v1+v2, confidence 34/34)
    Track 11 : OK (v1+v2, confidence 34/34)
    Track 12 : OK (v1+v2, confidence 34/34)
    Track 13 : OK (v1+v2, confidence 34/34)
    Track 14 : OK (v1+v2, confidence 34/34)
    Track 15 : OK (v1+v2, confidence 34/34)
    Track 16 : OK (v1+v2, confidence 34/34)
    Track 17 : OK (v1+v2, confidence 34/34)
        ->All tracks accurately ripped.

All Tracks
    Filename : /Volumes/CanvioConnect/tmp/flac/Blur - Rarities Two [Disc 01： Parklife & The Great Escape Era Rarities][BLUR 21 BOX].flac
    CRC32 hash               : 060E0E7F
    CRC32 hash (skip zero)   : 2AC370E2
    Statistics
        Read error                           : 0
        Jitter error (maybe fixed)           : 0
        Retry sector count                   : 0
        Damaged sector count                 : 0

Track 01
    Pre-gap length : 00:02:00

    CRC32 hash               : AED2AAA6
    CRC32 hash (skip zero)   : 7D548C02
    AccurateRip v1 signature : E13F9644
    AccurateRip v2 signature : C14D3EAC
        ->Accurately ripped (v1+v2, confidence 4+30/34)
    Statistics
        Read error                           : 0
        Jitter error (maybe fixed)           : 0
        Retry sector count                   : 0
        Damaged sector count                 : 0

Track 02
    Pre-gap length : 00:02:15

    CRC32 hash               : F78FC5D2
    CRC32 hash (skip zero)   : 7AF2F650
    AccurateRip v1 signature : 4DB11465
    AccurateRip v2 signature : 93160E8D
        ->Accurately ripped (v1+v2, confidence 4+30/34)
    Statistics
        Read error                           : 0
        Jitter error (maybe fixed)           : 0
        Retry sector count                   : 0
        Damaged sector count                 : 0

Track 03
    Pre-gap length : 00:02:15

    CRC32 hash               : 9CBA8B87
    CRC32 hash (skip zero)   : 67F22BD3
    AccurateRip v1 signature : 3219260B
    AccurateRip v2 signature : 96E61956
        ->Accurately ripped (v1+v2, confidence 4+30/34)
    Statistics
        Read error                           : 0
        Jitter error (maybe fixed)           : 0
        Retry sector count                   : 0
        Damaged sector count                 : 0

Track 04
    Pre-gap length : 00:02:29

    CRC32 hash               : 3EB35907
    CRC32 hash (skip zero)   : A47F0E1F
    AccurateRip v1 signature : 5A6ED8C3
    AccurateRip v2 signature : E46273FC
        ->Accurately ripped (v1+v2, confidence 4+30/34)
    Statistics
        Read error                           : 0
        Jitter error (maybe fixed)           : 0
        Retry sector count                   : 0
        Damaged sector count                 : 0

Track 05
    Pre-gap length : 00:02:09

    CRC32 hash               : AFAAC5C5
    CRC32 hash (skip zero)   : 594EAD54
    AccurateRip v1 signature : AA18D4E7
    AccurateRip v2 signature : C1A36CAC
        ->Accurately ripped (v1+v2, confidence 4+30/34)
    Statistics
        Read error                           : 0
        Jitter error (maybe fixed)           : 0
        Retry sector count                   : 0
        Damaged sector count                 : 0

Track 06
    Pre-gap length : 00:02:08

    CRC32 hash               : 4B0AE187
    CRC32 hash (skip zero)   : C328F724
    AccurateRip v1 signature : A688C4AD
    AccurateRip v2 signature : 9A10AC22
        ->Accurately ripped (v1+v2, confidence 4+30/34)
    Statistics
        Read error                           : 0
        Jitter error (maybe fixed)           : 0
        Retry sector count                   : 0
        Damaged sector count                 : 0

Track 07
    Pre-gap length : 00:02:09

    CRC32 hash               : E8B0EEA8
    CRC32 hash (skip zero)   : 98DCDF72
    AccurateRip v1 signature : E6D138D0
    AccurateRip v2 signature : 0A30BC2F
        ->Accurately ripped (v1+v2, confidence 4+30/34)
    Statistics
        Read error                           : 0
        Jitter error (maybe fixed)           : 0
        Retry sector count                   : 0
        Damaged sector count                 : 0

Track 08

    CRC32 hash               : 10715061
    CRC32 hash (skip zero)   : 52D44773
    AccurateRip v1 signature : EFB3D13A
    AccurateRip v2 signature : 8959B485
        ->Accurately ripped (v1+v2, confidence 4+30/34)
    Statistics
        Read error                           : 0
        Jitter error (maybe fixed)           : 0
        Retry sector count                   : 0
        Damaged sector count                 : 0

Track 09
    Pre-gap length : 00:02:09

    CRC32 hash               : A971D25C
    CRC32 hash (skip zero)   : 58B7395D
    AccurateRip v1 signature : 60B8F988
    AccurateRip v2 signature : DA1967AE
        ->Accurately ripped (v1+v2, confidence 4+30/34)
    Statistics
        Read error                           : 0
        Jitter error (maybe fixed)           : 0
        Retry sector count                   : 0
        Damaged sector count                 : 0

Track 10
    Pre-gap length : 00:01:36

    CRC32 hash               : D54774C8
    CRC32 hash (skip zero)   : E4F5B9C0
    AccurateRip v1 signature : 3C9449BC
    AccurateRip v2 signature : 9C772324
        ->Accurately ripped (v1+v2, confidence 4+30/34)
    Statistics
        Read error                           : 0
        Jitter error (maybe fixed)           : 0
        Retry sector count                   : 0
        Damaged sector count                 : 0

Track 11
    Pre-gap length : 00:02:09

    CRC32 hash               : 06FC353C
    CRC32 hash (skip zero)   : C150DE0F
    AccurateRip v1 signature : E6B829FC
    AccurateRip v2 signature : C4ED5D32
        ->Accurately ripped (v1+v2, confidence 4+30/34)
    Statistics
        Read error                           : 0
        Jitter error (maybe fixed)           : 0
        Retry sector count                   : 0
        Damaged sector count                 : 0

Track 12
    Pre-gap length : 00:00:74

    CRC32 hash               : C6B9FC95
    CRC32 hash (skip zero)   : 7CD4D7BE
    AccurateRip v1 signature : 5E3841A4
    AccurateRip v2 signature : 1869D7ED
        ->Accurately ripped (v1+v2, confidence 4+30/34)
    Statistics
        Read error                           : 0
        Jitter error (maybe fixed)           : 0
        Retry sector count                   : 0
        Damaged sector count                 : 0

Track 13
    Pre-gap length : 00:02:00

    CRC32 hash               : 0E906017
    CRC32 hash (skip zero)   : 5BF71F73
    AccurateRip v1 signature : CA74E7BE
    AccurateRip v2 signature : 77E34B0D
        ->Accurately ripped (v1+v2, confidence 4+30/34)
    Statistics
        Read error                           : 0
        Jitter error (maybe fixed)           : 0
        Retry sector count                   : 0
        Damaged sector count                 : 0

Track 14
    Pre-gap length : 00:02:09

    CRC32 hash               : D257126B
    CRC32 hash (skip zero)   : EE29BDAC
    AccurateRip v1 signature : 739179A1
    AccurateRip v2 signature : F0A06E30
        ->Accurately ripped (v1+v2, confidence 4+30/34)
    Statistics
        Read error                           : 0
        Jitter error (maybe fixed)           : 0
        Retry sector count                   : 0
        Damaged sector count                 : 0

Track 15
    Pre-gap length : 00:01:65

    CRC32 hash               : E384DD78
    CRC32 hash (skip zero)   : DDD9EE38
    AccurateRip v1 signature : 958786C6
    AccurateRip v2 signature : 94ADDF55
        ->Accurately ripped (v1+v2, confidence 4+30/34)
    Statistics
        Read error                           : 0
        Jitter error (maybe fixed)           : 0
        Retry sector count                   : 0
        Damaged sector count                 : 0

Track 16
    Pre-gap length : 00:00:73

    CRC32 hash               : FB56A680
    CRC32 hash (skip zero)   : B17ED7FE
    AccurateRip v1 signature : 279A3270
    AccurateRip v2 signature : 71D3E904
        ->Accurately ripped (v1+v2, confidence 4+30/34)
    Statistics
        Read error                           : 0
        Jitter error (maybe fixed)           : 0
        Retry sector count                   : 0
        Damaged sector count                 : 0

Track 17
    Pre-gap length : 00:01:37

    CRC32 hash               : CBE31414
    CRC32 hash (skip zero)   : 79BFD23E
    AccurateRip v1 signature : 81940C9E
    AccurateRip v2 signature : 00066BD4
        ->Accurately ripped (v1+v2, confidence 4+30/34)
    Statistics
        Read error                           : 0
        Jitter error (maybe fixed)           : 0
        Retry sector count                   : 0
        Damaged sector count                 : 0

No errors occurred

End of status report
