X Lossless Decoder version 20151214 (149.1)

XLD extraction logfile from 2016-01-02 19:54:55 +0900

Blur / Think Tank [Disc 01][BLUR 21 BOX]

Used drive : HL-DT-ST BD-RE  BH10NS30 (revision EL00)
Media type : Pressed CD

Ripper mode             : XLD Secure Ripper
Disable audio cache     : OK for the drive with a cache less than 1375KiB
Make use of C2 pointers : NO
Read offset correction  : 667
Max retry count         : 20
Gap status              : Analyzed, Appended

TOC of the extracted CD
     Track |   Start  |  Length  | Start sector | End sector 
    ---------------------------------------------------------
        1  | 00:00:00 | 05:09:10 |         0    |    23184   
        2  | 05:09:10 | 03:51:37 |     23185    |    40546   
        3  | 09:00:47 | 03:14:45 |     40547    |    55141   
        4  | 12:15:17 | 03:08:44 |     55142    |    69285   
        5  | 15:23:61 | 03:47:73 |     69286    |    86383   
        6  | 19:11:59 | 03:47:15 |     86384    |   103423   
        7  | 22:58:74 | 04:35:63 |    103424    |   124111   
        8  | 27:34:62 | 01:02:31 |    124112    |   128792   
        9  | 28:37:18 | 03:02:64 |    128793    |   142506   
       10  | 31:40:07 | 04:00:73 |    142507    |   160579   
       11  | 35:41:05 | 06:25:16 |    160580    |   189470   
       12  | 42:06:21 | 03:48:41 |    189471    |   206611   
       13  | 45:54:62 | 11:34:73 |    206612    |   258734   

AccurateRip Summary (DiscID: 00183e2a-00f2a7c7-a80d790d)
    Track 01 : OK (v1+v2, confidence 48/48)
    Track 02 : OK (v1+v2, confidence 49/49)
    Track 03 : OK (v1+v2, confidence 48/48)
    Track 04 : OK (v1+v2, confidence 48/48)
    Track 05 : OK (v1+v2, confidence 48/48)
    Track 06 : OK (v1+v2, confidence 49/49)
    Track 07 : OK (v1+v2, confidence 48/48)
    Track 08 : OK (v1+v2, confidence 48/48)
    Track 09 : OK (v1+v2, confidence 48/48)
    Track 10 : OK (v1+v2, confidence 48/48)
    Track 11 : OK (v1+v2, confidence 47/47)
    Track 12 : OK (v1+v2, confidence 49/49)
    Track 13 : OK (v1+v2, confidence 48/48)
        ->All tracks accurately ripped.

All Tracks
    Filename : /Volumes/CanvioConnect/tmp/flac/Blur - Think Tank [Disc 01][BLUR 21 BOX].flac
    CRC32 hash               : 40FD02C8
    CRC32 hash (skip zero)   : 8DC28EE8
    Statistics
        Read error                           : 0
        Jitter error (maybe fixed)           : 0
        Retry sector count                   : 0
        Damaged sector count                 : 0

Track 01
    Pre-gap length : 00:02:00

    CRC32 hash               : ABFE9237
    CRC32 hash (skip zero)   : 013FFABF
    AccurateRip v1 signature : 3B509438
    AccurateRip v2 signature : EAA8E7FF
        ->Accurately ripped (v1+v2, confidence 7+41/48)
    Statistics
        Read error                           : 0
        Jitter error (maybe fixed)           : 0
        Retry sector count                   : 0
        Damaged sector count                 : 0

Track 02
    Pre-gap length : 00:00:73

    CRC32 hash               : DB2A3CE3
    CRC32 hash (skip zero)   : B2D6B7A1
    AccurateRip v1 signature : 48A4986D
    AccurateRip v2 signature : BF582146
        ->Accurately ripped (v1+v2, confidence 7+42/49)
    Statistics
        Read error                           : 0
        Jitter error (maybe fixed)           : 0
        Retry sector count                   : 0
        Damaged sector count                 : 0

Track 03

    CRC32 hash               : 36F79999
    CRC32 hash (skip zero)   : 89AABECA
    AccurateRip v1 signature : 545D3D1B
    AccurateRip v2 signature : B58C514D
        ->Accurately ripped (v1+v2, confidence 7+41/48)
    Statistics
        Read error                           : 0
        Jitter error (maybe fixed)           : 0
        Retry sector count                   : 0
        Damaged sector count                 : 0

Track 04
    Pre-gap length : 00:01:20

    CRC32 hash               : 9C4B5848
    CRC32 hash (skip zero)   : 1CE4939A
    AccurateRip v1 signature : BC7F98AC
    AccurateRip v2 signature : 958F0131
        ->Accurately ripped (v1+v2, confidence 7+41/48)
    Statistics
        Read error                           : 0
        Jitter error (maybe fixed)           : 0
        Retry sector count                   : 0
        Damaged sector count                 : 0

Track 05
    Pre-gap length : 00:01:62

    CRC32 hash               : B45BAAB1
    CRC32 hash (skip zero)   : E8EE3F31
    AccurateRip v1 signature : 2324B714
    AccurateRip v2 signature : 5CBFF7CC
        ->Accurately ripped (v1+v2, confidence 7+41/48)
    Statistics
        Read error                           : 0
        Jitter error (maybe fixed)           : 0
        Retry sector count                   : 0
        Damaged sector count                 : 0

Track 06
    Pre-gap length : 00:01:51

    CRC32 hash               : FBD92051
    CRC32 hash (skip zero)   : CC677193
    AccurateRip v1 signature : 39F26271
    AccurateRip v2 signature : B800F713
        ->Accurately ripped (v1+v2, confidence 7+42/49)
    Statistics
        Read error                           : 0
        Jitter error (maybe fixed)           : 0
        Retry sector count                   : 0
        Damaged sector count                 : 0

Track 07

    CRC32 hash               : B908AC73
    CRC32 hash (skip zero)   : 2069CB3E
    AccurateRip v1 signature : 0A8FBA5C
    AccurateRip v2 signature : 4D7C7D22
        ->Accurately ripped (v1+v2, confidence 7+41/48)
    Statistics
        Read error                           : 0
        Jitter error (maybe fixed)           : 0
        Retry sector count                   : 0
        Damaged sector count                 : 0

Track 08
    Pre-gap length : 00:11:51

    CRC32 hash               : 6BD52272
    CRC32 hash (skip zero)   : 2521F490
    AccurateRip v1 signature : FB9900C1
    AccurateRip v2 signature : 7A1ED318
        ->Accurately ripped (v1+v2, confidence 7+41/48)
    Statistics
        Read error                           : 0
        Jitter error (maybe fixed)           : 0
        Retry sector count                   : 0
        Damaged sector count                 : 0

Track 09
    Pre-gap length : 00:00:37

    CRC32 hash               : 5281CEED
    CRC32 hash (skip zero)   : DA5963EE
    AccurateRip v1 signature : FD549533
    AccurateRip v2 signature : 3C1FD05E
        ->Accurately ripped (v1+v2, confidence 7+41/48)
    Statistics
        Read error                           : 0
        Jitter error (maybe fixed)           : 0
        Retry sector count                   : 0
        Damaged sector count                 : 0

Track 10
    Pre-gap length : 00:11:37

    CRC32 hash               : A9E86125
    CRC32 hash (skip zero)   : 446F175D
    AccurateRip v1 signature : 0CB971E9
    AccurateRip v2 signature : D18CE29A
        ->Accurately ripped (v1+v2, confidence 7+41/48)
    Statistics
        Read error                           : 0
        Jitter error (maybe fixed)           : 0
        Retry sector count                   : 0
        Damaged sector count                 : 0

Track 11
    Pre-gap length : 00:00:16

    CRC32 hash               : CA2EDED4
    CRC32 hash (skip zero)   : B91CC6D5
    AccurateRip v1 signature : 096C8F88
    AccurateRip v2 signature : 1C791C0F
        ->Accurately ripped (v1+v2, confidence 7+40/47)
    Statistics
        Read error                           : 0
        Jitter error (maybe fixed)           : 0
        Retry sector count                   : 0
        Damaged sector count                 : 0

Track 12
    Pre-gap length : 00:01:45

    CRC32 hash               : A42CFE97
    CRC32 hash (skip zero)   : 990BCDB1
    AccurateRip v1 signature : F26E468B
    AccurateRip v2 signature : 75BBF5CA
        ->Accurately ripped (v1+v2, confidence 7+42/49)
    Statistics
        Read error                           : 0
        Jitter error (maybe fixed)           : 0
        Retry sector count                   : 0
        Damaged sector count                 : 0

Track 13

    CRC32 hash               : BE0135E3
    CRC32 hash (skip zero)   : 8FF97D42
    AccurateRip v1 signature : 633A89C8
    AccurateRip v2 signature : 85EFF6D8
        ->Accurately ripped (v1+v2, confidence 6+42/48)
    Statistics
        Read error                           : 0
        Jitter error (maybe fixed)           : 0
        Retry sector count                   : 0
        Damaged sector count                 : 0

No errors occurred

End of status report
