X Lossless Decoder version 20170729 (150.3)

XLD extraction logfile from 2018-05-19 15:26:11 +0900

The Beatniks / EXITENTIALIST A XIE XIE

Used drive : HL-DT-ST BD-RE  BH10NS30 (revision EL00)
Media type : Pressed CD

Ripper mode             : XLD Secure Ripper
Disable audio cache     : OK for the drive with a cache less than 1375KiB
Make use of C2 pointers : NO
Read offset correction  : 667
Max retry count         : 20
Gap status              : Analyzed, Appended

TOC of the extracted CD
     Track |   Start  |  Length  | Start sector | End sector 
    ---------------------------------------------------------
        1  | 00:00:00 | 02:22:35 |         0    |    10684   
        2  | 02:22:35 | 03:14:02 |     10685    |    25236   
        3  | 05:36:37 | 06:19:61 |     25237    |    53722   
        4  | 11:56:23 | 03:36:30 |     53723    |    69952   
        5  | 15:32:53 | 03:46:26 |     69953    |    86928   
        6  | 19:19:04 | 03:59:42 |     86929    |   104895   
        7  | 23:18:46 | 04:44:20 |    104896    |   126215   
        8  | 28:02:66 | 04:43:65 |    126216    |   147505   
        9  | 32:46:56 | 03:41:30 |    147506    |   164110   
       10  | 36:28:11 | 06:13:67 |    164111    |   192152   

AccurateRip Summary
    Disc not found in AccurateRip DB.

All Tracks
    Filename : /Users/m4c/Music/The Beatniks - EXITENTIALIST A XIE XIE.flac
    CRC32 hash               : 172106F3
    CRC32 hash (skip zero)   : B3DFBA1A
    Statistics
        Read error                           : 0
        Jitter error (maybe fixed)           : 0
        Retry sector count                   : 0
        Damaged sector count                 : 0

Track 01
    Pre-gap length : 00:02:00

    CRC32 hash               : E114E45B
    CRC32 hash (skip zero)   : 86DF1DA3
    AccurateRip v1 signature : 4A53BBC6
    AccurateRip v2 signature : F88B2186
        ->Track not present in AccurateRip database.
    Statistics
        Read error                           : 0
        Jitter error (maybe fixed)           : 0
        Retry sector count                   : 0
        Damaged sector count                 : 0

Track 02
    Pre-gap length : 00:00:32

    CRC32 hash               : 8AB48F24
    CRC32 hash (skip zero)   : 174CDD61
    AccurateRip v1 signature : 100CF38A
    AccurateRip v2 signature : 3A10BA2B
        ->Track not present in AccurateRip database.
    Statistics
        Read error                           : 0
        Jitter error (maybe fixed)           : 0
        Retry sector count                   : 0
        Damaged sector count                 : 0

Track 03
    Pre-gap length : 00:00:56

    CRC32 hash               : E1E7DAD1
    CRC32 hash (skip zero)   : 1ABA5378
    AccurateRip v1 signature : F1C06949
    AccurateRip v2 signature : 56DD716F
        ->Track not present in AccurateRip database.
    Statistics
        Read error                           : 0
        Jitter error (maybe fixed)           : 0
        Retry sector count                   : 0
        Damaged sector count                 : 0

Track 04
    Pre-gap length : 00:00:62

    CRC32 hash               : E6A906B0
    CRC32 hash (skip zero)   : 0E18A39C
    AccurateRip v1 signature : E9F17AD1
    AccurateRip v2 signature : 0B889BDA
        ->Track not present in AccurateRip database.
    Statistics
        Read error                           : 0
        Jitter error (maybe fixed)           : 0
        Retry sector count                   : 0
        Damaged sector count                 : 0

Track 05
    Pre-gap length : 00:00:41

    CRC32 hash               : AADF865D
    CRC32 hash (skip zero)   : 0312AB75
    AccurateRip v1 signature : 9E9C7A99
    AccurateRip v2 signature : E5C82436
        ->Track not present in AccurateRip database.
    Statistics
        Read error                           : 0
        Jitter error (maybe fixed)           : 0
        Retry sector count                   : 0
        Damaged sector count                 : 0

Track 06
    Pre-gap length : 00:02:00

    CRC32 hash               : 51013F71
    CRC32 hash (skip zero)   : 84DA269C
    AccurateRip v1 signature : 2C050494
    AccurateRip v2 signature : 21C79A84
        ->Track not present in AccurateRip database.
    Statistics
        Read error                           : 0
        Jitter error (maybe fixed)           : 0
        Retry sector count                   : 0
        Damaged sector count                 : 0

Track 07
    Pre-gap length : 00:02:68

    CRC32 hash               : 9BF16887
    CRC32 hash (skip zero)   : E919AF0F
    AccurateRip v1 signature : EFFC6A13
    AccurateRip v2 signature : EC58EC4D
        ->Track not present in AccurateRip database.
    Statistics
        Read error                           : 0
        Jitter error (maybe fixed)           : 0
        Retry sector count                   : 0
        Damaged sector count                 : 0

Track 08
    Pre-gap length : 00:02:59

    CRC32 hash               : 84544A6A
    CRC32 hash (skip zero)   : BFA3D8C2
    AccurateRip v1 signature : D2BC6321
    AccurateRip v2 signature : 4A30D267
        ->Track not present in AccurateRip database.
    Statistics
        Read error                           : 0
        Jitter error (maybe fixed)           : 0
        Retry sector count                   : 0
        Damaged sector count                 : 0

Track 09
    Pre-gap length : 00:01:70

    CRC32 hash               : 07665E59
    CRC32 hash (skip zero)   : C40306F1
    AccurateRip v1 signature : 1EB9DD3A
    AccurateRip v2 signature : 146235AE
        ->Track not present in AccurateRip database.
    Statistics
        Read error                           : 0
        Jitter error (maybe fixed)           : 0
        Retry sector count                   : 0
        Damaged sector count                 : 0

Track 10
    Pre-gap length : 00:01:00

    CRC32 hash               : 6C52511D
    CRC32 hash (skip zero)   : 427CA956
    AccurateRip v1 signature : 0478F908
    AccurateRip v2 signature : 54F1C74F
        ->Track not present in AccurateRip database.
    Statistics
        Read error                           : 0
        Jitter error (maybe fixed)           : 0
        Retry sector count                   : 0
        Damaged sector count                 : 0

No errors occurred

End of status report
