X Lossless Decoder version 20110417 (131.0)

XLD extraction logfile from 2011-04-29 09:16:38 +0900

The Cars / Heartbeat City

Used drive : MATSHITA DVD-R   UJ-868 (revision KB19)

Ripper mode             : CDParanoia III 10.2
Disable audio cache     : OK for the drive with a cache less than 2750KiB
Make use of C2 pointers : NO
Read offset correction  : 102
Max retry count         : 100
Gap status              : Analyzed, Appended

TOC of the extracted CD
     Track |   Start  |  Length  | Start sector | End sector 
    ---------------------------------------------------------
        1  | 00:00:32 | 03:46:50 |        32    |    17031   
        2  | 03:47:07 | 03:51:25 |     17032    |    34381   
        3  | 07:38:32 | 03:57:00 |     34382    |    52156   
        4  | 11:35:32 | 03:54:13 |     52157    |    69719   
        5  | 15:29:45 | 04:24:47 |     69720    |    89566   
        6  | 19:54:17 | 03:04:33 |     89567    |   103399   
        7  | 22:58:50 | 03:48:47 |    103400    |   120546   
        8  | 26:47:22 | 04:03:48 |    120547    |   138819   
        9  | 30:50:70 | 03:15:55 |    138820    |   153499   
       10  | 34:06:50 | 04:29:55 |    153500    |   173729   

List of alternate offset correction values
        #  | Absolute | Relative | Confidence 
    ------------------------------------------
        1  |   1797   |   1695   |     47     
        2  |    249   |    147   |     25     
        3  |    469   |    367   |     17     
        4  |   -195   |   -297   |      9     

AccurateRip Summary
    Track 01 : OK (AR2, confidence 5, with different offset)
    Track 02 : OK (AR2, confidence 5, with different offset)
    Track 03 : OK (AR2, confidence 5, with different offset)
    Track 04 : OK (AR2, confidence 5, with different offset)
    Track 05 : OK (AR2, confidence 5, with different offset)
    Track 06 : OK (AR2, confidence 5, with different offset)
    Track 07 : OK (AR2, confidence 5, with different offset)
    Track 08 : OK (AR2, confidence 5, with different offset)
    Track 09 : OK (AR2, confidence 5, with different offset)
    Track 10 : OK (AR2, confidence 5, with different offset)
        ->All tracks accurately ripped.

All Tracks
    Filename : /Users/m4c/Public/flac/Heartbeat City.flac
    CRC32 hash             : 06AFFF0E
    CRC32 hash (skip zero) : 446DA683
    Statistics
        Read error                           : 0
        Skipped (treated as error)           : 0
        Edge jitter error (maybe fixed)      : 0
        Atom jitter error (maybe fixed)      : 0
        Drift error (maybe fixed)            : 0
        Dropped bytes error (maybe fixed)    : 0
        Duplicated bytes error (maybe fixed) : 0

Track 01
    Pre-gap length : 00:02:32

    CRC32 hash             : 6E38AD0E
    CRC32 hash (skip zero) : 613C8C04
    AccurateRip signature  : 5DFC5CEC
        ->Accurately ripped! (AR2, confidence 5)
          (matched with the different offset correction value;
           calculated using an additional offset of 1695;
           the signature after correction is: 2CDD5E3B)
    Statistics
        Read error                           : 0
        Skipped (treated as error)           : 0
        Edge jitter error (maybe fixed)      : 0
        Atom jitter error (maybe fixed)      : 0
        Drift error (maybe fixed)            : 0
        Dropped bytes error (maybe fixed)    : 0
        Duplicated bytes error (maybe fixed) : 0

Track 02
    Pre-gap length : 00:00:02

    CRC32 hash             : 9BB14638
    CRC32 hash (skip zero) : 72CBDB27
    AccurateRip signature  : 8D6E9387
        ->Accurately ripped! (AR2, confidence 5)
          (matched with the different offset correction value;
           calculated using an additional offset of 1695;
           the signature after correction is: E25E491D)
    Statistics
        Read error                           : 0
        Skipped (treated as error)           : 0
        Edge jitter error (maybe fixed)      : 0
        Atom jitter error (maybe fixed)      : 0
        Drift error (maybe fixed)            : 0
        Dropped bytes error (maybe fixed)    : 0
        Duplicated bytes error (maybe fixed) : 0

Track 03
    Pre-gap length : 00:00:02

    CRC32 hash             : 2E1FAB72
    CRC32 hash (skip zero) : 7088E753
    AccurateRip signature  : 6C1D1BB2
        ->Accurately ripped! (AR2, confidence 5)
          (matched with the different offset correction value;
           calculated using an additional offset of 1695;
           the signature after correction is: E6577529)
    Statistics
        Read error                           : 0
        Skipped (treated as error)           : 0
        Edge jitter error (maybe fixed)      : 0
        Atom jitter error (maybe fixed)      : 0
        Drift error (maybe fixed)            : 0
        Dropped bytes error (maybe fixed)    : 0
        Duplicated bytes error (maybe fixed) : 0

Track 04
    Pre-gap length : 00:00:02

    CRC32 hash             : A39002AA
    CRC32 hash (skip zero) : A07AD986
    AccurateRip signature  : 9C03BAF9
        ->Accurately ripped! (AR2, confidence 5)
          (matched with the different offset correction value;
           calculated using an additional offset of 1695;
           the signature after correction is: 9B6117A4)
    Statistics
        Read error                           : 0
        Skipped (treated as error)           : 0
        Edge jitter error (maybe fixed)      : 0
        Atom jitter error (maybe fixed)      : 0
        Drift error (maybe fixed)            : 0
        Dropped bytes error (maybe fixed)    : 0
        Duplicated bytes error (maybe fixed) : 0

Track 05
    Pre-gap length : 00:00:03

    CRC32 hash             : 0D88397E
    CRC32 hash (skip zero) : 20743745
    AccurateRip signature  : BE18186A
        ->Accurately ripped! (AR2, confidence 5)
          (matched with the different offset correction value;
           calculated using an additional offset of 1695;
           the signature after correction is: D08EB9A0)
    Statistics
        Read error                           : 0
        Skipped (treated as error)           : 0
        Edge jitter error (maybe fixed)      : 0
        Atom jitter error (maybe fixed)      : 0
        Drift error (maybe fixed)            : 0
        Dropped bytes error (maybe fixed)    : 0
        Duplicated bytes error (maybe fixed) : 0

Track 06
    Pre-gap length : 00:00:02

    CRC32 hash             : B66B7002
    CRC32 hash (skip zero) : 267D15FF
    AccurateRip signature  : D74AA467
        ->Accurately ripped! (AR2, confidence 5)
          (matched with the different offset correction value;
           calculated using an additional offset of 1695;
           the signature after correction is: 1C1A7B92)
    Statistics
        Read error                           : 0
        Skipped (treated as error)           : 0
        Edge jitter error (maybe fixed)      : 0
        Atom jitter error (maybe fixed)      : 0
        Drift error (maybe fixed)            : 0
        Dropped bytes error (maybe fixed)    : 0
        Duplicated bytes error (maybe fixed) : 0

Track 07
    Pre-gap length : 00:00:03

    CRC32 hash             : 313CCED0
    CRC32 hash (skip zero) : 3AE2DCDA
    AccurateRip signature  : 4BF087D7
        ->Accurately ripped! (AR2, confidence 5)
          (matched with the different offset correction value;
           calculated using an additional offset of 1695;
           the signature after correction is: 09ED1917)
    Statistics
        Read error                           : 0
        Skipped (treated as error)           : 0
        Edge jitter error (maybe fixed)      : 0
        Atom jitter error (maybe fixed)      : 0
        Drift error (maybe fixed)            : 0
        Dropped bytes error (maybe fixed)    : 0
        Duplicated bytes error (maybe fixed) : 0

Track 08
    Pre-gap length : 00:00:02

    CRC32 hash             : 41C70DEA
    CRC32 hash (skip zero) : E687002F
    AccurateRip signature  : B61FC5DC
        ->Accurately ripped! (AR2, confidence 5)
          (matched with the different offset correction value;
           calculated using an additional offset of 1695;
           the signature after correction is: 4EA4D6F4)
    Statistics
        Read error                           : 0
        Skipped (treated as error)           : 0
        Edge jitter error (maybe fixed)      : 0
        Atom jitter error (maybe fixed)      : 0
        Drift error (maybe fixed)            : 0
        Dropped bytes error (maybe fixed)    : 0
        Duplicated bytes error (maybe fixed) : 0

Track 09
    Pre-gap length : 00:00:03

    CRC32 hash             : 3FB9419C
    CRC32 hash (skip zero) : 940597E1
    AccurateRip signature  : 875EF4CB
        ->Accurately ripped! (AR2, confidence 5)
          (matched with the different offset correction value;
           calculated using an additional offset of 1695;
           the signature after correction is: 083152C2)
    Statistics
        Read error                           : 0
        Skipped (treated as error)           : 0
        Edge jitter error (maybe fixed)      : 0
        Atom jitter error (maybe fixed)      : 0
        Drift error (maybe fixed)            : 0
        Dropped bytes error (maybe fixed)    : 0
        Duplicated bytes error (maybe fixed) : 0

Track 10
    Pre-gap length : 00:00:03

    CRC32 hash             : 237A1D43
    CRC32 hash (skip zero) : 7F4564DC
    AccurateRip signature  : EC4F6EFC
        ->Accurately ripped! (AR2, confidence 5)
          (matched with the different offset correction value;
           calculated using an additional offset of 1695;
           the signature after correction is: 57D54214)
    Statistics
        Read error                           : 0
        Skipped (treated as error)           : 0
        Edge jitter error (maybe fixed)      : 0
        Atom jitter error (maybe fixed)      : 0
        Drift error (maybe fixed)            : 0
        Dropped bytes error (maybe fixed)    : 0
        Duplicated bytes error (maybe fixed) : 0

No errors occurred

End of status report
