X Lossless Decoder version 20110417 (131.0)

XLD extraction logfile from 2011-04-30 13:41:11 +0900

Elvis Costello & The Attractions / Armed Forces (reissued in 1993)

Used drive : HL-DT-ST BD-RE  BH10NS30 (revision EL00)

Ripper mode             : CDParanoia III 10.2
Disable audio cache     : OK for the drive with a cache less than 2750KiB
Make use of C2 pointers : NO
Read offset correction  : 667
Max retry count         : 100
Gap status              : Analyzed, Appended

TOC of the extracted CD
     Track |   Start  |  Length  | Start sector | End sector 
    ---------------------------------------------------------
        1  | 00:00:32 | 03:00:65 |        32    |    13596   
        2  | 03:01:22 | 02:18:53 |     13597    |    23999   
        3  | 05:20:00 | 03:00:52 |     24000    |    37551   
        4  | 08:20:52 | 02:56:25 |     37552    |    50776   
        5  | 11:17:02 | 02:43:05 |     50777    |    63006   
        6  | 14:00:07 | 03:23:10 |     63007    |    78241   
        7  | 17:23:17 | 03:16:63 |     78242    |    93004   
        8  | 20:40:05 | 03:34:62 |     93005    |   109116   
        9  | 24:14:67 | 03:23:08 |    109117    |   124349   
       10  | 27:38:00 | 02:48:62 |    124350    |   137011   
       11  | 30:26:62 | 02:57:33 |    137012    |   150319   
       12  | 33:24:20 | 03:15:20 |    150320    |   164964   
       13  | 36:39:40 | 03:46:15 |    164965    |   181929   
       14  | 40:25:55 | 01:29:12 |    181930    |   188616   
       15  | 41:54:67 | 02:42:65 |    188617    |   200831   
       16  | 44:37:57 | 01:59:43 |    200832    |   209799   
       17  | 46:37:25 | 01:56:17 |    209800    |   218516   
       18  | 48:33:42 | 02:17:13 |    218517    |   228804   
       19  | 50:50:55 | 03:22:70 |    228805    |   244024   
       20  | 54:13:50 | 03:07:50 |    244025    |   258099   
       21  | 57:21:25 | 06:08:30 |    258100    |   285729   

List of alternate offset correction values
        #  | Absolute | Relative | Confidence 
    ------------------------------------------
        1  |    463   |   -204   |     24     
        2  |   -199   |   -866   |      2     
        3  |    390   |   -277   |      2     

AccurateRip Summary
    Track 01 : OK (AR2, confidence 3)
    Track 02 : OK (AR2, confidence 3)
    Track 03 : OK (AR2, confidence 3)
    Track 04 : OK (AR2, confidence 3)
    Track 05 : OK (AR2, confidence 3)
    Track 06 : OK (AR2, confidence 3)
    Track 07 : OK (AR2, confidence 3)
    Track 08 : OK (AR2, confidence 3)
    Track 09 : OK (AR2, confidence 3)
    Track 10 : OK (AR2, confidence 3)
    Track 11 : OK (AR2, confidence 3)
    Track 12 : OK (AR2, confidence 3)
    Track 13 : OK (AR2, confidence 3)
    Track 14 : OK (AR2, confidence 3)
    Track 15 : OK (AR2, confidence 3)
    Track 16 : OK (AR2, confidence 3)
    Track 17 : OK (AR2, confidence 3)
    Track 18 : OK (AR2, confidence 3)
    Track 19 : OK (AR2, confidence 3)
    Track 20 : OK (AR2, confidence 3)
    Track 21 : OK (AR2, confidence 3)
        ->All tracks accurately ripped.

All Tracks
    Filename : /Users/angelicalbite/Music/flac/Armed Forces (reissued in 1993).flac
    CRC32 hash             : 2C479157
    CRC32 hash (skip zero) : 66E25A5C
    Statistics
        Read error                           : 0
        Skipped (treated as error)           : 0
        Edge jitter error (maybe fixed)      : 0
        Atom jitter error (maybe fixed)      : 0
        Drift error (maybe fixed)            : 0
        Dropped bytes error (maybe fixed)    : 0
        Duplicated bytes error (maybe fixed) : 0

Track 01
    Pre-gap length : 00:02:32

    CRC32 hash             : 99F02C20
    CRC32 hash (skip zero) : 222BFA44
    AccurateRip signature  : 528EE975
        ->Accurately ripped! (AR2, confidence 3)
    Statistics
        Read error                           : 0
        Skipped (treated as error)           : 0
        Edge jitter error (maybe fixed)      : 0
        Atom jitter error (maybe fixed)      : 0
        Drift error (maybe fixed)            : 0
        Dropped bytes error (maybe fixed)    : 0
        Duplicated bytes error (maybe fixed) : 0

Track 02
    Pre-gap length : 00:00:25

    CRC32 hash             : D9745218
    CRC32 hash (skip zero) : 41BB3358
    AccurateRip signature  : 9B636146
        ->Accurately ripped! (AR2, confidence 3)
    Statistics
        Read error                           : 0
        Skipped (treated as error)           : 0
        Edge jitter error (maybe fixed)      : 0
        Atom jitter error (maybe fixed)      : 0
        Drift error (maybe fixed)            : 0
        Dropped bytes error (maybe fixed)    : 0
        Duplicated bytes error (maybe fixed) : 0

Track 03
    Pre-gap length : 00:00:55

    CRC32 hash             : 158B6D31
    CRC32 hash (skip zero) : 8692E251
    AccurateRip signature  : B4976C69
        ->Accurately ripped! (AR2, confidence 3)
    Statistics
        Read error                           : 0
        Skipped (treated as error)           : 0
        Edge jitter error (maybe fixed)      : 0
        Atom jitter error (maybe fixed)      : 0
        Drift error (maybe fixed)            : 0
        Dropped bytes error (maybe fixed)    : 0
        Duplicated bytes error (maybe fixed) : 0

Track 04
    Pre-gap length : 00:02:27

    CRC32 hash             : AD0D9941
    CRC32 hash (skip zero) : B777E442
    AccurateRip signature  : 5923C362
        ->Accurately ripped! (AR2, confidence 3)
    Statistics
        Read error                           : 0
        Skipped (treated as error)           : 0
        Edge jitter error (maybe fixed)      : 0
        Atom jitter error (maybe fixed)      : 0
        Drift error (maybe fixed)            : 0
        Dropped bytes error (maybe fixed)    : 0
        Duplicated bytes error (maybe fixed) : 0

Track 05
    Pre-gap length : 00:01:05

    CRC32 hash             : 49BCE85E
    CRC32 hash (skip zero) : 9720586D
    AccurateRip signature  : 4F2A2B8E
        ->Accurately ripped! (AR2, confidence 3)
    Statistics
        Read error                           : 0
        Skipped (treated as error)           : 0
        Edge jitter error (maybe fixed)      : 0
        Atom jitter error (maybe fixed)      : 0
        Drift error (maybe fixed)            : 0
        Dropped bytes error (maybe fixed)    : 0
        Duplicated bytes error (maybe fixed) : 0

Track 06
    Pre-gap length : 00:00:50

    CRC32 hash             : D3B3956F
    CRC32 hash (skip zero) : 2492C837
    AccurateRip signature  : CE816353
        ->Accurately ripped! (AR2, confidence 3)
    Statistics
        Read error                           : 0
        Skipped (treated as error)           : 0
        Edge jitter error (maybe fixed)      : 0
        Atom jitter error (maybe fixed)      : 0
        Drift error (maybe fixed)            : 0
        Dropped bytes error (maybe fixed)    : 0
        Duplicated bytes error (maybe fixed) : 0

Track 07
    Pre-gap length : 00:02:27

    CRC32 hash             : 18AADF8A
    CRC32 hash (skip zero) : 38557BF7
    AccurateRip signature  : 2F5C40A4
        ->Accurately ripped! (AR2, confidence 3)
    Statistics
        Read error                           : 0
        Skipped (treated as error)           : 0
        Edge jitter error (maybe fixed)      : 0
        Atom jitter error (maybe fixed)      : 0
        Drift error (maybe fixed)            : 0
        Dropped bytes error (maybe fixed)    : 0
        Duplicated bytes error (maybe fixed) : 0

Track 08

    CRC32 hash             : 499EE0E6
    CRC32 hash (skip zero) : 0DCD3607
    AccurateRip signature  : EF1F8FE6
        ->Accurately ripped! (AR2, confidence 3)
    Statistics
        Read error                           : 0
        Skipped (treated as error)           : 0
        Edge jitter error (maybe fixed)      : 0
        Atom jitter error (maybe fixed)      : 0
        Drift error (maybe fixed)            : 0
        Dropped bytes error (maybe fixed)    : 0
        Duplicated bytes error (maybe fixed) : 0

Track 09
    Pre-gap length : 00:00:52

    CRC32 hash             : 7ECA8BD1
    CRC32 hash (skip zero) : 51A91CBA
    AccurateRip signature  : 8EE42B6F
        ->Accurately ripped! (AR2, confidence 3)
    Statistics
        Read error                           : 0
        Skipped (treated as error)           : 0
        Edge jitter error (maybe fixed)      : 0
        Atom jitter error (maybe fixed)      : 0
        Drift error (maybe fixed)            : 0
        Dropped bytes error (maybe fixed)    : 0
        Duplicated bytes error (maybe fixed) : 0

Track 10

    CRC32 hash             : 16D34818
    CRC32 hash (skip zero) : 79F0D490
    AccurateRip signature  : 816AC881
        ->Accurately ripped! (AR2, confidence 3)
    Statistics
        Read error                           : 0
        Skipped (treated as error)           : 0
        Edge jitter error (maybe fixed)      : 0
        Atom jitter error (maybe fixed)      : 0
        Drift error (maybe fixed)            : 0
        Dropped bytes error (maybe fixed)    : 0
        Duplicated bytes error (maybe fixed) : 0

Track 11

    CRC32 hash             : 10BBD920
    CRC32 hash (skip zero) : 73FCF790
    AccurateRip signature  : 1D52299A
        ->Accurately ripped! (AR2, confidence 3)
    Statistics
        Read error                           : 0
        Skipped (treated as error)           : 0
        Edge jitter error (maybe fixed)      : 0
        Atom jitter error (maybe fixed)      : 0
        Drift error (maybe fixed)            : 0
        Dropped bytes error (maybe fixed)    : 0
        Duplicated bytes error (maybe fixed) : 0

Track 12
    Pre-gap length : 00:02:13

    CRC32 hash             : 93C1524A
    CRC32 hash (skip zero) : 7E91863B
    AccurateRip signature  : 620D6FCF
        ->Accurately ripped! (AR2, confidence 3)
    Statistics
        Read error                           : 0
        Skipped (treated as error)           : 0
        Edge jitter error (maybe fixed)      : 0
        Atom jitter error (maybe fixed)      : 0
        Drift error (maybe fixed)            : 0
        Dropped bytes error (maybe fixed)    : 0
        Duplicated bytes error (maybe fixed) : 0

Track 13
    Pre-gap length : 00:04:18

    CRC32 hash             : 31030F51
    CRC32 hash (skip zero) : 99FFA30D
    AccurateRip signature  : EAD9E318
        ->Accurately ripped! (AR2, confidence 3)
    Statistics
        Read error                           : 0
        Skipped (treated as error)           : 0
        Edge jitter error (maybe fixed)      : 0
        Atom jitter error (maybe fixed)      : 0
        Drift error (maybe fixed)            : 0
        Dropped bytes error (maybe fixed)    : 0
        Duplicated bytes error (maybe fixed) : 0

Track 14
    Pre-gap length : 00:14:28

    CRC32 hash             : 5D45AB48
    CRC32 hash (skip zero) : 536E10A9
    AccurateRip signature  : 0505C4FD
        ->Accurately ripped! (AR2, confidence 3)
    Statistics
        Read error                           : 0
        Skipped (treated as error)           : 0
        Edge jitter error (maybe fixed)      : 0
        Atom jitter error (maybe fixed)      : 0
        Drift error (maybe fixed)            : 0
        Dropped bytes error (maybe fixed)    : 0
        Duplicated bytes error (maybe fixed) : 0

Track 15
    Pre-gap length : 00:00:37

    CRC32 hash             : D5040CEC
    CRC32 hash (skip zero) : 4556056C
    AccurateRip signature  : E00A4DB1
        ->Accurately ripped! (AR2, confidence 3)
    Statistics
        Read error                           : 0
        Skipped (treated as error)           : 0
        Edge jitter error (maybe fixed)      : 0
        Atom jitter error (maybe fixed)      : 0
        Drift error (maybe fixed)            : 0
        Dropped bytes error (maybe fixed)    : 0
        Duplicated bytes error (maybe fixed) : 0

Track 16
    Pre-gap length : 00:01:05

    CRC32 hash             : 324B1A1B
    CRC32 hash (skip zero) : F62CF795
    AccurateRip signature  : A9E5B2C7
        ->Accurately ripped! (AR2, confidence 3)
    Statistics
        Read error                           : 0
        Skipped (treated as error)           : 0
        Edge jitter error (maybe fixed)      : 0
        Atom jitter error (maybe fixed)      : 0
        Drift error (maybe fixed)            : 0
        Dropped bytes error (maybe fixed)    : 0
        Duplicated bytes error (maybe fixed) : 0

Track 17
    Pre-gap length : 00:01:45

    CRC32 hash             : 3B9883B1
    CRC32 hash (skip zero) : 90481CEB
    AccurateRip signature  : 4D9ED631
        ->Accurately ripped! (AR2, confidence 3)
    Statistics
        Read error                           : 0
        Skipped (treated as error)           : 0
        Edge jitter error (maybe fixed)      : 0
        Atom jitter error (maybe fixed)      : 0
        Drift error (maybe fixed)            : 0
        Dropped bytes error (maybe fixed)    : 0
        Duplicated bytes error (maybe fixed) : 0

Track 18

    CRC32 hash             : E36629B6
    CRC32 hash (skip zero) : 5A8A705E
    AccurateRip signature  : 1019E9BB
        ->Accurately ripped! (AR2, confidence 3)
    Statistics
        Read error                           : 0
        Skipped (treated as error)           : 0
        Edge jitter error (maybe fixed)      : 0
        Atom jitter error (maybe fixed)      : 0
        Drift error (maybe fixed)            : 0
        Dropped bytes error (maybe fixed)    : 0
        Duplicated bytes error (maybe fixed) : 0

Track 19
    Pre-gap length : 00:14:70

    CRC32 hash             : F54CA535
    CRC32 hash (skip zero) : ECEFA9AA
    AccurateRip signature  : 336EBE4B
        ->Accurately ripped! (AR2, confidence 3)
    Statistics
        Read error                           : 0
        Skipped (treated as error)           : 0
        Edge jitter error (maybe fixed)      : 0
        Atom jitter error (maybe fixed)      : 0
        Drift error (maybe fixed)            : 0
        Dropped bytes error (maybe fixed)    : 0
        Duplicated bytes error (maybe fixed) : 0

Track 20

    CRC32 hash             : 911D7E57
    CRC32 hash (skip zero) : FB22745B
    AccurateRip signature  : C7973B27
        ->Accurately ripped! (AR2, confidence 3)
    Statistics
        Read error                           : 0
        Skipped (treated as error)           : 0
        Edge jitter error (maybe fixed)      : 0
        Atom jitter error (maybe fixed)      : 0
        Drift error (maybe fixed)            : 0
        Dropped bytes error (maybe fixed)    : 0
        Duplicated bytes error (maybe fixed) : 0

Track 21
    Pre-gap length : 00:01:35

    CRC32 hash             : 6A7A1D50
    CRC32 hash (skip zero) : F24B020A
    AccurateRip signature  : AD94B3E6
        ->Accurately ripped! (AR2, confidence 3)
    Statistics
        Read error                           : 0
        Skipped (treated as error)           : 0
        Edge jitter error (maybe fixed)      : 0
        Atom jitter error (maybe fixed)      : 0
        Drift error (maybe fixed)            : 0
        Dropped bytes error (maybe fixed)    : 0
        Duplicated bytes error (maybe fixed) : 0

No errors occurred

End of status report
