X Lossless Decoder version 20110417 (131.0)

XLD extraction logfile from 2011-04-30 13:37:15 +0900

Elvis Costello & The Imposters / The Delivery Man

Used drive : MATSHITA DVD-R   UJ-868 (revision KB19)

Ripper mode             : CDParanoia III 10.2
Disable audio cache     : OK for the drive with a cache less than 2750KiB
Make use of C2 pointers : NO
Read offset correction  : 102
Max retry count         : 100
Gap status              : Analyzed, Appended

TOC of the extracted CD
     Track |   Start  |  Length  | Start sector | End sector 
    ---------------------------------------------------------
        1  | 00:00:00 | 04:54:69 |         0    |    22118   
        2  | 04:54:69 | 03:57:68 |     22119    |    39961   
        3  | 08:52:62 | 03:42:52 |     39962    |    56663   
        4  | 12:35:39 | 03:59:72 |     56664    |    74660   
        5  | 16:35:36 | 04:48:59 |     74661    |    96319   
        6  | 21:24:20 | 04:38:42 |     96320    |   117211   
        7  | 26:02:62 | 04:28:64 |    117212    |   137375   
        8  | 30:31:51 | 04:17:58 |    137376    |   156708   
        9  | 34:49:34 | 02:50:61 |    156709    |   169519   
       10  | 37:40:20 | 04:07:44 |    169520    |   188088   
       11  | 41:47:64 | 05:05:50 |    188089    |   211013   
       12  | 46:53:39 | 03:58:62 |    211014    |   228925   
       13  | 50:52:26 | 02:26:20 |    228926    |   239895   

List of alternate offset correction values
        #  | Absolute | Relative | Confidence 
    ------------------------------------------
        1  |   -544   |   -646   |     11     
        2  |    108   |      6   |      2     

AccurateRip Summary
    Track 01 : OK (AR2, confidence 4)
    Track 02 : OK (AR2, confidence 4)
    Track 03 : OK (AR2, confidence 4)
    Track 04 : OK (AR2, confidence 4)
    Track 05 : OK (AR2, confidence 4)
    Track 06 : OK (AR2, confidence 4)
    Track 07 : OK (AR2, confidence 4)
    Track 08 : OK (AR2, confidence 4)
    Track 09 : OK (AR2, confidence 4)
    Track 10 : OK (AR2, confidence 4)
    Track 11 : OK (AR2, confidence 4)
    Track 12 : OK (AR2, confidence 4)
    Track 13 : OK (AR2, confidence 4)
        ->All tracks accurately ripped.

All Tracks
    Filename : /Users/m4c/Public/flac/The Delivery Man.flac
    CRC32 hash             : 5554FF9A
    CRC32 hash (skip zero) : 682EFEFD
    Statistics
        Read error                           : 0
        Skipped (treated as error)           : 0
        Edge jitter error (maybe fixed)      : 0
        Atom jitter error (maybe fixed)      : 0
        Drift error (maybe fixed)            : 0
        Dropped bytes error (maybe fixed)    : 0
        Duplicated bytes error (maybe fixed) : 0

Track 01
    Pre-gap length : 00:02:00

    CRC32 hash             : 68A0FA7F
    CRC32 hash (skip zero) : 86C6C21D
    AccurateRip signature  : 04ED8A0D
        ->Accurately ripped! (AR2, confidence 4)
    Statistics
        Read error                           : 0
        Skipped (treated as error)           : 0
        Edge jitter error (maybe fixed)      : 0
        Atom jitter error (maybe fixed)      : 0
        Drift error (maybe fixed)            : 0
        Dropped bytes error (maybe fixed)    : 0
        Duplicated bytes error (maybe fixed) : 0

Track 02
    Pre-gap length : 00:03:03

    CRC32 hash             : BA319CFA
    CRC32 hash (skip zero) : 355A9BA3
    AccurateRip signature  : 487938BD
        ->Accurately ripped! (AR2, confidence 4)
    Statistics
        Read error                           : 0
        Skipped (treated as error)           : 0
        Edge jitter error (maybe fixed)      : 0
        Atom jitter error (maybe fixed)      : 0
        Drift error (maybe fixed)            : 0
        Dropped bytes error (maybe fixed)    : 0
        Duplicated bytes error (maybe fixed) : 0

Track 03
    Pre-gap length : 00:00:18

    CRC32 hash             : 58E8145F
    CRC32 hash (skip zero) : D8599D78
    AccurateRip signature  : AAA6460E
        ->Accurately ripped! (AR2, confidence 4)
    Statistics
        Read error                           : 0
        Skipped (treated as error)           : 0
        Edge jitter error (maybe fixed)      : 0
        Atom jitter error (maybe fixed)      : 0
        Drift error (maybe fixed)            : 0
        Dropped bytes error (maybe fixed)    : 0
        Duplicated bytes error (maybe fixed) : 0

Track 04

    CRC32 hash             : E49038AC
    CRC32 hash (skip zero) : B1AD8312
    AccurateRip signature  : A9F64B19
        ->Accurately ripped! (AR2, confidence 4)
    Statistics
        Read error                           : 0
        Skipped (treated as error)           : 0
        Edge jitter error (maybe fixed)      : 0
        Atom jitter error (maybe fixed)      : 0
        Drift error (maybe fixed)            : 0
        Dropped bytes error (maybe fixed)    : 0
        Duplicated bytes error (maybe fixed) : 0

Track 05

    CRC32 hash             : D1F31165
    CRC32 hash (skip zero) : B07EC8CD
    AccurateRip signature  : 72A1F67A
        ->Accurately ripped! (AR2, confidence 4)
    Statistics
        Read error                           : 0
        Skipped (treated as error)           : 0
        Edge jitter error (maybe fixed)      : 0
        Atom jitter error (maybe fixed)      : 0
        Drift error (maybe fixed)            : 0
        Dropped bytes error (maybe fixed)    : 0
        Duplicated bytes error (maybe fixed) : 0

Track 06
    Pre-gap length : 00:01:56

    CRC32 hash             : 61FD9941
    CRC32 hash (skip zero) : 47AFDF1D
    AccurateRip signature  : 437830DC
        ->Accurately ripped! (AR2, confidence 4)
    Statistics
        Read error                           : 0
        Skipped (treated as error)           : 0
        Edge jitter error (maybe fixed)      : 0
        Atom jitter error (maybe fixed)      : 0
        Drift error (maybe fixed)            : 0
        Dropped bytes error (maybe fixed)    : 0
        Duplicated bytes error (maybe fixed) : 0

Track 07

    CRC32 hash             : 161DB966
    CRC32 hash (skip zero) : 6A7BBA86
    AccurateRip signature  : 04EB0A1F
        ->Accurately ripped! (AR2, confidence 4)
    Statistics
        Read error                           : 0
        Skipped (treated as error)           : 0
        Edge jitter error (maybe fixed)      : 0
        Atom jitter error (maybe fixed)      : 0
        Drift error (maybe fixed)            : 0
        Dropped bytes error (maybe fixed)    : 0
        Duplicated bytes error (maybe fixed) : 0

Track 08
    Pre-gap length : 00:00:55

    CRC32 hash             : C06B3312
    CRC32 hash (skip zero) : 282ED144
    AccurateRip signature  : 875D3CD1
        ->Accurately ripped! (AR2, confidence 4)
    Statistics
        Read error                           : 0
        Skipped (treated as error)           : 0
        Edge jitter error (maybe fixed)      : 0
        Atom jitter error (maybe fixed)      : 0
        Drift error (maybe fixed)            : 0
        Dropped bytes error (maybe fixed)    : 0
        Duplicated bytes error (maybe fixed) : 0

Track 09
    Pre-gap length : 00:01:32

    CRC32 hash             : 666B4DDB
    CRC32 hash (skip zero) : 05F178A9
    AccurateRip signature  : 82C68DBD
        ->Accurately ripped! (AR2, confidence 4)
    Statistics
        Read error                           : 0
        Skipped (treated as error)           : 0
        Edge jitter error (maybe fixed)      : 0
        Atom jitter error (maybe fixed)      : 0
        Drift error (maybe fixed)            : 0
        Dropped bytes error (maybe fixed)    : 0
        Duplicated bytes error (maybe fixed) : 0

Track 10
    Pre-gap length : 00:00:20

    CRC32 hash             : A71BA9C1
    CRC32 hash (skip zero) : 274EC02C
    AccurateRip signature  : C1AE10B7
        ->Accurately ripped! (AR2, confidence 4)
    Statistics
        Read error                           : 0
        Skipped (treated as error)           : 0
        Edge jitter error (maybe fixed)      : 0
        Atom jitter error (maybe fixed)      : 0
        Drift error (maybe fixed)            : 0
        Dropped bytes error (maybe fixed)    : 0
        Duplicated bytes error (maybe fixed) : 0

Track 11

    CRC32 hash             : C432A5BD
    CRC32 hash (skip zero) : 5D846361
    AccurateRip signature  : 08B6344C
        ->Accurately ripped! (AR2, confidence 4)
    Statistics
        Read error                           : 0
        Skipped (treated as error)           : 0
        Edge jitter error (maybe fixed)      : 0
        Atom jitter error (maybe fixed)      : 0
        Drift error (maybe fixed)            : 0
        Dropped bytes error (maybe fixed)    : 0
        Duplicated bytes error (maybe fixed) : 0

Track 12

    CRC32 hash             : 1333A871
    CRC32 hash (skip zero) : 1CA1D7B9
    AccurateRip signature  : 0545C464
        ->Accurately ripped! (AR2, confidence 4)
    Statistics
        Read error                           : 0
        Skipped (treated as error)           : 0
        Edge jitter error (maybe fixed)      : 0
        Atom jitter error (maybe fixed)      : 0
        Drift error (maybe fixed)            : 0
        Dropped bytes error (maybe fixed)    : 0
        Duplicated bytes error (maybe fixed) : 0

Track 13
    Pre-gap length : 00:06:03

    CRC32 hash             : D09681BF
    CRC32 hash (skip zero) : A7748C27
    AccurateRip signature  : 180CD875
        ->Accurately ripped! (AR2, confidence 4)
    Statistics
        Read error                           : 0
        Skipped (treated as error)           : 0
        Edge jitter error (maybe fixed)      : 0
        Atom jitter error (maybe fixed)      : 0
        Drift error (maybe fixed)            : 0
        Dropped bytes error (maybe fixed)    : 0
        Duplicated bytes error (maybe fixed) : 0

No errors occurred

End of status report
