X Lossless Decoder version 20110417 (131.0)

XLD extraction logfile from 2011-04-29 07:44:36 +0900

Brian Wilson / I Just Wasn't Made For These Times

Used drive : HL-DT-ST BD-RE  BH10NS30 (revision EL00)

Ripper mode             : CDParanoia III 10.2
Disable audio cache     : OK for the drive with a cache less than 2750KiB
Make use of C2 pointers : NO
Read offset correction  : 667
Max retry count         : 100
Gap status              : Analyzed, Appended

TOC of the extracted CD
     Track |   Start  |  Length  | Start sector | End sector 
    ---------------------------------------------------------
        1  | 00:00:00 | 00:50:22 |         0    |     3771   
        2  | 00:50:22 | 01:55:23 |      3772    |    12419   
        3  | 02:45:45 | 02:38:72 |     12420    |    24341   
        4  | 05:24:42 | 02:43:53 |     24342    |    36619   
        5  | 08:08:20 | 03:13:44 |     36620    |    51138   
        6  | 11:21:64 | 02:43:73 |     51139    |    63436   
        7  | 14:05:62 | 03:47:67 |     63437    |    80528   
        8  | 17:53:54 | 02:13:53 |     80529    |    90556   
        9  | 20:07:32 | 03:34:58 |     90557    |   106664   
       10  | 23:42:15 | 02:58:17 |    106665    |   120031   
       11  | 26:40:32 | 02:49:60 |    120032    |   132766   

List of alternate offset correction values
        #  | Absolute | Relative | Confidence 
    ------------------------------------------
        1  |    677   |     10   |     24     

AccurateRip Summary
    Track 01 : OK (confidence 4)
    Track 02 : OK (confidence 4)
    Track 03 : OK (confidence 4)
    Track 04 : OK (confidence 4)
    Track 05 : OK (confidence 4)
    Track 06 : OK (confidence 4)
    Track 07 : OK (confidence 4)
    Track 08 : OK (confidence 4)
    Track 09 : OK (confidence 4)
    Track 10 : OK (confidence 4)
    Track 11 : OK (confidence 4)
        ->All tracks accurately ripped.

All Tracks
    Filename : /Users/angelicalbite/Music/flac/I Just Wasn't Made For These Times.flac
    CRC32 hash             : C0FE7764
    CRC32 hash (skip zero) : 0EF0DE71
    Statistics
        Read error                           : 0
        Skipped (treated as error)           : 0
        Edge jitter error (maybe fixed)      : 0
        Atom jitter error (maybe fixed)      : 0
        Drift error (maybe fixed)            : 0
        Dropped bytes error (maybe fixed)    : 0
        Duplicated bytes error (maybe fixed) : 0

Track 01
    Pre-gap length : 00:02:00

    CRC32 hash             : 805BF616
    CRC32 hash (skip zero) : 13EF917D
    AccurateRip signature  : 49234C26
        ->Accurately ripped! (confidence 4)
    Statistics
        Read error                           : 0
        Skipped (treated as error)           : 0
        Edge jitter error (maybe fixed)      : 0
        Atom jitter error (maybe fixed)      : 0
        Drift error (maybe fixed)            : 0
        Dropped bytes error (maybe fixed)    : 0
        Duplicated bytes error (maybe fixed) : 0

Track 02

    CRC32 hash             : AD4DB491
    CRC32 hash (skip zero) : 1D6C021E
    AccurateRip signature  : 95AF2AB0
        ->Accurately ripped! (confidence 4)
    Statistics
        Read error                           : 0
        Skipped (treated as error)           : 0
        Edge jitter error (maybe fixed)      : 0
        Atom jitter error (maybe fixed)      : 0
        Drift error (maybe fixed)            : 0
        Dropped bytes error (maybe fixed)    : 0
        Duplicated bytes error (maybe fixed) : 0

Track 03

    CRC32 hash             : A8E5A235
    CRC32 hash (skip zero) : EAF52967
    AccurateRip signature  : 11458930
        ->Accurately ripped! (confidence 4)
    Statistics
        Read error                           : 0
        Skipped (treated as error)           : 0
        Edge jitter error (maybe fixed)      : 0
        Atom jitter error (maybe fixed)      : 0
        Drift error (maybe fixed)            : 0
        Dropped bytes error (maybe fixed)    : 0
        Duplicated bytes error (maybe fixed) : 0

Track 04

    CRC32 hash             : F4512D15
    CRC32 hash (skip zero) : F8933994
    AccurateRip signature  : 5D82C506
        ->Accurately ripped! (confidence 4)
    Statistics
        Read error                           : 0
        Skipped (treated as error)           : 0
        Edge jitter error (maybe fixed)      : 0
        Atom jitter error (maybe fixed)      : 0
        Drift error (maybe fixed)            : 0
        Dropped bytes error (maybe fixed)    : 0
        Duplicated bytes error (maybe fixed) : 0

Track 05

    CRC32 hash             : 54807741
    CRC32 hash (skip zero) : E7E56A4C
    AccurateRip signature  : C34DAFCE
        ->Accurately ripped! (confidence 4)
    Statistics
        Read error                           : 0
        Skipped (treated as error)           : 0
        Edge jitter error (maybe fixed)      : 0
        Atom jitter error (maybe fixed)      : 0
        Drift error (maybe fixed)            : 0
        Dropped bytes error (maybe fixed)    : 0
        Duplicated bytes error (maybe fixed) : 0

Track 06

    CRC32 hash             : 61AD4C6A
    CRC32 hash (skip zero) : FEC10FAB
    AccurateRip signature  : ECD78E32
        ->Accurately ripped! (confidence 4)
    Statistics
        Read error                           : 0
        Skipped (treated as error)           : 0
        Edge jitter error (maybe fixed)      : 0
        Atom jitter error (maybe fixed)      : 0
        Drift error (maybe fixed)            : 0
        Dropped bytes error (maybe fixed)    : 0
        Duplicated bytes error (maybe fixed) : 0

Track 07

    CRC32 hash             : C4702DC8
    CRC32 hash (skip zero) : F6D9DCFE
    AccurateRip signature  : 9F4ECD59
        ->Accurately ripped! (confidence 4)
    Statistics
        Read error                           : 0
        Skipped (treated as error)           : 0
        Edge jitter error (maybe fixed)      : 0
        Atom jitter error (maybe fixed)      : 0
        Drift error (maybe fixed)            : 0
        Dropped bytes error (maybe fixed)    : 0
        Duplicated bytes error (maybe fixed) : 0

Track 08

    CRC32 hash             : C62110D0
    CRC32 hash (skip zero) : 9638395C
    AccurateRip signature  : 6403E96C
        ->Accurately ripped! (confidence 4)
    Statistics
        Read error                           : 0
        Skipped (treated as error)           : 0
        Edge jitter error (maybe fixed)      : 0
        Atom jitter error (maybe fixed)      : 0
        Drift error (maybe fixed)            : 0
        Dropped bytes error (maybe fixed)    : 0
        Duplicated bytes error (maybe fixed) : 0

Track 09

    CRC32 hash             : 603ACF7F
    CRC32 hash (skip zero) : 8FE27861
    AccurateRip signature  : AF150291
        ->Accurately ripped! (confidence 4)
    Statistics
        Read error                           : 0
        Skipped (treated as error)           : 0
        Edge jitter error (maybe fixed)      : 0
        Atom jitter error (maybe fixed)      : 0
        Drift error (maybe fixed)            : 0
        Dropped bytes error (maybe fixed)    : 0
        Duplicated bytes error (maybe fixed) : 0

Track 10

    CRC32 hash             : 59A6FD21
    CRC32 hash (skip zero) : B1F04F25
    AccurateRip signature  : F6822A36
        ->Accurately ripped! (confidence 4)
    Statistics
        Read error                           : 0
        Skipped (treated as error)           : 0
        Edge jitter error (maybe fixed)      : 0
        Atom jitter error (maybe fixed)      : 0
        Drift error (maybe fixed)            : 0
        Dropped bytes error (maybe fixed)    : 0
        Duplicated bytes error (maybe fixed) : 0

Track 11

    CRC32 hash             : C7F9BAEE
    CRC32 hash (skip zero) : B9B9677C
    AccurateRip signature  : 4599F52E
        ->Accurately ripped! (confidence 4)
    Statistics
        Read error                           : 0
        Skipped (treated as error)           : 0
        Edge jitter error (maybe fixed)      : 0
        Atom jitter error (maybe fixed)      : 0
        Drift error (maybe fixed)            : 0
        Dropped bytes error (maybe fixed)    : 0
        Duplicated bytes error (maybe fixed) : 0

No errors occurred

End of status report
