X Lossless Decoder version 20141129 (148.1)

XLD extraction logfile from 2015-07-14 02:10:44 +0900

Brian Wilson / No Pier Pressure

Used drive : HL-DT-ST BD-RE  BH10NS30 (revision EL00)
Media type : Pressed CD

Ripper mode             : XLD Secure Ripper
Disable audio cache     : OK for the drive with a cache less than 1375KiB
Make use of C2 pointers : NO
Read offset correction  : 667
Max retry count         : 20
Gap status              : Analyzed, Appended

TOC of the extracted CD
     Track |   Start  |  Length  | Start sector | End sector 
    ---------------------------------------------------------
        1  | 00:00:00 | 01:25:22 |         0    |     6396   
        2  | 01:25:22 | 03:58:53 |      6397    |    24299   
        3  | 05:24:00 | 02:51:52 |     24300    |    37176   
        4  | 08:15:52 | 02:14:69 |     37177    |    47295   
        5  | 10:30:46 | 03:24:21 |     47296    |    62616   
        6  | 13:54:67 | 03:43:42 |     62617    |    79383   
        7  | 17:38:34 | 02:54:08 |     79384    |    92441   
        8  | 20:32:42 | 03:23:61 |     92442    |   107727   
        9  | 23:56:28 | 02:42:74 |    107728    |   119951   
       10  | 26:39:27 | 03:02:01 |    119952    |   133602   
       11  | 29:41:28 | 02:17:72 |    133603    |   143949   
       12  | 31:59:25 | 03:40:13 |    143950    |   160462   
       13  | 35:39:38 | 03:42:59 |    160463    |   177171   
       14  | 39:22:22 | 03:34:21 |    177172    |   193242   
       15  | 42:56:43 | 03:30:59 |    193243    |   209051   
       16  | 46:27:27 | 04:36:20 |    209052    |   229771   
       17  | 51:03:47 | 02:39:28 |    229772    |   241724   
       18  | 53:43:00 | 02:22:07 |    241725    |   252381   

AccurateRip Summary (DiscID: 0023613f-01deac0a-f60d2512)
    Track 01 : OK (v2, confidence 11/11)
    Track 02 : OK (v2, confidence 11/11)
    Track 03 : OK (v2, confidence 11/11)
    Track 04 : OK (v2, confidence 11/11)
    Track 05 : OK (v2, confidence 11/11)
    Track 06 : OK (v2, confidence 11/11)
    Track 07 : OK (v2, confidence 12/12)
    Track 08 : OK (v2, confidence 12/12)
    Track 09 : OK (v2, confidence 12/12)
    Track 10 : OK (v2, confidence 12/12)
    Track 11 : OK (v2, confidence 11/11)
    Track 12 : OK (v2, confidence 11/11)
    Track 13 : OK (v2, confidence 11/11)
    Track 14 : OK (v2, confidence 11/11)
    Track 15 : OK (v2, confidence 11/11)
    Track 16 : OK (v2, confidence 12/12)
    Track 17 : OK (v2, confidence 11/11)
    Track 18 : OK (v2, confidence 12/12)
        ->All tracks accurately ripped.

All Tracks
    Filename : /Users/m4c/tmp/flac/No Pier Pressure.flac
    CRC32 hash               : DB1A146E
    CRC32 hash (skip zero)   : 3337011A
    Statistics
        Read error                           : 0
        Jitter error (maybe fixed)           : 0
        Retry sector count                   : 0
        Damaged sector count                 : 0

Track 01
    Pre-gap length : 00:02:00

    CRC32 hash               : 9F4F6097
    CRC32 hash (skip zero)   : 6BB73268
    AccurateRip v1 signature : 466384AF
    AccurateRip v2 signature : 9A708A27
        ->Accurately ripped (v2, confidence 11/11)
    Statistics
        Read error                           : 0
        Jitter error (maybe fixed)           : 0
        Retry sector count                   : 0
        Damaged sector count                 : 0

Track 02
    Pre-gap length : 00:00:71

    CRC32 hash               : D6502EAB
    CRC32 hash (skip zero)   : 01E5F524
    AccurateRip v1 signature : 39734AF0
    AccurateRip v2 signature : 383AC20C
        ->Accurately ripped (v2, confidence 11/11)
    Statistics
        Read error                           : 0
        Jitter error (maybe fixed)           : 0
        Retry sector count                   : 0
        Damaged sector count                 : 0

Track 03
    Pre-gap length : 00:01:45

    CRC32 hash               : 1AB7CFA9
    CRC32 hash (skip zero)   : 06A4032B
    AccurateRip v1 signature : 34A481FB
    AccurateRip v2 signature : 276B8901
        ->Accurately ripped (v2, confidence 11/11)
    Statistics
        Read error                           : 0
        Jitter error (maybe fixed)           : 0
        Retry sector count                   : 0
        Damaged sector count                 : 0

Track 04
    Pre-gap length : 00:01:00

    CRC32 hash               : 22C9BB42
    CRC32 hash (skip zero)   : 0DDE1840
    AccurateRip v1 signature : B61A4D74
    AccurateRip v2 signature : 1B595427
        ->Accurately ripped (v2, confidence 11/11)
    Statistics
        Read error                           : 0
        Jitter error (maybe fixed)           : 0
        Retry sector count                   : 0
        Damaged sector count                 : 0

Track 05
    Pre-gap length : 00:01:21

    CRC32 hash               : C17532EE
    CRC32 hash (skip zero)   : 687911EF
    AccurateRip v1 signature : 3D8FC5BA
    AccurateRip v2 signature : 7FB29E75
        ->Accurately ripped (v2, confidence 11/11)
    Statistics
        Read error                           : 0
        Jitter error (maybe fixed)           : 0
        Retry sector count                   : 0
        Damaged sector count                 : 0

Track 06
    Pre-gap length : 00:02:03

    CRC32 hash               : 6A646CF6
    CRC32 hash (skip zero)   : 7E8B587F
    AccurateRip v1 signature : 3E24F724
    AccurateRip v2 signature : 3252BA0B
        ->Accurately ripped (v2, confidence 11/11)
    Statistics
        Read error                           : 0
        Jitter error (maybe fixed)           : 0
        Retry sector count                   : 0
        Damaged sector count                 : 0

Track 07
    Pre-gap length : 00:01:62

    CRC32 hash               : 1242D697
    CRC32 hash (skip zero)   : 2E2E7753
    AccurateRip v1 signature : 3222BEE7
    AccurateRip v2 signature : BFB5C076
        ->Accurately ripped (v2, confidence 12/12)
    Statistics
        Read error                           : 0
        Jitter error (maybe fixed)           : 0
        Retry sector count                   : 0
        Damaged sector count                 : 0

Track 08
    Pre-gap length : 00:00:43

    CRC32 hash               : 80C6095E
    CRC32 hash (skip zero)   : 2B5BFF34
    AccurateRip v1 signature : B57FADD3
    AccurateRip v2 signature : E923FFCA
        ->Accurately ripped (v2, confidence 12/12)
    Statistics
        Read error                           : 0
        Jitter error (maybe fixed)           : 0
        Retry sector count                   : 0
        Damaged sector count                 : 0

Track 09
    Pre-gap length : 00:02:13

    CRC32 hash               : 3C1F90DF
    CRC32 hash (skip zero)   : 3D798056
    AccurateRip v1 signature : 6BA2FFB7
    AccurateRip v2 signature : CA0E9D2A
        ->Accurately ripped (v2, confidence 12/12)
    Statistics
        Read error                           : 0
        Jitter error (maybe fixed)           : 0
        Retry sector count                   : 0
        Damaged sector count                 : 0

Track 10
    Pre-gap length : 00:02:00

    CRC32 hash               : 73726410
    CRC32 hash (skip zero)   : 8F9B5BB5
    AccurateRip v1 signature : 053F7294
    AccurateRip v2 signature : 843F8321
        ->Accurately ripped (v2, confidence 12/12)
    Statistics
        Read error                           : 0
        Jitter error (maybe fixed)           : 0
        Retry sector count                   : 0
        Damaged sector count                 : 0

Track 11
    Pre-gap length : 00:02:08

    CRC32 hash               : 52FDF4A2
    CRC32 hash (skip zero)   : 114CB05C
    AccurateRip v1 signature : 2E1450B1
    AccurateRip v2 signature : F296B892
        ->Accurately ripped (v2, confidence 11/11)
    Statistics
        Read error                           : 0
        Jitter error (maybe fixed)           : 0
        Retry sector count                   : 0
        Damaged sector count                 : 0

Track 12
    Pre-gap length : 00:01:27

    CRC32 hash               : 48E62327
    CRC32 hash (skip zero)   : 069E477C
    AccurateRip v1 signature : 7AD7C979
    AccurateRip v2 signature : 36C1B8EF
        ->Accurately ripped (v2, confidence 11/11)
    Statistics
        Read error                           : 0
        Jitter error (maybe fixed)           : 0
        Retry sector count                   : 0
        Damaged sector count                 : 0

Track 13
    Pre-gap length : 00:00:69

    CRC32 hash               : FC3AB89E
    CRC32 hash (skip zero)   : 14BD449B
    AccurateRip v1 signature : DF699E3A
    AccurateRip v2 signature : 2FDE2746
        ->Accurately ripped (v2, confidence 11/11)
    Statistics
        Read error                           : 0
        Jitter error (maybe fixed)           : 0
        Retry sector count                   : 0
        Damaged sector count                 : 0

Track 14
    Pre-gap length : 00:02:06

    CRC32 hash               : 9A838FF2
    CRC32 hash (skip zero)   : 9E666E57
    AccurateRip v1 signature : 43C55CA0
    AccurateRip v2 signature : C9C504ED
        ->Accurately ripped (v2, confidence 11/11)
    Statistics
        Read error                           : 0
        Jitter error (maybe fixed)           : 0
        Retry sector count                   : 0
        Damaged sector count                 : 0

Track 15
    Pre-gap length : 00:02:21

    CRC32 hash               : BC358289
    CRC32 hash (skip zero)   : 91A652D7
    AccurateRip v1 signature : 3F282056
    AccurateRip v2 signature : 34A3D904
        ->Accurately ripped (v2, confidence 11/11)
    Statistics
        Read error                           : 0
        Jitter error (maybe fixed)           : 0
        Retry sector count                   : 0
        Damaged sector count                 : 0

Track 16
    Pre-gap length : 00:02:56

    CRC32 hash               : EDA7880E
    CRC32 hash (skip zero)   : FC2A37DE
    AccurateRip v1 signature : 11E5B480
    AccurateRip v2 signature : 96346223
        ->Accurately ripped (v2, confidence 12/12)
    Statistics
        Read error                           : 0
        Jitter error (maybe fixed)           : 0
        Retry sector count                   : 0
        Damaged sector count                 : 0

Track 17
    Pre-gap length : 00:02:11

    CRC32 hash               : DD71A6B3
    CRC32 hash (skip zero)   : 446486BA
    AccurateRip v1 signature : C8EE6359
    AccurateRip v2 signature : 0D1B3CAE
        ->Accurately ripped (v2, confidence 11/11)
    Statistics
        Read error                           : 0
        Jitter error (maybe fixed)           : 0
        Retry sector count                   : 0
        Damaged sector count                 : 0

Track 18
    Pre-gap length : 00:02:40

    CRC32 hash               : 23850FF1
    CRC32 hash (skip zero)   : AA4231BD
    AccurateRip v1 signature : 3ECD666A
    AccurateRip v2 signature : 1425D0DF
        ->Accurately ripped (v2, confidence 12/12)
    Statistics
        Read error                           : 0
        Jitter error (maybe fixed)           : 0
        Retry sector count                   : 0
        Damaged sector count                 : 0

No errors occurred

End of status report
