X Lossless Decoder version 20110502 (132.0)

XLD extraction logfile from 2011-05-04 00:35:41 +0900

Towa Tei / Best

Used drive : MATSHITA DVD-R   UJ-868 (revision KB19)

Ripper mode             : CDParanoia III 10.2
Disable audio cache     : OK for the drive with a cache less than 2750KiB
Make use of C2 pointers : NO
Read offset correction  : 102
Max retry count         : 100
Gap status              : Analyzed, Appended

TOC of the extracted CD
     Track |   Start  |  Length  | Start sector | End sector 
    ---------------------------------------------------------
        1  | 00:00:00 | 05:09:05 |         0    |    23179   
        2  | 05:09:05 | 05:47:37 |     23180    |    49241   
        3  | 10:56:42 | 03:43:73 |     49242    |    66039   
        4  | 14:40:40 | 07:14:62 |     66040    |    98651   
        5  | 21:55:27 | 05:16:28 |     98652    |   122379   
        6  | 27:11:55 | 04:13:65 |    122380    |   141419   
        7  | 31:25:45 | 04:10:05 |    141420    |   160174   
        8  | 35:35:50 | 04:48:05 |    160175    |   181779   
        9  | 40:23:55 | 04:15:17 |    181780    |   200921   
       10  | 44:38:72 | 04:32:68 |    200922    |   221389   
       11  | 49:11:65 | 02:50:55 |    221390    |   234194   
       12  | 52:02:45 | 03:10:00 |    234195    |   248444   
       13  | 55:12:45 | 15:00:20 |    248445    |   315964   

List of alternate offset correction values
        #  | Absolute | Relative | Confidence 
    ------------------------------------------
        1  |   -400   |   -502   |      4     

AccurateRip Summary
    Track 01 : OK (confidence 4, with different offset)
    Track 02 : OK (confidence 4, with different offset)
    Track 03 : OK (confidence 4, with different offset)
    Track 04 : OK (confidence 4, with different offset)
    Track 05 : OK (confidence 4, with different offset)
    Track 06 : OK (confidence 4, with different offset)
    Track 07 : OK (confidence 4, with different offset)
    Track 08 : OK (confidence 4, with different offset)
    Track 09 : OK (confidence 4, with different offset)
    Track 10 : OK (confidence 4, with different offset)
    Track 11 : OK (confidence 4, with different offset)
    Track 12 : OK (confidence 4, with different offset)
    Track 13 : OK (confidence 4, with different offset)
        ->All tracks accurately ripped.

All Tracks
    Filename : /Users/m4c/Public/flac/Best.flac
    CRC32 hash             : 45FC2E52
    CRC32 hash (skip zero) : 3FC436D6
    Statistics
        Read error                           : 0
        Skipped (treated as error)           : 0
        Edge jitter error (maybe fixed)      : 0
        Atom jitter error (maybe fixed)      : 0
        Drift error (maybe fixed)            : 0
        Dropped bytes error (maybe fixed)    : 0
        Duplicated bytes error (maybe fixed) : 0

Track 01
    Pre-gap length : 00:02:00

    CRC32 hash             : 07352142
    CRC32 hash (skip zero) : 41D89DA7
    AccurateRip signature  : 05A9A4CB
        ->Accurately ripped! (confidence 4)
          (matched with the different offset correction value;
           calculated using an additional offset of -502;
           the signature after correction is: 9E6ECC5B)
    Statistics
        Read error                           : 0
        Skipped (treated as error)           : 0
        Edge jitter error (maybe fixed)      : 0
        Atom jitter error (maybe fixed)      : 0
        Drift error (maybe fixed)            : 0
        Dropped bytes error (maybe fixed)    : 0
        Duplicated bytes error (maybe fixed) : 0

Track 02
    Pre-gap length : 00:00:32

    CRC32 hash             : C160CF07
    CRC32 hash (skip zero) : 1893F98C
    AccurateRip signature  : 9B4DC554
        ->Accurately ripped! (confidence 4)
          (matched with the different offset correction value;
           calculated using an additional offset of -502;
           the signature after correction is: 63E3D46D)
    Statistics
        Read error                           : 0
        Skipped (treated as error)           : 0
        Edge jitter error (maybe fixed)      : 0
        Atom jitter error (maybe fixed)      : 0
        Drift error (maybe fixed)            : 0
        Dropped bytes error (maybe fixed)    : 0
        Duplicated bytes error (maybe fixed) : 0

Track 03

    CRC32 hash             : 726BFB87
    CRC32 hash (skip zero) : 5ECF6D0D
    AccurateRip signature  : 02C5897C
        ->Accurately ripped! (confidence 4)
          (matched with the different offset correction value;
           calculated using an additional offset of -502;
           the signature after correction is: EDE1A98D)
    Statistics
        Read error                           : 0
        Skipped (treated as error)           : 0
        Edge jitter error (maybe fixed)      : 0
        Atom jitter error (maybe fixed)      : 0
        Drift error (maybe fixed)            : 0
        Dropped bytes error (maybe fixed)    : 0
        Duplicated bytes error (maybe fixed) : 0

Track 04
    Pre-gap length : 00:01:12

    CRC32 hash             : 8DDB1D82
    CRC32 hash (skip zero) : BFCBC708
    AccurateRip signature  : F80B458D
        ->Accurately ripped! (confidence 4)
          (matched with the different offset correction value;
           calculated using an additional offset of -502;
           the signature after correction is: E491473F)
    Statistics
        Read error                           : 0
        Skipped (treated as error)           : 0
        Edge jitter error (maybe fixed)      : 0
        Atom jitter error (maybe fixed)      : 0
        Drift error (maybe fixed)            : 0
        Dropped bytes error (maybe fixed)    : 0
        Duplicated bytes error (maybe fixed) : 0

Track 05

    CRC32 hash             : D2940E8E
    CRC32 hash (skip zero) : 294F76FC
    AccurateRip signature  : 98A62EC7
        ->Accurately ripped! (confidence 4)
          (matched with the different offset correction value;
           calculated using an additional offset of -502;
           the signature after correction is: 64FD4BBE)
    Statistics
        Read error                           : 0
        Skipped (treated as error)           : 0
        Edge jitter error (maybe fixed)      : 0
        Atom jitter error (maybe fixed)      : 0
        Drift error (maybe fixed)            : 0
        Dropped bytes error (maybe fixed)    : 0
        Duplicated bytes error (maybe fixed) : 0

Track 06

    CRC32 hash             : A3D00A20
    CRC32 hash (skip zero) : EB2B34AA
    AccurateRip signature  : D32DA436
        ->Accurately ripped! (confidence 4)
          (matched with the different offset correction value;
           calculated using an additional offset of -502;
           the signature after correction is: DA69C6B1)
    Statistics
        Read error                           : 0
        Skipped (treated as error)           : 0
        Edge jitter error (maybe fixed)      : 0
        Atom jitter error (maybe fixed)      : 0
        Drift error (maybe fixed)            : 0
        Dropped bytes error (maybe fixed)    : 0
        Duplicated bytes error (maybe fixed) : 0

Track 07

    CRC32 hash             : 00ECFB89
    CRC32 hash (skip zero) : 953CE85E
    AccurateRip signature  : 4D643C72
        ->Accurately ripped! (confidence 4)
          (matched with the different offset correction value;
           calculated using an additional offset of -502;
           the signature after correction is: 59A1C74D)
    Statistics
        Read error                           : 0
        Skipped (treated as error)           : 0
        Edge jitter error (maybe fixed)      : 0
        Atom jitter error (maybe fixed)      : 0
        Drift error (maybe fixed)            : 0
        Dropped bytes error (maybe fixed)    : 0
        Duplicated bytes error (maybe fixed) : 0

Track 08

    CRC32 hash             : 45146DF7
    CRC32 hash (skip zero) : BA5D973E
    AccurateRip signature  : 10BC948F
        ->Accurately ripped! (confidence 4)
          (matched with the different offset correction value;
           calculated using an additional offset of -502;
           the signature after correction is: C7FA1B48)
    Statistics
        Read error                           : 0
        Skipped (treated as error)           : 0
        Edge jitter error (maybe fixed)      : 0
        Atom jitter error (maybe fixed)      : 0
        Drift error (maybe fixed)            : 0
        Dropped bytes error (maybe fixed)    : 0
        Duplicated bytes error (maybe fixed) : 0

Track 09
    Pre-gap length : 00:00:17

    CRC32 hash             : 379CB22B
    CRC32 hash (skip zero) : E3723FBB
    AccurateRip signature  : BF5593C0
        ->Accurately ripped! (confidence 4)
          (matched with the different offset correction value;
           calculated using an additional offset of -502;
           the signature after correction is: 49622A5B)
    Statistics
        Read error                           : 0
        Skipped (treated as error)           : 0
        Edge jitter error (maybe fixed)      : 0
        Atom jitter error (maybe fixed)      : 0
        Drift error (maybe fixed)            : 0
        Dropped bytes error (maybe fixed)    : 0
        Duplicated bytes error (maybe fixed) : 0

Track 10

    CRC32 hash             : DA0350F3
    CRC32 hash (skip zero) : F40C3727
    AccurateRip signature  : 0D79A647
        ->Accurately ripped! (confidence 4)
          (matched with the different offset correction value;
           calculated using an additional offset of -502;
           the signature after correction is: CCD972CE)
    Statistics
        Read error                           : 0
        Skipped (treated as error)           : 0
        Edge jitter error (maybe fixed)      : 0
        Atom jitter error (maybe fixed)      : 0
        Drift error (maybe fixed)            : 0
        Dropped bytes error (maybe fixed)    : 0
        Duplicated bytes error (maybe fixed) : 0

Track 11
    Pre-gap length : 00:02:44

    CRC32 hash             : 484B72CD
    CRC32 hash (skip zero) : 9E86B0F5
    AccurateRip signature  : 3B6DF45C
        ->Accurately ripped! (confidence 4)
          (matched with the different offset correction value;
           calculated using an additional offset of -502;
           the signature after correction is: 3F332024)
    Statistics
        Read error                           : 0
        Skipped (treated as error)           : 0
        Edge jitter error (maybe fixed)      : 0
        Atom jitter error (maybe fixed)      : 0
        Drift error (maybe fixed)            : 0
        Dropped bytes error (maybe fixed)    : 0
        Duplicated bytes error (maybe fixed) : 0

Track 12
    Pre-gap length : 00:01:39

    CRC32 hash             : 788A7B11
    CRC32 hash (skip zero) : E8129A6E
    AccurateRip signature  : 7DC28E77
        ->Accurately ripped! (confidence 4)
          (matched with the different offset correction value;
           calculated using an additional offset of -502;
           the signature after correction is: 23CCD313)
    Statistics
        Read error                           : 0
        Skipped (treated as error)           : 0
        Edge jitter error (maybe fixed)      : 0
        Atom jitter error (maybe fixed)      : 0
        Drift error (maybe fixed)            : 0
        Dropped bytes error (maybe fixed)    : 0
        Duplicated bytes error (maybe fixed) : 0

Track 13
    Pre-gap length : 00:00:72

    CRC32 hash             : CD5F12BD
    CRC32 hash (skip zero) : 36AC7A26
    AccurateRip signature  : 1DF952E6
        ->Accurately ripped! (confidence 4)
          (matched with the different offset correction value;
           calculated using an additional offset of -502;
           the signature after correction is: C4365D60)
    Statistics
        Read error                           : 0
        Skipped (treated as error)           : 0
        Edge jitter error (maybe fixed)      : 0
        Atom jitter error (maybe fixed)      : 0
        Drift error (maybe fixed)            : 0
        Dropped bytes error (maybe fixed)    : 0
        Duplicated bytes error (maybe fixed) : 0

No errors occurred

End of status report
