X Lossless Decoder version 20110417 (131.0)

XLD extraction logfile from 2011-04-20 06:51:53 +0900

Towa Tei / BIG FUN

Used drive : MATSHITA DVD-R   UJ-868 (revision KB19)

Ripper mode             : CDParanoia III 10.2
Disable audio cache     : OK for the drive with a cache less than 2750KiB
Make use of C2 pointers : NO
Read offset correction  : 102
Max retry count         : 100
Gap status              : Analyzed, Appended

TOC of the extracted CD
     Track |   Start  |  Length  | Start sector | End sector 
    ---------------------------------------------------------
        1  | 00:00:00 | 03:30:10 |         0    |    15759   
        2  | 03:30:10 | 04:20:73 |     15760    |    35332   
        3  | 07:51:08 | 04:04:63 |     35333    |    53695   
        4  | 11:55:71 | 02:46:13 |     53696    |    66158   
        5  | 14:42:09 | 04:44:64 |     66159    |    87522   
        6  | 19:26:73 | 04:21:02 |     87523    |   107099   
        7  | 23:48:00 | 02:44:51 |    107100    |   119450   
        8  | 26:32:51 | 04:57:29 |    119451    |   141754   
        9  | 31:30:05 | 08:22:34 |    141755    |   179438   
       10  | 39:52:39 | 03:54:57 |    179439    |   197045   

AccurateRip Summary
    Track 01 : OK (confidence 6)
    Track 02 : OK (confidence 6)
    Track 03 : OK (confidence 6)
    Track 04 : OK (confidence 6)
    Track 05 : OK (confidence 6)
    Track 06 : OK (confidence 6)
    Track 07 : OK (confidence 6)
    Track 08 : OK (confidence 6)
    Track 09 : OK (confidence 6)
    Track 10 : OK (confidence 6)
        ->All tracks accurately ripped.

All Tracks
    Filename : /Users/m4c/Public/flac/BIG FUN.flac
    CRC32 hash             : 623DEBDA
    CRC32 hash (skip zero) : 99C5B404
    Statistics
        Read error                           : 0
        Skipped (treated as error)           : 0
        Edge jitter error (maybe fixed)      : 0
        Atom jitter error (maybe fixed)      : 0
        Drift error (maybe fixed)            : 0
        Dropped bytes error (maybe fixed)    : 0
        Duplicated bytes error (maybe fixed) : 0

Track 01
    Pre-gap length : 00:02:00

    CRC32 hash             : F4C979EF
    CRC32 hash (skip zero) : D8E1FB36
    AccurateRip signature  : D8EF8562
        ->Accurately ripped! (confidence 6)
    Statistics
        Read error                           : 0
        Skipped (treated as error)           : 0
        Edge jitter error (maybe fixed)      : 0
        Atom jitter error (maybe fixed)      : 0
        Drift error (maybe fixed)            : 0
        Dropped bytes error (maybe fixed)    : 0
        Duplicated bytes error (maybe fixed) : 0

Track 02
    Pre-gap length : 00:01:29

    CRC32 hash             : 8B8CB3FE
    CRC32 hash (skip zero) : FA725D2D
    AccurateRip signature  : A8A9139B
        ->Accurately ripped! (confidence 6)
    Statistics
        Read error                           : 0
        Skipped (treated as error)           : 0
        Edge jitter error (maybe fixed)      : 0
        Atom jitter error (maybe fixed)      : 0
        Drift error (maybe fixed)            : 0
        Dropped bytes error (maybe fixed)    : 0
        Duplicated bytes error (maybe fixed) : 0

Track 03

    CRC32 hash             : FD735FF6
    CRC32 hash (skip zero) : 74936AFF
    AccurateRip signature  : 46808C55
        ->Accurately ripped! (confidence 6)
    Statistics
        Read error                           : 0
        Skipped (treated as error)           : 0
        Edge jitter error (maybe fixed)      : 0
        Atom jitter error (maybe fixed)      : 0
        Drift error (maybe fixed)            : 0
        Dropped bytes error (maybe fixed)    : 0
        Duplicated bytes error (maybe fixed) : 0

Track 04

    CRC32 hash             : 4BFC8FCA
    CRC32 hash (skip zero) : F1AD0472
    AccurateRip signature  : 97E6EEF6
        ->Accurately ripped! (confidence 6)
    Statistics
        Read error                           : 0
        Skipped (treated as error)           : 0
        Edge jitter error (maybe fixed)      : 0
        Atom jitter error (maybe fixed)      : 0
        Drift error (maybe fixed)            : 0
        Dropped bytes error (maybe fixed)    : 0
        Duplicated bytes error (maybe fixed) : 0

Track 05

    CRC32 hash             : 3E52D4A2
    CRC32 hash (skip zero) : 4A897270
    AccurateRip signature  : 60FDD9DB
        ->Accurately ripped! (confidence 6)
    Statistics
        Read error                           : 0
        Skipped (treated as error)           : 0
        Edge jitter error (maybe fixed)      : 0
        Atom jitter error (maybe fixed)      : 0
        Drift error (maybe fixed)            : 0
        Dropped bytes error (maybe fixed)    : 0
        Duplicated bytes error (maybe fixed) : 0

Track 06
    Pre-gap length : 00:00:60

    CRC32 hash             : 5624EC9E
    CRC32 hash (skip zero) : 7407CC5F
    AccurateRip signature  : 6B5A94ED
        ->Accurately ripped! (confidence 6)
    Statistics
        Read error                           : 0
        Skipped (treated as error)           : 0
        Edge jitter error (maybe fixed)      : 0
        Atom jitter error (maybe fixed)      : 0
        Drift error (maybe fixed)            : 0
        Dropped bytes error (maybe fixed)    : 0
        Duplicated bytes error (maybe fixed) : 0

Track 07

    CRC32 hash             : 4B456C49
    CRC32 hash (skip zero) : 140F62A1
    AccurateRip signature  : 9A32E585
        ->Accurately ripped! (confidence 6)
    Statistics
        Read error                           : 0
        Skipped (treated as error)           : 0
        Edge jitter error (maybe fixed)      : 0
        Atom jitter error (maybe fixed)      : 0
        Drift error (maybe fixed)            : 0
        Dropped bytes error (maybe fixed)    : 0
        Duplicated bytes error (maybe fixed) : 0

Track 08

    CRC32 hash             : ED4C37D3
    CRC32 hash (skip zero) : 21C1A8B5
    AccurateRip signature  : B170950F
        ->Accurately ripped! (confidence 6)
    Statistics
        Read error                           : 0
        Skipped (treated as error)           : 0
        Edge jitter error (maybe fixed)      : 0
        Atom jitter error (maybe fixed)      : 0
        Drift error (maybe fixed)            : 0
        Dropped bytes error (maybe fixed)    : 0
        Duplicated bytes error (maybe fixed) : 0

Track 09

    CRC32 hash             : 51947163
    CRC32 hash (skip zero) : 483BA756
    AccurateRip signature  : 97707FF0
        ->Accurately ripped! (confidence 6)
    Statistics
        Read error                           : 0
        Skipped (treated as error)           : 0
        Edge jitter error (maybe fixed)      : 0
        Atom jitter error (maybe fixed)      : 0
        Drift error (maybe fixed)            : 0
        Dropped bytes error (maybe fixed)    : 0
        Duplicated bytes error (maybe fixed) : 0

Track 10

    CRC32 hash             : 3E6B279D
    CRC32 hash (skip zero) : 1EECF523
    AccurateRip signature  : 407C9027
        ->Accurately ripped! (confidence 6)
    Statistics
        Read error                           : 0
        Skipped (treated as error)           : 0
        Edge jitter error (maybe fixed)      : 0
        Atom jitter error (maybe fixed)      : 0
        Drift error (maybe fixed)            : 0
        Dropped bytes error (maybe fixed)    : 0
        Duplicated bytes error (maybe fixed) : 0

No errors occurred

End of status report
