X Lossless Decoder version 20110502 (132.0)

XLD extraction logfile from 2011-05-04 00:19:49 +0900

Towa Tei / Last Century Modern

Used drive : HL-DT-ST BD-RE  BH10NS30 (revision EL00)

Ripper mode             : CDParanoia III 10.2
Disable audio cache     : OK for the drive with a cache less than 2750KiB
Make use of C2 pointers : NO
Read offset correction  : 667
Max retry count         : 100
Gap status              : Analyzed, Appended

TOC of the extracted CD
     Track |   Start  |  Length  | Start sector | End sector 
    ---------------------------------------------------------
        1  | 00:00:00 | 02:49:20 |         0    |    12694   
        2  | 02:49:20 | 03:08:10 |     12695    |    26804   
        3  | 05:57:30 | 04:56:70 |     26805    |    49074   
        4  | 10:54:25 | 04:05:57 |     49075    |    67506   
        5  | 15:00:07 | 02:32:58 |     67507    |    78964   
        6  | 17:32:65 | 02:55:22 |     78965    |    92111   
        7  | 20:28:12 | 04:47:70 |     92112    |   113706   
        8  | 25:16:07 | 04:54:23 |    113707    |   135779   
        9  | 30:10:30 | 04:11:25 |    135780    |   154629   
       10  | 34:21:55 | 01:49:72 |    154630    |   162876   
       11  | 36:11:52 | 04:07:15 |    162877    |   181416   
       12  | 40:18:67 | 05:53:10 |    181417    |   207901   
       13  | 48:44:02 | 00:58:19 |    219302    |   223670   

AccurateRip Summary
    Track 01 : OK (confidence 8)
    Track 02 : OK (confidence 8)
    Track 03 : OK (confidence 8)
    Track 04 : OK (confidence 8)
    Track 05 : OK (confidence 8)
    Track 06 : OK (confidence 8)
    Track 07 : OK (confidence 8)
    Track 08 : OK (confidence 8)
    Track 09 : OK (confidence 8)
    Track 10 : OK (confidence 8)
    Track 11 : OK (confidence 8)
    Track 12 : OK (confidence 8)
        ->All tracks accurately ripped.

All Tracks
    Filename : /Users/angelicalbite/Music/flac/Last Century Modern.flac
    CRC32 hash             : 328A6DD1
    CRC32 hash (skip zero) : E04C3195
    Statistics
        Read error                           : 0
        Skipped (treated as error)           : 0
        Edge jitter error (maybe fixed)      : 0
        Atom jitter error (maybe fixed)      : 0
        Drift error (maybe fixed)            : 0
        Dropped bytes error (maybe fixed)    : 0
        Duplicated bytes error (maybe fixed) : 0

Track 01
    Pre-gap length : 00:02:00

    CRC32 hash             : BEF76BEA
    CRC32 hash (skip zero) : 9D7FC706
    AccurateRip signature  : B5B7F27A
        ->Accurately ripped! (confidence 8)
    Statistics
        Read error                           : 0
        Skipped (treated as error)           : 0
        Edge jitter error (maybe fixed)      : 0
        Atom jitter error (maybe fixed)      : 0
        Drift error (maybe fixed)            : 0
        Dropped bytes error (maybe fixed)    : 0
        Duplicated bytes error (maybe fixed) : 0

Track 02

    CRC32 hash             : F32CB964
    CRC32 hash (skip zero) : 19A1D519
    AccurateRip signature  : 86004D61
        ->Accurately ripped! (confidence 8)
    Statistics
        Read error                           : 0
        Skipped (treated as error)           : 0
        Edge jitter error (maybe fixed)      : 0
        Atom jitter error (maybe fixed)      : 0
        Drift error (maybe fixed)            : 0
        Dropped bytes error (maybe fixed)    : 0
        Duplicated bytes error (maybe fixed) : 0

Track 03

    CRC32 hash             : 98799652
    CRC32 hash (skip zero) : F7ECC953
    AccurateRip signature  : 07C55AE4
        ->Accurately ripped! (confidence 8)
    Statistics
        Read error                           : 0
        Skipped (treated as error)           : 0
        Edge jitter error (maybe fixed)      : 0
        Atom jitter error (maybe fixed)      : 0
        Drift error (maybe fixed)            : 0
        Dropped bytes error (maybe fixed)    : 0
        Duplicated bytes error (maybe fixed) : 0

Track 04
    Pre-gap length : 00:00:20

    CRC32 hash             : CC89A85E
    CRC32 hash (skip zero) : 50284979
    AccurateRip signature  : FE5733C3
        ->Accurately ripped! (confidence 8)
    Statistics
        Read error                           : 0
        Skipped (treated as error)           : 0
        Edge jitter error (maybe fixed)      : 0
        Atom jitter error (maybe fixed)      : 0
        Drift error (maybe fixed)            : 0
        Dropped bytes error (maybe fixed)    : 0
        Duplicated bytes error (maybe fixed) : 0

Track 05
    Pre-gap length : 00:01:17

    CRC32 hash             : 88D41CF9
    CRC32 hash (skip zero) : ED24ABF1
    AccurateRip signature  : 3A685D2E
        ->Accurately ripped! (confidence 8)
    Statistics
        Read error                           : 0
        Skipped (treated as error)           : 0
        Edge jitter error (maybe fixed)      : 0
        Atom jitter error (maybe fixed)      : 0
        Drift error (maybe fixed)            : 0
        Dropped bytes error (maybe fixed)    : 0
        Duplicated bytes error (maybe fixed) : 0

Track 06

    CRC32 hash             : 0DA9D902
    CRC32 hash (skip zero) : BF3419AA
    AccurateRip signature  : 5AEBC075
        ->Accurately ripped! (confidence 8)
    Statistics
        Read error                           : 0
        Skipped (treated as error)           : 0
        Edge jitter error (maybe fixed)      : 0
        Atom jitter error (maybe fixed)      : 0
        Drift error (maybe fixed)            : 0
        Dropped bytes error (maybe fixed)    : 0
        Duplicated bytes error (maybe fixed) : 0

Track 07

    CRC32 hash             : 93C24FBE
    CRC32 hash (skip zero) : 24E0C33A
    AccurateRip signature  : D7335F91
        ->Accurately ripped! (confidence 8)
    Statistics
        Read error                           : 0
        Skipped (treated as error)           : 0
        Edge jitter error (maybe fixed)      : 0
        Atom jitter error (maybe fixed)      : 0
        Drift error (maybe fixed)            : 0
        Dropped bytes error (maybe fixed)    : 0
        Duplicated bytes error (maybe fixed) : 0

Track 08
    Pre-gap length : 00:01:05

    CRC32 hash             : A1A53C17
    CRC32 hash (skip zero) : 1BE59F19
    AccurateRip signature  : 69CA7C51
        ->Accurately ripped! (confidence 8)
    Statistics
        Read error                           : 0
        Skipped (treated as error)           : 0
        Edge jitter error (maybe fixed)      : 0
        Atom jitter error (maybe fixed)      : 0
        Drift error (maybe fixed)            : 0
        Dropped bytes error (maybe fixed)    : 0
        Duplicated bytes error (maybe fixed) : 0

Track 09
    Pre-gap length : 00:00:13

    CRC32 hash             : C249122D
    CRC32 hash (skip zero) : 75BB0DA6
    AccurateRip signature  : E4C4EF46
        ->Accurately ripped! (confidence 8)
    Statistics
        Read error                           : 0
        Skipped (treated as error)           : 0
        Edge jitter error (maybe fixed)      : 0
        Atom jitter error (maybe fixed)      : 0
        Drift error (maybe fixed)            : 0
        Dropped bytes error (maybe fixed)    : 0
        Duplicated bytes error (maybe fixed) : 0

Track 10
    Pre-gap length : 00:00:35

    CRC32 hash             : 09D2D1B1
    CRC32 hash (skip zero) : 179AE77F
    AccurateRip signature  : B689B0C1
        ->Accurately ripped! (confidence 8)
    Statistics
        Read error                           : 0
        Skipped (treated as error)           : 0
        Edge jitter error (maybe fixed)      : 0
        Atom jitter error (maybe fixed)      : 0
        Drift error (maybe fixed)            : 0
        Dropped bytes error (maybe fixed)    : 0
        Duplicated bytes error (maybe fixed) : 0

Track 11
    Pre-gap length : 00:01:50

    CRC32 hash             : A1531FD9
    CRC32 hash (skip zero) : 58CBC6A6
    AccurateRip signature  : B2729154
        ->Accurately ripped! (confidence 8)
    Statistics
        Read error                           : 0
        Skipped (treated as error)           : 0
        Edge jitter error (maybe fixed)      : 0
        Atom jitter error (maybe fixed)      : 0
        Drift error (maybe fixed)            : 0
        Dropped bytes error (maybe fixed)    : 0
        Duplicated bytes error (maybe fixed) : 0

Track 12
    Pre-gap length : 00:00:33

    CRC32 hash             : F758353A
    CRC32 hash (skip zero) : 6A66EA99
    AccurateRip signature  : 3E7B13D5
        ->Accurately ripped! (confidence 8)
    Statistics
        Read error                           : 0
        Skipped (treated as error)           : 0
        Edge jitter error (maybe fixed)      : 0
        Atom jitter error (maybe fixed)      : 0
        Drift error (maybe fixed)            : 0
        Dropped bytes error (maybe fixed)    : 0
        Duplicated bytes error (maybe fixed) : 0

No errors occurred

End of status report
