X Lossless Decoder version 20110502 (132.0)

XLD extraction logfile from 2011-05-04 00:05:20 +0900

Towa Tei / Sound Museum

Used drive : MATSHITA DVD-R   UJ-868 (revision KB19)

Ripper mode             : CDParanoia III 10.2
Disable audio cache     : OK for the drive with a cache less than 2750KiB
Make use of C2 pointers : NO
Read offset correction  : 102
Max retry count         : 100
Gap status              : Analyzed, Appended

TOC of the extracted CD
     Track |   Start  |  Length  | Start sector | End sector 
    ---------------------------------------------------------
        1  | 00:00:00 | 03:29:00 |         0    |    15674   
        2  | 03:29:00 | 05:13:15 |     15675    |    39164   
        3  | 08:42:15 | 05:07:72 |     39165    |    62261   
        4  | 13:50:12 | 03:28:58 |     62262    |    77919   
        5  | 17:18:70 | 04:13:55 |     77920    |    96949   
        6  | 21:32:50 | 02:35:70 |     96950    |   108644   
        7  | 24:08:45 | 06:59:32 |    108645    |   140101   
        8  | 31:08:02 | 04:18:10 |    140102    |   159461   
        9  | 35:26:12 | 03:50:70 |    159462    |   176781   
       10  | 39:17:07 | 10:31:25 |    176782    |   224131   

List of alternate offset correction values
        #  | Absolute | Relative | Confidence 
    ------------------------------------------
        1  |    888   |    786   |      6     
        2  |    943   |    841   |      2     

AccurateRip Summary
    Track 01 : OK (confidence 3)
    Track 02 : OK (confidence 3)
    Track 03 : OK (confidence 3)
    Track 04 : OK (confidence 3)
    Track 05 : OK (confidence 3)
    Track 06 : OK (confidence 3)
    Track 07 : OK (confidence 3)
    Track 08 : OK (confidence 3)
    Track 09 : OK (confidence 3)
    Track 10 : OK (confidence 3)
        ->All tracks accurately ripped.

All Tracks
    Filename : /Users/m4c/Public/flac/Sound Museum.flac
    CRC32 hash             : 229FD492
    CRC32 hash (skip zero) : 20E5DBD9
    Statistics
        Read error                           : 0
        Skipped (treated as error)           : 0
        Edge jitter error (maybe fixed)      : 0
        Atom jitter error (maybe fixed)      : 0
        Drift error (maybe fixed)            : 0
        Dropped bytes error (maybe fixed)    : 0
        Duplicated bytes error (maybe fixed) : 0

Track 01
    Pre-gap length : 00:02:00

    CRC32 hash             : 0EABB99A
    CRC32 hash (skip zero) : C30756F5
    AccurateRip signature  : A0A4A8E0
        ->Accurately ripped! (confidence 3)
    Statistics
        Read error                           : 0
        Skipped (treated as error)           : 0
        Edge jitter error (maybe fixed)      : 0
        Atom jitter error (maybe fixed)      : 0
        Drift error (maybe fixed)            : 0
        Dropped bytes error (maybe fixed)    : 0
        Duplicated bytes error (maybe fixed) : 0

Track 02

    CRC32 hash             : C9EC0083
    CRC32 hash (skip zero) : 3125B29C
    AccurateRip signature  : D7E6EA1D
        ->Accurately ripped! (confidence 3)
    Statistics
        Read error                           : 0
        Skipped (treated as error)           : 0
        Edge jitter error (maybe fixed)      : 0
        Atom jitter error (maybe fixed)      : 0
        Drift error (maybe fixed)            : 0
        Dropped bytes error (maybe fixed)    : 0
        Duplicated bytes error (maybe fixed) : 0

Track 03

    CRC32 hash             : 4A03B0C5
    CRC32 hash (skip zero) : 908B679E
    AccurateRip signature  : 179853E5
        ->Accurately ripped! (confidence 3)
    Statistics
        Read error                           : 0
        Skipped (treated as error)           : 0
        Edge jitter error (maybe fixed)      : 0
        Atom jitter error (maybe fixed)      : 0
        Drift error (maybe fixed)            : 0
        Dropped bytes error (maybe fixed)    : 0
        Duplicated bytes error (maybe fixed) : 0

Track 04

    CRC32 hash             : F9ED6834
    CRC32 hash (skip zero) : BCC80562
    AccurateRip signature  : CE8DA31F
        ->Accurately ripped! (confidence 3)
    Statistics
        Read error                           : 0
        Skipped (treated as error)           : 0
        Edge jitter error (maybe fixed)      : 0
        Atom jitter error (maybe fixed)      : 0
        Drift error (maybe fixed)            : 0
        Dropped bytes error (maybe fixed)    : 0
        Duplicated bytes error (maybe fixed) : 0

Track 05

    CRC32 hash             : D7B31DDB
    CRC32 hash (skip zero) : D4B2CB4F
    AccurateRip signature  : 53744748
        ->Accurately ripped! (confidence 3)
    Statistics
        Read error                           : 0
        Skipped (treated as error)           : 0
        Edge jitter error (maybe fixed)      : 0
        Atom jitter error (maybe fixed)      : 0
        Drift error (maybe fixed)            : 0
        Dropped bytes error (maybe fixed)    : 0
        Duplicated bytes error (maybe fixed) : 0

Track 06

    CRC32 hash             : FF504D68
    CRC32 hash (skip zero) : 68B62A0F
    AccurateRip signature  : 30B309E4
        ->Accurately ripped! (confidence 3)
    Statistics
        Read error                           : 0
        Skipped (treated as error)           : 0
        Edge jitter error (maybe fixed)      : 0
        Atom jitter error (maybe fixed)      : 0
        Drift error (maybe fixed)            : 0
        Dropped bytes error (maybe fixed)    : 0
        Duplicated bytes error (maybe fixed) : 0

Track 07

    CRC32 hash             : 49060772
    CRC32 hash (skip zero) : C23E086C
    AccurateRip signature  : AB71AED6
        ->Accurately ripped! (confidence 3)
    Statistics
        Read error                           : 0
        Skipped (treated as error)           : 0
        Edge jitter error (maybe fixed)      : 0
        Atom jitter error (maybe fixed)      : 0
        Drift error (maybe fixed)            : 0
        Dropped bytes error (maybe fixed)    : 0
        Duplicated bytes error (maybe fixed) : 0

Track 08

    CRC32 hash             : BE9AF64C
    CRC32 hash (skip zero) : 68784333
    AccurateRip signature  : 5941F220
        ->Accurately ripped! (confidence 3)
    Statistics
        Read error                           : 0
        Skipped (treated as error)           : 0
        Edge jitter error (maybe fixed)      : 0
        Atom jitter error (maybe fixed)      : 0
        Drift error (maybe fixed)            : 0
        Dropped bytes error (maybe fixed)    : 0
        Duplicated bytes error (maybe fixed) : 0

Track 09

    CRC32 hash             : E6970A2E
    CRC32 hash (skip zero) : A424F9DF
    AccurateRip signature  : D7B27C2D
        ->Accurately ripped! (confidence 3)
    Statistics
        Read error                           : 0
        Skipped (treated as error)           : 0
        Edge jitter error (maybe fixed)      : 0
        Atom jitter error (maybe fixed)      : 0
        Drift error (maybe fixed)            : 0
        Dropped bytes error (maybe fixed)    : 0
        Duplicated bytes error (maybe fixed) : 0

Track 10

    CRC32 hash             : 400D484D
    CRC32 hash (skip zero) : 38AB9A38
    AccurateRip signature  : B4CA2B3D
        ->Accurately ripped! (confidence 3)
    Statistics
        Read error                           : 0
        Skipped (treated as error)           : 0
        Edge jitter error (maybe fixed)      : 0
        Atom jitter error (maybe fixed)      : 0
        Drift error (maybe fixed)            : 0
        Dropped bytes error (maybe fixed)    : 0
        Duplicated bytes error (maybe fixed) : 0

No errors occurred

End of status report
