X Lossless Decoder version 20110502 (132.0)

XLD extraction logfile from 2011-05-03 23:54:14 +0900

Towa Tei / Future Listening!

Used drive : MATSHITA DVD-R   UJ-868 (revision KB19)

Ripper mode             : CDParanoia III 10.2
Disable audio cache     : OK for the drive with a cache less than 2750KiB
Make use of C2 pointers : NO
Read offset correction  : 102
Max retry count         : 100
Gap status              : Analyzed, Appended

TOC of the extracted CD
     Track |   Start  |  Length  | Start sector | End sector 
    ---------------------------------------------------------
        1  | 00:00:00 | 04:12:20 |         0    |    18919   
        2  | 04:12:20 | 05:47:55 |     18920    |    44999   
        3  | 10:00:00 | 03:29:05 |     45000    |    60679   
        4  | 13:29:05 | 07:52:72 |     60680    |    96151   
        5  | 21:22:02 | 04:46:55 |     96152    |   117656   
        6  | 26:08:57 | 01:44:68 |    117657    |   125524   
        7  | 27:53:50 | 05:53:57 |    125525    |   152056   
        8  | 33:47:32 | 04:21:50 |    152057    |   171681   
        9  | 38:09:07 | 03:06:18 |    171682    |   185649   
       10  | 41:15:25 | 11:42:62 |    185650    |   238361   

AccurateRip Summary
    Track 01 : OK (confidence 21)
    Track 02 : OK (confidence 20)
    Track 03 : OK (confidence 20)
    Track 04 : OK (confidence 20)
    Track 05 : OK (confidence 20)
    Track 06 : OK (confidence 19)
    Track 07 : OK (confidence 19)
    Track 08 : OK (confidence 20)
    Track 09 : OK (confidence 20)
    Track 10 : OK (confidence 19)
        ->All tracks accurately ripped.

All Tracks
    Filename : /Users/m4c/Public/flac/Future Listening!.flac
    CRC32 hash             : 9982B9A0
    CRC32 hash (skip zero) : D651B039
    Statistics
        Read error                           : 0
        Skipped (treated as error)           : 0
        Edge jitter error (maybe fixed)      : 0
        Atom jitter error (maybe fixed)      : 0
        Drift error (maybe fixed)            : 0
        Dropped bytes error (maybe fixed)    : 0
        Duplicated bytes error (maybe fixed) : 0

Track 01
    Pre-gap length : 00:02:00

    CRC32 hash             : 743FE836
    CRC32 hash (skip zero) : 8FF97229
    AccurateRip signature  : 0013C929
        ->Accurately ripped! (confidence 21)
    Statistics
        Read error                           : 0
        Skipped (treated as error)           : 0
        Edge jitter error (maybe fixed)      : 0
        Atom jitter error (maybe fixed)      : 0
        Drift error (maybe fixed)            : 0
        Dropped bytes error (maybe fixed)    : 0
        Duplicated bytes error (maybe fixed) : 0

Track 02
    Pre-gap length : 00:00:63

    CRC32 hash             : E737919C
    CRC32 hash (skip zero) : 06EAAA72
    AccurateRip signature  : 0E45A353
        ->Accurately ripped! (confidence 20)
    Statistics
        Read error                           : 0
        Skipped (treated as error)           : 0
        Edge jitter error (maybe fixed)      : 0
        Atom jitter error (maybe fixed)      : 0
        Drift error (maybe fixed)            : 0
        Dropped bytes error (maybe fixed)    : 0
        Duplicated bytes error (maybe fixed) : 0

Track 03
    Pre-gap length : 00:00:60

    CRC32 hash             : 17F865C3
    CRC32 hash (skip zero) : 61A577D9
    AccurateRip signature  : 3CA37499
        ->Accurately ripped! (confidence 20)
    Statistics
        Read error                           : 0
        Skipped (treated as error)           : 0
        Edge jitter error (maybe fixed)      : 0
        Atom jitter error (maybe fixed)      : 0
        Drift error (maybe fixed)            : 0
        Dropped bytes error (maybe fixed)    : 0
        Duplicated bytes error (maybe fixed) : 0

Track 04
    Pre-gap length : 00:01:33

    CRC32 hash             : DEDD1F2A
    CRC32 hash (skip zero) : C0B28BEA
    AccurateRip signature  : 7B3571AF
        ->Accurately ripped! (confidence 20)
    Statistics
        Read error                           : 0
        Skipped (treated as error)           : 0
        Edge jitter error (maybe fixed)      : 0
        Atom jitter error (maybe fixed)      : 0
        Drift error (maybe fixed)            : 0
        Dropped bytes error (maybe fixed)    : 0
        Duplicated bytes error (maybe fixed) : 0

Track 05
    Pre-gap length : 00:01:32

    CRC32 hash             : 461EDD06
    CRC32 hash (skip zero) : 5C2FBDD4
    AccurateRip signature  : 06E3B37B
        ->Accurately ripped! (confidence 20)
    Statistics
        Read error                           : 0
        Skipped (treated as error)           : 0
        Edge jitter error (maybe fixed)      : 0
        Atom jitter error (maybe fixed)      : 0
        Drift error (maybe fixed)            : 0
        Dropped bytes error (maybe fixed)    : 0
        Duplicated bytes error (maybe fixed) : 0

Track 06
    Pre-gap length : 00:01:55

    CRC32 hash             : D75D8151
    CRC32 hash (skip zero) : 0CBFB854
    AccurateRip signature  : 4AE9A66E
        ->Accurately ripped! (confidence 19)
    Statistics
        Read error                           : 0
        Skipped (treated as error)           : 0
        Edge jitter error (maybe fixed)      : 0
        Atom jitter error (maybe fixed)      : 0
        Drift error (maybe fixed)            : 0
        Dropped bytes error (maybe fixed)    : 0
        Duplicated bytes error (maybe fixed) : 0

Track 07

    CRC32 hash             : C02212BF
    CRC32 hash (skip zero) : A255E9BF
    AccurateRip signature  : 314A87BB
        ->Accurately ripped! (confidence 19)
    Statistics
        Read error                           : 0
        Skipped (treated as error)           : 0
        Edge jitter error (maybe fixed)      : 0
        Atom jitter error (maybe fixed)      : 0
        Drift error (maybe fixed)            : 0
        Dropped bytes error (maybe fixed)    : 0
        Duplicated bytes error (maybe fixed) : 0

Track 08
    Pre-gap length : 00:00:45

    CRC32 hash             : 4FFF7B80
    CRC32 hash (skip zero) : FFF04F39
    AccurateRip signature  : 82204F87
        ->Accurately ripped! (confidence 20)
    Statistics
        Read error                           : 0
        Skipped (treated as error)           : 0
        Edge jitter error (maybe fixed)      : 0
        Atom jitter error (maybe fixed)      : 0
        Drift error (maybe fixed)            : 0
        Dropped bytes error (maybe fixed)    : 0
        Duplicated bytes error (maybe fixed) : 0

Track 09
    Pre-gap length : 00:00:35

    CRC32 hash             : B5D54D42
    CRC32 hash (skip zero) : A1CD1B14
    AccurateRip signature  : 2455017E
        ->Accurately ripped! (confidence 20)
    Statistics
        Read error                           : 0
        Skipped (treated as error)           : 0
        Edge jitter error (maybe fixed)      : 0
        Atom jitter error (maybe fixed)      : 0
        Drift error (maybe fixed)            : 0
        Dropped bytes error (maybe fixed)    : 0
        Duplicated bytes error (maybe fixed) : 0

Track 10
    Pre-gap length : 00:00:15

    CRC32 hash             : DC3668BB
    CRC32 hash (skip zero) : 85393F65
    AccurateRip signature  : 6C20CA1D
        ->Accurately ripped! (confidence 19)
    Statistics
        Read error                           : 0
        Skipped (treated as error)           : 0
        Edge jitter error (maybe fixed)      : 0
        Atom jitter error (maybe fixed)      : 0
        Drift error (maybe fixed)            : 0
        Dropped bytes error (maybe fixed)    : 0
        Duplicated bytes error (maybe fixed) : 0

No errors occurred

End of status report
