X Lossless Decoder version 20110417 (131.0)

XLD extraction logfile from 2011-04-18 08:13:26 +0900

The Waterboys / This Is The Sea: Additional Recordings [2 of 2]

Used drive : HL-DT-ST BD-RE  BH10NS30 (revision EL00)

Ripper mode             : CDParanoia III 10.2
Disable audio cache     : OK for the drive with a cache less than 2750KiB
Make use of C2 pointers : NO
Read offset correction  : 667
Max retry count         : 100
Gap status              : Analyzed, Appended

TOC of the extracted CD
     Track |   Start  |  Length  | Start sector | End sector 
    ---------------------------------------------------------
        1  | 00:00:00 | 05:40:00 |         0    |    25499   
        2  | 05:40:00 | 03:44:30 |     25500    |    42329   
        3  | 09:24:30 | 05:45:30 |     42330    |    68234   
        4  | 15:09:60 | 04:12:27 |     68235    |    87161   
        5  | 19:22:12 | 02:06:08 |     87162    |    96619   
        6  | 21:28:20 | 04:29:42 |     96620    |   116836   
        7  | 25:57:62 | 04:35:28 |    116837    |   137489   
        8  | 30:33:15 | 05:55:30 |    137490    |   164144   
        9  | 36:28:45 | 04:56:47 |    164145    |   186391   
       10  | 41:25:17 | 04:12:38 |    186392    |   205329   
       11  | 45:37:55 | 01:16:02 |    205330    |   211031   
       12  | 46:53:57 | 00:23:23 |    211032    |   212779   
       13  | 47:17:05 | 07:14:27 |    212780    |   245356   
       14  | 54:31:32 | 06:38:45 |    245357    |   275251   

List of alternate offset correction values
        #  | Absolute | Relative | Confidence 
    ------------------------------------------
        1  |    655   |    -12   |      3     
        2  |      3   |   -664   |      2     

AccurateRip Summary
    Track 01 : OK (confidence 25)
    Track 02 : OK (confidence 25)
    Track 03 : OK (confidence 25)
    Track 04 : OK (confidence 25)
    Track 05 : OK (confidence 25)
    Track 06 : OK (confidence 25)
    Track 07 : OK (confidence 25)
    Track 08 : OK (confidence 25)
    Track 09 : OK (confidence 25)
    Track 10 : OK (confidence 25)
    Track 11 : OK (confidence 25)
    Track 12 : OK (confidence 25)
    Track 13 : OK (confidence 25)
    Track 14 : OK (confidence 25)
        ->All tracks accurately ripped.

All Tracks
    Filename : /Users/angelicalbite/Music/flac/This Is The Sea: Additional Recordings [2 of 2].flac
    CRC32 hash             : E100F8C2
    CRC32 hash (skip zero) : 0B7209AF
    Statistics
        Read error                           : 0
        Skipped (treated as error)           : 0
        Edge jitter error (maybe fixed)      : 0
        Atom jitter error (maybe fixed)      : 0
        Drift error (maybe fixed)            : 0
        Dropped bytes error (maybe fixed)    : 0
        Duplicated bytes error (maybe fixed) : 0

Track 01
    Pre-gap length : 00:02:00

    CRC32 hash             : 3C983020
    CRC32 hash (skip zero) : 8A9F25CF
    AccurateRip signature  : 7A4448FA
        ->Accurately ripped! (confidence 25)
    Statistics
        Read error                           : 0
        Skipped (treated as error)           : 0
        Edge jitter error (maybe fixed)      : 0
        Atom jitter error (maybe fixed)      : 0
        Drift error (maybe fixed)            : 0
        Dropped bytes error (maybe fixed)    : 0
        Duplicated bytes error (maybe fixed) : 0

Track 02
    Pre-gap length : 00:00:45

    CRC32 hash             : F08B2071
    CRC32 hash (skip zero) : 307B3CDF
    AccurateRip signature  : 55ED424F
        ->Accurately ripped! (confidence 25)
    Statistics
        Read error                           : 0
        Skipped (treated as error)           : 0
        Edge jitter error (maybe fixed)      : 0
        Atom jitter error (maybe fixed)      : 0
        Drift error (maybe fixed)            : 0
        Dropped bytes error (maybe fixed)    : 0
        Duplicated bytes error (maybe fixed) : 0

Track 03

    CRC32 hash             : F7E9E999
    CRC32 hash (skip zero) : 3E090818
    AccurateRip signature  : 16B05DF7
        ->Accurately ripped! (confidence 25)
    Statistics
        Read error                           : 0
        Skipped (treated as error)           : 0
        Edge jitter error (maybe fixed)      : 0
        Atom jitter error (maybe fixed)      : 0
        Drift error (maybe fixed)            : 0
        Dropped bytes error (maybe fixed)    : 0
        Duplicated bytes error (maybe fixed) : 0

Track 04
    Pre-gap length : 00:00:45

    CRC32 hash             : 67D60D6E
    CRC32 hash (skip zero) : 7D93D78B
    AccurateRip signature  : 02482C51
        ->Accurately ripped! (confidence 25)
    Statistics
        Read error                           : 0
        Skipped (treated as error)           : 0
        Edge jitter error (maybe fixed)      : 0
        Atom jitter error (maybe fixed)      : 0
        Drift error (maybe fixed)            : 0
        Dropped bytes error (maybe fixed)    : 0
        Duplicated bytes error (maybe fixed) : 0

Track 05
    Pre-gap length : 00:00:62

    CRC32 hash             : D3EE2BC6
    CRC32 hash (skip zero) : E8741F68
    AccurateRip signature  : 93F549E9
        ->Accurately ripped! (confidence 25)
    Statistics
        Read error                           : 0
        Skipped (treated as error)           : 0
        Edge jitter error (maybe fixed)      : 0
        Atom jitter error (maybe fixed)      : 0
        Drift error (maybe fixed)            : 0
        Dropped bytes error (maybe fixed)    : 0
        Duplicated bytes error (maybe fixed) : 0

Track 06
    Pre-gap length : 00:00:08

    CRC32 hash             : 49AC0DE0
    CRC32 hash (skip zero) : 19EEED40
    AccurateRip signature  : C61A624F
        ->Accurately ripped! (confidence 25)
    Statistics
        Read error                           : 0
        Skipped (treated as error)           : 0
        Edge jitter error (maybe fixed)      : 0
        Atom jitter error (maybe fixed)      : 0
        Drift error (maybe fixed)            : 0
        Dropped bytes error (maybe fixed)    : 0
        Duplicated bytes error (maybe fixed) : 0

Track 07
    Pre-gap length : 00:02:30

    CRC32 hash             : 7D98E1AF
    CRC32 hash (skip zero) : 55D246A6
    AccurateRip signature  : 32DE18A4
        ->Accurately ripped! (confidence 25)
    Statistics
        Read error                           : 0
        Skipped (treated as error)           : 0
        Edge jitter error (maybe fixed)      : 0
        Atom jitter error (maybe fixed)      : 0
        Drift error (maybe fixed)            : 0
        Dropped bytes error (maybe fixed)    : 0
        Duplicated bytes error (maybe fixed) : 0

Track 08
    Pre-gap length : 00:00:45

    CRC32 hash             : 0BA41B98
    CRC32 hash (skip zero) : AFB6AF5A
    AccurateRip signature  : F8A8763A
        ->Accurately ripped! (confidence 25)
    Statistics
        Read error                           : 0
        Skipped (treated as error)           : 0
        Edge jitter error (maybe fixed)      : 0
        Atom jitter error (maybe fixed)      : 0
        Drift error (maybe fixed)            : 0
        Dropped bytes error (maybe fixed)    : 0
        Duplicated bytes error (maybe fixed) : 0

Track 09
    Pre-gap length : 00:01:08

    CRC32 hash             : AA9D5F55
    CRC32 hash (skip zero) : 576BE815
    AccurateRip signature  : 694E1A7D
        ->Accurately ripped! (confidence 25)
    Statistics
        Read error                           : 0
        Skipped (treated as error)           : 0
        Edge jitter error (maybe fixed)      : 0
        Atom jitter error (maybe fixed)      : 0
        Drift error (maybe fixed)            : 0
        Dropped bytes error (maybe fixed)    : 0
        Duplicated bytes error (maybe fixed) : 0

Track 10
    Pre-gap length : 00:00:11

    CRC32 hash             : 5D609A22
    CRC32 hash (skip zero) : FFF59C6E
    AccurateRip signature  : 17286CCA
        ->Accurately ripped! (confidence 25)
    Statistics
        Read error                           : 0
        Skipped (treated as error)           : 0
        Edge jitter error (maybe fixed)      : 0
        Atom jitter error (maybe fixed)      : 0
        Drift error (maybe fixed)            : 0
        Dropped bytes error (maybe fixed)    : 0
        Duplicated bytes error (maybe fixed) : 0

Track 11
    Pre-gap length : 00:00:68

    CRC32 hash             : 8A271443
    CRC32 hash (skip zero) : 7F15F4E2
    AccurateRip signature  : 52F1A20D
        ->Accurately ripped! (confidence 25)
    Statistics
        Read error                           : 0
        Skipped (treated as error)           : 0
        Edge jitter error (maybe fixed)      : 0
        Atom jitter error (maybe fixed)      : 0
        Drift error (maybe fixed)            : 0
        Dropped bytes error (maybe fixed)    : 0
        Duplicated bytes error (maybe fixed) : 0

Track 12
    Pre-gap length : 00:00:50

    CRC32 hash             : FCAEC4C8
    CRC32 hash (skip zero) : C7483992
    AccurateRip signature  : 3C2D2FEF
        ->Accurately ripped! (confidence 25)
    Statistics
        Read error                           : 0
        Skipped (treated as error)           : 0
        Edge jitter error (maybe fixed)      : 0
        Atom jitter error (maybe fixed)      : 0
        Drift error (maybe fixed)            : 0
        Dropped bytes error (maybe fixed)    : 0
        Duplicated bytes error (maybe fixed) : 0

Track 13
    Pre-gap length : 00:00:28

    CRC32 hash             : 7763E5DB
    CRC32 hash (skip zero) : 9335CC88
    AccurateRip signature  : BB478B64
        ->Accurately ripped! (confidence 25)
    Statistics
        Read error                           : 0
        Skipped (treated as error)           : 0
        Edge jitter error (maybe fixed)      : 0
        Atom jitter error (maybe fixed)      : 0
        Drift error (maybe fixed)            : 0
        Dropped bytes error (maybe fixed)    : 0
        Duplicated bytes error (maybe fixed) : 0

Track 14

    CRC32 hash             : 3D1F56AA
    CRC32 hash (skip zero) : D2E39238
    AccurateRip signature  : 1778BAF6
        ->Accurately ripped! (confidence 25)
    Statistics
        Read error                           : 0
        Skipped (treated as error)           : 0
        Edge jitter error (maybe fixed)      : 0
        Atom jitter error (maybe fixed)      : 0
        Drift error (maybe fixed)            : 0
        Dropped bytes error (maybe fixed)    : 0
        Duplicated bytes error (maybe fixed) : 0

No errors occurred

End of status report
