X Lossless Decoder version 20110502 (132.0)

XLD extraction logfile from 2011-05-03 18:15:44 +0900

The Sugarplastic / Radio Jejune

Used drive : HL-DT-ST BD-RE  BH10NS30 (revision EL00)

Ripper mode             : CDParanoia III 10.2
Disable audio cache     : OK for the drive with a cache less than 2750KiB
Make use of C2 pointers : NO
Read offset correction  : 667
Max retry count         : 100
Gap status              : Analyzed, Appended

TOC of the extracted CD
     Track |   Start  |  Length  | Start sector | End sector 
    ---------------------------------------------------------
        1  | 00:00:32 | 04:07:50 |        32    |    18606   
        2  | 04:08:07 | 03:43:08 |     18607    |    35339   
        3  | 07:51:15 | 03:41:65 |     35340    |    51979   
        4  | 11:33:05 | 02:45:40 |     51980    |    64394   
        5  | 14:18:45 | 02:56:17 |     64395    |    77611   
        6  | 17:14:62 | 05:18:63 |     77612    |   101524   
        7  | 22:33:50 | 02:26:50 |    101525    |   112524   
        8  | 25:00:25 | 04:32:05 |    112525    |   132929   
        9  | 29:32:30 | 01:59:02 |    132930    |   141856   
       10  | 31:31:32 | 04:44:73 |    141857    |   163229   

List of alternate offset correction values
        #  | Absolute | Relative | Confidence 
    ------------------------------------------
        1  |    771   |    104   |      3     

AccurateRip Summary
    Track 01 : OK (confidence 3, with different offset)
    Track 02 : OK (confidence 3, with different offset)
    Track 03 : OK (confidence 3, with different offset)
    Track 04 : OK (confidence 3, with different offset)
    Track 05 : OK (confidence 3, with different offset)
    Track 06 : OK (confidence 3, with different offset)
    Track 07 : OK (confidence 3, with different offset)
    Track 08 : OK (confidence 3, with different offset)
    Track 09 : OK (confidence 3, with different offset)
    Track 10 : OK (confidence 3, with different offset)
        ->All tracks accurately ripped.

All Tracks
    Filename : /Users/angelicalbite/Music/flac/Radio Jejune.flac
    CRC32 hash             : 6B31010C
    CRC32 hash (skip zero) : 7C3124EE
    Statistics
        Read error                           : 0
        Skipped (treated as error)           : 0
        Edge jitter error (maybe fixed)      : 0
        Atom jitter error (maybe fixed)      : 0
        Drift error (maybe fixed)            : 0
        Dropped bytes error (maybe fixed)    : 0
        Duplicated bytes error (maybe fixed) : 0

Track 01
    Pre-gap length : 00:02:32

    CRC32 hash             : 3F3E0D6C
    CRC32 hash (skip zero) : AD00309B
    AccurateRip signature  : A4FE3E0E
        ->Accurately ripped! (confidence 3)
          (matched with the different offset correction value;
           calculated using an additional offset of 104;
           the signature after correction is: B622732E)
    Statistics
        Read error                           : 0
        Skipped (treated as error)           : 0
        Edge jitter error (maybe fixed)      : 0
        Atom jitter error (maybe fixed)      : 0
        Drift error (maybe fixed)            : 0
        Dropped bytes error (maybe fixed)    : 0
        Duplicated bytes error (maybe fixed) : 0

Track 02
    Pre-gap length : 00:02:32

    CRC32 hash             : B875FE81
    CRC32 hash (skip zero) : 809F84A2
    AccurateRip signature  : A0AB533E
        ->Accurately ripped! (confidence 3)
          (matched with the different offset correction value;
           calculated using an additional offset of 104;
           the signature after correction is: 1166A62D)
    Statistics
        Read error                           : 0
        Skipped (treated as error)           : 0
        Edge jitter error (maybe fixed)      : 0
        Atom jitter error (maybe fixed)      : 0
        Drift error (maybe fixed)            : 0
        Dropped bytes error (maybe fixed)    : 0
        Duplicated bytes error (maybe fixed) : 0

Track 03

    CRC32 hash             : 47DCFFFA
    CRC32 hash (skip zero) : 4FD06CA0
    AccurateRip signature  : F8107EFB
        ->Accurately ripped! (confidence 3)
          (matched with the different offset correction value;
           calculated using an additional offset of 104;
           the signature after correction is: 6746580E)
    Statistics
        Read error                           : 0
        Skipped (treated as error)           : 0
        Edge jitter error (maybe fixed)      : 0
        Atom jitter error (maybe fixed)      : 0
        Drift error (maybe fixed)            : 0
        Dropped bytes error (maybe fixed)    : 0
        Duplicated bytes error (maybe fixed) : 0

Track 04

    CRC32 hash             : 5CBC7AFC
    CRC32 hash (skip zero) : 4A233325
    AccurateRip signature  : 44297D41
        ->Accurately ripped! (confidence 3)
          (matched with the different offset correction value;
           calculated using an additional offset of 104;
           the signature after correction is: A646E3F2)
    Statistics
        Read error                           : 0
        Skipped (treated as error)           : 0
        Edge jitter error (maybe fixed)      : 0
        Atom jitter error (maybe fixed)      : 0
        Drift error (maybe fixed)            : 0
        Dropped bytes error (maybe fixed)    : 0
        Duplicated bytes error (maybe fixed) : 0

Track 05
    Pre-gap length : 00:00:73

    CRC32 hash             : E635371A
    CRC32 hash (skip zero) : 5A2C41B3
    AccurateRip signature  : 2483CFF1
        ->Accurately ripped! (confidence 3)
          (matched with the different offset correction value;
           calculated using an additional offset of 104;
           the signature after correction is: 6E99785B)
    Statistics
        Read error                           : 0
        Skipped (treated as error)           : 0
        Edge jitter error (maybe fixed)      : 0
        Atom jitter error (maybe fixed)      : 0
        Drift error (maybe fixed)            : 0
        Dropped bytes error (maybe fixed)    : 0
        Duplicated bytes error (maybe fixed) : 0

Track 06
    Pre-gap length : 00:01:22

    CRC32 hash             : 89812660
    CRC32 hash (skip zero) : C70A705C
    AccurateRip signature  : A6F6A859
        ->Accurately ripped! (confidence 3)
          (matched with the different offset correction value;
           calculated using an additional offset of 104;
           the signature after correction is: 2898F4D0)
    Statistics
        Read error                           : 0
        Skipped (treated as error)           : 0
        Edge jitter error (maybe fixed)      : 0
        Atom jitter error (maybe fixed)      : 0
        Drift error (maybe fixed)            : 0
        Dropped bytes error (maybe fixed)    : 0
        Duplicated bytes error (maybe fixed) : 0

Track 07
    Pre-gap length : 00:00:45

    CRC32 hash             : 13B03348
    CRC32 hash (skip zero) : 9A97C9ED
    AccurateRip signature  : 8AA3C1C8
        ->Accurately ripped! (confidence 3)
          (matched with the different offset correction value;
           calculated using an additional offset of 104;
           the signature after correction is: 46A1FA98)
    Statistics
        Read error                           : 0
        Skipped (treated as error)           : 0
        Edge jitter error (maybe fixed)      : 0
        Atom jitter error (maybe fixed)      : 0
        Drift error (maybe fixed)            : 0
        Dropped bytes error (maybe fixed)    : 0
        Duplicated bytes error (maybe fixed) : 0

Track 08
    Pre-gap length : 00:02:25

    CRC32 hash             : 7423E179
    CRC32 hash (skip zero) : 52EC539A
    AccurateRip signature  : F050C0CF
        ->Accurately ripped! (confidence 3)
          (matched with the different offset correction value;
           calculated using an additional offset of 104;
           the signature after correction is: 360AC22F)
    Statistics
        Read error                           : 0
        Skipped (treated as error)           : 0
        Edge jitter error (maybe fixed)      : 0
        Atom jitter error (maybe fixed)      : 0
        Drift error (maybe fixed)            : 0
        Dropped bytes error (maybe fixed)    : 0
        Duplicated bytes error (maybe fixed) : 0

Track 09
    Pre-gap length : 00:01:08

    CRC32 hash             : 60B561C6
    CRC32 hash (skip zero) : 34C75602
    AccurateRip signature  : 000E9908
        ->Accurately ripped! (confidence 3)
          (matched with the different offset correction value;
           calculated using an additional offset of 104;
           the signature after correction is: 7931F040)
    Statistics
        Read error                           : 0
        Skipped (treated as error)           : 0
        Edge jitter error (maybe fixed)      : 0
        Atom jitter error (maybe fixed)      : 0
        Drift error (maybe fixed)            : 0
        Dropped bytes error (maybe fixed)    : 0
        Duplicated bytes error (maybe fixed) : 0

Track 10
    Pre-gap length : 00:01:27

    CRC32 hash             : A70C5E4D
    CRC32 hash (skip zero) : 6C32A3EC
    AccurateRip signature  : AAEBA621
        ->Accurately ripped! (confidence 3)
          (matched with the different offset correction value;
           calculated using an additional offset of 104;
           the signature after correction is: 9CBF3581)
    Statistics
        Read error                           : 0
        Skipped (treated as error)           : 0
        Edge jitter error (maybe fixed)      : 0
        Atom jitter error (maybe fixed)      : 0
        Drift error (maybe fixed)            : 0
        Dropped bytes error (maybe fixed)    : 0
        Duplicated bytes error (maybe fixed) : 0

No errors occurred

End of status report
