X Lossless Decoder version 20181019 (151.1)

XLD extraction logfile from 2019-06-08 14:06:55 +0900

Yu Sakai (さかいゆう) / Yu Are Something

Used drive : HL-DT-ST BD-RE  BH10NS30 (revision EL00)
Media type : Pressed CD

Ripper mode             : XLD Secure Ripper
Disable audio cache     : OK for the drive with a cache less than 1375KiB
Make use of C2 pointers : NO
Read offset correction  : 667
Max retry count         : 20
Gap status              : Analyzed, Appended

TOC of the extracted CD
     Track |   Start  |  Length  | Start sector | End sector 
    ---------------------------------------------------------
        1  | 00:00:00 | 03:50:14 |         0    |    17263   
        2  | 03:50:14 | 04:40:63 |     17264    |    38326   
        3  | 08:31:02 | 04:06:24 |     38327    |    56800   
        4  | 12:37:26 | 06:54:72 |     56801    |    87922   
        5  | 19:32:23 | 04:06:08 |     87923    |   106380   
        6  | 23:38:31 | 05:00:06 |    106381    |   128886   
        7  | 28:38:37 | 05:31:70 |    128887    |   153781   
        8  | 34:10:32 | 03:14:51 |    153782    |   168382   
        9  | 37:25:08 | 04:49:31 |    168383    |   190088   
       10  | 42:14:39 | 03:51:43 |    190089    |   207456   
       11  | 46:06:07 | 04:00:07 |    207457    |   225463   
       12  | 50:06:14 | 03:21:52 |    225464    |   240590   
       13  | 53:27:66 | 04:55:27 |    240591    |   262742   

AccurateRip Summary (DiscID: 001cbfbc-011ed229-9d0daf0d)
    Track 01 : OK (v2, confidence 3/3)
    Track 02 : OK (v2, confidence 3/3)
    Track 03 : OK (v2, confidence 3/3)
    Track 04 : OK (v2, confidence 3/3)
    Track 05 : OK (v2, confidence 3/3)
    Track 06 : OK (v2, confidence 3/3)
    Track 07 : OK (v2, confidence 3/3)
    Track 08 : OK (v2, confidence 3/3)
    Track 09 : OK (v2, confidence 3/3)
    Track 10 : OK (v2, confidence 3/3)
    Track 11 : OK (v2, confidence 3/3)
    Track 12 : OK (v2, confidence 3/3)
    Track 13 : OK (v2, confidence 3/3)
        ->All tracks accurately ripped.

All Tracks
    Filename : /Users/m4c/Music/Yu Sakai (さかいゆう) - Yu Are Something.flac
    CRC32 hash               : 18FF145B
    CRC32 hash (skip zero)   : 7E1FAB66
    Statistics
        Read error                           : 0
        Jitter error (maybe fixed)           : 0
        Retry sector count                   : 0
        Damaged sector count                 : 0

Track 01
    Pre-gap length : 00:02:00

    CRC32 hash               : 20F610EA
    CRC32 hash (skip zero)   : A4DE0627
    AccurateRip v1 signature : F4231DEE
    AccurateRip v2 signature : 4AA37808
        ->Accurately ripped (v2, confidence 3/3)
    Statistics
        Read error                           : 0
        Jitter error (maybe fixed)           : 0
        Retry sector count                   : 0
        Damaged sector count                 : 0

Track 02

    CRC32 hash               : 664C9B9B
    CRC32 hash (skip zero)   : 2AFB140E
    AccurateRip v1 signature : 05F6AF01
    AccurateRip v2 signature : CB3549A8
        ->Accurately ripped (v2, confidence 3/3)
    Statistics
        Read error                           : 0
        Jitter error (maybe fixed)           : 0
        Retry sector count                   : 0
        Damaged sector count                 : 0

Track 03

    CRC32 hash               : B167BB25
    CRC32 hash (skip zero)   : 76787577
    AccurateRip v1 signature : 9F5F09F2
    AccurateRip v2 signature : 10BFB958
        ->Accurately ripped (v2, confidence 3/3)
    Statistics
        Read error                           : 0
        Jitter error (maybe fixed)           : 0
        Retry sector count                   : 0
        Damaged sector count                 : 0

Track 04

    CRC32 hash               : 4AF3F9B8
    CRC32 hash (skip zero)   : 093AE3D9
    AccurateRip v1 signature : F9CF00C9
    AccurateRip v2 signature : 957E21ED
        ->Accurately ripped (v2, confidence 3/3)
    Statistics
        Read error                           : 0
        Jitter error (maybe fixed)           : 0
        Retry sector count                   : 0
        Damaged sector count                 : 0

Track 05

    CRC32 hash               : 6FDD5537
    CRC32 hash (skip zero)   : A322A828
    AccurateRip v1 signature : CE4D4E88
    AccurateRip v2 signature : 6573F93D
        ->Accurately ripped (v2, confidence 3/3)
    Statistics
        Read error                           : 0
        Jitter error (maybe fixed)           : 0
        Retry sector count                   : 0
        Damaged sector count                 : 0

Track 06

    CRC32 hash               : C7F26B42
    CRC32 hash (skip zero)   : F38226D9
    AccurateRip v1 signature : AF8F12F3
    AccurateRip v2 signature : 92B355A3
        ->Accurately ripped (v2, confidence 3/3)
    Statistics
        Read error                           : 0
        Jitter error (maybe fixed)           : 0
        Retry sector count                   : 0
        Damaged sector count                 : 0

Track 07

    CRC32 hash               : 3F0E15DA
    CRC32 hash (skip zero)   : 7A236899
    AccurateRip v1 signature : BDF9D89B
    AccurateRip v2 signature : D670D3F6
        ->Accurately ripped (v2, confidence 3/3)
    Statistics
        Read error                           : 0
        Jitter error (maybe fixed)           : 0
        Retry sector count                   : 0
        Damaged sector count                 : 0

Track 08

    CRC32 hash               : 4807DE45
    CRC32 hash (skip zero)   : 9A97A076
    AccurateRip v1 signature : 60CBCCF2
    AccurateRip v2 signature : F3D8ED3F
        ->Accurately ripped (v2, confidence 3/3)
    Statistics
        Read error                           : 0
        Jitter error (maybe fixed)           : 0
        Retry sector count                   : 0
        Damaged sector count                 : 0

Track 09

    CRC32 hash               : 6226E83A
    CRC32 hash (skip zero)   : 1B11A497
    AccurateRip v1 signature : A9BEA97F
    AccurateRip v2 signature : 0F5D7250
        ->Accurately ripped (v2, confidence 3/3)
    Statistics
        Read error                           : 0
        Jitter error (maybe fixed)           : 0
        Retry sector count                   : 0
        Damaged sector count                 : 0

Track 10

    CRC32 hash               : 115D3566
    CRC32 hash (skip zero)   : D387ED02
    AccurateRip v1 signature : 34F4AD57
    AccurateRip v2 signature : 25302AAB
        ->Accurately ripped (v2, confidence 3/3)
    Statistics
        Read error                           : 0
        Jitter error (maybe fixed)           : 0
        Retry sector count                   : 0
        Damaged sector count                 : 0

Track 11

    CRC32 hash               : A85E2976
    CRC32 hash (skip zero)   : 0C3ED11A
    AccurateRip v1 signature : 29944166
    AccurateRip v2 signature : E72FD183
        ->Accurately ripped (v2, confidence 3/3)
    Statistics
        Read error                           : 0
        Jitter error (maybe fixed)           : 0
        Retry sector count                   : 0
        Damaged sector count                 : 0

Track 12

    CRC32 hash               : 8A4D4634
    CRC32 hash (skip zero)   : 94CF5D61
    AccurateRip v1 signature : F39B59A0
    AccurateRip v2 signature : 3D623616
        ->Accurately ripped (v2, confidence 3/3)
    Statistics
        Read error                           : 0
        Jitter error (maybe fixed)           : 0
        Retry sector count                   : 0
        Damaged sector count                 : 0

Track 13

    CRC32 hash               : 8CB4B28D
    CRC32 hash (skip zero)   : 6D7CF74B
    AccurateRip v1 signature : C71C3DB7
    AccurateRip v2 signature : 9BFDB9DD
        ->Accurately ripped (v2, confidence 3/3)
    Statistics
        Read error                           : 0
        Jitter error (maybe fixed)           : 0
        Retry sector count                   : 0
        Damaged sector count                 : 0

No errors occurred

End of status report
