X Lossless Decoder version 20181019 (151.1)

XLD extraction logfile from 2019-01-07 23:22:43 +0900

Harry Hosono and The Yellow Magic Band / PARAISO (はらいそ) (remastered in 2005)

Used drive : HL-DT-ST BD-RE  BH10NS30 (revision EL00)
Media type : Pressed CD

Ripper mode             : XLD Secure Ripper
Disable audio cache     : OK for the drive with a cache less than 1375KiB
Make use of C2 pointers : NO
Read offset correction  : 667
Max retry count         : 20
Gap status              : Analyzed, Appended

TOC of the extracted CD
     Track |   Start  |  Length  | Start sector | End sector 
    ---------------------------------------------------------
        1  | 00:00:00 | 03:31:28 |         0    |    15852   
        2  | 03:31:28 | 04:44:31 |     15853    |    37183   
        3  | 08:15:59 | 03:34:08 |     37184    |    53241   
        4  | 11:49:67 | 02:14:35 |     53242    |    63326   
        5  | 14:04:27 | 02:48:51 |     63327    |    75977   
        6  | 16:53:03 | 05:00:06 |     75978    |    98483   
        7  | 21:53:09 | 03:35:74 |     98484    |   114682   
        8  | 25:29:08 | 04:27:48 |    114683    |   134755   
        9  | 29:56:56 | 04:38:54 |    134756    |   155659   

AccurateRip Summary (DiscID: 000b6e6f-0053ffda-6b081b09)
    Track 01 : OK (v1+v2, confidence 22/22)
    Track 02 : OK (v1+v2, confidence 21/21)
    Track 03 : OK (v1+v2, confidence 22/22)
    Track 04 : OK (v1+v2, confidence 22/22)
    Track 05 : OK (v1+v2, confidence 22/22)
    Track 06 : OK (v1+v2, confidence 21/21)
    Track 07 : OK (v1+v2, confidence 21/21)
    Track 08 : OK (v1+v2, confidence 21/21)
    Track 09 : OK (v1+v2, confidence 22/22)
        ->All tracks accurately ripped.

All Tracks
    Filename : /Users/m4c/Music/Harry Hosono and The Yellow Magic Band - PARAISO (はらいそ) (remastered in 2005).flac
    CRC32 hash               : BE706020
    CRC32 hash (skip zero)   : 8CACEF68
    Statistics
        Read error                           : 0
        Jitter error (maybe fixed)           : 0
        Retry sector count                   : 0
        Damaged sector count                 : 0

Track 01
    Pre-gap length : 00:02:00

    CRC32 hash               : A3928526
    CRC32 hash (skip zero)   : C0067B16
    AccurateRip v1 signature : EC1E3D1E
    AccurateRip v2 signature : 883B12B6
        ->Accurately ripped (v1+v2, confidence 4+18/22)
    Statistics
        Read error                           : 0
        Jitter error (maybe fixed)           : 0
        Retry sector count                   : 0
        Damaged sector count                 : 0

Track 02

    CRC32 hash               : FC8AE3A3
    CRC32 hash (skip zero)   : D81D93E2
    AccurateRip v1 signature : CA7845A4
    AccurateRip v2 signature : 630D7BE7
        ->Accurately ripped (v1+v2, confidence 4+17/21)
    Statistics
        Read error                           : 0
        Jitter error (maybe fixed)           : 0
        Retry sector count                   : 0
        Damaged sector count                 : 0

Track 03

    CRC32 hash               : 5E6C36F5
    CRC32 hash (skip zero)   : 7CC15B20
    AccurateRip v1 signature : D33AC394
    AccurateRip v2 signature : 0B5486BB
        ->Accurately ripped (v1+v2, confidence 4+18/22)
    Statistics
        Read error                           : 0
        Jitter error (maybe fixed)           : 0
        Retry sector count                   : 0
        Damaged sector count                 : 0

Track 04
    Pre-gap length : 00:01:29

    CRC32 hash               : 92D19388
    CRC32 hash (skip zero)   : 70265796
    AccurateRip v1 signature : 0888E478
    AccurateRip v2 signature : 4C626EC6
        ->Accurately ripped (v1+v2, confidence 4+18/22)
    Statistics
        Read error                           : 0
        Jitter error (maybe fixed)           : 0
        Retry sector count                   : 0
        Damaged sector count                 : 0

Track 05

    CRC32 hash               : 602BABF7
    CRC32 hash (skip zero)   : 1FD527B4
    AccurateRip v1 signature : B183888F
    AccurateRip v2 signature : 142E8F31
        ->Accurately ripped (v1+v2, confidence 4+18/22)
    Statistics
        Read error                           : 0
        Jitter error (maybe fixed)           : 0
        Retry sector count                   : 0
        Damaged sector count                 : 0

Track 06

    CRC32 hash               : AF455B9F
    CRC32 hash (skip zero)   : 429A0960
    AccurateRip v1 signature : 386065CD
    AccurateRip v2 signature : ED092841
        ->Accurately ripped (v1+v2, confidence 4+17/21)
    Statistics
        Read error                           : 0
        Jitter error (maybe fixed)           : 0
        Retry sector count                   : 0
        Damaged sector count                 : 0

Track 07

    CRC32 hash               : 9CF7F96F
    CRC32 hash (skip zero)   : A3D56A3A
    AccurateRip v1 signature : AB46D0D2
    AccurateRip v2 signature : E1609D35
        ->Accurately ripped (v1+v2, confidence 4+17/21)
    Statistics
        Read error                           : 0
        Jitter error (maybe fixed)           : 0
        Retry sector count                   : 0
        Damaged sector count                 : 0

Track 08

    CRC32 hash               : 3EEE2D05
    CRC32 hash (skip zero)   : FD34A6F6
    AccurateRip v1 signature : 2B857829
    AccurateRip v2 signature : C8DE86DC
        ->Accurately ripped (v1+v2, confidence 4+17/21)
    Statistics
        Read error                           : 0
        Jitter error (maybe fixed)           : 0
        Retry sector count                   : 0
        Damaged sector count                 : 0

Track 09

    CRC32 hash               : C8AE3DBD
    CRC32 hash (skip zero)   : 7BBCA674
    AccurateRip v1 signature : DC1D8392
    AccurateRip v2 signature : 8DE8B6D1
        ->Accurately ripped (v1+v2, confidence 4+18/22)
    Statistics
        Read error                           : 0
        Jitter error (maybe fixed)           : 0
        Retry sector count                   : 0
        Damaged sector count                 : 0

No errors occurred

End of status report
