X Lossless Decoder version 20110417 (131.0)

XLD extraction logfile from 2011-04-26 04:23:29 +0900

Andy Partridge & Harold Budd / Through The Hill

Used drive : HL-DT-ST BD-RE  BH10NS30 (revision EL00)

Ripper mode             : CDParanoia III 10.2
Disable audio cache     : OK for the drive with a cache less than 2750KiB
Make use of C2 pointers : NO
Read offset correction  : 667
Max retry count         : 100
Gap status              : Analyzed, Appended

TOC of the extracted CD
     Track |   Start  |  Length  | Start sector | End sector 
    ---------------------------------------------------------
        1  | 00:00:37 | 01:19:20 |        37    |     5981   
        2  | 01:19:57 | 04:05:40 |      5982    |    24396   
        3  | 05:25:22 | 03:07:38 |     24397    |    38459   
        4  | 08:32:60 | 03:02:55 |     38460    |    52164   
        5  | 11:35:40 | 04:43:67 |     52165    |    73456   
        6  | 16:19:32 | 03:00:38 |     73457    |    86994   
        7  | 19:19:70 | 03:17:45 |     86995    |   101814   
        8  | 22:37:40 | 03:24:40 |    101815    |   117154   
        9  | 26:02:05 | 03:55:10 |    117155    |   134789   
       10  | 29:57:15 | 05:17:67 |    134790    |   158631   
       11  | 35:15:07 | 01:53:20 |    158632    |   167126   
       12  | 37:08:27 | 05:59:35 |    167127    |   194086   
       13  | 43:07:62 | 02:07:30 |    194087    |   203641   
       14  | 45:15:17 | 04:18:23 |    203642    |   223014   
       15  | 49:33:40 | 02:34:72 |    223015    |   234636   
       16  | 52:08:37 | 02:24:43 |    234637    |   245479   
       17  | 54:33:05 | 01:51:12 |    245480    |   253816   
       18  | 56:24:17 | 02:43:60 |    253817    |   266101   

AccurateRip Summary
    Track 01 : OK (confidence 3)
    Track 02 : OK (confidence 3)
    Track 03 : OK (confidence 3)
    Track 04 : OK (confidence 3)
    Track 05 : OK (confidence 3)
    Track 06 : OK (confidence 3)
    Track 07 : OK (confidence 3)
    Track 08 : OK (confidence 3)
    Track 09 : OK (confidence 3)
    Track 10 : OK (confidence 3)
    Track 11 : OK (confidence 3)
    Track 12 : OK (confidence 3)
    Track 13 : OK (confidence 3)
    Track 14 : OK (confidence 3)
    Track 15 : OK (confidence 3)
    Track 16 : OK (confidence 3)
    Track 17 : OK (confidence 3)
    Track 18 : OK (confidence 3)
        ->All tracks accurately ripped.

All Tracks
    Filename : /Users/angelicalbite/Music/flac/Through The Hill.flac
    CRC32 hash             : 0EAC984A
    CRC32 hash (skip zero) : FA1C5CFF
    Statistics
        Read error                           : 0
        Skipped (treated as error)           : 0
        Edge jitter error (maybe fixed)      : 0
        Atom jitter error (maybe fixed)      : 0
        Drift error (maybe fixed)            : 0
        Dropped bytes error (maybe fixed)    : 0
        Duplicated bytes error (maybe fixed) : 0

Track 01
    Pre-gap length : 00:02:37

    CRC32 hash             : FF13694E
    CRC32 hash (skip zero) : 891860CD
    AccurateRip signature  : 13E96FBF
        ->Accurately ripped! (confidence 3)
    Statistics
        Read error                           : 0
        Skipped (treated as error)           : 0
        Edge jitter error (maybe fixed)      : 0
        Atom jitter error (maybe fixed)      : 0
        Drift error (maybe fixed)            : 0
        Dropped bytes error (maybe fixed)    : 0
        Duplicated bytes error (maybe fixed) : 0

Track 02

    CRC32 hash             : 9A77312E
    CRC32 hash (skip zero) : AD685A36
    AccurateRip signature  : 38DC826C
        ->Accurately ripped! (confidence 3)
    Statistics
        Read error                           : 0
        Skipped (treated as error)           : 0
        Edge jitter error (maybe fixed)      : 0
        Atom jitter error (maybe fixed)      : 0
        Drift error (maybe fixed)            : 0
        Dropped bytes error (maybe fixed)    : 0
        Duplicated bytes error (maybe fixed) : 0

Track 03

    CRC32 hash             : A1D016F0
    CRC32 hash (skip zero) : 5797162D
    AccurateRip signature  : C27AF6FE
        ->Accurately ripped! (confidence 3)
    Statistics
        Read error                           : 0
        Skipped (treated as error)           : 0
        Edge jitter error (maybe fixed)      : 0
        Atom jitter error (maybe fixed)      : 0
        Drift error (maybe fixed)            : 0
        Dropped bytes error (maybe fixed)    : 0
        Duplicated bytes error (maybe fixed) : 0

Track 04
    Pre-gap length : 00:00:19

    CRC32 hash             : 24B096B7
    CRC32 hash (skip zero) : 32C4B0C7
    AccurateRip signature  : 5C701545
        ->Accurately ripped! (confidence 3)
    Statistics
        Read error                           : 0
        Skipped (treated as error)           : 0
        Edge jitter error (maybe fixed)      : 0
        Atom jitter error (maybe fixed)      : 0
        Drift error (maybe fixed)            : 0
        Dropped bytes error (maybe fixed)    : 0
        Duplicated bytes error (maybe fixed) : 0

Track 05
    Pre-gap length : 00:01:34

    CRC32 hash             : 2E0575CE
    CRC32 hash (skip zero) : A90F1B57
    AccurateRip signature  : 4314F85B
        ->Accurately ripped! (confidence 3)
    Statistics
        Read error                           : 0
        Skipped (treated as error)           : 0
        Edge jitter error (maybe fixed)      : 0
        Atom jitter error (maybe fixed)      : 0
        Drift error (maybe fixed)            : 0
        Dropped bytes error (maybe fixed)    : 0
        Duplicated bytes error (maybe fixed) : 0

Track 06
    Pre-gap length : 00:00:44

    CRC32 hash             : 722198F1
    CRC32 hash (skip zero) : 85D493E9
    AccurateRip signature  : 8E49423F
        ->Accurately ripped! (confidence 3)
    Statistics
        Read error                           : 0
        Skipped (treated as error)           : 0
        Edge jitter error (maybe fixed)      : 0
        Atom jitter error (maybe fixed)      : 0
        Drift error (maybe fixed)            : 0
        Dropped bytes error (maybe fixed)    : 0
        Duplicated bytes error (maybe fixed) : 0

Track 07
    Pre-gap length : 00:00:72

    CRC32 hash             : 9A6DB034
    CRC32 hash (skip zero) : 0D8815BB
    AccurateRip signature  : 4C0A0C99
        ->Accurately ripped! (confidence 3)
    Statistics
        Read error                           : 0
        Skipped (treated as error)           : 0
        Edge jitter error (maybe fixed)      : 0
        Atom jitter error (maybe fixed)      : 0
        Drift error (maybe fixed)            : 0
        Dropped bytes error (maybe fixed)    : 0
        Duplicated bytes error (maybe fixed) : 0

Track 08
    Pre-gap length : 00:01:59

    CRC32 hash             : 5E475210
    CRC32 hash (skip zero) : 302D7E62
    AccurateRip signature  : D9F87137
        ->Accurately ripped! (confidence 3)
    Statistics
        Read error                           : 0
        Skipped (treated as error)           : 0
        Edge jitter error (maybe fixed)      : 0
        Atom jitter error (maybe fixed)      : 0
        Drift error (maybe fixed)            : 0
        Dropped bytes error (maybe fixed)    : 0
        Duplicated bytes error (maybe fixed) : 0

Track 09
    Pre-gap length : 00:01:54

    CRC32 hash             : 81728C27
    CRC32 hash (skip zero) : DC2FC5D3
    AccurateRip signature  : A1B84FF8
        ->Accurately ripped! (confidence 3)
    Statistics
        Read error                           : 0
        Skipped (treated as error)           : 0
        Edge jitter error (maybe fixed)      : 0
        Atom jitter error (maybe fixed)      : 0
        Drift error (maybe fixed)            : 0
        Dropped bytes error (maybe fixed)    : 0
        Duplicated bytes error (maybe fixed) : 0

Track 10
    Pre-gap length : 00:01:29

    CRC32 hash             : 746E217D
    CRC32 hash (skip zero) : 0D056506
    AccurateRip signature  : 9981F42E
        ->Accurately ripped! (confidence 3)
    Statistics
        Read error                           : 0
        Skipped (treated as error)           : 0
        Edge jitter error (maybe fixed)      : 0
        Atom jitter error (maybe fixed)      : 0
        Drift error (maybe fixed)            : 0
        Dropped bytes error (maybe fixed)    : 0
        Duplicated bytes error (maybe fixed) : 0

Track 11
    Pre-gap length : 00:01:69

    CRC32 hash             : ED9B08B1
    CRC32 hash (skip zero) : 50DC8C71
    AccurateRip signature  : 90B745BB
        ->Accurately ripped! (confidence 3)
    Statistics
        Read error                           : 0
        Skipped (treated as error)           : 0
        Edge jitter error (maybe fixed)      : 0
        Atom jitter error (maybe fixed)      : 0
        Drift error (maybe fixed)            : 0
        Dropped bytes error (maybe fixed)    : 0
        Duplicated bytes error (maybe fixed) : 0

Track 12
    Pre-gap length : 00:03:26

    CRC32 hash             : 2C4F70AE
    CRC32 hash (skip zero) : 3DEF25B9
    AccurateRip signature  : 1C092DB9
        ->Accurately ripped! (confidence 3)
    Statistics
        Read error                           : 0
        Skipped (treated as error)           : 0
        Edge jitter error (maybe fixed)      : 0
        Atom jitter error (maybe fixed)      : 0
        Drift error (maybe fixed)            : 0
        Dropped bytes error (maybe fixed)    : 0
        Duplicated bytes error (maybe fixed) : 0

Track 13

    CRC32 hash             : 049A6917
    CRC32 hash (skip zero) : DA20B3A1
    AccurateRip signature  : E49FA45F
        ->Accurately ripped! (confidence 3)
    Statistics
        Read error                           : 0
        Skipped (treated as error)           : 0
        Edge jitter error (maybe fixed)      : 0
        Atom jitter error (maybe fixed)      : 0
        Drift error (maybe fixed)            : 0
        Dropped bytes error (maybe fixed)    : 0
        Duplicated bytes error (maybe fixed) : 0

Track 14
    Pre-gap length : 00:02:01

    CRC32 hash             : 60F18FEC
    CRC32 hash (skip zero) : 9F7494E9
    AccurateRip signature  : 4E5B7E6E
        ->Accurately ripped! (confidence 3)
    Statistics
        Read error                           : 0
        Skipped (treated as error)           : 0
        Edge jitter error (maybe fixed)      : 0
        Atom jitter error (maybe fixed)      : 0
        Drift error (maybe fixed)            : 0
        Dropped bytes error (maybe fixed)    : 0
        Duplicated bytes error (maybe fixed) : 0

Track 15
    Pre-gap length : 00:01:27

    CRC32 hash             : 376D3857
    CRC32 hash (skip zero) : 2F8653FD
    AccurateRip signature  : 80CCD849
        ->Accurately ripped! (confidence 3)
    Statistics
        Read error                           : 0
        Skipped (treated as error)           : 0
        Edge jitter error (maybe fixed)      : 0
        Atom jitter error (maybe fixed)      : 0
        Drift error (maybe fixed)            : 0
        Dropped bytes error (maybe fixed)    : 0
        Duplicated bytes error (maybe fixed) : 0

Track 16

    CRC32 hash             : DF6BC527
    CRC32 hash (skip zero) : D8E44FE5
    AccurateRip signature  : 4AE1F491
        ->Accurately ripped! (confidence 3)
    Statistics
        Read error                           : 0
        Skipped (treated as error)           : 0
        Edge jitter error (maybe fixed)      : 0
        Atom jitter error (maybe fixed)      : 0
        Drift error (maybe fixed)            : 0
        Dropped bytes error (maybe fixed)    : 0
        Duplicated bytes error (maybe fixed) : 0

Track 17
    Pre-gap length : 00:01:57

    CRC32 hash             : 2C7D2176
    CRC32 hash (skip zero) : 51ED3E25
    AccurateRip signature  : 5FFF59F6
        ->Accurately ripped! (confidence 3)
    Statistics
        Read error                           : 0
        Skipped (treated as error)           : 0
        Edge jitter error (maybe fixed)      : 0
        Atom jitter error (maybe fixed)      : 0
        Drift error (maybe fixed)            : 0
        Dropped bytes error (maybe fixed)    : 0
        Duplicated bytes error (maybe fixed) : 0

Track 18
    Pre-gap length : 00:01:69

    CRC32 hash             : 128CCF68
    CRC32 hash (skip zero) : 07C454A3
    AccurateRip signature  : EF9D7E12
        ->Accurately ripped! (confidence 3)
    Statistics
        Read error                           : 0
        Skipped (treated as error)           : 0
        Edge jitter error (maybe fixed)      : 0
        Atom jitter error (maybe fixed)      : 0
        Drift error (maybe fixed)            : 0
        Dropped bytes error (maybe fixed)    : 0
        Duplicated bytes error (maybe fixed) : 0

No errors occurred

End of status report
