X Lossless Decoder version 20110502 (132.0)

XLD extraction logfile from 2011-05-03 21:38:07 +0900

中島卓偉 / Ultra Slacker

Used drive : MATSHITA DVD-R   UJ-868 (revision KB19)

Ripper mode             : CDParanoia III 10.2
Disable audio cache     : OK for the drive with a cache less than 2750KiB
Make use of C2 pointers : NO
Read offset correction  : 102
Max retry count         : 100
Gap status              : Analyzed, Appended

TOC of the extracted CD
     Track |   Start  |  Length  | Start sector | End sector 
    ---------------------------------------------------------
        1  | 00:00:00 | 03:56:00 |         0    |    17699   
        2  | 03:56:00 | 03:29:12 |     17700    |    33386   
        3  | 07:25:12 | 03:31:08 |     33387    |    49219   
        4  | 10:56:20 | 03:02:55 |     49220    |    62924   
        5  | 13:59:00 | 03:19:63 |     62925    |    77912   
        6  | 17:18:63 | 04:08:37 |     77913    |    96549   
        7  | 21:27:25 | 02:49:05 |     96550    |   109229   
        8  | 24:16:30 | 02:56:34 |    109230    |   122463   
        9  | 27:12:64 | 01:57:57 |    122464    |   131295   

AccurateRip Summary
    Track 01 : OK (confidence 1)
    Track 02 : OK (confidence 1)
    Track 03 : OK (confidence 1)
    Track 04 : OK (confidence 1)
    Track 05 : OK (confidence 1)
    Track 06 : OK (confidence 1)
    Track 07 : OK (confidence 1)
    Track 08 : OK (confidence 1)
    Track 09 : OK (confidence 1)
        ->All tracks accurately ripped.

All Tracks
    Filename : /Users/m4c/Public/flac/Ultra Slacker.flac
    CRC32 hash             : 81AC0781
    CRC32 hash (skip zero) : 9183A9CF
    Statistics
        Read error                           : 0
        Skipped (treated as error)           : 0
        Edge jitter error (maybe fixed)      : 0
        Atom jitter error (maybe fixed)      : 0
        Drift error (maybe fixed)            : 0
        Dropped bytes error (maybe fixed)    : 0
        Duplicated bytes error (maybe fixed) : 0

Track 01
    Pre-gap length : 00:02:00

    CRC32 hash             : 09F9E841
    CRC32 hash (skip zero) : 8266C0D2
    AccurateRip signature  : 3514AF9E
        ->Accurately ripped! (confidence 1)
    Statistics
        Read error                           : 0
        Skipped (treated as error)           : 0
        Edge jitter error (maybe fixed)      : 0
        Atom jitter error (maybe fixed)      : 0
        Drift error (maybe fixed)            : 0
        Dropped bytes error (maybe fixed)    : 0
        Duplicated bytes error (maybe fixed) : 0

Track 02

    CRC32 hash             : 6573F042
    CRC32 hash (skip zero) : 215B6C95
    AccurateRip signature  : 5E09A3AA
        ->Accurately ripped! (confidence 1)
    Statistics
        Read error                           : 0
        Skipped (treated as error)           : 0
        Edge jitter error (maybe fixed)      : 0
        Atom jitter error (maybe fixed)      : 0
        Drift error (maybe fixed)            : 0
        Dropped bytes error (maybe fixed)    : 0
        Duplicated bytes error (maybe fixed) : 0

Track 03

    CRC32 hash             : 619E1990
    CRC32 hash (skip zero) : 419D1A45
    AccurateRip signature  : E3E82507
        ->Accurately ripped! (confidence 1)
    Statistics
        Read error                           : 0
        Skipped (treated as error)           : 0
        Edge jitter error (maybe fixed)      : 0
        Atom jitter error (maybe fixed)      : 0
        Drift error (maybe fixed)            : 0
        Dropped bytes error (maybe fixed)    : 0
        Duplicated bytes error (maybe fixed) : 0

Track 04

    CRC32 hash             : A77217FE
    CRC32 hash (skip zero) : F11FD4EF
    AccurateRip signature  : 6F4A0298
        ->Accurately ripped! (confidence 1)
    Statistics
        Read error                           : 0
        Skipped (treated as error)           : 0
        Edge jitter error (maybe fixed)      : 0
        Atom jitter error (maybe fixed)      : 0
        Drift error (maybe fixed)            : 0
        Dropped bytes error (maybe fixed)    : 0
        Duplicated bytes error (maybe fixed) : 0

Track 05

    CRC32 hash             : EEAE323F
    CRC32 hash (skip zero) : 99E0229D
    AccurateRip signature  : AD26C40C
        ->Accurately ripped! (confidence 1)
    Statistics
        Read error                           : 0
        Skipped (treated as error)           : 0
        Edge jitter error (maybe fixed)      : 0
        Atom jitter error (maybe fixed)      : 0
        Drift error (maybe fixed)            : 0
        Dropped bytes error (maybe fixed)    : 0
        Duplicated bytes error (maybe fixed) : 0

Track 06

    CRC32 hash             : 9BC713C0
    CRC32 hash (skip zero) : 28F07BC7
    AccurateRip signature  : 1E89236B
        ->Accurately ripped! (confidence 1)
    Statistics
        Read error                           : 0
        Skipped (treated as error)           : 0
        Edge jitter error (maybe fixed)      : 0
        Atom jitter error (maybe fixed)      : 0
        Drift error (maybe fixed)            : 0
        Dropped bytes error (maybe fixed)    : 0
        Duplicated bytes error (maybe fixed) : 0

Track 07

    CRC32 hash             : 1513325F
    CRC32 hash (skip zero) : 383C392E
    AccurateRip signature  : 173E075E
        ->Accurately ripped! (confidence 1)
    Statistics
        Read error                           : 0
        Skipped (treated as error)           : 0
        Edge jitter error (maybe fixed)      : 0
        Atom jitter error (maybe fixed)      : 0
        Drift error (maybe fixed)            : 0
        Dropped bytes error (maybe fixed)    : 0
        Duplicated bytes error (maybe fixed) : 0

Track 08

    CRC32 hash             : 13E6E662
    CRC32 hash (skip zero) : 383EA450
    AccurateRip signature  : 25ED1F1E
        ->Accurately ripped! (confidence 1)
    Statistics
        Read error                           : 0
        Skipped (treated as error)           : 0
        Edge jitter error (maybe fixed)      : 0
        Atom jitter error (maybe fixed)      : 0
        Drift error (maybe fixed)            : 0
        Dropped bytes error (maybe fixed)    : 0
        Duplicated bytes error (maybe fixed) : 0

Track 09

    CRC32 hash             : 7013E850
    CRC32 hash (skip zero) : 0E1A7B48
    AccurateRip signature  : 23F17D89
        ->Accurately ripped! (confidence 1)
    Statistics
        Read error                           : 0
        Skipped (treated as error)           : 0
        Edge jitter error (maybe fixed)      : 0
        Atom jitter error (maybe fixed)      : 0
        Drift error (maybe fixed)            : 0
        Dropped bytes error (maybe fixed)    : 0
        Duplicated bytes error (maybe fixed) : 0

No errors occurred

End of status report
