X Lossless Decoder version 20110417 (131.0)

XLD extraction logfile from 2011-05-02 08:25:12 +0900

Kei-Tee+LOVE DYNAMIGHTS / 愛は極嬢

Used drive : MATSHITA DVD-R   UJ-868 (revision KB19)

Ripper mode             : CDParanoia III 10.2
Disable audio cache     : OK for the drive with a cache less than 2750KiB
Make use of C2 pointers : NO
Read offset correction  : 102
Max retry count         : 100
Gap status              : Analyzed, Appended

TOC of the extracted CD
     Track |   Start  |  Length  | Start sector | End sector 
    ---------------------------------------------------------
        1  | 00:00:37 | 02:10:18 |        37    |     9804   
        2  | 02:10:55 | 03:26:45 |      9805    |    25299   
        3  | 05:37:25 | 03:25:45 |     25300    |    40719   
        4  | 09:02:70 | 02:36:45 |     40720    |    52464   
        5  | 11:39:40 | 04:35:35 |     52465    |    73124   
        6  | 16:15:00 | 03:41:47 |     73125    |    89746   
        7  | 19:56:47 | 02:46:45 |     89747    |   102241   
        8  | 22:43:17 | 03:28:73 |    102242    |   117914   
        9  | 26:12:15 | 02:50:70 |    117915    |   130734   
       10  | 29:03:10 | 02:53:45 |    130735    |   143754   
       11  | 31:56:55 | 01:59:37 |    143755    |   152716   

AccurateRip Summary
    Disc not found in AccurateRip DB.

All Tracks
    Filename : /Users/m4c/Public/flac/愛は極嬢.flac
    CRC32 hash             : 7B8ABEB7
    CRC32 hash (skip zero) : 61BA53E2
    Statistics
        Read error                           : 0
        Skipped (treated as error)           : 0
        Edge jitter error (maybe fixed)      : 0
        Atom jitter error (maybe fixed)      : 0
        Drift error (maybe fixed)            : 0
        Dropped bytes error (maybe fixed)    : 0
        Duplicated bytes error (maybe fixed) : 0

Track 01
    Pre-gap length : 00:02:37

    CRC32 hash             : D51BCB4C
    CRC32 hash (skip zero) : B8E6952E
    AccurateRip signature  : 641B49AF
        ->Track not present in AccurateRip database.
    Statistics
        Read error                           : 0
        Skipped (treated as error)           : 0
        Edge jitter error (maybe fixed)      : 0
        Atom jitter error (maybe fixed)      : 0
        Drift error (maybe fixed)            : 0
        Dropped bytes error (maybe fixed)    : 0
        Duplicated bytes error (maybe fixed) : 0

Track 02

    CRC32 hash             : 6BD648C5
    CRC32 hash (skip zero) : CF7FE1D5
    AccurateRip signature  : F43C4FC4
        ->Track not present in AccurateRip database.
    Statistics
        Read error                           : 0
        Skipped (treated as error)           : 0
        Edge jitter error (maybe fixed)      : 0
        Atom jitter error (maybe fixed)      : 0
        Drift error (maybe fixed)            : 0
        Dropped bytes error (maybe fixed)    : 0
        Duplicated bytes error (maybe fixed) : 0

Track 03

    CRC32 hash             : 8FA05685
    CRC32 hash (skip zero) : 359356C4
    AccurateRip signature  : 245CCBA7
        ->Track not present in AccurateRip database.
    Statistics
        Read error                           : 0
        Skipped (treated as error)           : 0
        Edge jitter error (maybe fixed)      : 0
        Atom jitter error (maybe fixed)      : 0
        Drift error (maybe fixed)            : 0
        Dropped bytes error (maybe fixed)    : 0
        Duplicated bytes error (maybe fixed) : 0

Track 04

    CRC32 hash             : 68928560
    CRC32 hash (skip zero) : 0C5922F1
    AccurateRip signature  : 915CA413
        ->Track not present in AccurateRip database.
    Statistics
        Read error                           : 0
        Skipped (treated as error)           : 0
        Edge jitter error (maybe fixed)      : 0
        Atom jitter error (maybe fixed)      : 0
        Drift error (maybe fixed)            : 0
        Dropped bytes error (maybe fixed)    : 0
        Duplicated bytes error (maybe fixed) : 0

Track 05
    Pre-gap length : 00:00:29

    CRC32 hash             : 3E28BE96
    CRC32 hash (skip zero) : 36ACA264
    AccurateRip signature  : CFDF5192
        ->Track not present in AccurateRip database.
    Statistics
        Read error                           : 0
        Skipped (treated as error)           : 0
        Edge jitter error (maybe fixed)      : 0
        Atom jitter error (maybe fixed)      : 0
        Drift error (maybe fixed)            : 0
        Dropped bytes error (maybe fixed)    : 0
        Duplicated bytes error (maybe fixed) : 0

Track 06
    Pre-gap length : 00:00:39

    CRC32 hash             : 7DCEC69F
    CRC32 hash (skip zero) : B06ED01C
    AccurateRip signature  : 6614AA09
        ->Track not present in AccurateRip database.
    Statistics
        Read error                           : 0
        Skipped (treated as error)           : 0
        Edge jitter error (maybe fixed)      : 0
        Atom jitter error (maybe fixed)      : 0
        Drift error (maybe fixed)            : 0
        Dropped bytes error (maybe fixed)    : 0
        Duplicated bytes error (maybe fixed) : 0

Track 07
    Pre-gap length : 00:00:16

    CRC32 hash             : 05569C00
    CRC32 hash (skip zero) : 1DBCEB10
    AccurateRip signature  : 1BEFFD26
        ->Track not present in AccurateRip database.
    Statistics
        Read error                           : 0
        Skipped (treated as error)           : 0
        Edge jitter error (maybe fixed)      : 0
        Atom jitter error (maybe fixed)      : 0
        Drift error (maybe fixed)            : 0
        Dropped bytes error (maybe fixed)    : 0
        Duplicated bytes error (maybe fixed) : 0

Track 08

    CRC32 hash             : E7C38BDA
    CRC32 hash (skip zero) : 4CCA8E33
    AccurateRip signature  : C34F775B
        ->Track not present in AccurateRip database.
    Statistics
        Read error                           : 0
        Skipped (treated as error)           : 0
        Edge jitter error (maybe fixed)      : 0
        Atom jitter error (maybe fixed)      : 0
        Drift error (maybe fixed)            : 0
        Dropped bytes error (maybe fixed)    : 0
        Duplicated bytes error (maybe fixed) : 0

Track 09

    CRC32 hash             : DDA92F12
    CRC32 hash (skip zero) : B94758B4
    AccurateRip signature  : D37E886C
        ->Track not present in AccurateRip database.
    Statistics
        Read error                           : 0
        Skipped (treated as error)           : 0
        Edge jitter error (maybe fixed)      : 0
        Atom jitter error (maybe fixed)      : 0
        Drift error (maybe fixed)            : 0
        Dropped bytes error (maybe fixed)    : 0
        Duplicated bytes error (maybe fixed) : 0

Track 10

    CRC32 hash             : 2C4012A8
    CRC32 hash (skip zero) : CDA68D15
    AccurateRip signature  : 247B3F2E
        ->Track not present in AccurateRip database.
    Statistics
        Read error                           : 0
        Skipped (treated as error)           : 0
        Edge jitter error (maybe fixed)      : 0
        Atom jitter error (maybe fixed)      : 0
        Drift error (maybe fixed)            : 0
        Dropped bytes error (maybe fixed)    : 0
        Duplicated bytes error (maybe fixed) : 0

Track 11
    Pre-gap length : 00:03:04

    CRC32 hash             : A94116CE
    CRC32 hash (skip zero) : 158341B8
    AccurateRip signature  : E6AD82D9
        ->Track not present in AccurateRip database.
    Statistics
        Read error                           : 0
        Skipped (treated as error)           : 0
        Edge jitter error (maybe fixed)      : 0
        Atom jitter error (maybe fixed)      : 0
        Drift error (maybe fixed)            : 0
        Dropped bytes error (maybe fixed)    : 0
        Duplicated bytes error (maybe fixed) : 0

No errors occurred

End of status report
