X Lossless Decoder version 20211018 (154.0)

XLD extraction logfile from 2022-04-20 19:56:10 +0900

Hiroshi Itsuki (五木ひろし) / DREAM -五木ひろし J-POP を唄う-

Used drive : PIONEER BD-RW   BDR-X12U (revision 1.03)
Media type : Pressed CD

Ripper mode             : XLD Secure Ripper
Disable audio cache     : OK for the drive with a cache less than 1375KiB
Make use of C2 pointers : NO
Read offset correction  : 667
Max retry count         : 20
Gap status              : Analyzed, Appended

TOC of the extracted CD
     Track |   Start  |  Length  | Start sector | End sector 
    ---------------------------------------------------------
        1  | 00:00:00 | 03:45:42 |         0    |    16916   
        2  | 03:45:42 | 05:12:24 |     16917    |    40340   
        3  | 08:57:66 | 04:05:54 |     40341    |    58769   
        4  | 13:03:45 | 04:21:39 |     58770    |    78383   
        5  | 17:25:09 | 04:38:31 |     78384    |    99264   
        6  | 22:03:40 | 06:10:02 |     99265    |   127016   
        7  | 28:13:42 | 05:13:31 |    127017    |   150522   
        8  | 33:26:73 | 05:54:56 |    150523    |   177128   
        9  | 39:21:54 | 04:51:04 |    177129    |   198957   
       10  | 44:12:58 | 05:19:01 |    198958    |   222883   

AccurateRip Summary
    Disc not found in AccurateRip DB.

All Tracks
    Filename : /Volumes/RavelStorage1TB/tmp/Hiroshi Itsuki (五木ひろし) - DREAM -五木ひろし J-POP を唄う-.flac
    CRC32 hash               : 36477BBE
    CRC32 hash (skip zero)   : 931668AA
    Statistics
        Read error                           : 0
        Jitter error (maybe fixed)           : 0
        Retry sector count                   : 0
        Damaged sector count                 : 0

Track 01
    Pre-gap length : 00:02:00

    CRC32 hash               : 6E65F094
    CRC32 hash (skip zero)   : E336B761
    AccurateRip v1 signature : 9B16DB32
    AccurateRip v2 signature : 8EB9E97E
        ->Track not present in AccurateRip database.
    Statistics
        Read error                           : 0
        Jitter error (maybe fixed)           : 0
        Retry sector count                   : 0
        Damaged sector count                 : 0

Track 02
    Pre-gap length : 00:01:64

    CRC32 hash               : FEEFE709
    CRC32 hash (skip zero)   : D92D00E0
    AccurateRip v1 signature : CFAA9547
    AccurateRip v2 signature : D06D4664
        ->Track not present in AccurateRip database.
    Statistics
        Read error                           : 0
        Jitter error (maybe fixed)           : 0
        Retry sector count                   : 0
        Damaged sector count                 : 0

Track 03
    Pre-gap length : 00:01:64

    CRC32 hash               : B1E194E9
    CRC32 hash (skip zero)   : 632F225F
    AccurateRip v1 signature : 5D7F4482
    AccurateRip v2 signature : 50E0E1A8
        ->Track not present in AccurateRip database.
    Statistics
        Read error                           : 0
        Jitter error (maybe fixed)           : 0
        Retry sector count                   : 0
        Damaged sector count                 : 0

Track 04
    Pre-gap length : 00:01:64

    CRC32 hash               : 20025B18
    CRC32 hash (skip zero)   : F14C6D2D
    AccurateRip v1 signature : 4B6785C7
    AccurateRip v2 signature : EC373D8C
        ->Track not present in AccurateRip database.
    Statistics
        Read error                           : 0
        Jitter error (maybe fixed)           : 0
        Retry sector count                   : 0
        Damaged sector count                 : 0

Track 05
    Pre-gap length : 00:01:64

    CRC32 hash               : F8804B50
    CRC32 hash (skip zero)   : 32AF0771
    AccurateRip v1 signature : 37CA3435
    AccurateRip v2 signature : 06520223
        ->Track not present in AccurateRip database.
    Statistics
        Read error                           : 0
        Jitter error (maybe fixed)           : 0
        Retry sector count                   : 0
        Damaged sector count                 : 0

Track 06
    Pre-gap length : 00:01:64

    CRC32 hash               : 5708AAB0
    CRC32 hash (skip zero)   : 47A31680
    AccurateRip v1 signature : E7F37823
    AccurateRip v2 signature : 6F7B7463
        ->Track not present in AccurateRip database.
    Statistics
        Read error                           : 0
        Jitter error (maybe fixed)           : 0
        Retry sector count                   : 0
        Damaged sector count                 : 0

Track 07
    Pre-gap length : 00:01:64

    CRC32 hash               : CB2ABED2
    CRC32 hash (skip zero)   : 6B0F6EA9
    AccurateRip v1 signature : 0EBE05A9
    AccurateRip v2 signature : 4EC8F5AD
        ->Track not present in AccurateRip database.
    Statistics
        Read error                           : 0
        Jitter error (maybe fixed)           : 0
        Retry sector count                   : 0
        Damaged sector count                 : 0

Track 08
    Pre-gap length : 00:01:64

    CRC32 hash               : 25B7574D
    CRC32 hash (skip zero)   : 17C83546
    AccurateRip v1 signature : 7A883675
    AccurateRip v2 signature : 284FAEF7
        ->Track not present in AccurateRip database.
    Statistics
        Read error                           : 0
        Jitter error (maybe fixed)           : 0
        Retry sector count                   : 0
        Damaged sector count                 : 0

Track 09
    Pre-gap length : 00:01:64

    CRC32 hash               : 43C5F528
    CRC32 hash (skip zero)   : 93508FAA
    AccurateRip v1 signature : 80E88620
    AccurateRip v2 signature : 49AFCB70
        ->Track not present in AccurateRip database.
    Statistics
        Read error                           : 0
        Jitter error (maybe fixed)           : 0
        Retry sector count                   : 0
        Damaged sector count                 : 0

Track 10
    Pre-gap length : 00:01:64

    CRC32 hash               : 09927C0F
    CRC32 hash (skip zero)   : C5200DA9
    AccurateRip v1 signature : F2E32349
    AccurateRip v2 signature : AE798E55
        ->Track not present in AccurateRip database.
    Statistics
        Read error                           : 0
        Jitter error (maybe fixed)           : 0
        Retry sector count                   : 0
        Damaged sector count                 : 0

No errors occurred

End of status report
