X Lossless Decoder version 20210101 (153.1)

XLD extraction logfile from 2021-04-14 19:10:30 +0900

Keiichi Suzuki (鈴木慶一) / MOTHER MUSIC REVISITED [Disc 02]

Used drive : HL-DT-ST BD-RE  BH10NS30 (revision EL00)
Media type : Pressed CD

Ripper mode             : XLD Secure Ripper
Disable audio cache     : OK for the drive with a cache less than 1375KiB
Make use of C2 pointers : NO
Read offset correction  : 667
Max retry count         : 20
Gap status              : Analyzed, Appended

TOC of the extracted CD
     Track |   Start  |  Length  | Start sector | End sector 
    ---------------------------------------------------------
        1  | 00:00:00 | 03:30:48 |         0    |    15797   
        2  | 03:30:48 | 01:10:13 |     15798    |    21060   
        3  | 04:40:61 | 00:43:28 |     21061    |    24313   
        4  | 05:24:14 | 01:50:65 |     24314    |    32628   
        5  | 07:15:04 | 01:38:62 |     32629    |    40040   
        6  | 08:53:66 | 01:20:56 |     40041    |    46096   
        7  | 10:14:47 | 01:18:71 |     46097    |    52017   
        8  | 11:33:43 | 01:50:13 |     52018    |    60280   
        9  | 13:23:56 | 01:05:00 |     60281    |    65155   
       10  | 14:28:56 | 02:20:73 |     65156    |    75728   
       11  | 16:49:54 | 01:42:22 |     75729    |    83400   
       12  | 18:32:01 | 01:35:33 |     83401    |    90558   
       13  | 20:07:34 | 00:44:46 |     90559    |    93904   
       14  | 20:52:05 | 02:37:72 |     93905    |   105751   
       15  | 23:30:02 | 01:35:69 |    105752    |   112945   
       16  | 25:05:71 | 01:55:25 |    112946    |   121595   
       17  | 27:01:21 | 02:03:05 |    121596    |   130825   
       18  | 29:04:26 | 02:21:29 |    130826    |   141429   
       19  | 31:25:55 | 01:57:47 |    141430    |   150251   
       20  | 33:23:27 | 01:39:02 |    150252    |   157678   
       21  | 35:02:29 | 01:33:19 |    157679    |   164672   
       22  | 36:35:48 | 02:01:37 |    164673    |   173784   
       23  | 38:37:10 | 01:17:10 |    173785    |   179569   
       24  | 39:54:20 | 01:15:19 |    179570    |   185213   
       25  | 41:09:39 | 00:53:11 |    185214    |   189199   
       26  | 42:02:50 | 01:34:21 |    189200    |   196270   
       27  | 43:36:71 | 01:29:47 |    196271    |   202992   
       28  | 45:06:43 | 02:13:61 |    202993    |   213028   
       29  | 47:20:29 | 01:54:01 |    213029    |   221579   
       30  | 49:14:30 | 01:19:13 |    221580    |   227517   
       31  | 50:33:43 | 01:17:37 |    227518    |   233329   
       32  | 51:51:05 | 00:44:36 |    233330    |   236665   
       33  | 52:35:41 | 04:10:30 |    236666    |   255445   

AccurateRip Summary (DiscID: 00419fc9-05f58025-ae0d4d21)
    Track 01 : OK (v2, confidence 3/3)
    Track 02 : OK (v2, confidence 3/3)
    Track 03 : OK (v2, confidence 3/3)
    Track 04 : OK (v2, confidence 3/3)
    Track 05 : OK (v2, confidence 3/3)
    Track 06 : OK (v2, confidence 3/3)
    Track 07 : OK (v2, confidence 3/3)
    Track 08 : OK (v2, confidence 3/3)
    Track 09 : OK (v2, confidence 3/3)
    Track 10 : OK (v2, confidence 3/3)
    Track 11 : OK (v2, confidence 3/3)
    Track 12 : OK (v2, confidence 3/3)
    Track 13 : OK (v2, confidence 3/3)
    Track 14 : OK (v2, confidence 3/3)
    Track 15 : OK (v2, confidence 3/3)
    Track 16 : OK (v2, confidence 3/3)
    Track 17 : OK (v2, confidence 3/3)
    Track 18 : OK (v2, confidence 3/3)
    Track 19 : OK (v2, confidence 3/3)
    Track 20 : OK (v2, confidence 3/3)
    Track 21 : OK (v2, confidence 3/3)
    Track 22 : OK (v2, confidence 3/3)
    Track 23 : OK (v2, confidence 3/3)
    Track 24 : OK (v2, confidence 3/3)
    Track 25 : OK (v2, confidence 3/3)
    Track 26 : OK (v2, confidence 3/3)
    Track 27 : OK (v2, confidence 3/3)
    Track 28 : OK (v2, confidence 3/3)
    Track 29 : OK (v2, confidence 3/3)
    Track 30 : OK (v2, confidence 3/3)
    Track 31 : OK (v2, confidence 3/3)
    Track 32 : OK (v2, confidence 3/3)
    Track 33 : OK (v2, confidence 3/3)
        ->All tracks accurately ripped.

All Tracks
    Filename : /Users/m4c/Music/Keiichi Suzuki (鈴木慶一) - MOTHER MUSIC REVISITED [Disc 02].flac
    CRC32 hash               : 1DE5D78D
    CRC32 hash (skip zero)   : 50E0B24D
    Statistics
        Read error                           : 0
        Jitter error (maybe fixed)           : 0
        Retry sector count                   : 0
        Damaged sector count                 : 0

Track 01
    Pre-gap length : 00:02:00

    CRC32 hash               : F4FF6BC8
    CRC32 hash (skip zero)   : 52AB9E28
    AccurateRip v1 signature : 2783ACAA
    AccurateRip v2 signature : C7FEA8EE
        ->Accurately ripped (v2, confidence 3/3)
    Statistics
        Read error                           : 0
        Jitter error (maybe fixed)           : 0
        Retry sector count                   : 0
        Damaged sector count                 : 0

Track 02
    Pre-gap length : 00:00:39

    CRC32 hash               : 4FDD59B0
    CRC32 hash (skip zero)   : E016251B
    AccurateRip v1 signature : D2025C4A
    AccurateRip v2 signature : ABC1FBAB
        ->Accurately ripped (v2, confidence 3/3)
    Statistics
        Read error                           : 0
        Jitter error (maybe fixed)           : 0
        Retry sector count                   : 0
        Damaged sector count                 : 0

Track 03
    Pre-gap length : 00:00:41

    CRC32 hash               : A594B8BD
    CRC32 hash (skip zero)   : 2D12083C
    AccurateRip v1 signature : 16041658
    AccurateRip v2 signature : 8888A4D6
        ->Accurately ripped (v2, confidence 3/3)
    Statistics
        Read error                           : 0
        Jitter error (maybe fixed)           : 0
        Retry sector count                   : 0
        Damaged sector count                 : 0

Track 04
    Pre-gap length : 00:00:37

    CRC32 hash               : 12555F87
    CRC32 hash (skip zero)   : 7F7DC42D
    AccurateRip v1 signature : 1AE0A69D
    AccurateRip v2 signature : B99BC60E
        ->Accurately ripped (v2, confidence 3/3)
    Statistics
        Read error                           : 0
        Jitter error (maybe fixed)           : 0
        Retry sector count                   : 0
        Damaged sector count                 : 0

Track 05
    Pre-gap length : 00:00:38

    CRC32 hash               : DD89F6EF
    CRC32 hash (skip zero)   : F751E8E1
    AccurateRip v1 signature : A10C7850
    AccurateRip v2 signature : 1B29D566
        ->Accurately ripped (v2, confidence 3/3)
    Statistics
        Read error                           : 0
        Jitter error (maybe fixed)           : 0
        Retry sector count                   : 0
        Damaged sector count                 : 0

Track 06
    Pre-gap length : 00:00:41

    CRC32 hash               : 11423CAE
    CRC32 hash (skip zero)   : B22B565D
    AccurateRip v1 signature : 82F0721C
    AccurateRip v2 signature : 8F3BBD55
        ->Accurately ripped (v2, confidence 3/3)
    Statistics
        Read error                           : 0
        Jitter error (maybe fixed)           : 0
        Retry sector count                   : 0
        Damaged sector count                 : 0

Track 07
    Pre-gap length : 00:00:38

    CRC32 hash               : EF39568F
    CRC32 hash (skip zero)   : 1CC872B2
    AccurateRip v1 signature : FF9C6ADA
    AccurateRip v2 signature : EFED4C09
        ->Accurately ripped (v2, confidence 3/3)
    Statistics
        Read error                           : 0
        Jitter error (maybe fixed)           : 0
        Retry sector count                   : 0
        Damaged sector count                 : 0

Track 08
    Pre-gap length : 00:00:38

    CRC32 hash               : 36AE5C05
    CRC32 hash (skip zero)   : 43F1B744
    AccurateRip v1 signature : 7744F964
    AccurateRip v2 signature : A8CA9A4A
        ->Accurately ripped (v2, confidence 3/3)
    Statistics
        Read error                           : 0
        Jitter error (maybe fixed)           : 0
        Retry sector count                   : 0
        Damaged sector count                 : 0

Track 09
    Pre-gap length : 00:00:37

    CRC32 hash               : 379E710B
    CRC32 hash (skip zero)   : CF5ED183
    AccurateRip v1 signature : 45420837
    AccurateRip v2 signature : 77925963
        ->Accurately ripped (v2, confidence 3/3)
    Statistics
        Read error                           : 0
        Jitter error (maybe fixed)           : 0
        Retry sector count                   : 0
        Damaged sector count                 : 0

Track 10
    Pre-gap length : 00:00:37

    CRC32 hash               : 35DA0DA3
    CRC32 hash (skip zero)   : 9D228C8A
    AccurateRip v1 signature : E9A46DA4
    AccurateRip v2 signature : 77196CE8
        ->Accurately ripped (v2, confidence 3/3)
    Statistics
        Read error                           : 0
        Jitter error (maybe fixed)           : 0
        Retry sector count                   : 0
        Damaged sector count                 : 0

Track 11
    Pre-gap length : 00:00:36

    CRC32 hash               : E2F11262
    CRC32 hash (skip zero)   : 67EE6E7F
    AccurateRip v1 signature : 11E05D35
    AccurateRip v2 signature : 9A221516
        ->Accurately ripped (v2, confidence 3/3)
    Statistics
        Read error                           : 0
        Jitter error (maybe fixed)           : 0
        Retry sector count                   : 0
        Damaged sector count                 : 0

Track 12
    Pre-gap length : 00:00:37

    CRC32 hash               : 84ED732E
    CRC32 hash (skip zero)   : FCE90742
    AccurateRip v1 signature : D391012D
    AccurateRip v2 signature : F3D6FDFF
        ->Accurately ripped (v2, confidence 3/3)
    Statistics
        Read error                           : 0
        Jitter error (maybe fixed)           : 0
        Retry sector count                   : 0
        Damaged sector count                 : 0

Track 13
    Pre-gap length : 00:00:37

    CRC32 hash               : EAE7690D
    CRC32 hash (skip zero)   : 911174EA
    AccurateRip v1 signature : E739A817
    AccurateRip v2 signature : 9136DDA0
        ->Accurately ripped (v2, confidence 3/3)
    Statistics
        Read error                           : 0
        Jitter error (maybe fixed)           : 0
        Retry sector count                   : 0
        Damaged sector count                 : 0

Track 14
    Pre-gap length : 00:00:37

    CRC32 hash               : 4A7EEF27
    CRC32 hash (skip zero)   : 58F5BC3C
    AccurateRip v1 signature : AC8AB819
    AccurateRip v2 signature : 46B09C4D
        ->Accurately ripped (v2, confidence 3/3)
    Statistics
        Read error                           : 0
        Jitter error (maybe fixed)           : 0
        Retry sector count                   : 0
        Damaged sector count                 : 0

Track 15
    Pre-gap length : 00:00:38

    CRC32 hash               : 9D5D6728
    CRC32 hash (skip zero)   : 7E95BA40
    AccurateRip v1 signature : 5302A2BC
    AccurateRip v2 signature : 75F43651
        ->Accurately ripped (v2, confidence 3/3)
    Statistics
        Read error                           : 0
        Jitter error (maybe fixed)           : 0
        Retry sector count                   : 0
        Damaged sector count                 : 0

Track 16
    Pre-gap length : 00:00:39

    CRC32 hash               : ECA336A1
    CRC32 hash (skip zero)   : 584EC5BC
    AccurateRip v1 signature : 9C324445
    AccurateRip v2 signature : A90064A2
        ->Accurately ripped (v2, confidence 3/3)
    Statistics
        Read error                           : 0
        Jitter error (maybe fixed)           : 0
        Retry sector count                   : 0
        Damaged sector count                 : 0

Track 17
    Pre-gap length : 00:00:40

    CRC32 hash               : 3AB7012C
    CRC32 hash (skip zero)   : E9F78A9E
    AccurateRip v1 signature : 634C0828
    AccurateRip v2 signature : 1030C7DA
        ->Accurately ripped (v2, confidence 3/3)
    Statistics
        Read error                           : 0
        Jitter error (maybe fixed)           : 0
        Retry sector count                   : 0
        Damaged sector count                 : 0

Track 18
    Pre-gap length : 00:00:36

    CRC32 hash               : 56F5E00F
    CRC32 hash (skip zero)   : 0403BFA4
    AccurateRip v1 signature : 49DAC1FD
    AccurateRip v2 signature : 99854BCC
        ->Accurately ripped (v2, confidence 3/3)
    Statistics
        Read error                           : 0
        Jitter error (maybe fixed)           : 0
        Retry sector count                   : 0
        Damaged sector count                 : 0

Track 19
    Pre-gap length : 00:00:37

    CRC32 hash               : 5DDA8802
    CRC32 hash (skip zero)   : 019C0DD8
    AccurateRip v1 signature : D720AA73
    AccurateRip v2 signature : BDC8230B
        ->Accurately ripped (v2, confidence 3/3)
    Statistics
        Read error                           : 0
        Jitter error (maybe fixed)           : 0
        Retry sector count                   : 0
        Damaged sector count                 : 0

Track 20
    Pre-gap length : 00:00:38

    CRC32 hash               : FFF1F1E5
    CRC32 hash (skip zero)   : DDE5F447
    AccurateRip v1 signature : 5BF0B9A7
    AccurateRip v2 signature : E560B64E
        ->Accurately ripped (v2, confidence 3/3)
    Statistics
        Read error                           : 0
        Jitter error (maybe fixed)           : 0
        Retry sector count                   : 0
        Damaged sector count                 : 0

Track 21
    Pre-gap length : 00:00:38

    CRC32 hash               : 9BD188A9
    CRC32 hash (skip zero)   : 8A0C9DD1
    AccurateRip v1 signature : 90F17344
    AccurateRip v2 signature : CA314F7A
        ->Accurately ripped (v2, confidence 3/3)
    Statistics
        Read error                           : 0
        Jitter error (maybe fixed)           : 0
        Retry sector count                   : 0
        Damaged sector count                 : 0

Track 22
    Pre-gap length : 00:00:38

    CRC32 hash               : 37AB58FA
    CRC32 hash (skip zero)   : 9C27651B
    AccurateRip v1 signature : 9F72A1F6
    AccurateRip v2 signature : A69BCEF5
        ->Accurately ripped (v2, confidence 3/3)
    Statistics
        Read error                           : 0
        Jitter error (maybe fixed)           : 0
        Retry sector count                   : 0
        Damaged sector count                 : 0

Track 23
    Pre-gap length : 00:00:38

    CRC32 hash               : A1849C7F
    CRC32 hash (skip zero)   : F8399C4A
    AccurateRip v1 signature : BD1F1372
    AccurateRip v2 signature : 529CECB1
        ->Accurately ripped (v2, confidence 3/3)
    Statistics
        Read error                           : 0
        Jitter error (maybe fixed)           : 0
        Retry sector count                   : 0
        Damaged sector count                 : 0

Track 24
    Pre-gap length : 00:00:38

    CRC32 hash               : E8D29ED9
    CRC32 hash (skip zero)   : 5DBA971F
    AccurateRip v1 signature : D58D25D8
    AccurateRip v2 signature : CBE2BB74
        ->Accurately ripped (v2, confidence 3/3)
    Statistics
        Read error                           : 0
        Jitter error (maybe fixed)           : 0
        Retry sector count                   : 0
        Damaged sector count                 : 0

Track 25
    Pre-gap length : 00:00:39

    CRC32 hash               : 1EC74AA4
    CRC32 hash (skip zero)   : 4D729F5C
    AccurateRip v1 signature : E13110F4
    AccurateRip v2 signature : A8940367
        ->Accurately ripped (v2, confidence 3/3)
    Statistics
        Read error                           : 0
        Jitter error (maybe fixed)           : 0
        Retry sector count                   : 0
        Damaged sector count                 : 0

Track 26
    Pre-gap length : 00:00:36

    CRC32 hash               : 1BEC1B1B
    CRC32 hash (skip zero)   : 132DB223
    AccurateRip v1 signature : AEB24AA4
    AccurateRip v2 signature : 0F0AE802
        ->Accurately ripped (v2, confidence 3/3)
    Statistics
        Read error                           : 0
        Jitter error (maybe fixed)           : 0
        Retry sector count                   : 0
        Damaged sector count                 : 0

Track 27
    Pre-gap length : 00:00:37

    CRC32 hash               : C0B78D58
    CRC32 hash (skip zero)   : 0A1C2896
    AccurateRip v1 signature : 1E465C02
    AccurateRip v2 signature : A83BAD2E
        ->Accurately ripped (v2, confidence 3/3)
    Statistics
        Read error                           : 0
        Jitter error (maybe fixed)           : 0
        Retry sector count                   : 0
        Damaged sector count                 : 0

Track 28
    Pre-gap length : 00:00:37

    CRC32 hash               : EB130189
    CRC32 hash (skip zero)   : 72AB8A21
    AccurateRip v1 signature : D6AB6DB9
    AccurateRip v2 signature : A4F7C673
        ->Accurately ripped (v2, confidence 3/3)
    Statistics
        Read error                           : 0
        Jitter error (maybe fixed)           : 0
        Retry sector count                   : 0
        Damaged sector count                 : 0

Track 29
    Pre-gap length : 00:00:39

    CRC32 hash               : B5F8A4DB
    CRC32 hash (skip zero)   : B9888814
    AccurateRip v1 signature : FCD40D4B
    AccurateRip v2 signature : 891A7013
        ->Accurately ripped (v2, confidence 3/3)
    Statistics
        Read error                           : 0
        Jitter error (maybe fixed)           : 0
        Retry sector count                   : 0
        Damaged sector count                 : 0

Track 30
    Pre-gap length : 00:00:38

    CRC32 hash               : 6383B186
    CRC32 hash (skip zero)   : A0E54DED
    AccurateRip v1 signature : 80FDB03F
    AccurateRip v2 signature : 7DFDFA93
        ->Accurately ripped (v2, confidence 3/3)
    Statistics
        Read error                           : 0
        Jitter error (maybe fixed)           : 0
        Retry sector count                   : 0
        Damaged sector count                 : 0

Track 31
    Pre-gap length : 00:00:40

    CRC32 hash               : E76BCBEA
    CRC32 hash (skip zero)   : A85E987D
    AccurateRip v1 signature : A335D7AB
    AccurateRip v2 signature : 6FFEF651
        ->Accurately ripped (v2, confidence 3/3)
    Statistics
        Read error                           : 0
        Jitter error (maybe fixed)           : 0
        Retry sector count                   : 0
        Damaged sector count                 : 0

Track 32
    Pre-gap length : 00:00:45

    CRC32 hash               : 72572B63
    CRC32 hash (skip zero)   : CD531DF7
    AccurateRip v1 signature : 2A2DC3AD
    AccurateRip v2 signature : 45D87E2A
        ->Accurately ripped (v2, confidence 3/3)
    Statistics
        Read error                           : 0
        Jitter error (maybe fixed)           : 0
        Retry sector count                   : 0
        Damaged sector count                 : 0

Track 33
    Pre-gap length : 00:00:37

    CRC32 hash               : 44CA0693
    CRC32 hash (skip zero)   : C086B32A
    AccurateRip v1 signature : D4520886
    AccurateRip v2 signature : 15B5281B
        ->Accurately ripped (v2, confidence 3/3)
    Statistics
        Read error                           : 0
        Jitter error (maybe fixed)           : 0
        Retry sector count                   : 0
        Damaged sector count                 : 0

No errors occurred

End of status report
