X Lossless Decoder version 20110502 (132.0)

XLD extraction logfile from 2011-05-05 13:46:28 +0900

Various Artists / Down with Love

Used drive : MATSHITA DVD-R   UJ-868 (revision KB19)

Ripper mode             : CDParanoia III 10.2
Disable audio cache     : OK for the drive with a cache less than 2750KiB
Make use of C2 pointers : NO
Read offset correction  : 102
Max retry count         : 100
Gap status              : Analyzed, Appended

TOC of the extracted CD
     Track |   Start  |  Length  | Start sector | End sector 
    ---------------------------------------------------------
        1  | 00:00:00 | 02:31:30 |         0    |    11354   
        2  | 02:31:30 | 02:08:32 |     11355    |    20986   
        3  | 04:39:62 | 02:29:68 |     20987    |    32229   
        4  | 07:09:55 | 03:06:35 |     32230    |    46214   
        5  | 10:16:15 | 02:33:40 |     46215    |    57729   
        6  | 12:49:55 | 01:00:50 |     57730    |    62279   
        7  | 13:50:30 | 02:59:62 |     62280    |    75766   
        8  | 16:50:17 | 04:35:38 |     75767    |    96429   
        9  | 21:25:55 | 04:08:30 |     96430    |   115059   
       10  | 25:34:10 | 02:20:05 |    115060    |   125564   
       11  | 27:54:15 | 06:52:22 |    125565    |   156486   
       12  | 34:46:37 | 03:11:08 |    156487    |   170819   
       13  | 40:29:45 | 14:58:60 |    182220    |   249629   

AccurateRip Summary
    Track 01 : OK (confidence 1)
    Track 02 : OK (confidence 1)
    Track 03 : OK (confidence 1)
    Track 04 : OK (confidence 1)
    Track 05 : OK (confidence 1)
    Track 06 : OK (confidence 1)
    Track 07 : OK (confidence 1)
    Track 08 : OK (confidence 1)
    Track 09 : OK (confidence 1)
    Track 10 : OK (confidence 1)
    Track 11 : OK (confidence 1)
    Track 12 : OK (confidence 1)
        ->All tracks accurately ripped.

All Tracks
    Filename : /Users/m4c/Public/flac/Down with Love.flac
    CRC32 hash             : 7B378CAE
    CRC32 hash (skip zero) : 6FA6C820
    Statistics
        Read error                           : 0
        Skipped (treated as error)           : 0
        Edge jitter error (maybe fixed)      : 0
        Atom jitter error (maybe fixed)      : 0
        Drift error (maybe fixed)            : 0
        Dropped bytes error (maybe fixed)    : 0
        Duplicated bytes error (maybe fixed) : 0

Track 01
    Pre-gap length : 00:02:00

    CRC32 hash             : 8AC7CB0F
    CRC32 hash (skip zero) : ACBF54A6
    AccurateRip signature  : 711EA80E
        ->Accurately ripped! (confidence 1)
    Statistics
        Read error                           : 0
        Skipped (treated as error)           : 0
        Edge jitter error (maybe fixed)      : 0
        Atom jitter error (maybe fixed)      : 0
        Drift error (maybe fixed)            : 0
        Dropped bytes error (maybe fixed)    : 0
        Duplicated bytes error (maybe fixed) : 0

Track 02

    CRC32 hash             : 952A0C4F
    CRC32 hash (skip zero) : 0DF6F82D
    AccurateRip signature  : E3595131
        ->Accurately ripped! (confidence 1)
    Statistics
        Read error                           : 0
        Skipped (treated as error)           : 0
        Edge jitter error (maybe fixed)      : 0
        Atom jitter error (maybe fixed)      : 0
        Drift error (maybe fixed)            : 0
        Dropped bytes error (maybe fixed)    : 0
        Duplicated bytes error (maybe fixed) : 0

Track 03
    Pre-gap length : 00:01:37

    CRC32 hash             : 2D55287E
    CRC32 hash (skip zero) : 05AFBBE6
    AccurateRip signature  : B6EC8874
        ->Accurately ripped! (confidence 1)
    Statistics
        Read error                           : 0
        Skipped (treated as error)           : 0
        Edge jitter error (maybe fixed)      : 0
        Atom jitter error (maybe fixed)      : 0
        Drift error (maybe fixed)            : 0
        Dropped bytes error (maybe fixed)    : 0
        Duplicated bytes error (maybe fixed) : 0

Track 04

    CRC32 hash             : 8F8457FE
    CRC32 hash (skip zero) : A6A9F824
    AccurateRip signature  : 01F90A36
        ->Accurately ripped! (confidence 1)
    Statistics
        Read error                           : 0
        Skipped (treated as error)           : 0
        Edge jitter error (maybe fixed)      : 0
        Atom jitter error (maybe fixed)      : 0
        Drift error (maybe fixed)            : 0
        Dropped bytes error (maybe fixed)    : 0
        Duplicated bytes error (maybe fixed) : 0

Track 05
    Pre-gap length : 00:01:33

    CRC32 hash             : 64D7CF27
    CRC32 hash (skip zero) : 73FF965C
    AccurateRip signature  : E62BB826
        ->Accurately ripped! (confidence 1)
    Statistics
        Read error                           : 0
        Skipped (treated as error)           : 0
        Edge jitter error (maybe fixed)      : 0
        Atom jitter error (maybe fixed)      : 0
        Drift error (maybe fixed)            : 0
        Dropped bytes error (maybe fixed)    : 0
        Duplicated bytes error (maybe fixed) : 0

Track 06
    Pre-gap length : 00:00:58

    CRC32 hash             : AC0BFF8E
    CRC32 hash (skip zero) : A423336C
    AccurateRip signature  : E462686D
        ->Accurately ripped! (confidence 1)
    Statistics
        Read error                           : 0
        Skipped (treated as error)           : 0
        Edge jitter error (maybe fixed)      : 0
        Atom jitter error (maybe fixed)      : 0
        Drift error (maybe fixed)            : 0
        Dropped bytes error (maybe fixed)    : 0
        Duplicated bytes error (maybe fixed) : 0

Track 07
    Pre-gap length : 00:02:35

    CRC32 hash             : 176405D0
    CRC32 hash (skip zero) : BDB21454
    AccurateRip signature  : 61DD739A
        ->Accurately ripped! (confidence 1)
    Statistics
        Read error                           : 0
        Skipped (treated as error)           : 0
        Edge jitter error (maybe fixed)      : 0
        Atom jitter error (maybe fixed)      : 0
        Drift error (maybe fixed)            : 0
        Dropped bytes error (maybe fixed)    : 0
        Duplicated bytes error (maybe fixed) : 0

Track 08
    Pre-gap length : 00:01:57

    CRC32 hash             : 39FFFA0D
    CRC32 hash (skip zero) : 612BFEDD
    AccurateRip signature  : 2A953E08
        ->Accurately ripped! (confidence 1)
    Statistics
        Read error                           : 0
        Skipped (treated as error)           : 0
        Edge jitter error (maybe fixed)      : 0
        Atom jitter error (maybe fixed)      : 0
        Drift error (maybe fixed)            : 0
        Dropped bytes error (maybe fixed)    : 0
        Duplicated bytes error (maybe fixed) : 0

Track 09
    Pre-gap length : 00:01:05

    CRC32 hash             : 38FD6FC3
    CRC32 hash (skip zero) : 27DDA591
    AccurateRip signature  : 632C3A52
        ->Accurately ripped! (confidence 1)
    Statistics
        Read error                           : 0
        Skipped (treated as error)           : 0
        Edge jitter error (maybe fixed)      : 0
        Atom jitter error (maybe fixed)      : 0
        Drift error (maybe fixed)            : 0
        Dropped bytes error (maybe fixed)    : 0
        Duplicated bytes error (maybe fixed) : 0

Track 10

    CRC32 hash             : 6115F94C
    CRC32 hash (skip zero) : B16DFE6F
    AccurateRip signature  : 916B8EE3
        ->Accurately ripped! (confidence 1)
    Statistics
        Read error                           : 0
        Skipped (treated as error)           : 0
        Edge jitter error (maybe fixed)      : 0
        Atom jitter error (maybe fixed)      : 0
        Drift error (maybe fixed)            : 0
        Dropped bytes error (maybe fixed)    : 0
        Duplicated bytes error (maybe fixed) : 0

Track 11
    Pre-gap length : 00:01:53

    CRC32 hash             : 9070028F
    CRC32 hash (skip zero) : 46B0F95B
    AccurateRip signature  : D2270F0E
        ->Accurately ripped! (confidence 1)
    Statistics
        Read error                           : 0
        Skipped (treated as error)           : 0
        Edge jitter error (maybe fixed)      : 0
        Atom jitter error (maybe fixed)      : 0
        Drift error (maybe fixed)            : 0
        Dropped bytes error (maybe fixed)    : 0
        Duplicated bytes error (maybe fixed) : 0

Track 12

    CRC32 hash             : AF09C47C
    CRC32 hash (skip zero) : 02CDEBC4
    AccurateRip signature  : 607A3720
        ->Accurately ripped! (confidence 1)
    Statistics
        Read error                           : 0
        Skipped (treated as error)           : 0
        Edge jitter error (maybe fixed)      : 0
        Atom jitter error (maybe fixed)      : 0
        Drift error (maybe fixed)            : 0
        Dropped bytes error (maybe fixed)    : 0
        Duplicated bytes error (maybe fixed) : 0

No errors occurred

End of status report
