X Lossless Decoder version 20110502 (132.0)

XLD extraction logfile from 2011-05-05 10:50:35 +0900

佐橋俊彦 / THE BIG-O Original Sound Score

Used drive : HL-DT-ST BD-RE  BH10NS30 (revision EL00)

Ripper mode             : CDParanoia III 10.2
Disable audio cache     : OK for the drive with a cache less than 2750KiB
Make use of C2 pointers : NO
Read offset correction  : 667
Max retry count         : 100
Gap status              : Analyzed, Appended

TOC of the extracted CD
     Track |   Start  |  Length  | Start sector | End sector 
    ---------------------------------------------------------
        1  | 00:00:00 | 01:43:67 |         0    |     7791   
        2  | 01:43:67 | 01:14:18 |      7792    |    13359   
        3  | 02:58:10 | 02:11:22 |     13360    |    23206   
        4  | 05:09:32 | 01:48:28 |     23207    |    31334   
        5  | 06:57:60 | 01:21:50 |     31335    |    37459   
        6  | 08:19:35 | 01:44:32 |     37460    |    45291   
        7  | 10:03:67 | 01:21:68 |     45292    |    51434   
        8  | 11:25:60 | 02:04:57 |     51435    |    60791   
        9  | 13:30:42 | 01:16:20 |     60792    |    66511   
       10  | 14:46:62 | 01:47:43 |     66512    |    74579   
       11  | 16:34:30 | 02:28:10 |     74580    |    85689   
       12  | 19:02:40 | 01:28:00 |     85690    |    92289   
       13  | 20:30:40 | 02:17:17 |     92290    |   102581   
       14  | 22:47:57 | 01:59:68 |    102582    |   111574   
       15  | 24:47:50 | 01:18:55 |    111575    |   117479   
       16  | 26:06:30 | 01:26:45 |    117480    |   123974   
       17  | 27:33:00 | 01:43:30 |    123975    |   131729   
       18  | 29:16:30 | 01:34:22 |    131730    |   138801   
       19  | 30:50:52 | 00:41:00 |    138802    |   141876   
       20  | 31:31:52 | 01:18:03 |    141877    |   147729   
       21  | 32:49:55 | 01:11:27 |    147730    |   153081   
       22  | 34:01:07 | 01:33:73 |    153082    |   160129   
       23  | 35:35:05 | 01:18:42 |    160130    |   166021   
       24  | 36:53:47 | 01:03:45 |    166022    |   170791   
       25  | 37:57:17 | 01:42:68 |    170792    |   178509   
       26  | 39:40:10 | 02:12:05 |    178510    |   188414   
       27  | 41:52:15 | 01:24:47 |    188415    |   194761   
       28  | 43:16:62 | 00:47:58 |    194762    |   198344   
       29  | 44:04:45 | 01:27:30 |    198345    |   204899   

List of alternate offset correction values
        #  | Absolute | Relative | Confidence 
    ------------------------------------------
        1  |    875   |    208   |      3     
        2  |      3   |   -664   |      2     

AccurateRip Summary
    Track 01 : OK (confidence 2)
    Track 02 : OK (confidence 2)
    Track 03 : OK (confidence 2)
    Track 04 : OK (confidence 2)
    Track 05 : OK (confidence 2)
    Track 06 : OK (confidence 2)
    Track 07 : NG
    Track 08 : OK (confidence 2)
    Track 09 : OK (confidence 2)
    Track 10 : OK (confidence 2)
    Track 11 : OK (confidence 2)
    Track 12 : OK (confidence 2)
    Track 13 : OK (confidence 2)
    Track 14 : OK (confidence 2)
    Track 15 : OK (confidence 2)
    Track 16 : OK (confidence 2)
    Track 17 : OK (confidence 2)
    Track 18 : OK (confidence 2)
    Track 19 : NG
    Track 20 : OK (confidence 2)
    Track 21 : OK (confidence 2)
    Track 22 : OK (confidence 2)
    Track 23 : OK (confidence 2)
    Track 24 : OK (confidence 2)
    Track 25 : OK (confidence 2)
    Track 26 : OK (confidence 2)
    Track 27 : OK (confidence 2)
    Track 28 : OK (confidence 2)
    Track 29 : OK (confidence 2)
        ->27 track(s) accurately ripped, 2 track(s) not, 0 track(s) not found

All Tracks
    Filename : /Users/angelicalbite/Music/flac/THE BIG-O Original Sound Score.flac
    CRC32 hash             : 4FF230F0
    CRC32 hash (skip zero) : 320EFE02
    Statistics
        Read error                           : 0
        Skipped (treated as error)           : 0
        Edge jitter error (maybe fixed)      : 3
        Atom jitter error (maybe fixed)      : 3
        Drift error (maybe fixed)            : 0
        Dropped bytes error (maybe fixed)    : 1
        Duplicated bytes error (maybe fixed) : 2

Track 01
    Pre-gap length : 00:02:00

    CRC32 hash             : 5E742D42
    CRC32 hash (skip zero) : 5C3682D0
    AccurateRip signature  : 83D82BF4
        ->Accurately ripped! (confidence 2)
    Statistics
        Read error                           : 0
        Skipped (treated as error)           : 0
        Edge jitter error (maybe fixed)      : 0
        Atom jitter error (maybe fixed)      : 0
        Drift error (maybe fixed)            : 0
        Dropped bytes error (maybe fixed)    : 0
        Duplicated bytes error (maybe fixed) : 0

Track 02
    Pre-gap length : 00:01:34

    CRC32 hash             : 71D31971
    CRC32 hash (skip zero) : 284EFFFA
    AccurateRip signature  : F7330B2E
        ->Accurately ripped! (confidence 2)
    Statistics
        Read error                           : 0
        Skipped (treated as error)           : 0
        Edge jitter error (maybe fixed)      : 0
        Atom jitter error (maybe fixed)      : 0
        Drift error (maybe fixed)            : 0
        Dropped bytes error (maybe fixed)    : 0
        Duplicated bytes error (maybe fixed) : 0

Track 03
    Pre-gap length : 00:02:34

    CRC32 hash             : 6DE06D49
    CRC32 hash (skip zero) : A196D3C4
    AccurateRip signature  : D77AE615
        ->Accurately ripped! (confidence 2)
    Statistics
        Read error                           : 0
        Skipped (treated as error)           : 0
        Edge jitter error (maybe fixed)      : 0
        Atom jitter error (maybe fixed)      : 0
        Drift error (maybe fixed)            : 0
        Dropped bytes error (maybe fixed)    : 0
        Duplicated bytes error (maybe fixed) : 0

Track 04
    Pre-gap length : 00:01:34

    CRC32 hash             : 1029B4A4
    CRC32 hash (skip zero) : C614B28D
    AccurateRip signature  : 4A0EDE47
        ->Accurately ripped! (confidence 2)
    Statistics
        Read error                           : 0
        Skipped (treated as error)           : 0
        Edge jitter error (maybe fixed)      : 0
        Atom jitter error (maybe fixed)      : 0
        Drift error (maybe fixed)            : 0
        Dropped bytes error (maybe fixed)    : 0
        Duplicated bytes error (maybe fixed) : 0

Track 05
    Pre-gap length : 00:01:34

    CRC32 hash             : 5A5D5F0A
    CRC32 hash (skip zero) : 3B02B179
    AccurateRip signature  : 60F12DEA
        ->Accurately ripped! (confidence 2)
    Statistics
        Read error                           : 0
        Skipped (treated as error)           : 0
        Edge jitter error (maybe fixed)      : 0
        Atom jitter error (maybe fixed)      : 0
        Drift error (maybe fixed)            : 0
        Dropped bytes error (maybe fixed)    : 0
        Duplicated bytes error (maybe fixed) : 0

Track 06
    Pre-gap length : 00:01:34

    CRC32 hash             : 2477AE5A
    CRC32 hash (skip zero) : 7ED3B9B2
    AccurateRip signature  : ACCC2390
        ->Accurately ripped! (confidence 2)
    Statistics
        Read error                           : 0
        Skipped (treated as error)           : 0
        Edge jitter error (maybe fixed)      : 0
        Atom jitter error (maybe fixed)      : 0
        Drift error (maybe fixed)            : 0
        Dropped bytes error (maybe fixed)    : 0
        Duplicated bytes error (maybe fixed) : 0

Track 07
    Pre-gap length : 00:01:34

    CRC32 hash             : FDDE0671
    CRC32 hash (skip zero) : 06356B70
    AccurateRip signature  : 97428A63
        ->Rip may not be accurate.
    Statistics
        Read error                           : 0
        Skipped (treated as error)           : 0
        Edge jitter error (maybe fixed)      : 1
        Atom jitter error (maybe fixed)      : 1
        Drift error (maybe fixed)            : 0
        Dropped bytes error (maybe fixed)    : 0
        Duplicated bytes error (maybe fixed) : 1

Track 08
    Pre-gap length : 00:01:34

    CRC32 hash             : 72C53463
    CRC32 hash (skip zero) : 4BA3ED39
    AccurateRip signature  : 75AEC456
        ->Accurately ripped! (confidence 2)
    Statistics
        Read error                           : 0
        Skipped (treated as error)           : 0
        Edge jitter error (maybe fixed)      : 0
        Atom jitter error (maybe fixed)      : 0
        Drift error (maybe fixed)            : 0
        Dropped bytes error (maybe fixed)    : 0
        Duplicated bytes error (maybe fixed) : 0

Track 09
    Pre-gap length : 00:01:34

    CRC32 hash             : 04D5B035
    CRC32 hash (skip zero) : DB6B0A0D
    AccurateRip signature  : CC1127F4
        ->Accurately ripped! (confidence 2)
    Statistics
        Read error                           : 0
        Skipped (treated as error)           : 0
        Edge jitter error (maybe fixed)      : 0
        Atom jitter error (maybe fixed)      : 0
        Drift error (maybe fixed)            : 0
        Dropped bytes error (maybe fixed)    : 0
        Duplicated bytes error (maybe fixed) : 0

Track 10
    Pre-gap length : 00:02:34

    CRC32 hash             : 66504566
    CRC32 hash (skip zero) : 32835924
    AccurateRip signature  : D730952B
        ->Accurately ripped! (confidence 2)
    Statistics
        Read error                           : 0
        Skipped (treated as error)           : 0
        Edge jitter error (maybe fixed)      : 0
        Atom jitter error (maybe fixed)      : 0
        Drift error (maybe fixed)            : 0
        Dropped bytes error (maybe fixed)    : 0
        Duplicated bytes error (maybe fixed) : 0

Track 11
    Pre-gap length : 00:01:37

    CRC32 hash             : 254CEA37
    CRC32 hash (skip zero) : F18B39D3
    AccurateRip signature  : 71477A41
        ->Accurately ripped! (confidence 2)
    Statistics
        Read error                           : 0
        Skipped (treated as error)           : 0
        Edge jitter error (maybe fixed)      : 0
        Atom jitter error (maybe fixed)      : 0
        Drift error (maybe fixed)            : 0
        Dropped bytes error (maybe fixed)    : 0
        Duplicated bytes error (maybe fixed) : 0

Track 12
    Pre-gap length : 00:01:34

    CRC32 hash             : B43495C9
    CRC32 hash (skip zero) : B319533C
    AccurateRip signature  : 149475AC
        ->Accurately ripped! (confidence 2)
    Statistics
        Read error                           : 0
        Skipped (treated as error)           : 0
        Edge jitter error (maybe fixed)      : 0
        Atom jitter error (maybe fixed)      : 0
        Drift error (maybe fixed)            : 0
        Dropped bytes error (maybe fixed)    : 0
        Duplicated bytes error (maybe fixed) : 0

Track 13
    Pre-gap length : 00:01:34

    CRC32 hash             : F88523FA
    CRC32 hash (skip zero) : 937029BE
    AccurateRip signature  : C74B2875
        ->Accurately ripped! (confidence 2)
    Statistics
        Read error                           : 0
        Skipped (treated as error)           : 0
        Edge jitter error (maybe fixed)      : 0
        Atom jitter error (maybe fixed)      : 0
        Drift error (maybe fixed)            : 0
        Dropped bytes error (maybe fixed)    : 0
        Duplicated bytes error (maybe fixed) : 0

Track 14
    Pre-gap length : 00:01:34

    CRC32 hash             : DECDBFF7
    CRC32 hash (skip zero) : 281DE5C3
    AccurateRip signature  : FE92CAFF
        ->Accurately ripped! (confidence 2)
    Statistics
        Read error                           : 0
        Skipped (treated as error)           : 0
        Edge jitter error (maybe fixed)      : 0
        Atom jitter error (maybe fixed)      : 0
        Drift error (maybe fixed)            : 0
        Dropped bytes error (maybe fixed)    : 0
        Duplicated bytes error (maybe fixed) : 0

Track 15
    Pre-gap length : 00:01:34

    CRC32 hash             : 29571D7E
    CRC32 hash (skip zero) : A277A7BF
    AccurateRip signature  : CA7D3EAF
        ->Accurately ripped! (confidence 2)
    Statistics
        Read error                           : 0
        Skipped (treated as error)           : 0
        Edge jitter error (maybe fixed)      : 0
        Atom jitter error (maybe fixed)      : 1
        Drift error (maybe fixed)            : 0
        Dropped bytes error (maybe fixed)    : 0
        Duplicated bytes error (maybe fixed) : 0

Track 16
    Pre-gap length : 00:01:34

    CRC32 hash             : EB6E4113
    CRC32 hash (skip zero) : 29631ECF
    AccurateRip signature  : FCF6C65B
        ->Accurately ripped! (confidence 2)
    Statistics
        Read error                           : 0
        Skipped (treated as error)           : 0
        Edge jitter error (maybe fixed)      : 0
        Atom jitter error (maybe fixed)      : 0
        Drift error (maybe fixed)            : 0
        Dropped bytes error (maybe fixed)    : 0
        Duplicated bytes error (maybe fixed) : 0

Track 17
    Pre-gap length : 00:01:34

    CRC32 hash             : C9D1797C
    CRC32 hash (skip zero) : AB132019
    AccurateRip signature  : 7DC6B10B
        ->Accurately ripped! (confidence 2)
    Statistics
        Read error                           : 0
        Skipped (treated as error)           : 0
        Edge jitter error (maybe fixed)      : 0
        Atom jitter error (maybe fixed)      : 0
        Drift error (maybe fixed)            : 0
        Dropped bytes error (maybe fixed)    : 0
        Duplicated bytes error (maybe fixed) : 0

Track 18
    Pre-gap length : 00:01:34

    CRC32 hash             : 446CBBBC
    CRC32 hash (skip zero) : F9EC42BC
    AccurateRip signature  : 5365B0EA
        ->Accurately ripped! (confidence 2)
    Statistics
        Read error                           : 0
        Skipped (treated as error)           : 0
        Edge jitter error (maybe fixed)      : 0
        Atom jitter error (maybe fixed)      : 0
        Drift error (maybe fixed)            : 0
        Dropped bytes error (maybe fixed)    : 0
        Duplicated bytes error (maybe fixed) : 0

Track 19
    Pre-gap length : 00:01:34

    CRC32 hash             : 6FBB43FA
    CRC32 hash (skip zero) : 13F60006
    AccurateRip signature  : 0CB09107
        ->Rip may not be accurate.
    Statistics
        Read error                           : 0
        Skipped (treated as error)           : 0
        Edge jitter error (maybe fixed)      : 2
        Atom jitter error (maybe fixed)      : 1
        Drift error (maybe fixed)            : 0
        Dropped bytes error (maybe fixed)    : 1
        Duplicated bytes error (maybe fixed) : 1

Track 20
    Pre-gap length : 00:02:34

    CRC32 hash             : AAC20CCD
    CRC32 hash (skip zero) : A48F94E5
    AccurateRip signature  : 00401002
        ->Accurately ripped! (confidence 2)
    Statistics
        Read error                           : 0
        Skipped (treated as error)           : 0
        Edge jitter error (maybe fixed)      : 0
        Atom jitter error (maybe fixed)      : 0
        Drift error (maybe fixed)            : 0
        Dropped bytes error (maybe fixed)    : 0
        Duplicated bytes error (maybe fixed) : 0

Track 21
    Pre-gap length : 00:02:34

    CRC32 hash             : 73DAF716
    CRC32 hash (skip zero) : 230BD438
    AccurateRip signature  : 6357CCF3
        ->Accurately ripped! (confidence 2)
    Statistics
        Read error                           : 0
        Skipped (treated as error)           : 0
        Edge jitter error (maybe fixed)      : 0
        Atom jitter error (maybe fixed)      : 0
        Drift error (maybe fixed)            : 0
        Dropped bytes error (maybe fixed)    : 0
        Duplicated bytes error (maybe fixed) : 0

Track 22
    Pre-gap length : 00:01:34

    CRC32 hash             : BA063893
    CRC32 hash (skip zero) : B24E2575
    AccurateRip signature  : 10C5F350
        ->Accurately ripped! (confidence 2)
    Statistics
        Read error                           : 0
        Skipped (treated as error)           : 0
        Edge jitter error (maybe fixed)      : 0
        Atom jitter error (maybe fixed)      : 0
        Drift error (maybe fixed)            : 0
        Dropped bytes error (maybe fixed)    : 0
        Duplicated bytes error (maybe fixed) : 0

Track 23
    Pre-gap length : 00:01:34

    CRC32 hash             : 856F5E5D
    CRC32 hash (skip zero) : 8701E9DA
    AccurateRip signature  : 853659F5
        ->Accurately ripped! (confidence 2)
    Statistics
        Read error                           : 0
        Skipped (treated as error)           : 0
        Edge jitter error (maybe fixed)      : 0
        Atom jitter error (maybe fixed)      : 0
        Drift error (maybe fixed)            : 0
        Dropped bytes error (maybe fixed)    : 0
        Duplicated bytes error (maybe fixed) : 0

Track 24
    Pre-gap length : 00:01:34

    CRC32 hash             : 9AC347AC
    CRC32 hash (skip zero) : FFC33FC9
    AccurateRip signature  : A65A8AB2
        ->Accurately ripped! (confidence 2)
    Statistics
        Read error                           : 0
        Skipped (treated as error)           : 0
        Edge jitter error (maybe fixed)      : 0
        Atom jitter error (maybe fixed)      : 0
        Drift error (maybe fixed)            : 0
        Dropped bytes error (maybe fixed)    : 0
        Duplicated bytes error (maybe fixed) : 0

Track 25
    Pre-gap length : 00:01:34

    CRC32 hash             : 40670591
    CRC32 hash (skip zero) : 4894DF1C
    AccurateRip signature  : 24ACCF1A
        ->Accurately ripped! (confidence 2)
    Statistics
        Read error                           : 0
        Skipped (treated as error)           : 0
        Edge jitter error (maybe fixed)      : 0
        Atom jitter error (maybe fixed)      : 0
        Drift error (maybe fixed)            : 0
        Dropped bytes error (maybe fixed)    : 0
        Duplicated bytes error (maybe fixed) : 0

Track 26
    Pre-gap length : 00:02:34

    CRC32 hash             : 6B52B5F1
    CRC32 hash (skip zero) : 091D4990
    AccurateRip signature  : 58C6980E
        ->Accurately ripped! (confidence 2)
    Statistics
        Read error                           : 0
        Skipped (treated as error)           : 0
        Edge jitter error (maybe fixed)      : 0
        Atom jitter error (maybe fixed)      : 0
        Drift error (maybe fixed)            : 0
        Dropped bytes error (maybe fixed)    : 0
        Duplicated bytes error (maybe fixed) : 0

Track 27
    Pre-gap length : 00:03:34

    CRC32 hash             : EB9D94E6
    CRC32 hash (skip zero) : 6494781F
    AccurateRip signature  : E07B928A
        ->Accurately ripped! (confidence 2)
    Statistics
        Read error                           : 0
        Skipped (treated as error)           : 0
        Edge jitter error (maybe fixed)      : 0
        Atom jitter error (maybe fixed)      : 0
        Drift error (maybe fixed)            : 0
        Dropped bytes error (maybe fixed)    : 0
        Duplicated bytes error (maybe fixed) : 0

Track 28
    Pre-gap length : 00:01:34

    CRC32 hash             : FBE30BD7
    CRC32 hash (skip zero) : 71E7AE4E
    AccurateRip signature  : DE26278D
        ->Accurately ripped! (confidence 2)
    Statistics
        Read error                           : 0
        Skipped (treated as error)           : 0
        Edge jitter error (maybe fixed)      : 0
        Atom jitter error (maybe fixed)      : 0
        Drift error (maybe fixed)            : 0
        Dropped bytes error (maybe fixed)    : 0
        Duplicated bytes error (maybe fixed) : 0

Track 29
    Pre-gap length : 00:02:34

    CRC32 hash             : 885FD5F1
    CRC32 hash (skip zero) : 594FD420
    AccurateRip signature  : AF9D650D
        ->Accurately ripped! (confidence 2)
    Statistics
        Read error                           : 0
        Skipped (treated as error)           : 0
        Edge jitter error (maybe fixed)      : 0
        Atom jitter error (maybe fixed)      : 0
        Drift error (maybe fixed)            : 0
        Dropped bytes error (maybe fixed)    : 0
        Duplicated bytes error (maybe fixed) : 0

No errors occurred

End of status report
