X Lossless Decoder version 20110502 (132.0)

XLD extraction logfile from 2011-05-05 02:37:14 +0900

佐橋俊彦 / TV ANIMATION THE BIG-O! ORIGINAL SOUND SCORE II for second season

Used drive : HL-DT-ST BD-RE  BH10NS30 (revision EL00)

Ripper mode             : CDParanoia III 10.2
Disable audio cache     : OK for the drive with a cache less than 2750KiB
Make use of C2 pointers : NO
Read offset correction  : 667
Max retry count         : 100
Gap status              : Analyzed, Appended

TOC of the extracted CD
     Track |   Start  |  Length  | Start sector | End sector 
    ---------------------------------------------------------
        1  | 00:00:00 | 01:59:10 |         0    |     8934   
        2  | 01:59:10 | 02:28:60 |      8935    |    20094   
        3  | 04:27:70 | 02:25:15 |     20095    |    30984   
        4  | 06:53:10 | 01:57:63 |     30985    |    39822   
        5  | 08:50:73 | 01:42:40 |     39823    |    47512   
        6  | 10:33:38 | 01:47:30 |     47513    |    55567   
        7  | 12:20:68 | 02:09:22 |     55568    |    65264   
        8  | 14:30:15 | 01:53:15 |     65265    |    73754   
        9  | 16:23:30 | 01:56:30 |     73755    |    82484   
       10  | 18:19:60 | 01:45:48 |     82485    |    90407   
       11  | 20:05:33 | 02:14:10 |     90408    |   100467   
       12  | 22:19:43 | 01:00:32 |    100468    |   104999   
       13  | 23:20:00 | 02:14:23 |    105000    |   115072   
       14  | 25:34:23 | 02:39:45 |    115073    |   127042   
       15  | 28:13:68 | 01:41:27 |    127043    |   134644   
       16  | 29:55:20 | 02:13:45 |    134645    |   144664   
       17  | 32:08:65 | 01:10:03 |    144665    |   149917   
       18  | 33:18:68 | 01:08:35 |    149918    |   155052   
       19  | 34:27:28 | 01:28:42 |    155053    |   161694   
       20  | 35:55:70 | 02:14:45 |    161695    |   171789   
       21  | 38:10:40 | 01:54:43 |    171790    |   180382   
       22  | 40:05:08 | 01:42:70 |    180383    |   188102   
       23  | 41:48:03 | 05:31:02 |    188103    |   212929   

List of alternate offset correction values
        #  | Absolute | Relative | Confidence 
    ------------------------------------------
        1  |    564   |   -103   |      2     

AccurateRip Summary
    Track 01 : OK (confidence 3)
    Track 02 : OK (confidence 3)
    Track 03 : OK (confidence 3)
    Track 04 : OK (confidence 3)
    Track 05 : OK (confidence 3)
    Track 06 : OK (confidence 3)
    Track 07 : OK (confidence 3)
    Track 08 : NG
    Track 09 : OK (confidence 3)
    Track 10 : OK (confidence 3)
    Track 11 : OK (confidence 3)
    Track 12 : NG
    Track 13 : OK (confidence 3)
    Track 14 : OK (confidence 3)
    Track 15 : OK (confidence 3)
    Track 16 : OK (confidence 3)
    Track 17 : OK (confidence 3)
    Track 18 : OK (confidence 3)
    Track 19 : OK (confidence 3)
    Track 20 : OK (confidence 3)
    Track 21 : OK (confidence 3)
    Track 22 : OK (confidence 3)
    Track 23 : OK (confidence 3)
        ->21 track(s) accurately ripped, 2 track(s) not, 0 track(s) not found

All Tracks
    Filename : /Users/angelicalbite/Music/flac/TV ANIMATION THE BIG-O! ORIGINAL SOUND SCORE II for second season.flac
    CRC32 hash             : 38DBCD5F
    CRC32 hash (skip zero) : 0370DF66
    Statistics
        Read error                           : 0
        Skipped (treated as error)           : 0
        Edge jitter error (maybe fixed)      : 4
        Atom jitter error (maybe fixed)      : 2
        Drift error (maybe fixed)            : 0
        Dropped bytes error (maybe fixed)    : 0
        Duplicated bytes error (maybe fixed) : 2

Track 01
    Pre-gap length : 00:02:00

    CRC32 hash             : B4F6E319
    CRC32 hash (skip zero) : 237338C2
    AccurateRip signature  : 44A02F83
        ->Accurately ripped! (confidence 3)
    Statistics
        Read error                           : 0
        Skipped (treated as error)           : 0
        Edge jitter error (maybe fixed)      : 0
        Atom jitter error (maybe fixed)      : 0
        Drift error (maybe fixed)            : 0
        Dropped bytes error (maybe fixed)    : 0
        Duplicated bytes error (maybe fixed) : 0

Track 02
    Pre-gap length : 00:02:34

    CRC32 hash             : A45027AE
    CRC32 hash (skip zero) : 7FA53B69
    AccurateRip signature  : 38549FF2
        ->Accurately ripped! (confidence 3)
    Statistics
        Read error                           : 0
        Skipped (treated as error)           : 0
        Edge jitter error (maybe fixed)      : 0
        Atom jitter error (maybe fixed)      : 0
        Drift error (maybe fixed)            : 0
        Dropped bytes error (maybe fixed)    : 0
        Duplicated bytes error (maybe fixed) : 0

Track 03
    Pre-gap length : 00:02:34

    CRC32 hash             : CD8A09F4
    CRC32 hash (skip zero) : 981603DC
    AccurateRip signature  : 4074370A
        ->Accurately ripped! (confidence 3)
    Statistics
        Read error                           : 0
        Skipped (treated as error)           : 0
        Edge jitter error (maybe fixed)      : 0
        Atom jitter error (maybe fixed)      : 0
        Drift error (maybe fixed)            : 0
        Dropped bytes error (maybe fixed)    : 0
        Duplicated bytes error (maybe fixed) : 0

Track 04
    Pre-gap length : 00:02:34

    CRC32 hash             : 65E1A0E4
    CRC32 hash (skip zero) : 3243F98E
    AccurateRip signature  : C9D11F61
        ->Accurately ripped! (confidence 3)
    Statistics
        Read error                           : 0
        Skipped (treated as error)           : 0
        Edge jitter error (maybe fixed)      : 0
        Atom jitter error (maybe fixed)      : 0
        Drift error (maybe fixed)            : 0
        Dropped bytes error (maybe fixed)    : 0
        Duplicated bytes error (maybe fixed) : 0

Track 05
    Pre-gap length : 00:03:37

    CRC32 hash             : 19F881CD
    CRC32 hash (skip zero) : A6EDA985
    AccurateRip signature  : 1605A0F6
        ->Accurately ripped! (confidence 3)
    Statistics
        Read error                           : 0
        Skipped (treated as error)           : 0
        Edge jitter error (maybe fixed)      : 0
        Atom jitter error (maybe fixed)      : 0
        Drift error (maybe fixed)            : 0
        Dropped bytes error (maybe fixed)    : 0
        Duplicated bytes error (maybe fixed) : 0

Track 06
    Pre-gap length : 00:02:34

    CRC32 hash             : 2CE9C518
    CRC32 hash (skip zero) : EB99C059
    AccurateRip signature  : 447A5277
        ->Accurately ripped! (confidence 3)
    Statistics
        Read error                           : 0
        Skipped (treated as error)           : 0
        Edge jitter error (maybe fixed)      : 0
        Atom jitter error (maybe fixed)      : 0
        Drift error (maybe fixed)            : 0
        Dropped bytes error (maybe fixed)    : 0
        Duplicated bytes error (maybe fixed) : 0

Track 07
    Pre-gap length : 00:02:34

    CRC32 hash             : 11919FBB
    CRC32 hash (skip zero) : 4910D912
    AccurateRip signature  : AC4FD4CF
        ->Accurately ripped! (confidence 3)
    Statistics
        Read error                           : 0
        Skipped (treated as error)           : 0
        Edge jitter error (maybe fixed)      : 0
        Atom jitter error (maybe fixed)      : 0
        Drift error (maybe fixed)            : 0
        Dropped bytes error (maybe fixed)    : 0
        Duplicated bytes error (maybe fixed) : 0

Track 08
    Pre-gap length : 00:02:34

    CRC32 hash             : B0145C1B
    CRC32 hash (skip zero) : AAE68399
    AccurateRip signature  : B70DBDC3
        ->Rip may not be accurate.
    Statistics
        Read error                           : 0
        Skipped (treated as error)           : 0
        Edge jitter error (maybe fixed)      : 2
        Atom jitter error (maybe fixed)      : 1
        Drift error (maybe fixed)            : 0
        Dropped bytes error (maybe fixed)    : 0
        Duplicated bytes error (maybe fixed) : 1

Track 09
    Pre-gap length : 00:03:34

    CRC32 hash             : 2C13168F
    CRC32 hash (skip zero) : 49B1AB0D
    AccurateRip signature  : 77D24234
        ->Accurately ripped! (confidence 3)
    Statistics
        Read error                           : 0
        Skipped (treated as error)           : 0
        Edge jitter error (maybe fixed)      : 0
        Atom jitter error (maybe fixed)      : 0
        Drift error (maybe fixed)            : 0
        Dropped bytes error (maybe fixed)    : 0
        Duplicated bytes error (maybe fixed) : 0

Track 10
    Pre-gap length : 00:02:34

    CRC32 hash             : C77BDB4C
    CRC32 hash (skip zero) : 81B569F3
    AccurateRip signature  : 635B3102
        ->Accurately ripped! (confidence 3)
    Statistics
        Read error                           : 0
        Skipped (treated as error)           : 0
        Edge jitter error (maybe fixed)      : 0
        Atom jitter error (maybe fixed)      : 0
        Drift error (maybe fixed)            : 0
        Dropped bytes error (maybe fixed)    : 0
        Duplicated bytes error (maybe fixed) : 0

Track 11
    Pre-gap length : 00:02:34

    CRC32 hash             : A74F70F8
    CRC32 hash (skip zero) : 7188F053
    AccurateRip signature  : FE1D1DB1
        ->Accurately ripped! (confidence 3)
    Statistics
        Read error                           : 0
        Skipped (treated as error)           : 0
        Edge jitter error (maybe fixed)      : 0
        Atom jitter error (maybe fixed)      : 0
        Drift error (maybe fixed)            : 0
        Dropped bytes error (maybe fixed)    : 0
        Duplicated bytes error (maybe fixed) : 0

Track 12
    Pre-gap length : 00:02:34

    CRC32 hash             : FBAD1963
    CRC32 hash (skip zero) : 4C78B46B
    AccurateRip signature  : 0748027C
        ->Rip may not be accurate.
    Statistics
        Read error                           : 0
        Skipped (treated as error)           : 0
        Edge jitter error (maybe fixed)      : 2
        Atom jitter error (maybe fixed)      : 1
        Drift error (maybe fixed)            : 0
        Dropped bytes error (maybe fixed)    : 0
        Duplicated bytes error (maybe fixed) : 1

Track 13
    Pre-gap length : 00:02:34

    CRC32 hash             : 6630DA49
    CRC32 hash (skip zero) : D896A982
    AccurateRip signature  : 8387C79B
        ->Accurately ripped! (confidence 3)
    Statistics
        Read error                           : 0
        Skipped (treated as error)           : 0
        Edge jitter error (maybe fixed)      : 0
        Atom jitter error (maybe fixed)      : 0
        Drift error (maybe fixed)            : 0
        Dropped bytes error (maybe fixed)    : 0
        Duplicated bytes error (maybe fixed) : 0

Track 14
    Pre-gap length : 00:02:34

    CRC32 hash             : AACF9A3C
    CRC32 hash (skip zero) : 9D7045C5
    AccurateRip signature  : 462733BB
        ->Accurately ripped! (confidence 3)
    Statistics
        Read error                           : 0
        Skipped (treated as error)           : 0
        Edge jitter error (maybe fixed)      : 0
        Atom jitter error (maybe fixed)      : 0
        Drift error (maybe fixed)            : 0
        Dropped bytes error (maybe fixed)    : 0
        Duplicated bytes error (maybe fixed) : 0

Track 15
    Pre-gap length : 00:03:34

    CRC32 hash             : 361BD257
    CRC32 hash (skip zero) : B14B51B5
    AccurateRip signature  : CCB5D83E
        ->Accurately ripped! (confidence 3)
    Statistics
        Read error                           : 0
        Skipped (treated as error)           : 0
        Edge jitter error (maybe fixed)      : 0
        Atom jitter error (maybe fixed)      : 0
        Drift error (maybe fixed)            : 0
        Dropped bytes error (maybe fixed)    : 0
        Duplicated bytes error (maybe fixed) : 0

Track 16
    Pre-gap length : 00:03:34

    CRC32 hash             : 98F62469
    CRC32 hash (skip zero) : E1E87EE4
    AccurateRip signature  : 67A8CB5E
        ->Accurately ripped! (confidence 3)
    Statistics
        Read error                           : 0
        Skipped (treated as error)           : 0
        Edge jitter error (maybe fixed)      : 0
        Atom jitter error (maybe fixed)      : 0
        Drift error (maybe fixed)            : 0
        Dropped bytes error (maybe fixed)    : 0
        Duplicated bytes error (maybe fixed) : 0

Track 17
    Pre-gap length : 00:02:34

    CRC32 hash             : 5A8E5870
    CRC32 hash (skip zero) : A061BFCB
    AccurateRip signature  : 92E85A1F
        ->Accurately ripped! (confidence 3)
    Statistics
        Read error                           : 0
        Skipped (treated as error)           : 0
        Edge jitter error (maybe fixed)      : 0
        Atom jitter error (maybe fixed)      : 0
        Drift error (maybe fixed)            : 0
        Dropped bytes error (maybe fixed)    : 0
        Duplicated bytes error (maybe fixed) : 0

Track 18
    Pre-gap length : 00:02:34

    CRC32 hash             : 64F49687
    CRC32 hash (skip zero) : 33B57822
    AccurateRip signature  : 16C413F5
        ->Accurately ripped! (confidence 3)
    Statistics
        Read error                           : 0
        Skipped (treated as error)           : 0
        Edge jitter error (maybe fixed)      : 0
        Atom jitter error (maybe fixed)      : 0
        Drift error (maybe fixed)            : 0
        Dropped bytes error (maybe fixed)    : 0
        Duplicated bytes error (maybe fixed) : 0

Track 19
    Pre-gap length : 00:02:34

    CRC32 hash             : F021BC45
    CRC32 hash (skip zero) : F3942C98
    AccurateRip signature  : 54E23C8D
        ->Accurately ripped! (confidence 3)
    Statistics
        Read error                           : 0
        Skipped (treated as error)           : 0
        Edge jitter error (maybe fixed)      : 0
        Atom jitter error (maybe fixed)      : 0
        Drift error (maybe fixed)            : 0
        Dropped bytes error (maybe fixed)    : 0
        Duplicated bytes error (maybe fixed) : 0

Track 20
    Pre-gap length : 00:03:34

    CRC32 hash             : 3B354A51
    CRC32 hash (skip zero) : C751AA33
    AccurateRip signature  : 5B7C3250
        ->Accurately ripped! (confidence 3)
    Statistics
        Read error                           : 0
        Skipped (treated as error)           : 0
        Edge jitter error (maybe fixed)      : 0
        Atom jitter error (maybe fixed)      : 0
        Drift error (maybe fixed)            : 0
        Dropped bytes error (maybe fixed)    : 0
        Duplicated bytes error (maybe fixed) : 0

Track 21
    Pre-gap length : 00:02:34

    CRC32 hash             : 1CA1F960
    CRC32 hash (skip zero) : 245C2E5A
    AccurateRip signature  : 3A224077
        ->Accurately ripped! (confidence 3)
    Statistics
        Read error                           : 0
        Skipped (treated as error)           : 0
        Edge jitter error (maybe fixed)      : 0
        Atom jitter error (maybe fixed)      : 0
        Drift error (maybe fixed)            : 0
        Dropped bytes error (maybe fixed)    : 0
        Duplicated bytes error (maybe fixed) : 0

Track 22
    Pre-gap length : 00:02:34

    CRC32 hash             : BA2A8157
    CRC32 hash (skip zero) : 0D753267
    AccurateRip signature  : BBB9C763
        ->Accurately ripped! (confidence 3)
    Statistics
        Read error                           : 0
        Skipped (treated as error)           : 0
        Edge jitter error (maybe fixed)      : 0
        Atom jitter error (maybe fixed)      : 0
        Drift error (maybe fixed)            : 0
        Dropped bytes error (maybe fixed)    : 0
        Duplicated bytes error (maybe fixed) : 0

Track 23
    Pre-gap length : 00:03:34

    CRC32 hash             : CC68596B
    CRC32 hash (skip zero) : 7B9D9422
    AccurateRip signature  : 79C3B074
        ->Accurately ripped! (confidence 3)
    Statistics
        Read error                           : 0
        Skipped (treated as error)           : 0
        Edge jitter error (maybe fixed)      : 0
        Atom jitter error (maybe fixed)      : 0
        Drift error (maybe fixed)            : 0
        Dropped bytes error (maybe fixed)    : 0
        Duplicated bytes error (maybe fixed) : 0

No errors occurred

End of status report
