X Lossless Decoder version 20110417 (131.0)

XLD extraction logfile from 2011-04-21 09:02:47 +0900

The Alan Parsons Project / The Definitive Collection CD1

Used drive : HL-DT-ST BD-RE  BH10NS30 (revision EL00)

Ripper mode             : CDParanoia III 10.2
Disable audio cache     : OK for the drive with a cache less than 2750KiB
Make use of C2 pointers : NO
Read offset correction  : 667
Max retry count         : 100
Gap status              : Analyzed, Appended

TOC of the extracted CD
     Track |   Start  |  Length  | Start sector | End sector 
    ---------------------------------------------------------
        1  | 00:00:32 | 06:03:23 |        32    |    27279   
        2  | 06:03:55 | 03:23:25 |     27280    |    42529   
        3  | 09:27:05 | 03:53:15 |     42530    |    60019   
        4  | 13:20:20 | 04:23:70 |     60020    |    79814   
        5  | 17:44:15 | 02:24:32 |     79815    |    90646   
        6  | 20:08:47 | 03:30:68 |     90647    |   106464   
        7  | 23:39:40 | 04:22:50 |    106465    |   126164   
        8  | 28:02:15 | 05:05:27 |    126165    |   149066   
        9  | 33:07:42 | 02:46:13 |    149067    |   161529   
       10  | 35:53:55 | 04:51:65 |    161530    |   183419   
       11  | 40:45:45 | 05:04:70 |    183420    |   206289   
       12  | 45:50:40 | 05:49:17 |    206290    |   232481   
       13  | 51:39:57 | 02:42:58 |    232482    |   244689   
       14  | 54:22:40 | 03:19:30 |    244690    |   259644   
       15  | 57:41:70 | 04:24:25 |    259645    |   279469   
       16  | 62:06:20 | 05:02:12 |    279470    |   302131   

List of alternate offset correction values
        #  | Absolute | Relative | Confidence 
    ------------------------------------------
        1  |    865   |    198   |     42     
        2  |    186   |   -481   |     36     
        3  |   1836   |   1169   |      3     
        4  |   1172   |    505   |      3     
        5  |   1830   |   1163   |      2     

AccurateRip Summary
    Track 01 : OK (AR2, confidence 6, with different offset)
    Track 02 : OK (AR2, confidence 5, with different offset)
    Track 03 : OK (AR2, confidence 5, with different offset)
    Track 04 : OK (AR2, confidence 5, with different offset)
    Track 05 : OK (AR2, confidence 4, with different offset)
    Track 06 : OK (AR2, confidence 4, with different offset)
    Track 07 : OK (AR2, confidence 5, with different offset)
    Track 08 : OK (AR2, confidence 5, with different offset)
    Track 09 : OK (AR2, confidence 5, with different offset)
    Track 10 : OK (AR2, confidence 5, with different offset)
    Track 11 : OK (AR2, confidence 6, with different offset)
    Track 12 : OK (AR2, confidence 5, with different offset)
    Track 13 : OK (AR2, confidence 4, with different offset)
    Track 14 : OK (AR2, confidence 5, with different offset)
    Track 15 : OK (AR2, confidence 5, with different offset)
    Track 16 : OK (AR2, confidence 5, with different offset)
        ->All tracks accurately ripped.

All Tracks
    Filename : /Users/angelicalbite/Music/flac/The Definitive Collection CD1.flac
    CRC32 hash             : 817C3F4C
    CRC32 hash (skip zero) : EF8731FB
    Statistics
        Read error                           : 0
        Skipped (treated as error)           : 0
        Edge jitter error (maybe fixed)      : 0
        Atom jitter error (maybe fixed)      : 0
        Drift error (maybe fixed)            : 0
        Dropped bytes error (maybe fixed)    : 0
        Duplicated bytes error (maybe fixed) : 0

Track 01
    Pre-gap length : 00:02:32

    CRC32 hash             : 275B08E0
    CRC32 hash (skip zero) : DBA6A116
    AccurateRip signature  : 2FD7195B
        ->Accurately ripped! (AR2, confidence 6)
          (matched with the different offset correction value;
           calculated using an additional offset of -481;
           the signature after correction is: B74F1F65)
    Statistics
        Read error                           : 0
        Skipped (treated as error)           : 0
        Edge jitter error (maybe fixed)      : 0
        Atom jitter error (maybe fixed)      : 0
        Drift error (maybe fixed)            : 0
        Dropped bytes error (maybe fixed)    : 0
        Duplicated bytes error (maybe fixed) : 0

Track 02

    CRC32 hash             : CCFCFA45
    CRC32 hash (skip zero) : C1A85A08
    AccurateRip signature  : 21CBD1D0
        ->Accurately ripped! (AR2, confidence 5)
          (matched with the different offset correction value;
           calculated using an additional offset of -481;
           the signature after correction is: F1D3302E)
    Statistics
        Read error                           : 0
        Skipped (treated as error)           : 0
        Edge jitter error (maybe fixed)      : 0
        Atom jitter error (maybe fixed)      : 0
        Drift error (maybe fixed)            : 0
        Dropped bytes error (maybe fixed)    : 0
        Duplicated bytes error (maybe fixed) : 0

Track 03
    Pre-gap length : 00:00:18

    CRC32 hash             : 254BA3F0
    CRC32 hash (skip zero) : 4218557A
    AccurateRip signature  : 13D5DE51
        ->Accurately ripped! (AR2, confidence 5)
          (matched with the different offset correction value;
           calculated using an additional offset of -481;
           the signature after correction is: B122CB4C)
    Statistics
        Read error                           : 0
        Skipped (treated as error)           : 0
        Edge jitter error (maybe fixed)      : 0
        Atom jitter error (maybe fixed)      : 0
        Drift error (maybe fixed)            : 0
        Dropped bytes error (maybe fixed)    : 0
        Duplicated bytes error (maybe fixed) : 0

Track 04

    CRC32 hash             : 16389388
    CRC32 hash (skip zero) : C4D333A1
    AccurateRip signature  : 202B335F
        ->Accurately ripped! (AR2, confidence 5)
          (matched with the different offset correction value;
           calculated using an additional offset of -481;
           the signature after correction is: AAF52FA4)
    Statistics
        Read error                           : 0
        Skipped (treated as error)           : 0
        Edge jitter error (maybe fixed)      : 0
        Atom jitter error (maybe fixed)      : 0
        Drift error (maybe fixed)            : 0
        Dropped bytes error (maybe fixed)    : 0
        Duplicated bytes error (maybe fixed) : 0

Track 05
    Pre-gap length : 00:01:00

    CRC32 hash             : DF05528A
    CRC32 hash (skip zero) : 766AE4B8
    AccurateRip signature  : 32F152AF
        ->Accurately ripped! (AR2, confidence 4)
          (matched with the different offset correction value;
           calculated using an additional offset of -481;
           the signature after correction is: 63E62FBE)
    Statistics
        Read error                           : 0
        Skipped (treated as error)           : 0
        Edge jitter error (maybe fixed)      : 0
        Atom jitter error (maybe fixed)      : 0
        Drift error (maybe fixed)            : 0
        Dropped bytes error (maybe fixed)    : 0
        Duplicated bytes error (maybe fixed) : 0

Track 06

    CRC32 hash             : 27E23CD2
    CRC32 hash (skip zero) : C71E7410
    AccurateRip signature  : BA11C716
        ->Accurately ripped! (AR2, confidence 4)
          (matched with the different offset correction value;
           calculated using an additional offset of -481;
           the signature after correction is: 1F17605D)
    Statistics
        Read error                           : 0
        Skipped (treated as error)           : 0
        Edge jitter error (maybe fixed)      : 0
        Atom jitter error (maybe fixed)      : 0
        Drift error (maybe fixed)            : 0
        Dropped bytes error (maybe fixed)    : 0
        Duplicated bytes error (maybe fixed) : 0

Track 07

    CRC32 hash             : 1ECA5640
    CRC32 hash (skip zero) : 7ED2E219
    AccurateRip signature  : 25C76EEF
        ->Accurately ripped! (AR2, confidence 5)
          (matched with the different offset correction value;
           calculated using an additional offset of -481;
           the signature after correction is: 84D0FC2D)
    Statistics
        Read error                           : 0
        Skipped (treated as error)           : 0
        Edge jitter error (maybe fixed)      : 0
        Atom jitter error (maybe fixed)      : 0
        Drift error (maybe fixed)            : 0
        Dropped bytes error (maybe fixed)    : 0
        Duplicated bytes error (maybe fixed) : 0

Track 08
    Pre-gap length : 00:01:55

    CRC32 hash             : 278E8BA1
    CRC32 hash (skip zero) : C023FD79
    AccurateRip signature  : A9F85660
        ->Accurately ripped! (AR2, confidence 5)
          (matched with the different offset correction value;
           calculated using an additional offset of -481;
           the signature after correction is: 191FAC3D)
    Statistics
        Read error                           : 0
        Skipped (treated as error)           : 0
        Edge jitter error (maybe fixed)      : 0
        Atom jitter error (maybe fixed)      : 0
        Drift error (maybe fixed)            : 0
        Dropped bytes error (maybe fixed)    : 0
        Duplicated bytes error (maybe fixed) : 0

Track 09
    Pre-gap length : 00:00:05

    CRC32 hash             : C664CDF4
    CRC32 hash (skip zero) : EE0A7338
    AccurateRip signature  : 5243B907
        ->Accurately ripped! (AR2, confidence 5)
          (matched with the different offset correction value;
           calculated using an additional offset of -481;
           the signature after correction is: 09812E19)
    Statistics
        Read error                           : 0
        Skipped (treated as error)           : 0
        Edge jitter error (maybe fixed)      : 0
        Atom jitter error (maybe fixed)      : 0
        Drift error (maybe fixed)            : 0
        Dropped bytes error (maybe fixed)    : 0
        Duplicated bytes error (maybe fixed) : 0

Track 10
    Pre-gap length : 00:01:63

    CRC32 hash             : 13EDA43A
    CRC32 hash (skip zero) : 5E01E035
    AccurateRip signature  : C3552AB7
        ->Accurately ripped! (AR2, confidence 5)
          (matched with the different offset correction value;
           calculated using an additional offset of -481;
           the signature after correction is: EE316CAA)
    Statistics
        Read error                           : 0
        Skipped (treated as error)           : 0
        Edge jitter error (maybe fixed)      : 0
        Atom jitter error (maybe fixed)      : 0
        Drift error (maybe fixed)            : 0
        Dropped bytes error (maybe fixed)    : 0
        Duplicated bytes error (maybe fixed) : 0

Track 11
    Pre-gap length : 00:00:33

    CRC32 hash             : 0C07AEEA
    CRC32 hash (skip zero) : 9A29F37F
    AccurateRip signature  : 620134E9
        ->Accurately ripped! (AR2, confidence 6)
          (matched with the different offset correction value;
           calculated using an additional offset of -481;
           the signature after correction is: FBCDEBAA)
    Statistics
        Read error                           : 0
        Skipped (treated as error)           : 0
        Edge jitter error (maybe fixed)      : 0
        Atom jitter error (maybe fixed)      : 0
        Drift error (maybe fixed)            : 0
        Dropped bytes error (maybe fixed)    : 0
        Duplicated bytes error (maybe fixed) : 0

Track 12
    Pre-gap length : 00:02:08

    CRC32 hash             : D95AFDFD
    CRC32 hash (skip zero) : 96372216
    AccurateRip signature  : 154E06B3
        ->Accurately ripped! (AR2, confidence 5)
          (matched with the different offset correction value;
           calculated using an additional offset of -481;
           the signature after correction is: B836F9D3)
    Statistics
        Read error                           : 0
        Skipped (treated as error)           : 0
        Edge jitter error (maybe fixed)      : 0
        Atom jitter error (maybe fixed)      : 0
        Drift error (maybe fixed)            : 0
        Dropped bytes error (maybe fixed)    : 0
        Duplicated bytes error (maybe fixed) : 0

Track 13
    Pre-gap length : 00:00:20

    CRC32 hash             : 70829DA5
    CRC32 hash (skip zero) : 4A3E200A
    AccurateRip signature  : 2546C83C
        ->Accurately ripped! (AR2, confidence 4)
          (matched with the different offset correction value;
           calculated using an additional offset of -481;
           the signature after correction is: 1574B0CC)
    Statistics
        Read error                           : 0
        Skipped (treated as error)           : 0
        Edge jitter error (maybe fixed)      : 0
        Atom jitter error (maybe fixed)      : 0
        Drift error (maybe fixed)            : 0
        Dropped bytes error (maybe fixed)    : 0
        Duplicated bytes error (maybe fixed) : 0

Track 14

    CRC32 hash             : FC201357
    CRC32 hash (skip zero) : 513E73C6
    AccurateRip signature  : 1F3440E4
        ->Accurately ripped! (AR2, confidence 5)
          (matched with the different offset correction value;
           calculated using an additional offset of -481;
           the signature after correction is: 1665B3E1)
    Statistics
        Read error                           : 0
        Skipped (treated as error)           : 0
        Edge jitter error (maybe fixed)      : 0
        Atom jitter error (maybe fixed)      : 0
        Drift error (maybe fixed)            : 0
        Dropped bytes error (maybe fixed)    : 0
        Duplicated bytes error (maybe fixed) : 0

Track 15
    Pre-gap length : 00:01:48

    CRC32 hash             : 80455B13
    CRC32 hash (skip zero) : 96DFDB33
    AccurateRip signature  : 71EA5341
        ->Accurately ripped! (AR2, confidence 5)
          (matched with the different offset correction value;
           calculated using an additional offset of -481;
           the signature after correction is: FB3B7A11)
    Statistics
        Read error                           : 0
        Skipped (treated as error)           : 0
        Edge jitter error (maybe fixed)      : 0
        Atom jitter error (maybe fixed)      : 0
        Drift error (maybe fixed)            : 0
        Dropped bytes error (maybe fixed)    : 0
        Duplicated bytes error (maybe fixed) : 0

Track 16

    CRC32 hash             : 13487198
    CRC32 hash (skip zero) : EC8B4096
    AccurateRip signature  : F7F565D7
        ->Accurately ripped! (AR2, confidence 5)
          (matched with the different offset correction value;
           calculated using an additional offset of -481;
           the signature after correction is: 469C8542)
    Statistics
        Read error                           : 0
        Skipped (treated as error)           : 0
        Edge jitter error (maybe fixed)      : 0
        Atom jitter error (maybe fixed)      : 0
        Drift error (maybe fixed)            : 0
        Dropped bytes error (maybe fixed)    : 0
        Duplicated bytes error (maybe fixed) : 0

No errors occurred

End of status report
