X Lossless Decoder version 20110417 (131.0)

XLD extraction logfile from 2011-05-03 06:22:03 +0900

Queen / A Night at the Opera

Used drive : MATSHITA DVD-R   UJ-868 (revision KB19)

Ripper mode             : CDParanoia III 10.2
Disable audio cache     : OK for the drive with a cache less than 2750KiB
Make use of C2 pointers : NO
Read offset correction  : 102
Max retry count         : 100
Gap status              : Analyzed, Appended

TOC of the extracted CD
     Track |   Start  |  Length  | Start sector | End sector 
    ---------------------------------------------------------
        1  | 00:00:32 | 03:43:45 |        32    |    16801   
        2  | 03:44:02 | 01:07:18 |     16802    |    21844   
        3  | 04:51:20 | 03:05:20 |     21845    |    35739   
        4  | 07:56:40 | 02:52:30 |     35740    |    48669   
        5  | 10:48:70 | 03:30:65 |     48670    |    64484   
        6  | 14:19:60 | 04:04:12 |     64485    |    82796   
        7  | 18:23:72 | 02:15:30 |     82797    |    92951   
        8  | 20:39:27 | 08:21:48 |     92952    |   130574   
        9  | 29:01:00 | 03:38:72 |    130575    |   146996   
       10  | 32:39:72 | 03:23:60 |    146997    |   162281   
       11  | 36:03:57 | 05:54:63 |    162282    |   188894   
       12  | 41:58:45 | 01:18:02 |    188895    |   194746   
       13  | 43:16:47 | 03:28:25 |    194747    |   210371   
       14  | 46:44:72 | 02:52:20 |    210372    |   223291   

List of alternate offset correction values
        #  | Absolute | Relative | Confidence 
    ------------------------------------------
        1  |    190   |     88   |     54     
        2  |   1908   |   1806   |     53     
        3  |   1955   |   1853   |     34     
        4  |   -474   |   -576   |      9     

AccurateRip Summary
    Track 01 : OK (AR2, confidence 2)
    Track 02 : OK (AR2, confidence 2)
    Track 03 : OK (AR2, confidence 2)
    Track 04 : OK (AR2, confidence 2)
    Track 05 : OK (AR2, confidence 2)
    Track 06 : OK (AR2, confidence 2)
    Track 07 : OK (AR2, confidence 2)
    Track 08 : OK (AR2, confidence 2)
    Track 09 : OK (AR2, confidence 2)
    Track 10 : OK (AR2, confidence 2)
    Track 11 : OK (AR2, confidence 2)
    Track 12 : NG
    Track 13 : OK (AR2, confidence 2)
    Track 14 : OK (AR2, confidence 2)
        ->13 track(s) accurately ripped, 1 track(s) not, 0 track(s) not found

All Tracks
    Filename : /Users/m4c/Public/flac/A Night at the Opera.flac
    CRC32 hash             : 80BA2793
    CRC32 hash (skip zero) : 60E9DD7B
    Statistics
        Read error                           : 0
        Skipped (treated as error)           : 0
        Edge jitter error (maybe fixed)      : 2
        Atom jitter error (maybe fixed)      : 1
        Drift error (maybe fixed)            : 0
        Dropped bytes error (maybe fixed)    : 0
        Duplicated bytes error (maybe fixed) : 1

Track 01
    Pre-gap length : 00:02:32

    CRC32 hash             : 579E9086
    CRC32 hash (skip zero) : 25728885
    AccurateRip signature  : A7C74832
        ->Accurately ripped! (AR2, confidence 2)
    Statistics
        Read error                           : 0
        Skipped (treated as error)           : 0
        Edge jitter error (maybe fixed)      : 0
        Atom jitter error (maybe fixed)      : 0
        Drift error (maybe fixed)            : 0
        Dropped bytes error (maybe fixed)    : 0
        Duplicated bytes error (maybe fixed) : 0

Track 02

    CRC32 hash             : FB5D9686
    CRC32 hash (skip zero) : 29C6A0C6
    AccurateRip signature  : 1029B47B
        ->Accurately ripped! (AR2, confidence 2)
    Statistics
        Read error                           : 0
        Skipped (treated as error)           : 0
        Edge jitter error (maybe fixed)      : 0
        Atom jitter error (maybe fixed)      : 0
        Drift error (maybe fixed)            : 0
        Dropped bytes error (maybe fixed)    : 0
        Duplicated bytes error (maybe fixed) : 0

Track 03

    CRC32 hash             : B0D2108B
    CRC32 hash (skip zero) : 715ABC6A
    AccurateRip signature  : 315566E7
        ->Accurately ripped! (AR2, confidence 2)
    Statistics
        Read error                           : 0
        Skipped (treated as error)           : 0
        Edge jitter error (maybe fixed)      : 0
        Atom jitter error (maybe fixed)      : 0
        Drift error (maybe fixed)            : 0
        Dropped bytes error (maybe fixed)    : 0
        Duplicated bytes error (maybe fixed) : 0

Track 04

    CRC32 hash             : 372A09CB
    CRC32 hash (skip zero) : D4C6AEF7
    AccurateRip signature  : C337C11F
        ->Accurately ripped! (AR2, confidence 2)
    Statistics
        Read error                           : 0
        Skipped (treated as error)           : 0
        Edge jitter error (maybe fixed)      : 0
        Atom jitter error (maybe fixed)      : 0
        Drift error (maybe fixed)            : 0
        Dropped bytes error (maybe fixed)    : 0
        Duplicated bytes error (maybe fixed) : 0

Track 05
    Pre-gap length : 00:01:40

    CRC32 hash             : 7A92C445
    CRC32 hash (skip zero) : 981A6494
    AccurateRip signature  : B8EA4A3A
        ->Accurately ripped! (AR2, confidence 2)
    Statistics
        Read error                           : 0
        Skipped (treated as error)           : 0
        Edge jitter error (maybe fixed)      : 0
        Atom jitter error (maybe fixed)      : 0
        Drift error (maybe fixed)            : 0
        Dropped bytes error (maybe fixed)    : 0
        Duplicated bytes error (maybe fixed) : 0

Track 06

    CRC32 hash             : 9943BCC9
    CRC32 hash (skip zero) : E9790CC6
    AccurateRip signature  : A0B51D1F
        ->Accurately ripped! (AR2, confidence 2)
    Statistics
        Read error                           : 0
        Skipped (treated as error)           : 0
        Edge jitter error (maybe fixed)      : 0
        Atom jitter error (maybe fixed)      : 0
        Drift error (maybe fixed)            : 0
        Dropped bytes error (maybe fixed)    : 0
        Duplicated bytes error (maybe fixed) : 0

Track 07
    Pre-gap length : 00:01:32

    CRC32 hash             : BBE5D0E1
    CRC32 hash (skip zero) : 230079DB
    AccurateRip signature  : AE5D69B5
        ->Accurately ripped! (AR2, confidence 2)
    Statistics
        Read error                           : 0
        Skipped (treated as error)           : 0
        Edge jitter error (maybe fixed)      : 0
        Atom jitter error (maybe fixed)      : 0
        Drift error (maybe fixed)            : 0
        Dropped bytes error (maybe fixed)    : 0
        Duplicated bytes error (maybe fixed) : 0

Track 08
    Pre-gap length : 00:01:07

    CRC32 hash             : 0B5A18BD
    CRC32 hash (skip zero) : 92B38072
    AccurateRip signature  : 3284FD8C
        ->Accurately ripped! (AR2, confidence 2)
    Statistics
        Read error                           : 0
        Skipped (treated as error)           : 0
        Edge jitter error (maybe fixed)      : 0
        Atom jitter error (maybe fixed)      : 0
        Drift error (maybe fixed)            : 0
        Dropped bytes error (maybe fixed)    : 0
        Duplicated bytes error (maybe fixed) : 0

Track 09

    CRC32 hash             : DA8E1DD6
    CRC32 hash (skip zero) : 34E753DC
    AccurateRip signature  : BAB2B49C
        ->Accurately ripped! (AR2, confidence 2)
    Statistics
        Read error                           : 0
        Skipped (treated as error)           : 0
        Edge jitter error (maybe fixed)      : 0
        Atom jitter error (maybe fixed)      : 0
        Drift error (maybe fixed)            : 0
        Dropped bytes error (maybe fixed)    : 0
        Duplicated bytes error (maybe fixed) : 0

Track 10
    Pre-gap length : 00:02:00

    CRC32 hash             : 3E1835E2
    CRC32 hash (skip zero) : 35F72735
    AccurateRip signature  : 191EB1F8
        ->Accurately ripped! (AR2, confidence 2)
    Statistics
        Read error                           : 0
        Skipped (treated as error)           : 0
        Edge jitter error (maybe fixed)      : 0
        Atom jitter error (maybe fixed)      : 0
        Drift error (maybe fixed)            : 0
        Dropped bytes error (maybe fixed)    : 0
        Duplicated bytes error (maybe fixed) : 0

Track 11

    CRC32 hash             : CF15657B
    CRC32 hash (skip zero) : 19CD1D8F
    AccurateRip signature  : D7066C62
        ->Accurately ripped! (AR2, confidence 2)
    Statistics
        Read error                           : 0
        Skipped (treated as error)           : 0
        Edge jitter error (maybe fixed)      : 0
        Atom jitter error (maybe fixed)      : 0
        Drift error (maybe fixed)            : 0
        Dropped bytes error (maybe fixed)    : 0
        Duplicated bytes error (maybe fixed) : 0

Track 12

    CRC32 hash             : AE2ADA6A
    CRC32 hash (skip zero) : D00AC67D
    AccurateRip signature  : 2F60CACD
        ->Rip may not be accurate.
    Statistics
        Read error                           : 0
        Skipped (treated as error)           : 0
        Edge jitter error (maybe fixed)      : 2
        Atom jitter error (maybe fixed)      : 1
        Drift error (maybe fixed)            : 0
        Dropped bytes error (maybe fixed)    : 0
        Duplicated bytes error (maybe fixed) : 1

Track 13
    Pre-gap length : 00:04:47

    CRC32 hash             : 620613AD
    CRC32 hash (skip zero) : 529ABC4F
    AccurateRip signature  : DEBD25E8
        ->Accurately ripped! (AR2, confidence 2)
    Statistics
        Read error                           : 0
        Skipped (treated as error)           : 0
        Edge jitter error (maybe fixed)      : 0
        Atom jitter error (maybe fixed)      : 0
        Drift error (maybe fixed)            : 0
        Dropped bytes error (maybe fixed)    : 0
        Duplicated bytes error (maybe fixed) : 0

Track 14
    Pre-gap length : 00:00:30

    CRC32 hash             : F0B3B576
    CRC32 hash (skip zero) : 4449FFAA
    AccurateRip signature  : 36E78306
        ->Accurately ripped! (AR2, confidence 2)
    Statistics
        Read error                           : 0
        Skipped (treated as error)           : 0
        Edge jitter error (maybe fixed)      : 0
        Atom jitter error (maybe fixed)      : 0
        Drift error (maybe fixed)            : 0
        Dropped bytes error (maybe fixed)    : 0
        Duplicated bytes error (maybe fixed) : 0

No errors occurred

End of status report
