X Lossless Decoder version 20110417 (131.0)

XLD extraction logfile from 2011-05-02 05:57:02 +0900

Kraftwerk / The Mix

Used drive : HL-DT-ST BD-RE  BH10NS30 (revision EL00)

Ripper mode             : CDParanoia III 10.2
Disable audio cache     : OK for the drive with a cache less than 2750KiB
Make use of C2 pointers : NO
Read offset correction  : 667
Max retry count         : 100
Gap status              : Analyzed, Appended

TOC of the extracted CD
     Track |   Start  |  Length  | Start sector | End sector 
    ---------------------------------------------------------
        1  | 00:00:32 | 08:57:48 |        32    |    40354   
        2  | 08:58:05 | 06:37:07 |     40355    |    70136   
        3  | 15:35:12 | 04:32:33 |     70137    |    90569   
        4  | 20:07:45 | 03:26:42 |     90570    |   106061   
        5  | 23:34:12 | 09:28:10 |    106062    |   148671   
        6  | 33:02:22 | 06:53:28 |    148672    |   179674   
        7  | 39:55:50 | 03:20:25 |    179675    |   194699   
        8  | 43:16:00 | 02:18:07 |    194700    |   205056   
        9  | 45:34:07 | 04:58:68 |    205057    |   227474   
       10  | 50:33:00 | 08:02:47 |    227475    |   263671   
       11  | 58:35:47 | 06:38:20 |    263672    |   293541   

List of alternate offset correction values
        #  | Absolute | Relative | Confidence 
    ------------------------------------------
        1  |   1107   |    440   |     10     

AccurateRip Summary
    Track 01 : OK (confidence 2)
    Track 02 : OK (confidence 2)
    Track 03 : OK (confidence 2)
    Track 04 : OK (confidence 2)
    Track 05 : OK (confidence 2)
    Track 06 : OK (confidence 2)
    Track 07 : OK (confidence 2)
    Track 08 : OK (confidence 2)
    Track 09 : OK (confidence 2)
    Track 10 : OK (confidence 2)
    Track 11 : OK (confidence 2)
        ->All tracks accurately ripped.

All Tracks
    Filename : /Users/angelicalbite/Music/flac/The Mix.flac
    CRC32 hash             : FD5FC6D9
    CRC32 hash (skip zero) : EBE48988
    Statistics
        Read error                           : 0
        Skipped (treated as error)           : 0
        Edge jitter error (maybe fixed)      : 0
        Atom jitter error (maybe fixed)      : 0
        Drift error (maybe fixed)            : 0
        Dropped bytes error (maybe fixed)    : 0
        Duplicated bytes error (maybe fixed) : 0

Track 01
    Pre-gap length : 00:02:32

    CRC32 hash             : 66693755
    CRC32 hash (skip zero) : 1DD7CF50
    AccurateRip signature  : C33DE908
        ->Accurately ripped! (confidence 2)
    Statistics
        Read error                           : 0
        Skipped (treated as error)           : 0
        Edge jitter error (maybe fixed)      : 0
        Atom jitter error (maybe fixed)      : 0
        Drift error (maybe fixed)            : 0
        Dropped bytes error (maybe fixed)    : 0
        Duplicated bytes error (maybe fixed) : 0

Track 02
    Pre-gap length : 00:01:05

    CRC32 hash             : 0E8200AA
    CRC32 hash (skip zero) : BE4A053A
    AccurateRip signature  : 5491B01B
        ->Accurately ripped! (confidence 2)
    Statistics
        Read error                           : 0
        Skipped (treated as error)           : 0
        Edge jitter error (maybe fixed)      : 0
        Atom jitter error (maybe fixed)      : 0
        Drift error (maybe fixed)            : 0
        Dropped bytes error (maybe fixed)    : 0
        Duplicated bytes error (maybe fixed) : 0

Track 03
    Pre-gap length : 00:01:47

    CRC32 hash             : 24A8C5F3
    CRC32 hash (skip zero) : BD2883EB
    AccurateRip signature  : 0FB26740
        ->Accurately ripped! (confidence 2)
    Statistics
        Read error                           : 0
        Skipped (treated as error)           : 0
        Edge jitter error (maybe fixed)      : 0
        Atom jitter error (maybe fixed)      : 0
        Drift error (maybe fixed)            : 0
        Dropped bytes error (maybe fixed)    : 0
        Duplicated bytes error (maybe fixed) : 0

Track 04
    Pre-gap length : 00:00:03

    CRC32 hash             : BEF780B5
    CRC32 hash (skip zero) : 4AB09602
    AccurateRip signature  : 83D4BF60
        ->Accurately ripped! (confidence 2)
    Statistics
        Read error                           : 0
        Skipped (treated as error)           : 0
        Edge jitter error (maybe fixed)      : 0
        Atom jitter error (maybe fixed)      : 0
        Drift error (maybe fixed)            : 0
        Dropped bytes error (maybe fixed)    : 0
        Duplicated bytes error (maybe fixed) : 0

Track 05
    Pre-gap length : 00:00:17

    CRC32 hash             : 08814BFC
    CRC32 hash (skip zero) : AE12FCDF
    AccurateRip signature  : 642B57D8
        ->Accurately ripped! (confidence 2)
    Statistics
        Read error                           : 0
        Skipped (treated as error)           : 0
        Edge jitter error (maybe fixed)      : 0
        Atom jitter error (maybe fixed)      : 0
        Drift error (maybe fixed)            : 0
        Dropped bytes error (maybe fixed)    : 0
        Duplicated bytes error (maybe fixed) : 0

Track 06
    Pre-gap length : 00:01:35

    CRC32 hash             : 73C2EE84
    CRC32 hash (skip zero) : FC946D93
    AccurateRip signature  : 0DBAD769
        ->Accurately ripped! (confidence 2)
    Statistics
        Read error                           : 0
        Skipped (treated as error)           : 0
        Edge jitter error (maybe fixed)      : 0
        Atom jitter error (maybe fixed)      : 0
        Drift error (maybe fixed)            : 0
        Dropped bytes error (maybe fixed)    : 0
        Duplicated bytes error (maybe fixed) : 0

Track 07
    Pre-gap length : 00:01:13

    CRC32 hash             : 148F503D
    CRC32 hash (skip zero) : F5EF5FE2
    AccurateRip signature  : DA160910
        ->Accurately ripped! (confidence 2)
    Statistics
        Read error                           : 0
        Skipped (treated as error)           : 0
        Edge jitter error (maybe fixed)      : 0
        Atom jitter error (maybe fixed)      : 0
        Drift error (maybe fixed)            : 0
        Dropped bytes error (maybe fixed)    : 0
        Duplicated bytes error (maybe fixed) : 0

Track 08
    Pre-gap length : 00:00:03

    CRC32 hash             : EABF5411
    CRC32 hash (skip zero) : 20413762
    AccurateRip signature  : 9B0BC3F6
        ->Accurately ripped! (confidence 2)
    Statistics
        Read error                           : 0
        Skipped (treated as error)           : 0
        Edge jitter error (maybe fixed)      : 0
        Atom jitter error (maybe fixed)      : 0
        Drift error (maybe fixed)            : 0
        Dropped bytes error (maybe fixed)    : 0
        Duplicated bytes error (maybe fixed) : 0

Track 09
    Pre-gap length : 00:00:02

    CRC32 hash             : C3A5A1C4
    CRC32 hash (skip zero) : 95B3A464
    AccurateRip signature  : A48C8996
        ->Accurately ripped! (confidence 2)
    Statistics
        Read error                           : 0
        Skipped (treated as error)           : 0
        Edge jitter error (maybe fixed)      : 0
        Atom jitter error (maybe fixed)      : 0
        Drift error (maybe fixed)            : 0
        Dropped bytes error (maybe fixed)    : 0
        Duplicated bytes error (maybe fixed) : 0

Track 10
    Pre-gap length : 00:00:35

    CRC32 hash             : 9BEB512E
    CRC32 hash (skip zero) : 5DB3D812
    AccurateRip signature  : FB7CDA7B
        ->Accurately ripped! (confidence 2)
    Statistics
        Read error                           : 0
        Skipped (treated as error)           : 0
        Edge jitter error (maybe fixed)      : 0
        Atom jitter error (maybe fixed)      : 0
        Drift error (maybe fixed)            : 0
        Dropped bytes error (maybe fixed)    : 0
        Duplicated bytes error (maybe fixed) : 0

Track 11
    Pre-gap length : 00:00:20

    CRC32 hash             : 5BE6B351
    CRC32 hash (skip zero) : 09071FFC
    AccurateRip signature  : 8309EAED
        ->Accurately ripped! (confidence 2)
    Statistics
        Read error                           : 0
        Skipped (treated as error)           : 0
        Edge jitter error (maybe fixed)      : 0
        Atom jitter error (maybe fixed)      : 0
        Drift error (maybe fixed)            : 0
        Dropped bytes error (maybe fixed)    : 0
        Duplicated bytes error (maybe fixed) : 0

No errors occurred

End of status report
