X Lossless Decoder version 20110417 (131.0)

XLD extraction logfile from 2011-05-02 06:56:37 +0900

Kraftwerk / Virtu ex Machina

Used drive : MATSHITA DVD-R   UJ-868 (revision KB19)

Ripper mode             : CDParanoia III 10.2
Disable audio cache     : OK for the drive with a cache less than 2750KiB
Make use of C2 pointers : NO
Read offset correction  : 102
Max retry count         : 100
Gap status              : Analyzed, Appended

TOC of the extracted CD
     Track |   Start  |  Length  | Start sector | End sector 
    ---------------------------------------------------------
        1  | 00:00:00 | 01:59:22 |         0    |     8946   
        2  | 01:59:22 | 01:10:30 |      8947    |    14226   
        3  | 03:09:52 | 05:10:48 |     14227    |    37524   
        4  | 08:20:25 | 05:36:02 |     37525    |    62726   
        5  | 13:56:27 | 04:48:68 |     62727    |    84394   
        6  | 18:45:20 | 08:14:67 |     84395    |   121511   
        7  | 27:00:12 | 17:35:05 |    121512    |   200641   
        8  | 44:35:17 | 05:35:00 |    200642    |   225766   
        9  | 50:10:17 | 09:17:65 |    225767    |   267606   
       10  | 59:28:07 | 07:04:68 |    267607    |   299474   
       11  | 66:33:00 | 08:02:02 |    299475    |   335626   

List of alternate offset correction values
        #  | Absolute | Relative | Confidence 
    ------------------------------------------
        1  |   -400   |   -502   |      2     

AccurateRip Summary
    Track 01 : OK (confidence 2, with different offset)
    Track 02 : OK (confidence 2, with different offset)
    Track 03 : OK (confidence 2, with different offset)
    Track 04 : OK (confidence 2, with different offset)
    Track 05 : OK (confidence 2, with different offset)
    Track 06 : OK (confidence 2, with different offset)
    Track 07 : OK (confidence 2, with different offset)
    Track 08 : OK (confidence 2, with different offset)
    Track 09 : OK (confidence 2, with different offset)
    Track 10 : OK (confidence 2, with different offset)
    Track 11 : OK (confidence 2, with different offset)
        ->All tracks accurately ripped.

All Tracks
    Filename : /Users/m4c/Public/flac/Virtu ex Machina.flac
    CRC32 hash             : DE94E207
    CRC32 hash (skip zero) : 8FECB8CB
    Statistics
        Read error                           : 0
        Skipped (treated as error)           : 0
        Edge jitter error (maybe fixed)      : 0
        Atom jitter error (maybe fixed)      : 0
        Drift error (maybe fixed)            : 0
        Dropped bytes error (maybe fixed)    : 0
        Duplicated bytes error (maybe fixed) : 0

Track 01
    Pre-gap length : 00:02:00

    CRC32 hash             : CB3AADC4
    CRC32 hash (skip zero) : 83257557
    AccurateRip signature  : 04AC5A2C
        ->Accurately ripped! (confidence 2)
          (matched with the different offset correction value;
           calculated using an additional offset of -502;
           the signature after correction is: B456D9D1)
    Statistics
        Read error                           : 0
        Skipped (treated as error)           : 0
        Edge jitter error (maybe fixed)      : 0
        Atom jitter error (maybe fixed)      : 0
        Drift error (maybe fixed)            : 0
        Dropped bytes error (maybe fixed)    : 0
        Duplicated bytes error (maybe fixed) : 0

Track 02

    CRC32 hash             : 955D4559
    CRC32 hash (skip zero) : 176268A4
    AccurateRip signature  : 222FA31E
        ->Accurately ripped! (confidence 2)
          (matched with the different offset correction value;
           calculated using an additional offset of -502;
           the signature after correction is: 0072610E)
    Statistics
        Read error                           : 0
        Skipped (treated as error)           : 0
        Edge jitter error (maybe fixed)      : 0
        Atom jitter error (maybe fixed)      : 0
        Drift error (maybe fixed)            : 0
        Dropped bytes error (maybe fixed)    : 0
        Duplicated bytes error (maybe fixed) : 0

Track 03

    CRC32 hash             : CBF4B9BE
    CRC32 hash (skip zero) : BB6922A7
    AccurateRip signature  : 0ECB09D5
        ->Accurately ripped! (confidence 2)
          (matched with the different offset correction value;
           calculated using an additional offset of -502;
           the signature after correction is: A65B11E0)
    Statistics
        Read error                           : 0
        Skipped (treated as error)           : 0
        Edge jitter error (maybe fixed)      : 0
        Atom jitter error (maybe fixed)      : 0
        Drift error (maybe fixed)            : 0
        Dropped bytes error (maybe fixed)    : 0
        Duplicated bytes error (maybe fixed) : 0

Track 04

    CRC32 hash             : 81CFBACB
    CRC32 hash (skip zero) : 509CBED2
    AccurateRip signature  : 1916AB50
        ->Accurately ripped! (confidence 2)
          (matched with the different offset correction value;
           calculated using an additional offset of -502;
           the signature after correction is: EEF23938)
    Statistics
        Read error                           : 0
        Skipped (treated as error)           : 0
        Edge jitter error (maybe fixed)      : 0
        Atom jitter error (maybe fixed)      : 0
        Drift error (maybe fixed)            : 0
        Dropped bytes error (maybe fixed)    : 0
        Duplicated bytes error (maybe fixed) : 0

Track 05

    CRC32 hash             : 7C5C919A
    CRC32 hash (skip zero) : B3095C54
    AccurateRip signature  : 41A1CF76
        ->Accurately ripped! (confidence 2)
          (matched with the different offset correction value;
           calculated using an additional offset of -502;
           the signature after correction is: E679D191)
    Statistics
        Read error                           : 0
        Skipped (treated as error)           : 0
        Edge jitter error (maybe fixed)      : 0
        Atom jitter error (maybe fixed)      : 0
        Drift error (maybe fixed)            : 0
        Dropped bytes error (maybe fixed)    : 0
        Duplicated bytes error (maybe fixed) : 0

Track 06

    CRC32 hash             : 0D577E35
    CRC32 hash (skip zero) : 3A400A14
    AccurateRip signature  : 24EC1ED0
        ->Accurately ripped! (confidence 2)
          (matched with the different offset correction value;
           calculated using an additional offset of -502;
           the signature after correction is: 274DA356)
    Statistics
        Read error                           : 0
        Skipped (treated as error)           : 0
        Edge jitter error (maybe fixed)      : 0
        Atom jitter error (maybe fixed)      : 0
        Drift error (maybe fixed)            : 0
        Dropped bytes error (maybe fixed)    : 0
        Duplicated bytes error (maybe fixed) : 0

Track 07

    CRC32 hash             : 90CAB266
    CRC32 hash (skip zero) : 8AD6A0FC
    AccurateRip signature  : E2990BD6
        ->Accurately ripped! (confidence 2)
          (matched with the different offset correction value;
           calculated using an additional offset of -502;
           the signature after correction is: AA8B18DF)
    Statistics
        Read error                           : 0
        Skipped (treated as error)           : 0
        Edge jitter error (maybe fixed)      : 0
        Atom jitter error (maybe fixed)      : 0
        Drift error (maybe fixed)            : 0
        Dropped bytes error (maybe fixed)    : 0
        Duplicated bytes error (maybe fixed) : 0

Track 08

    CRC32 hash             : 746FCAFB
    CRC32 hash (skip zero) : D2CDA2B7
    AccurateRip signature  : 71BF0C77
        ->Accurately ripped! (confidence 2)
          (matched with the different offset correction value;
           calculated using an additional offset of -502;
           the signature after correction is: 95B32440)
    Statistics
        Read error                           : 0
        Skipped (treated as error)           : 0
        Edge jitter error (maybe fixed)      : 0
        Atom jitter error (maybe fixed)      : 0
        Drift error (maybe fixed)            : 0
        Dropped bytes error (maybe fixed)    : 0
        Duplicated bytes error (maybe fixed) : 0

Track 09

    CRC32 hash             : 71B1D440
    CRC32 hash (skip zero) : FEEC0C96
    AccurateRip signature  : B2260D99
        ->Accurately ripped! (confidence 2)
          (matched with the different offset correction value;
           calculated using an additional offset of -502;
           the signature after correction is: A992372A)
    Statistics
        Read error                           : 0
        Skipped (treated as error)           : 0
        Edge jitter error (maybe fixed)      : 0
        Atom jitter error (maybe fixed)      : 0
        Drift error (maybe fixed)            : 0
        Dropped bytes error (maybe fixed)    : 0
        Duplicated bytes error (maybe fixed) : 0

Track 10

    CRC32 hash             : D3CAD15F
    CRC32 hash (skip zero) : 0410734B
    AccurateRip signature  : 2A7C6398
        ->Accurately ripped! (confidence 2)
          (matched with the different offset correction value;
           calculated using an additional offset of -502;
           the signature after correction is: E6F214E3)
    Statistics
        Read error                           : 0
        Skipped (treated as error)           : 0
        Edge jitter error (maybe fixed)      : 0
        Atom jitter error (maybe fixed)      : 0
        Drift error (maybe fixed)            : 0
        Dropped bytes error (maybe fixed)    : 0
        Duplicated bytes error (maybe fixed) : 0

Track 11

    CRC32 hash             : FA648A78
    CRC32 hash (skip zero) : 48BC1A39
    AccurateRip signature  : 061DA5D7
        ->Accurately ripped! (confidence 2)
          (matched with the different offset correction value;
           calculated using an additional offset of -502;
           the signature after correction is: 9FCA08A3)
    Statistics
        Read error                           : 0
        Skipped (treated as error)           : 0
        Edge jitter error (maybe fixed)      : 0
        Atom jitter error (maybe fixed)      : 0
        Drift error (maybe fixed)            : 0
        Dropped bytes error (maybe fixed)    : 0
        Duplicated bytes error (maybe fixed) : 0

No errors occurred

End of status report
