X Lossless Decoder version 20110417 (131.0)

XLD extraction logfile from 2011-04-18 04:43:14 +0900

COMPLEX / COMPLEX

Used drive : HL-DT-ST BD-RE  BH10NS30 (revision EL00)

Ripper mode             : CDParanoia III 10.2
Disable audio cache     : OK for the drive with a cache less than 2750KiB
Make use of C2 pointers : NO
Read offset correction  : 667
Max retry count         : 100
Gap status              : Analyzed, Appended

TOC of the extracted CD
     Track |   Start  |  Length  | Start sector | End sector 
    ---------------------------------------------------------
        1  | 00:00:00 | 04:00:45 |         0    |    18044   
        2  | 04:00:45 | 04:33:17 |     18045    |    38536   
        3  | 08:33:62 | 03:45:18 |     38537    |    55429   
        4  | 12:19:05 | 04:39:42 |     55430    |    76396   
        5  | 16:58:47 | 04:01:20 |     76397    |    94491   
        6  | 20:59:67 | 03:23:40 |     94492    |   109756   
        7  | 24:23:32 | 04:20:18 |    109757    |   129274   
        8  | 28:43:50 | 04:07:40 |    129275    |   147839   
        9  | 32:51:15 | 04:13:47 |    147840    |   166861   
       10  | 37:04:62 | 03:20:65 |    166862    |   181926   
       11  | 40:25:52 | 04:48:05 |    181927    |   203531   
       12  | 45:13:57 | 05:45:38 |    203532    |   229444   

AccurateRip Summary
    Disc not found in AccurateRip DB.

All Tracks
    Filename : /Users/angelicalbite/Music/flac/COMPLEX.flac
    CRC32 hash             : A1E9DD29
    CRC32 hash (skip zero) : 59F84A7F
    Statistics
        Read error                           : 0
        Skipped (treated as error)           : 0
        Edge jitter error (maybe fixed)      : 0
        Atom jitter error (maybe fixed)      : 6
        Drift error (maybe fixed)            : 0
        Dropped bytes error (maybe fixed)    : 0
        Duplicated bytes error (maybe fixed) : 0

Track 01
    Pre-gap length : 00:02:00

    CRC32 hash             : 3B27FD3F
    CRC32 hash (skip zero) : 62C844D5
    AccurateRip signature  : 43B8E45E
        ->Track not present in AccurateRip database.
    Statistics
        Read error                           : 0
        Skipped (treated as error)           : 0
        Edge jitter error (maybe fixed)      : 0
        Atom jitter error (maybe fixed)      : 0
        Drift error (maybe fixed)            : 0
        Dropped bytes error (maybe fixed)    : 0
        Duplicated bytes error (maybe fixed) : 0

Track 02

    CRC32 hash             : CE68B7F1
    CRC32 hash (skip zero) : D03EAC20
    AccurateRip signature  : 3D13265E
        ->Track not present in AccurateRip database.
    Statistics
        Read error                           : 0
        Skipped (treated as error)           : 0
        Edge jitter error (maybe fixed)      : 0
        Atom jitter error (maybe fixed)      : 0
        Drift error (maybe fixed)            : 0
        Dropped bytes error (maybe fixed)    : 0
        Duplicated bytes error (maybe fixed) : 0

Track 03
    Pre-gap length : 00:01:10

    CRC32 hash             : B7A4B9E1
    CRC32 hash (skip zero) : 125EBA58
    AccurateRip signature  : 9BB7B149
        ->Track not present in AccurateRip database.
    Statistics
        Read error                           : 0
        Skipped (treated as error)           : 0
        Edge jitter error (maybe fixed)      : 0
        Atom jitter error (maybe fixed)      : 0
        Drift error (maybe fixed)            : 0
        Dropped bytes error (maybe fixed)    : 0
        Duplicated bytes error (maybe fixed) : 0

Track 04
    Pre-gap length : 00:01:00

    CRC32 hash             : 349070A2
    CRC32 hash (skip zero) : DC2C79D4
    AccurateRip signature  : 20D511E0
        ->Track not present in AccurateRip database.
    Statistics
        Read error                           : 0
        Skipped (treated as error)           : 0
        Edge jitter error (maybe fixed)      : 0
        Atom jitter error (maybe fixed)      : 0
        Drift error (maybe fixed)            : 0
        Dropped bytes error (maybe fixed)    : 0
        Duplicated bytes error (maybe fixed) : 0

Track 05
    Pre-gap length : 00:01:62

    CRC32 hash             : A8AF7BCE
    CRC32 hash (skip zero) : 304283AC
    AccurateRip signature  : 8FB18AFE
        ->Track not present in AccurateRip database.
    Statistics
        Read error                           : 0
        Skipped (treated as error)           : 0
        Edge jitter error (maybe fixed)      : 0
        Atom jitter error (maybe fixed)      : 0
        Drift error (maybe fixed)            : 0
        Dropped bytes error (maybe fixed)    : 0
        Duplicated bytes error (maybe fixed) : 0

Track 06

    CRC32 hash             : 7182C06B
    CRC32 hash (skip zero) : BBC69AD3
    AccurateRip signature  : 17A72DF4
        ->Track not present in AccurateRip database.
    Statistics
        Read error                           : 0
        Skipped (treated as error)           : 0
        Edge jitter error (maybe fixed)      : 0
        Atom jitter error (maybe fixed)      : 0
        Drift error (maybe fixed)            : 0
        Dropped bytes error (maybe fixed)    : 0
        Duplicated bytes error (maybe fixed) : 0

Track 07

    CRC32 hash             : 076358F3
    CRC32 hash (skip zero) : 1BA9B394
    AccurateRip signature  : 8CCA1902
        ->Track not present in AccurateRip database.
    Statistics
        Read error                           : 0
        Skipped (treated as error)           : 0
        Edge jitter error (maybe fixed)      : 0
        Atom jitter error (maybe fixed)      : 0
        Drift error (maybe fixed)            : 0
        Dropped bytes error (maybe fixed)    : 0
        Duplicated bytes error (maybe fixed) : 0

Track 08
    Pre-gap length : 00:01:03

    CRC32 hash             : 7DD85CD6
    CRC32 hash (skip zero) : 708C093C
    AccurateRip signature  : 41A47701
        ->Track not present in AccurateRip database.
    Statistics
        Read error                           : 0
        Skipped (treated as error)           : 0
        Edge jitter error (maybe fixed)      : 0
        Atom jitter error (maybe fixed)      : 0
        Drift error (maybe fixed)            : 0
        Dropped bytes error (maybe fixed)    : 0
        Duplicated bytes error (maybe fixed) : 0

Track 09

    CRC32 hash             : CA9E11A9
    CRC32 hash (skip zero) : 40B085D2
    AccurateRip signature  : 319DCD36
        ->Track not present in AccurateRip database.
    Statistics
        Read error                           : 0
        Skipped (treated as error)           : 0
        Edge jitter error (maybe fixed)      : 0
        Atom jitter error (maybe fixed)      : 6
        Drift error (maybe fixed)            : 0
        Dropped bytes error (maybe fixed)    : 0
        Duplicated bytes error (maybe fixed) : 0

Track 10
    Pre-gap length : 00:00:32

    CRC32 hash             : B58C1434
    CRC32 hash (skip zero) : 106DE6C1
    AccurateRip signature  : E9D2E409
        ->Track not present in AccurateRip database.
    Statistics
        Read error                           : 0
        Skipped (treated as error)           : 0
        Edge jitter error (maybe fixed)      : 0
        Atom jitter error (maybe fixed)      : 0
        Drift error (maybe fixed)            : 0
        Dropped bytes error (maybe fixed)    : 0
        Duplicated bytes error (maybe fixed) : 0

Track 11
    Pre-gap length : 00:00:37

    CRC32 hash             : 808FA0E5
    CRC32 hash (skip zero) : C9A3A4DA
    AccurateRip signature  : 53DAA542
        ->Track not present in AccurateRip database.
    Statistics
        Read error                           : 0
        Skipped (treated as error)           : 0
        Edge jitter error (maybe fixed)      : 0
        Atom jitter error (maybe fixed)      : 0
        Drift error (maybe fixed)            : 0
        Dropped bytes error (maybe fixed)    : 0
        Duplicated bytes error (maybe fixed) : 0

Track 12
    Pre-gap length : 00:02:05

    CRC32 hash             : 65FFF0B2
    CRC32 hash (skip zero) : 1EA7DBDC
    AccurateRip signature  : 00ADB75B
        ->Track not present in AccurateRip database.
    Statistics
        Read error                           : 0
        Skipped (treated as error)           : 0
        Edge jitter error (maybe fixed)      : 0
        Atom jitter error (maybe fixed)      : 0
        Drift error (maybe fixed)            : 0
        Dropped bytes error (maybe fixed)    : 0
        Duplicated bytes error (maybe fixed) : 0

No errors occurred

End of status report
