X Lossless Decoder version 20110417 (131.0)

XLD extraction logfile from 2011-05-02 22:57:24 +0900

Prefab Sprout / Andromeda Heights

Used drive : HL-DT-ST BD-RE  BH10NS30 (revision EL00)

Ripper mode             : CDParanoia III 10.2
Disable audio cache     : OK for the drive with a cache less than 2750KiB
Make use of C2 pointers : NO
Read offset correction  : 667
Max retry count         : 100
Gap status              : Analyzed, Appended

TOC of the extracted CD
     Track |   Start  |  Length  | Start sector | End sector 
    ---------------------------------------------------------
        1  | 00:00:00 | 03:41:05 |         0    |    16579   
        2  | 03:41:05 | 05:01:57 |     16580    |    39211   
        3  | 08:42:62 | 04:37:60 |     39212    |    60046   
        4  | 13:20:47 | 03:44:60 |     60047    |    76906   
        5  | 17:05:32 | 04:35:08 |     76907    |    97539   
        6  | 21:40:40 | 02:47:35 |     97540    |   110099   
        7  | 24:28:00 | 03:41:52 |    110100    |   126726   
        8  | 28:09:52 | 03:59:28 |    126727    |   144679   
        9  | 32:09:05 | 02:36:15 |    144680    |   156394   
       10  | 34:45:20 | 04:42:65 |    156395    |   177609   
       11  | 39:28:10 | 03:36:52 |    177610    |   193861   
       12  | 43:04:62 | 04:07:23 |    193862    |   212409   
       13  | 47:12:10 | 03:52:65 |    212410    |   229874   

AccurateRip Summary
    Track 01 : OK (confidence 3)
    Track 02 : OK (confidence 3)
    Track 03 : OK (confidence 3)
    Track 04 : OK (confidence 3)
    Track 05 : OK (confidence 3)
    Track 06 : OK (confidence 2)
    Track 07 : Not Found
    Track 08 : OK (confidence 2)
    Track 09 : Not Found
    Track 10 : Not Found
    Track 11 : OK (confidence 2)
    Track 12 : OK (confidence 2)
    Track 13 : OK (confidence 2)
        ->10 track(s) accurately ripped, 0 track(s) not, 3 track(s) not found

All Tracks
    Filename : /Users/angelicalbite/Music/flac/Andromeda Heights.flac
    CRC32 hash             : 22F8EC21
    CRC32 hash (skip zero) : F00A0300
    Statistics
        Read error                           : 0
        Skipped (treated as error)           : 0
        Edge jitter error (maybe fixed)      : 1
        Atom jitter error (maybe fixed)      : 1
        Drift error (maybe fixed)            : 0
        Dropped bytes error (maybe fixed)    : 0
        Duplicated bytes error (maybe fixed) : 0

Track 01
    Pre-gap length : 00:02:00

    CRC32 hash             : 94EC4330
    CRC32 hash (skip zero) : 36BB6854
    AccurateRip signature  : 744EBCBC
        ->Accurately ripped! (confidence 3)
    Statistics
        Read error                           : 0
        Skipped (treated as error)           : 0
        Edge jitter error (maybe fixed)      : 0
        Atom jitter error (maybe fixed)      : 0
        Drift error (maybe fixed)            : 0
        Dropped bytes error (maybe fixed)    : 0
        Duplicated bytes error (maybe fixed) : 0

Track 02

    CRC32 hash             : 8A8C5777
    CRC32 hash (skip zero) : C177EAD8
    AccurateRip signature  : D1337283
        ->Accurately ripped! (confidence 3)
    Statistics
        Read error                           : 0
        Skipped (treated as error)           : 0
        Edge jitter error (maybe fixed)      : 1
        Atom jitter error (maybe fixed)      : 0
        Drift error (maybe fixed)            : 0
        Dropped bytes error (maybe fixed)    : 0
        Duplicated bytes error (maybe fixed) : 0

Track 03

    CRC32 hash             : 49E30727
    CRC32 hash (skip zero) : 94A7087C
    AccurateRip signature  : 7B4BD825
        ->Accurately ripped! (confidence 3)
    Statistics
        Read error                           : 0
        Skipped (treated as error)           : 0
        Edge jitter error (maybe fixed)      : 0
        Atom jitter error (maybe fixed)      : 0
        Drift error (maybe fixed)            : 0
        Dropped bytes error (maybe fixed)    : 0
        Duplicated bytes error (maybe fixed) : 0

Track 04

    CRC32 hash             : E937372A
    CRC32 hash (skip zero) : D7D11102
    AccurateRip signature  : 8B58A688
        ->Accurately ripped! (confidence 3)
    Statistics
        Read error                           : 0
        Skipped (treated as error)           : 0
        Edge jitter error (maybe fixed)      : 0
        Atom jitter error (maybe fixed)      : 0
        Drift error (maybe fixed)            : 0
        Dropped bytes error (maybe fixed)    : 0
        Duplicated bytes error (maybe fixed) : 0

Track 05

    CRC32 hash             : D17F150E
    CRC32 hash (skip zero) : 73195BA9
    AccurateRip signature  : C555B84A
        ->Accurately ripped! (confidence 3)
    Statistics
        Read error                           : 0
        Skipped (treated as error)           : 0
        Edge jitter error (maybe fixed)      : 0
        Atom jitter error (maybe fixed)      : 0
        Drift error (maybe fixed)            : 0
        Dropped bytes error (maybe fixed)    : 0
        Duplicated bytes error (maybe fixed) : 0

Track 06

    CRC32 hash             : 733C5BD4
    CRC32 hash (skip zero) : D3EE8405
    AccurateRip signature  : 3339D3D6
        ->Accurately ripped! (confidence 2)
    Statistics
        Read error                           : 0
        Skipped (treated as error)           : 0
        Edge jitter error (maybe fixed)      : 0
        Atom jitter error (maybe fixed)      : 0
        Drift error (maybe fixed)            : 0
        Dropped bytes error (maybe fixed)    : 0
        Duplicated bytes error (maybe fixed) : 0

Track 07

    CRC32 hash             : 6F31F9B8
    CRC32 hash (skip zero) : 6DB68B7E
    AccurateRip signature  : DBE12D65
        ->Track not present in AccurateRip database.
    Statistics
        Read error                           : 0
        Skipped (treated as error)           : 0
        Edge jitter error (maybe fixed)      : 0
        Atom jitter error (maybe fixed)      : 0
        Drift error (maybe fixed)            : 0
        Dropped bytes error (maybe fixed)    : 0
        Duplicated bytes error (maybe fixed) : 0

Track 08

    CRC32 hash             : 58C787A9
    CRC32 hash (skip zero) : 960F4A3F
    AccurateRip signature  : 4FD503B3
        ->Accurately ripped! (confidence 2)
    Statistics
        Read error                           : 0
        Skipped (treated as error)           : 0
        Edge jitter error (maybe fixed)      : 0
        Atom jitter error (maybe fixed)      : 0
        Drift error (maybe fixed)            : 0
        Dropped bytes error (maybe fixed)    : 0
        Duplicated bytes error (maybe fixed) : 0

Track 09

    CRC32 hash             : A25D537C
    CRC32 hash (skip zero) : 9D68274F
    AccurateRip signature  : 9F5B3B99
        ->Track not present in AccurateRip database.
    Statistics
        Read error                           : 0
        Skipped (treated as error)           : 0
        Edge jitter error (maybe fixed)      : 0
        Atom jitter error (maybe fixed)      : 0
        Drift error (maybe fixed)            : 0
        Dropped bytes error (maybe fixed)    : 0
        Duplicated bytes error (maybe fixed) : 0

Track 10

    CRC32 hash             : FD2F0D45
    CRC32 hash (skip zero) : A418E289
    AccurateRip signature  : 88376DBE
        ->Track not present in AccurateRip database.
    Statistics
        Read error                           : 0
        Skipped (treated as error)           : 0
        Edge jitter error (maybe fixed)      : 0
        Atom jitter error (maybe fixed)      : 0
        Drift error (maybe fixed)            : 0
        Dropped bytes error (maybe fixed)    : 0
        Duplicated bytes error (maybe fixed) : 0

Track 11

    CRC32 hash             : 9000D4F9
    CRC32 hash (skip zero) : A9010AA1
    AccurateRip signature  : 631A3B2A
        ->Accurately ripped! (confidence 2)
    Statistics
        Read error                           : 0
        Skipped (treated as error)           : 0
        Edge jitter error (maybe fixed)      : 0
        Atom jitter error (maybe fixed)      : 0
        Drift error (maybe fixed)            : 0
        Dropped bytes error (maybe fixed)    : 0
        Duplicated bytes error (maybe fixed) : 0

Track 12

    CRC32 hash             : 8D5951B2
    CRC32 hash (skip zero) : 602E36D6
    AccurateRip signature  : 55DD4285
        ->Accurately ripped! (confidence 2)
    Statistics
        Read error                           : 0
        Skipped (treated as error)           : 0
        Edge jitter error (maybe fixed)      : 0
        Atom jitter error (maybe fixed)      : 1
        Drift error (maybe fixed)            : 0
        Dropped bytes error (maybe fixed)    : 0
        Duplicated bytes error (maybe fixed) : 0

Track 13
    Pre-gap length : 00:02:60

    CRC32 hash             : 53535B53
    CRC32 hash (skip zero) : B87926CA
    AccurateRip signature  : 80316322
        ->Accurately ripped! (confidence 2)
    Statistics
        Read error                           : 0
        Skipped (treated as error)           : 0
        Edge jitter error (maybe fixed)      : 0
        Atom jitter error (maybe fixed)      : 0
        Drift error (maybe fixed)            : 0
        Dropped bytes error (maybe fixed)    : 0
        Duplicated bytes error (maybe fixed) : 0

No errors occurred

End of status report
