X Lossless Decoder version 20110417 (131.0)

XLD extraction logfile from 2011-05-02 21:55:56 +0900

Prefab Sprout / Steve McQueen (remastered in 2007)

Used drive : MATSHITA DVD-R   UJ-868 (revision KB19)

Ripper mode             : CDParanoia III 10.2
Disable audio cache     : OK for the drive with a cache less than 2750KiB
Make use of C2 pointers : NO
Read offset correction  : 102
Max retry count         : 100
Gap status              : Analyzed, Appended

TOC of the extracted CD
     Track |   Start  |  Length  | Start sector | End sector 
    ---------------------------------------------------------
        1  | 00:00:00 | 03:43:08 |         0    |    16732   
        2  | 03:43:08 | 03:46:31 |     16733    |    33713   
        3  | 07:29:39 | 03:59:14 |     33714    |    51652   
        4  | 11:28:53 | 04:06:35 |     51653    |    70137   
        5  | 15:35:13 | 04:29:33 |     70138    |    90345   
        6  | 20:04:46 | 04:18:50 |     90346    |   109745   
        7  | 24:23:21 | 03:56:70 |    109746    |   127515   
        8  | 28:20:16 | 04:39:69 |    127516    |   148509   
        9  | 33:00:10 | 05:19:49 |    148510    |   172483   
       10  | 38:19:59 | 02:25:19 |    172484    |   183377   
       11  | 40:45:03 | 04:26:25 |    183378    |   203352   

AccurateRip Summary
    Track 01 : OK (confidence 2)
    Track 02 : OK (confidence 2)
    Track 03 : OK (confidence 2)
    Track 04 : OK (confidence 2)
    Track 05 : OK (confidence 2)
    Track 06 : NG
    Track 07 : NG
    Track 08 : OK (confidence 2)
    Track 09 : OK (confidence 2)
    Track 10 : OK (confidence 2)
    Track 11 : OK (confidence 2)
        ->9 track(s) accurately ripped, 2 track(s) not, 0 track(s) not found

All Tracks
    Filename : /Users/m4c/Public/flac/Steve McQueen (remastered in 2007).flac
    CRC32 hash             : BDEB7B98
    CRC32 hash (skip zero) : 0FCEAA92
    Statistics
        Read error                           : 0
        Skipped (treated as error)           : 0
        Edge jitter error (maybe fixed)      : 1
        Atom jitter error (maybe fixed)      : 0
        Drift error (maybe fixed)            : 0
        Dropped bytes error (maybe fixed)    : 1
        Duplicated bytes error (maybe fixed) : 1

Track 01
    Pre-gap length : 00:02:00

    CRC32 hash             : 496E5C7F
    CRC32 hash (skip zero) : 6D7B78B7
    AccurateRip signature  : C76DA2E2
        ->Accurately ripped! (confidence 2)
    Statistics
        Read error                           : 0
        Skipped (treated as error)           : 0
        Edge jitter error (maybe fixed)      : 0
        Atom jitter error (maybe fixed)      : 0
        Drift error (maybe fixed)            : 0
        Dropped bytes error (maybe fixed)    : 0
        Duplicated bytes error (maybe fixed) : 0

Track 02

    CRC32 hash             : A1A92539
    CRC32 hash (skip zero) : A7783E4F
    AccurateRip signature  : EC31B433
        ->Accurately ripped! (confidence 2)
    Statistics
        Read error                           : 0
        Skipped (treated as error)           : 0
        Edge jitter error (maybe fixed)      : 0
        Atom jitter error (maybe fixed)      : 0
        Drift error (maybe fixed)            : 0
        Dropped bytes error (maybe fixed)    : 0
        Duplicated bytes error (maybe fixed) : 0

Track 03

    CRC32 hash             : E2194605
    CRC32 hash (skip zero) : 6336228D
    AccurateRip signature  : 16375153
        ->Accurately ripped! (confidence 2)
    Statistics
        Read error                           : 0
        Skipped (treated as error)           : 0
        Edge jitter error (maybe fixed)      : 0
        Atom jitter error (maybe fixed)      : 0
        Drift error (maybe fixed)            : 0
        Dropped bytes error (maybe fixed)    : 0
        Duplicated bytes error (maybe fixed) : 0

Track 04

    CRC32 hash             : E5266806
    CRC32 hash (skip zero) : B36CEE29
    AccurateRip signature  : ECB5E347
        ->Accurately ripped! (confidence 2)
    Statistics
        Read error                           : 0
        Skipped (treated as error)           : 0
        Edge jitter error (maybe fixed)      : 0
        Atom jitter error (maybe fixed)      : 0
        Drift error (maybe fixed)            : 0
        Dropped bytes error (maybe fixed)    : 0
        Duplicated bytes error (maybe fixed) : 0

Track 05

    CRC32 hash             : 0DA16FDA
    CRC32 hash (skip zero) : 94F02370
    AccurateRip signature  : 5A199460
        ->Accurately ripped! (confidence 2)
    Statistics
        Read error                           : 0
        Skipped (treated as error)           : 0
        Edge jitter error (maybe fixed)      : 0
        Atom jitter error (maybe fixed)      : 0
        Drift error (maybe fixed)            : 0
        Dropped bytes error (maybe fixed)    : 0
        Duplicated bytes error (maybe fixed) : 0

Track 06
    Pre-gap length : 00:01:08

    CRC32 hash             : 2916C302
    CRC32 hash (skip zero) : 45C67279
    AccurateRip signature  : 79F545B0
        ->Rip may not be accurate.
    Statistics
        Read error                           : 0
        Skipped (treated as error)           : 0
        Edge jitter error (maybe fixed)      : 1
        Atom jitter error (maybe fixed)      : 0
        Drift error (maybe fixed)            : 0
        Dropped bytes error (maybe fixed)    : 1
        Duplicated bytes error (maybe fixed) : 1

Track 07

    CRC32 hash             : BAE48B57
    CRC32 hash (skip zero) : 0F91DB38
    AccurateRip signature  : E0BF01FF
        ->Rip may not be accurate.
    Statistics
        Read error                           : 0
        Skipped (treated as error)           : 0
        Edge jitter error (maybe fixed)      : 0
        Atom jitter error (maybe fixed)      : 0
        Drift error (maybe fixed)            : 0
        Dropped bytes error (maybe fixed)    : 0
        Duplicated bytes error (maybe fixed) : 0

Track 08

    CRC32 hash             : F689A6F8
    CRC32 hash (skip zero) : BDCD85B7
    AccurateRip signature  : 2E5A21DE
        ->Accurately ripped! (confidence 2)
    Statistics
        Read error                           : 0
        Skipped (treated as error)           : 0
        Edge jitter error (maybe fixed)      : 0
        Atom jitter error (maybe fixed)      : 0
        Drift error (maybe fixed)            : 0
        Dropped bytes error (maybe fixed)    : 0
        Duplicated bytes error (maybe fixed) : 0

Track 09
    Pre-gap length : 00:02:36

    CRC32 hash             : B8045675
    CRC32 hash (skip zero) : 82BF9546
    AccurateRip signature  : 9EE4B0C6
        ->Accurately ripped! (confidence 2)
    Statistics
        Read error                           : 0
        Skipped (treated as error)           : 0
        Edge jitter error (maybe fixed)      : 0
        Atom jitter error (maybe fixed)      : 0
        Drift error (maybe fixed)            : 0
        Dropped bytes error (maybe fixed)    : 0
        Duplicated bytes error (maybe fixed) : 0

Track 10

    CRC32 hash             : 17676457
    CRC32 hash (skip zero) : A84D0A05
    AccurateRip signature  : CD4FB977
        ->Accurately ripped! (confidence 2)
    Statistics
        Read error                           : 0
        Skipped (treated as error)           : 0
        Edge jitter error (maybe fixed)      : 0
        Atom jitter error (maybe fixed)      : 0
        Drift error (maybe fixed)            : 0
        Dropped bytes error (maybe fixed)    : 0
        Duplicated bytes error (maybe fixed) : 0

Track 11

    CRC32 hash             : 8AA940F4
    CRC32 hash (skip zero) : A0806EB1
    AccurateRip signature  : A22A7D26
        ->Accurately ripped! (confidence 2)
    Statistics
        Read error                           : 0
        Skipped (treated as error)           : 0
        Edge jitter error (maybe fixed)      : 0
        Atom jitter error (maybe fixed)      : 0
        Drift error (maybe fixed)            : 0
        Dropped bytes error (maybe fixed)    : 0
        Duplicated bytes error (maybe fixed) : 0

No errors occurred

End of status report
