X Lossless Decoder version 20110417 (131.0)

XLD extraction logfile from 2011-05-03 02:52:42 +0900

Prefab Sprout / The Gunman and Other Stories

Used drive : MATSHITA DVD-R   UJ-868 (revision KB19)

Ripper mode             : CDParanoia III 10.2
Disable audio cache     : OK for the drive with a cache less than 2750KiB
Make use of C2 pointers : NO
Read offset correction  : 102
Max retry count         : 100
Gap status              : Analyzed, Appended

TOC of the extracted CD
     Track |   Start  |  Length  | Start sector | End sector 
    ---------------------------------------------------------
        1  | 00:00:00 | 05:19:00 |         0    |    23924   
        2  | 05:19:00 | 03:40:72 |     23925    |    40496   
        3  | 08:59:72 | 03:19:00 |     40497    |    55421   
        4  | 12:18:72 | 04:38:18 |     55422    |    76289   
        5  | 16:57:15 | 03:23:60 |     76290    |    91574   
        6  | 20:21:00 | 04:48:55 |     91575    |   113229   
        7  | 25:09:55 | 03:08:67 |    113230    |   127396   
        8  | 28:18:47 | 08:39:65 |    127397    |   166386   
        9  | 36:58:37 | 03:11:45 |    166387    |   180756   
       10  | 40:10:07 | 03:13:20 |    180757    |   195251   

List of alternate offset correction values
        #  | Absolute | Relative | Confidence 
    ------------------------------------------
        1  |     81   |    -21   |     63     

AccurateRip Summary
    Track 01 : OK (confidence 21)
    Track 02 : OK (confidence 21)
    Track 03 : OK (confidence 21)
    Track 04 : OK (confidence 21)
    Track 05 : OK (confidence 21)
    Track 06 : OK (confidence 21)
    Track 07 : OK (confidence 21)
    Track 08 : OK (confidence 22)
    Track 09 : OK (confidence 21)
    Track 10 : OK (confidence 21)
        ->All tracks accurately ripped.

All Tracks
    Filename : /Users/m4c/Public/flac/The Gunman and Other Stories.flac
    CRC32 hash             : 1FE3635B
    CRC32 hash (skip zero) : DBBCAC78
    Statistics
        Read error                           : 0
        Skipped (treated as error)           : 0
        Edge jitter error (maybe fixed)      : 0
        Atom jitter error (maybe fixed)      : 0
        Drift error (maybe fixed)            : 0
        Dropped bytes error (maybe fixed)    : 0
        Duplicated bytes error (maybe fixed) : 0

Track 01
    Pre-gap length : 00:02:00

    CRC32 hash             : 3855CF08
    CRC32 hash (skip zero) : E3AC1884
    AccurateRip signature  : A1A0B766
        ->Accurately ripped! (confidence 21)
    Statistics
        Read error                           : 0
        Skipped (treated as error)           : 0
        Edge jitter error (maybe fixed)      : 0
        Atom jitter error (maybe fixed)      : 0
        Drift error (maybe fixed)            : 0
        Dropped bytes error (maybe fixed)    : 0
        Duplicated bytes error (maybe fixed) : 0

Track 02

    CRC32 hash             : 59E65EED
    CRC32 hash (skip zero) : D771D346
    AccurateRip signature  : 6476F4DE
        ->Accurately ripped! (confidence 21)
    Statistics
        Read error                           : 0
        Skipped (treated as error)           : 0
        Edge jitter error (maybe fixed)      : 0
        Atom jitter error (maybe fixed)      : 0
        Drift error (maybe fixed)            : 0
        Dropped bytes error (maybe fixed)    : 0
        Duplicated bytes error (maybe fixed) : 0

Track 03

    CRC32 hash             : 0A59EF59
    CRC32 hash (skip zero) : D2728C1B
    AccurateRip signature  : 92EAD913
        ->Accurately ripped! (confidence 21)
    Statistics
        Read error                           : 0
        Skipped (treated as error)           : 0
        Edge jitter error (maybe fixed)      : 0
        Atom jitter error (maybe fixed)      : 0
        Drift error (maybe fixed)            : 0
        Dropped bytes error (maybe fixed)    : 0
        Duplicated bytes error (maybe fixed) : 0

Track 04

    CRC32 hash             : 0AFAEE51
    CRC32 hash (skip zero) : EAF3A22D
    AccurateRip signature  : 1CB7FD9C
        ->Accurately ripped! (confidence 21)
    Statistics
        Read error                           : 0
        Skipped (treated as error)           : 0
        Edge jitter error (maybe fixed)      : 0
        Atom jitter error (maybe fixed)      : 0
        Drift error (maybe fixed)            : 0
        Dropped bytes error (maybe fixed)    : 0
        Duplicated bytes error (maybe fixed) : 0

Track 05
    Pre-gap length : 00:01:48

    CRC32 hash             : CA301F12
    CRC32 hash (skip zero) : 3CAF417E
    AccurateRip signature  : 037EB27D
        ->Accurately ripped! (confidence 21)
    Statistics
        Read error                           : 0
        Skipped (treated as error)           : 0
        Edge jitter error (maybe fixed)      : 0
        Atom jitter error (maybe fixed)      : 0
        Drift error (maybe fixed)            : 0
        Dropped bytes error (maybe fixed)    : 0
        Duplicated bytes error (maybe fixed) : 0

Track 06

    CRC32 hash             : A9C345F5
    CRC32 hash (skip zero) : 481D51B8
    AccurateRip signature  : 4BE359B1
        ->Accurately ripped! (confidence 21)
    Statistics
        Read error                           : 0
        Skipped (treated as error)           : 0
        Edge jitter error (maybe fixed)      : 0
        Atom jitter error (maybe fixed)      : 0
        Drift error (maybe fixed)            : 0
        Dropped bytes error (maybe fixed)    : 0
        Duplicated bytes error (maybe fixed) : 0

Track 07

    CRC32 hash             : BFF723B9
    CRC32 hash (skip zero) : 0C04FC4B
    AccurateRip signature  : 78B13928
        ->Accurately ripped! (confidence 21)
    Statistics
        Read error                           : 0
        Skipped (treated as error)           : 0
        Edge jitter error (maybe fixed)      : 0
        Atom jitter error (maybe fixed)      : 0
        Drift error (maybe fixed)            : 0
        Dropped bytes error (maybe fixed)    : 0
        Duplicated bytes error (maybe fixed) : 0

Track 08
    Pre-gap length : 00:01:30

    CRC32 hash             : 687B6DEE
    CRC32 hash (skip zero) : CF471701
    AccurateRip signature  : E582CFBD
        ->Accurately ripped! (confidence 22)
    Statistics
        Read error                           : 0
        Skipped (treated as error)           : 0
        Edge jitter error (maybe fixed)      : 0
        Atom jitter error (maybe fixed)      : 0
        Drift error (maybe fixed)            : 0
        Dropped bytes error (maybe fixed)    : 0
        Duplicated bytes error (maybe fixed) : 0

Track 09

    CRC32 hash             : 9A8D06B0
    CRC32 hash (skip zero) : 250066BE
    AccurateRip signature  : 9AAC2AF0
        ->Accurately ripped! (confidence 21)
    Statistics
        Read error                           : 0
        Skipped (treated as error)           : 0
        Edge jitter error (maybe fixed)      : 0
        Atom jitter error (maybe fixed)      : 0
        Drift error (maybe fixed)            : 0
        Dropped bytes error (maybe fixed)    : 0
        Duplicated bytes error (maybe fixed) : 0

Track 10
    Pre-gap length : 00:01:27

    CRC32 hash             : 66C6FD59
    CRC32 hash (skip zero) : 94838570
    AccurateRip signature  : C42F7276
        ->Accurately ripped! (confidence 21)
    Statistics
        Read error                           : 0
        Skipped (treated as error)           : 0
        Edge jitter error (maybe fixed)      : 0
        Atom jitter error (maybe fixed)      : 0
        Drift error (maybe fixed)            : 0
        Dropped bytes error (maybe fixed)    : 0
        Duplicated bytes error (maybe fixed) : 0

No errors occurred

End of status report
