X Lossless Decoder version 20110502 (132.0)

XLD extraction logfile from 2011-05-04 07:55:42 +0900

T.Rex / Best Selection

Used drive : MATSHITA DVD-R   UJ-868 (revision KB19)

Ripper mode             : CDParanoia III 10.2
Disable audio cache     : OK for the drive with a cache less than 2750KiB
Make use of C2 pointers : NO
Read offset correction  : 102
Max retry count         : 100
Gap status              : Analyzed, Appended

TOC of the extracted CD
     Track |   Start  |  Length  | Start sector | End sector 
    ---------------------------------------------------------
        1  | 00:00:00 | 02:31:02 |         0    |    11326   
        2  | 02:31:02 | 03:46:08 |     11327    |    28284   
        3  | 06:17:10 | 03:57:00 |     28285    |    46059   
        4  | 10:14:10 | 03:14:32 |     46060    |    60641   
        5  | 13:28:42 | 03:27:35 |     60642    |    76201   
        6  | 16:56:02 | 03:08:08 |     76202    |    90309   
        7  | 20:04:10 | 03:26:12 |     90310    |   105771   
        8  | 23:30:22 | 03:41:10 |    105772    |   122356   
        9  | 27:11:32 | 04:30:30 |    122357    |   142636   
       10  | 31:41:62 | 04:13:48 |    142637    |   161659   
       11  | 35:55:35 | 04:26:07 |    161660    |   181616   
       12  | 40:21:42 | 05:18:65 |    181617    |   205531   
       13  | 45:40:32 | 02:56:38 |    205532    |   218769   
       14  | 48:36:70 | 03:31:02 |    218770    |   234596   
       15  | 52:07:72 | 03:18:05 |    234597    |   249451   
       16  | 55:26:02 | 03:21:53 |    249452    |   264579   
       17  | 58:47:55 | 02:39:37 |    264580    |   276541   
       18  | 61:27:17 | 04:34:35 |    276542    |   297126   

AccurateRip Summary
    Track 01 : OK (confidence 1)
    Track 02 : OK (confidence 1)
    Track 03 : OK (confidence 1)
    Track 04 : OK (confidence 1)
    Track 05 : OK (confidence 1)
    Track 06 : OK (confidence 1)
    Track 07 : OK (confidence 1)
    Track 08 : OK (confidence 1)
    Track 09 : OK (confidence 1)
    Track 10 : OK (confidence 1)
    Track 11 : OK (confidence 1)
    Track 12 : OK (confidence 1)
    Track 13 : OK (confidence 1)
    Track 14 : OK (confidence 1)
    Track 15 : OK (confidence 1)
    Track 16 : OK (confidence 1)
    Track 17 : OK (confidence 1)
    Track 18 : OK (confidence 1)
        ->All tracks accurately ripped.

All Tracks
    Filename : /Users/m4c/Public/flac/Best Selection.flac
    CRC32 hash             : 61655EB8
    CRC32 hash (skip zero) : 097E8810
    Statistics
        Read error                           : 0
        Skipped (treated as error)           : 0
        Edge jitter error (maybe fixed)      : 0
        Atom jitter error (maybe fixed)      : 0
        Drift error (maybe fixed)            : 0
        Dropped bytes error (maybe fixed)    : 0
        Duplicated bytes error (maybe fixed) : 0

Track 01
    Pre-gap length : 00:02:00

    CRC32 hash             : 2B6FCC4F
    CRC32 hash (skip zero) : 12654ADE
    AccurateRip signature  : 0DA15A7A
        ->Accurately ripped! (confidence 1)
    Statistics
        Read error                           : 0
        Skipped (treated as error)           : 0
        Edge jitter error (maybe fixed)      : 0
        Atom jitter error (maybe fixed)      : 0
        Drift error (maybe fixed)            : 0
        Dropped bytes error (maybe fixed)    : 0
        Duplicated bytes error (maybe fixed) : 0

Track 02
    Pre-gap length : 00:03:55

    CRC32 hash             : BFAE34A2
    CRC32 hash (skip zero) : 6CEF8793
    AccurateRip signature  : 44F73053
        ->Accurately ripped! (confidence 1)
    Statistics
        Read error                           : 0
        Skipped (treated as error)           : 0
        Edge jitter error (maybe fixed)      : 0
        Atom jitter error (maybe fixed)      : 0
        Drift error (maybe fixed)            : 0
        Dropped bytes error (maybe fixed)    : 0
        Duplicated bytes error (maybe fixed) : 0

Track 03

    CRC32 hash             : 2AF54B5E
    CRC32 hash (skip zero) : 26289AA0
    AccurateRip signature  : E4B2AA7F
        ->Accurately ripped! (confidence 1)
    Statistics
        Read error                           : 0
        Skipped (treated as error)           : 0
        Edge jitter error (maybe fixed)      : 0
        Atom jitter error (maybe fixed)      : 0
        Drift error (maybe fixed)            : 0
        Dropped bytes error (maybe fixed)    : 0
        Duplicated bytes error (maybe fixed) : 0

Track 04

    CRC32 hash             : 1A57E163
    CRC32 hash (skip zero) : AE1A2C2F
    AccurateRip signature  : 1C2B626A
        ->Accurately ripped! (confidence 1)
    Statistics
        Read error                           : 0
        Skipped (treated as error)           : 0
        Edge jitter error (maybe fixed)      : 0
        Atom jitter error (maybe fixed)      : 0
        Drift error (maybe fixed)            : 0
        Dropped bytes error (maybe fixed)    : 0
        Duplicated bytes error (maybe fixed) : 0

Track 05

    CRC32 hash             : 6188058F
    CRC32 hash (skip zero) : DEF09C30
    AccurateRip signature  : 5A9043FF
        ->Accurately ripped! (confidence 1)
    Statistics
        Read error                           : 0
        Skipped (treated as error)           : 0
        Edge jitter error (maybe fixed)      : 0
        Atom jitter error (maybe fixed)      : 0
        Drift error (maybe fixed)            : 0
        Dropped bytes error (maybe fixed)    : 0
        Duplicated bytes error (maybe fixed) : 0

Track 06

    CRC32 hash             : 211150DA
    CRC32 hash (skip zero) : 9F9F3505
    AccurateRip signature  : DADE8EB3
        ->Accurately ripped! (confidence 1)
    Statistics
        Read error                           : 0
        Skipped (treated as error)           : 0
        Edge jitter error (maybe fixed)      : 0
        Atom jitter error (maybe fixed)      : 0
        Drift error (maybe fixed)            : 0
        Dropped bytes error (maybe fixed)    : 0
        Duplicated bytes error (maybe fixed) : 0

Track 07
    Pre-gap length : 00:02:68

    CRC32 hash             : 5802183C
    CRC32 hash (skip zero) : 96201023
    AccurateRip signature  : EEFB0483
        ->Accurately ripped! (confidence 1)
    Statistics
        Read error                           : 0
        Skipped (treated as error)           : 0
        Edge jitter error (maybe fixed)      : 0
        Atom jitter error (maybe fixed)      : 0
        Drift error (maybe fixed)            : 0
        Dropped bytes error (maybe fixed)    : 0
        Duplicated bytes error (maybe fixed) : 0

Track 08
    Pre-gap length : 00:04:57

    CRC32 hash             : 9F43DED6
    CRC32 hash (skip zero) : 2C7BBC46
    AccurateRip signature  : BDF12955
        ->Accurately ripped! (confidence 1)
    Statistics
        Read error                           : 0
        Skipped (treated as error)           : 0
        Edge jitter error (maybe fixed)      : 0
        Atom jitter error (maybe fixed)      : 0
        Drift error (maybe fixed)            : 0
        Dropped bytes error (maybe fixed)    : 0
        Duplicated bytes error (maybe fixed) : 0

Track 09

    CRC32 hash             : E08CDA8E
    CRC32 hash (skip zero) : C8E44D37
    AccurateRip signature  : D3306AC9
        ->Accurately ripped! (confidence 1)
    Statistics
        Read error                           : 0
        Skipped (treated as error)           : 0
        Edge jitter error (maybe fixed)      : 0
        Atom jitter error (maybe fixed)      : 0
        Drift error (maybe fixed)            : 0
        Dropped bytes error (maybe fixed)    : 0
        Duplicated bytes error (maybe fixed) : 0

Track 10

    CRC32 hash             : 09D2DCF4
    CRC32 hash (skip zero) : 21C7D30B
    AccurateRip signature  : D9F8C69E
        ->Accurately ripped! (confidence 1)
    Statistics
        Read error                           : 0
        Skipped (treated as error)           : 0
        Edge jitter error (maybe fixed)      : 0
        Atom jitter error (maybe fixed)      : 0
        Drift error (maybe fixed)            : 0
        Dropped bytes error (maybe fixed)    : 0
        Duplicated bytes error (maybe fixed) : 0

Track 11
    Pre-gap length : 00:02:33

    CRC32 hash             : 1C5A927A
    CRC32 hash (skip zero) : E5AE3300
    AccurateRip signature  : 676001A9
        ->Accurately ripped! (confidence 1)
    Statistics
        Read error                           : 0
        Skipped (treated as error)           : 0
        Edge jitter error (maybe fixed)      : 0
        Atom jitter error (maybe fixed)      : 0
        Drift error (maybe fixed)            : 0
        Dropped bytes error (maybe fixed)    : 0
        Duplicated bytes error (maybe fixed) : 0

Track 12

    CRC32 hash             : 2052709F
    CRC32 hash (skip zero) : 97EA284B
    AccurateRip signature  : 0D89895E
        ->Accurately ripped! (confidence 1)
    Statistics
        Read error                           : 0
        Skipped (treated as error)           : 0
        Edge jitter error (maybe fixed)      : 0
        Atom jitter error (maybe fixed)      : 0
        Drift error (maybe fixed)            : 0
        Dropped bytes error (maybe fixed)    : 0
        Duplicated bytes error (maybe fixed) : 0

Track 13
    Pre-gap length : 00:02:67

    CRC32 hash             : C2933B04
    CRC32 hash (skip zero) : 127FDE56
    AccurateRip signature  : 2F0F21C6
        ->Accurately ripped! (confidence 1)
    Statistics
        Read error                           : 0
        Skipped (treated as error)           : 0
        Edge jitter error (maybe fixed)      : 0
        Atom jitter error (maybe fixed)      : 0
        Drift error (maybe fixed)            : 0
        Dropped bytes error (maybe fixed)    : 0
        Duplicated bytes error (maybe fixed) : 0

Track 14

    CRC32 hash             : E292E250
    CRC32 hash (skip zero) : 791622A4
    AccurateRip signature  : D906602F
        ->Accurately ripped! (confidence 1)
    Statistics
        Read error                           : 0
        Skipped (treated as error)           : 0
        Edge jitter error (maybe fixed)      : 0
        Atom jitter error (maybe fixed)      : 0
        Drift error (maybe fixed)            : 0
        Dropped bytes error (maybe fixed)    : 0
        Duplicated bytes error (maybe fixed) : 0

Track 15

    CRC32 hash             : 4D18BAF4
    CRC32 hash (skip zero) : 5EC8C51C
    AccurateRip signature  : EF824A47
        ->Accurately ripped! (confidence 1)
    Statistics
        Read error                           : 0
        Skipped (treated as error)           : 0
        Edge jitter error (maybe fixed)      : 0
        Atom jitter error (maybe fixed)      : 0
        Drift error (maybe fixed)            : 0
        Dropped bytes error (maybe fixed)    : 0
        Duplicated bytes error (maybe fixed) : 0

Track 16
    Pre-gap length : 00:02:72

    CRC32 hash             : 151BF2BD
    CRC32 hash (skip zero) : 6487793C
    AccurateRip signature  : 354D2030
        ->Accurately ripped! (confidence 1)
    Statistics
        Read error                           : 0
        Skipped (treated as error)           : 0
        Edge jitter error (maybe fixed)      : 0
        Atom jitter error (maybe fixed)      : 0
        Drift error (maybe fixed)            : 0
        Dropped bytes error (maybe fixed)    : 0
        Duplicated bytes error (maybe fixed) : 0

Track 17

    CRC32 hash             : 0AAFA760
    CRC32 hash (skip zero) : B39FBCF3
    AccurateRip signature  : F3620834
        ->Accurately ripped! (confidence 1)
    Statistics
        Read error                           : 0
        Skipped (treated as error)           : 0
        Edge jitter error (maybe fixed)      : 0
        Atom jitter error (maybe fixed)      : 0
        Drift error (maybe fixed)            : 0
        Dropped bytes error (maybe fixed)    : 0
        Duplicated bytes error (maybe fixed) : 0

Track 18

    CRC32 hash             : 97705552
    CRC32 hash (skip zero) : CB8A0D62
    AccurateRip signature  : C637329E
        ->Accurately ripped! (confidence 1)
    Statistics
        Read error                           : 0
        Skipped (treated as error)           : 0
        Edge jitter error (maybe fixed)      : 0
        Atom jitter error (maybe fixed)      : 0
        Drift error (maybe fixed)            : 0
        Dropped bytes error (maybe fixed)    : 0
        Duplicated bytes error (maybe fixed) : 0

No errors occurred

End of status report
