X Lossless Decoder version 20110502 (132.0)

XLD extraction logfile from 2011-05-03 16:13:00 +0900

SUEMITSU & THE SUEMITH / Man Here Plays Mean Piano (A New Edition 4 Sony Music)

Used drive : HL-DT-ST BD-RE  BH10NS30 (revision EL00)

Ripper mode             : CDParanoia III 10.2
Disable audio cache     : OK for the drive with a cache less than 2750KiB
Make use of C2 pointers : NO
Read offset correction  : 667
Max retry count         : 100
Gap status              : Analyzed, Appended

TOC of the extracted CD
     Track |   Start  |  Length  | Start sector | End sector 
    ---------------------------------------------------------
        1  | 00:00:00 | 01:10:24 |         0    |     5273   
        2  | 01:10:24 | 05:05:01 |      5274    |    28149   
        3  | 06:15:25 | 04:22:00 |     28150    |    47799   
        4  | 10:37:25 | 03:36:74 |     47800    |    64073   
        5  | 14:14:24 | 03:32:00 |     64074    |    79973   
        6  | 17:46:24 | 03:12:00 |     79974    |    94373   
        7  | 20:58:24 | 04:08:00 |     94374    |   112973   
        8  | 25:06:24 | 04:23:38 |    112974    |   132736   
        9  | 29:29:62 | 03:41:37 |    132737    |   149348   
       10  | 33:11:24 | 05:01:01 |    149349    |   171924   
       11  | 38:12:25 | 03:24:44 |    171925    |   187268   
       12  | 41:36:69 | 02:38:38 |    187269    |   199156   
       13  | 44:15:32 | 05:06:37 |    199157    |   222143   
       14  | 49:21:69 | 04:32:17 |    222144    |   242560   

AccurateRip Summary
    Track 01 : OK (confidence 3)
    Track 02 : OK (confidence 3)
    Track 03 : OK (confidence 3)
    Track 04 : OK (confidence 3)
    Track 05 : OK (confidence 3)
    Track 06 : OK (confidence 3)
    Track 07 : OK (confidence 3)
    Track 08 : OK (confidence 3)
    Track 09 : OK (confidence 3)
    Track 10 : OK (confidence 3)
    Track 11 : OK (confidence 3)
    Track 12 : OK (confidence 3)
    Track 13 : OK (confidence 3)
    Track 14 : OK (confidence 3)
        ->All tracks accurately ripped.

All Tracks
    Filename : /Users/angelicalbite/Music/flac/Man Here Plays Mean Piano (A New Edition 4 Sony Music).flac
    CRC32 hash             : 6A19F871
    CRC32 hash (skip zero) : 48309A52
    Statistics
        Read error                           : 0
        Skipped (treated as error)           : 0
        Edge jitter error (maybe fixed)      : 0
        Atom jitter error (maybe fixed)      : 0
        Drift error (maybe fixed)            : 0
        Dropped bytes error (maybe fixed)    : 0
        Duplicated bytes error (maybe fixed) : 0

Track 01
    Pre-gap length : 00:02:00

    CRC32 hash             : D9A07849
    CRC32 hash (skip zero) : F5366746
    AccurateRip signature  : 9987FF89
        ->Accurately ripped! (confidence 3)
    Statistics
        Read error                           : 0
        Skipped (treated as error)           : 0
        Edge jitter error (maybe fixed)      : 0
        Atom jitter error (maybe fixed)      : 0
        Drift error (maybe fixed)            : 0
        Dropped bytes error (maybe fixed)    : 0
        Duplicated bytes error (maybe fixed) : 0

Track 02
    Pre-gap length : 00:00:70

    CRC32 hash             : 9C58C511
    CRC32 hash (skip zero) : BDA3700E
    AccurateRip signature  : 94775BFE
        ->Accurately ripped! (confidence 3)
    Statistics
        Read error                           : 0
        Skipped (treated as error)           : 0
        Edge jitter error (maybe fixed)      : 0
        Atom jitter error (maybe fixed)      : 0
        Drift error (maybe fixed)            : 0
        Dropped bytes error (maybe fixed)    : 0
        Duplicated bytes error (maybe fixed) : 0

Track 03
    Pre-gap length : 00:01:45

    CRC32 hash             : AA2E8EAC
    CRC32 hash (skip zero) : E652C60D
    AccurateRip signature  : 31F23F3B
        ->Accurately ripped! (confidence 3)
    Statistics
        Read error                           : 0
        Skipped (treated as error)           : 0
        Edge jitter error (maybe fixed)      : 0
        Atom jitter error (maybe fixed)      : 0
        Drift error (maybe fixed)            : 0
        Dropped bytes error (maybe fixed)    : 0
        Duplicated bytes error (maybe fixed) : 0

Track 04
    Pre-gap length : 00:01:45

    CRC32 hash             : C5409B19
    CRC32 hash (skip zero) : 906534E0
    AccurateRip signature  : 06D15E74
        ->Accurately ripped! (confidence 3)
    Statistics
        Read error                           : 0
        Skipped (treated as error)           : 0
        Edge jitter error (maybe fixed)      : 0
        Atom jitter error (maybe fixed)      : 0
        Drift error (maybe fixed)            : 0
        Dropped bytes error (maybe fixed)    : 0
        Duplicated bytes error (maybe fixed) : 0

Track 05

    CRC32 hash             : BBA78C88
    CRC32 hash (skip zero) : 28A94033
    AccurateRip signature  : 85DA6DC2
        ->Accurately ripped! (confidence 3)
    Statistics
        Read error                           : 0
        Skipped (treated as error)           : 0
        Edge jitter error (maybe fixed)      : 0
        Atom jitter error (maybe fixed)      : 0
        Drift error (maybe fixed)            : 0
        Dropped bytes error (maybe fixed)    : 0
        Duplicated bytes error (maybe fixed) : 0

Track 06

    CRC32 hash             : 3269C907
    CRC32 hash (skip zero) : 35694EF4
    AccurateRip signature  : 64CC5633
        ->Accurately ripped! (confidence 3)
    Statistics
        Read error                           : 0
        Skipped (treated as error)           : 0
        Edge jitter error (maybe fixed)      : 0
        Atom jitter error (maybe fixed)      : 0
        Drift error (maybe fixed)            : 0
        Dropped bytes error (maybe fixed)    : 0
        Duplicated bytes error (maybe fixed) : 0

Track 07
    Pre-gap length : 00:00:45

    CRC32 hash             : 489913C3
    CRC32 hash (skip zero) : 9A210043
    AccurateRip signature  : 4A5CA7DA
        ->Accurately ripped! (confidence 3)
    Statistics
        Read error                           : 0
        Skipped (treated as error)           : 0
        Edge jitter error (maybe fixed)      : 0
        Atom jitter error (maybe fixed)      : 0
        Drift error (maybe fixed)            : 0
        Dropped bytes error (maybe fixed)    : 0
        Duplicated bytes error (maybe fixed) : 0

Track 08

    CRC32 hash             : 95FB9ED0
    CRC32 hash (skip zero) : C241FFE2
    AccurateRip signature  : BFABD32B
        ->Accurately ripped! (confidence 3)
    Statistics
        Read error                           : 0
        Skipped (treated as error)           : 0
        Edge jitter error (maybe fixed)      : 0
        Atom jitter error (maybe fixed)      : 0
        Drift error (maybe fixed)            : 0
        Dropped bytes error (maybe fixed)    : 0
        Duplicated bytes error (maybe fixed) : 0

Track 09
    Pre-gap length : 00:01:07

    CRC32 hash             : 3341F0CE
    CRC32 hash (skip zero) : 38436100
    AccurateRip signature  : DB2C328C
        ->Accurately ripped! (confidence 3)
    Statistics
        Read error                           : 0
        Skipped (treated as error)           : 0
        Edge jitter error (maybe fixed)      : 0
        Atom jitter error (maybe fixed)      : 0
        Drift error (maybe fixed)            : 0
        Dropped bytes error (maybe fixed)    : 0
        Duplicated bytes error (maybe fixed) : 0

Track 10
    Pre-gap length : 00:02:07

    CRC32 hash             : E450DE4C
    CRC32 hash (skip zero) : 84B5430A
    AccurateRip signature  : BFF93B4F
        ->Accurately ripped! (confidence 3)
    Statistics
        Read error                           : 0
        Skipped (treated as error)           : 0
        Edge jitter error (maybe fixed)      : 0
        Atom jitter error (maybe fixed)      : 0
        Drift error (maybe fixed)            : 0
        Dropped bytes error (maybe fixed)    : 0
        Duplicated bytes error (maybe fixed) : 0

Track 11
    Pre-gap length : 00:03:45

    CRC32 hash             : 36225FD4
    CRC32 hash (skip zero) : 97523478
    AccurateRip signature  : 6F1910C1
        ->Accurately ripped! (confidence 3)
    Statistics
        Read error                           : 0
        Skipped (treated as error)           : 0
        Edge jitter error (maybe fixed)      : 0
        Atom jitter error (maybe fixed)      : 0
        Drift error (maybe fixed)            : 0
        Dropped bytes error (maybe fixed)    : 0
        Duplicated bytes error (maybe fixed) : 0

Track 12
    Pre-gap length : 00:00:15

    CRC32 hash             : 1E3001B7
    CRC32 hash (skip zero) : 4DF01BB9
    AccurateRip signature  : 35021BB7
        ->Accurately ripped! (confidence 3)
    Statistics
        Read error                           : 0
        Skipped (treated as error)           : 0
        Edge jitter error (maybe fixed)      : 0
        Atom jitter error (maybe fixed)      : 0
        Drift error (maybe fixed)            : 0
        Dropped bytes error (maybe fixed)    : 0
        Duplicated bytes error (maybe fixed) : 0

Track 13
    Pre-gap length : 00:02:07

    CRC32 hash             : D579E27D
    CRC32 hash (skip zero) : 0695A924
    AccurateRip signature  : 3FA94B8F
        ->Accurately ripped! (confidence 3)
    Statistics
        Read error                           : 0
        Skipped (treated as error)           : 0
        Edge jitter error (maybe fixed)      : 0
        Atom jitter error (maybe fixed)      : 0
        Drift error (maybe fixed)            : 0
        Dropped bytes error (maybe fixed)    : 0
        Duplicated bytes error (maybe fixed) : 0

Track 14
    Pre-gap length : 00:02:07

    CRC32 hash             : 973F6AD6
    CRC32 hash (skip zero) : 50B05931
    AccurateRip signature  : 5C68446D
        ->Accurately ripped! (confidence 3)
    Statistics
        Read error                           : 0
        Skipped (treated as error)           : 0
        Edge jitter error (maybe fixed)      : 0
        Atom jitter error (maybe fixed)      : 0
        Drift error (maybe fixed)            : 0
        Dropped bytes error (maybe fixed)    : 0
        Duplicated bytes error (maybe fixed) : 0

No errors occurred

End of status report
